[I][2022-02-10 +80 17:55:49.479][20965, 21405][cellularStrengthThread][NXNetwork_Transport_TypeAssist][][][getNetworkType() : 4G
[I][2022-02-10 +80 17:55:52.490][20965, 21405][cellularStrengthThread][NXNetwork_Transport_TypeAssist][][][getNetworkType() : 4G
[I][2022-02-10 +80 17:55:58.489][20965, 21405][cellularStrengthThread][NXNetwork_Transport_TypeAssist][][][getNetworkType() : 4G
[I][2022-02-10 +80 17:56:04.498][20965, 21405][cellularStrengthThread][NXNetwork_Transport_TypeAssist][][][getNetworkType() : 4G
[I][2022-02-10 +80 17:56:10.343][20965, 21652][public_io_pool-152724][VBMMKV_BROADCAST][][][find nothing from kvfactory
[I][2022-02-10 +80 17:56:10.344][20965, 21652][public_io_pool-152724][VBMMKV_BROADCAST][][][no need notify Observer,  valueObjectClassName =  callerProcessName = com.tencent.qqlive fileName = DanmakuConfig key = serverAlpha , please check context
[I][2022-02-10 +80 17:56:10.344][20965, 21652][public_io_pool-152724][VBMMKV_BROADCAST][][][find nothing from kvfactory
[I][2022-02-10 +80 17:56:10.344][20965, 21652][public_io_pool-152724][VBMMKV_BROADCAST][][][no need notify Observer,  valueObjectClassName =  callerProcessName = com.tencent.qqlive fileName = DanmakuConfig key = serverSpeed , please check context
[I][2022-02-10 +80 17:56:10.344][20965, 21652][public_io_pool-152724][VBMMKV_BROADCAST][][][find nothing from kvfactory
[I][2022-02-10 +80 17:56:10.344][20965, 21652][public_io_pool-152724][VBMMKV_BROADCAST][][][no need notify Observer,  valueObjectClassName =  callerProcessName = com.tencent.qqlive fileName = DanmakuConfig key = serverTextSize , please check context
[I][2022-02-10 +80 17:56:10.344][20965, 21652][public_io_pool-152724][VBMMKV_BROADCAST][][][find nothing from kvfactory
[I][2022-02-10 +80 17:56:10.344][20965, 21652][public_io_pool-152724][VBMMKV_BROADCAST][][][no need notify Observer,  valueObjectClassName =  callerProcessName = com.tencent.qqlive fileName = DanmakuConfig key = serverVisibleSize , please check context
[I][2022-02-10 +80 17:56:10.344][20965, 21652][public_io_pool-152724][VBMMKV_BROADCAST][][][find nothing from kvfactory
[I][2022-02-10 +80 17:56:10.344][20965, 21652][public_io_pool-152724][VBMMKV_BROADCAST][][][no need notify Observer,  valueObjectClassName =  callerProcessName = com.tencent.qqlive fileName = DanmakuConfig key = serverAlpha , please check context
[I][2022-02-10 +80 17:56:10.344][20965, 21652][public_io_pool-152724][VBMMKV_BROADCAST][][][find nothing from kvfactory
[I][2022-02-10 +80 17:56:10.344][20965, 21652][public_io_pool-152724][VBMMKV_BROADCAST][][][no need notify Observer,  valueObjectClassName =  callerProcessName = com.tencent.qqlive fileName = DanmakuConfig key = serverSpeed , please check context
[I][2022-02-10 +80 17:56:10.344][20965, 21652][public_io_pool-152724][VBMMKV_BROADCAST][][][find nothing from kvfactory
[I][2022-02-10 +80 17:56:10.344][20965, 21652][public_io_pool-152724][VBMMKV_BROADCAST][][][no need notify Observer,  valueObjectClassName =  callerProcessName = com.tencent.qqlive fileName = DanmakuConfig key = serverTextSize , please check context
[I][2022-02-10 +80 17:56:10.344][20965, 21652][public_io_pool-152724][VBMMKV_BROADCAST][][][find nothing from kvfactory
[I][2022-02-10 +80 17:56:10.344][20965, 21652][public_io_pool-152724][VBMMKV_BROADCAST][][][no need notify Observer,  valueObjectClassName =  callerProcessName = com.tencent.qqlive fileName = DanmakuConfig key = serverVisibleSize , please check context
[I][2022-02-10 +80 17:56:10.344][20965, 21652][public_io_pool-152724][VBMMKV_BROADCAST][][][find nothing from kvfactory
[I][2022-02-10 +80 17:56:10.344][20965, 21652][public_io_pool-152724][VBMMKV_BROADCAST][][][no need notify Observer,  valueObjectClassName =  callerProcessName = com.tencent.qqlive fileName = DanmakuConfig key = serverAlpha , please check context
[I][2022-02-10 +80 17:56:10.344][20965, 21652][public_io_pool-152724][VBMMKV_BROADCAST][][][find nothing from kvfactory
[I][2022-02-10 +80 17:56:10.344][20965, 21652][public_io_pool-152724][VBMMKV_BROADCAST][][][no need notify Observer,  valueObjectClassName =  callerProcessName = com.tencent.qqlive fileName = DanmakuConfig key = serverSpeed , please check context
[I][2022-02-10 +80 17:56:10.344][20965, 21652][public_io_pool-152724][VBMMKV_BROADCAST][][][find nothing from kvfactory
[I][2022-02-10 +80 17:56:10.344][20965, 21652][public_io_pool-152724][VBMMKV_BROADCAST][][][no need notify Observer,  valueObjectClassName =  callerProcessName = com.tencent.qqlive fileName = DanmakuConfig key = serverTextSize , please check context
[I][2022-02-10 +80 17:56:10.344][20965, 21652][public_io_pool-152724][VBMMKV_BROADCAST][][][find nothing from kvfactory
[I][2022-02-10 +80 17:56:10.344][20965, 21652][public_io_pool-152724][VBMMKV_BROADCAST][][][no need notify Observer,  valueObjectClassName =  callerProcessName = com.tencent.qqlive fileName = DanmakuConfig key = serverVisibleSize , please check context
[I][2022-02-10 +80 17:56:10.492][20965, 21405][cellularStrengthThread][NXNetwork_Transport_TypeAssist][][][getNetworkType() : 4G
[I][2022-02-10 +80 17:56:13.340][20965, 21405][cellularStrengthThread][NXNetwork_Transport_TypeAssist][][][getNetworkType() : 4G
[I][2022-02-10 +80 17:56:13.483][20965, 21405][cellularStrengthThread][NXNetwork_Transport_TypeAssist][][][getNetworkType() : 4G
[I][2022-02-10 +80 17:56:13.497][20965, 21405][cellularStrengthThread][NXNetwork_Transport_TypeAssist][][][getNetworkType() : 4G
[I][2022-02-10 +80 17:56:15.406][20965, 21405][cellularStrengthThread][NXNetwork_Transport_TypeAssist][][][getNetworkType() : 4G
[I][2022-02-10 +80 17:56:15.923][20965, 21405][cellularStrengthThread][NXNetwork_Transport_TypeAssist][][][getNetworkType() : 4G
[I][2022-02-10 +80 17:56:16.478][20965, 21405][cellularStrengthThread][NXNetwork_Transport_TypeAssist][][][getNetworkType() : 4G
[I][2022-02-10 +80 17:56:19.489][20965, 21405][cellularStrengthThread][NXNetwork_Transport_TypeAssist][][][getNetworkType() : 4G
[I][2022-02-10 +80 17:56:19.578][20965, 21405][cellularStrengthThread][NXNetwork_Transport_TypeAssist][][][getNetworkType() : 4G
