[I][2022-02-10 +80 17:55:39.567][20707, 21399][cellularStrengthThread][NXNetwork_Transport_TypeAssist][][][getNetworkType() : 4G
[I][2022-02-10 +80 17:55:49.480][20707, 21399][cellularStrengthThread][NXNetwork_Transport_TypeAssist][][][getNetworkType() : 4G
[I][2022-02-10 +80 17:55:52.488][20707, 21399][cellularStrengthThread][NXNetwork_Transport_TypeAssist][][][getNetworkType() : 4G
[I][2022-02-10 +80 17:55:58.491][20707, 21399][cellularStrengthThread][NXNetwork_Transport_TypeAssist][][][getNetworkType() : 4G
[I][2022-02-10 +80 17:56:04.490][20707, 21399][cellularStrengthThread][NXNetwork_Transport_TypeAssist][][][getNetworkType() : 4G
[I][2022-02-10 +80 17:56:10.344][20707, 21500][public_io_pool-152572][VBMMKV_BROADCAST][][][find nothing from kvfactory
[I][2022-02-10 +80 17:56:10.344][20707, 21500][public_io_pool-152572][VBMMKV_BROADCAST][][][no need notify Observer,  valueObjectClassName =  callerProcessName = com.tencent.qqlive fileName = DanmakuConfig key = serverAlpha , please check context
[I][2022-02-10 +80 17:56:10.344][20707, 21500][public_io_pool-152572][VBMMKV_BROADCAST][][][find nothing from kvfactory
[I][2022-02-10 +80 17:56:10.344][20707, 21500][public_io_pool-152572][VBMMKV_BROADCAST][][][no need notify Observer,  valueObjectClassName =  callerProcessName = com.tencent.qqlive fileName = DanmakuConfig key = serverSpeed , please check context
[I][2022-02-10 +80 17:56:10.344][20707, 21500][public_io_pool-152572][VBMMKV_BROADCAST][][][find nothing from kvfactory
[I][2022-02-10 +80 17:56:10.344][20707, 21500][public_io_pool-152572][VBMMKV_BROADCAST][][][no need notify Observer,  valueObjectClassName =  callerProcessName = com.tencent.qqlive fileName = DanmakuConfig key = serverTextSize , please check context
[I][2022-02-10 +80 17:56:10.344][20707, 21500][public_io_pool-152572][VBMMKV_BROADCAST][][][find nothing from kvfactory
[I][2022-02-10 +80 17:56:10.344][20707, 21500][public_io_pool-152572][VBMMKV_BROADCAST][][][no need notify Observer,  valueObjectClassName =  callerProcessName = com.tencent.qqlive fileName = DanmakuConfig key = serverVisibleSize , please check context
[I][2022-02-10 +80 17:56:10.344][20707, 21500][public_io_pool-152572][VBMMKV_BROADCAST][][][find nothing from kvfactory
[I][2022-02-10 +80 17:56:10.344][20707, 21500][public_io_pool-152572][VBMMKV_BROADCAST][][][no need notify Observer,  valueObjectClassName =  callerProcessName = com.tencent.qqlive fileName = DanmakuConfig key = serverAlpha , please check context
[I][2022-02-10 +80 17:56:10.344][20707, 21500][public_io_pool-152572][VBMMKV_BROADCAST][][][find nothing from kvfactory
[I][2022-02-10 +80 17:56:10.344][20707, 21500][public_io_pool-152572][VBMMKV_BROADCAST][][][no need notify Observer,  valueObjectClassName =  callerProcessName = com.tencent.qqlive fileName = DanmakuConfig key = serverSpeed , please check context
[I][2022-02-10 +80 17:56:10.345][20707, 21500][public_io_pool-152572][VBMMKV_BROADCAST][][][find nothing from kvfactory
[I][2022-02-10 +80 17:56:10.346][20707, 21500][public_io_pool-152572][VBMMKV_BROADCAST][][][no need notify Observer,  valueObjectClassName =  callerProcessName = com.tencent.qqlive fileName = DanmakuConfig key = serverTextSize , please check context
[I][2022-02-10 +80 17:56:10.346][20707, 21500][public_io_pool-152572][VBMMKV_BROADCAST][][][find nothing from kvfactory
[I][2022-02-10 +80 17:56:10.346][20707, 21500][public_io_pool-152572][VBMMKV_BROADCAST][][][no need notify Observer,  valueObjectClassName =  callerProcessName = com.tencent.qqlive fileName = DanmakuConfig key = serverVisibleSize , please check context
[I][2022-02-10 +80 17:56:10.346][20707, 21500][public_io_pool-152572][VBMMKV_BROADCAST][][][find nothing from kvfactory
[I][2022-02-10 +80 17:56:10.346][20707, 21500][public_io_pool-152572][VBMMKV_BROADCAST][][][no need notify Observer,  valueObjectClassName =  callerProcessName = com.tencent.qqlive fileName = DanmakuConfig key = serverAlpha , please check context
[I][2022-02-10 +80 17:56:10.346][20707, 21500][public_io_pool-152572][VBMMKV_BROADCAST][][][find nothing from kvfactory
[I][2022-02-10 +80 17:56:10.346][20707, 21500][public_io_pool-152572][VBMMKV_BROADCAST][][][no need notify Observer,  valueObjectClassName =  callerProcessName = com.tencent.qqlive fileName = DanmakuConfig key = serverSpeed , please check context
[I][2022-02-10 +80 17:56:10.346][20707, 21500][public_io_pool-152572][VBMMKV_BROADCAST][][][find nothing from kvfactory
[I][2022-02-10 +80 17:56:10.346][20707, 21500][public_io_pool-152572][VBMMKV_BROADCAST][][][no need notify Observer,  valueObjectClassName =  callerProcessName = com.tencent.qqlive fileName = DanmakuConfig key = serverTextSize , please check context
[I][2022-02-10 +80 17:56:10.346][20707, 21500][public_io_pool-152572][VBMMKV_BROADCAST][][][find nothing from kvfactory
[I][2022-02-10 +80 17:56:10.346][20707, 21500][public_io_pool-152572][VBMMKV_BROADCAST][][][no need notify Observer,  valueObjectClassName =  callerProcessName = com.tencent.qqlive fileName = DanmakuConfig key = serverVisibleSize , please check context
[I][2022-02-10 +80 17:56:10.501][20707, 21399][cellularStrengthThread][NXNetwork_Transport_TypeAssist][][][getNetworkType() : 4G
[I][2022-02-10 +80 17:56:13.344][20707, 21399][cellularStrengthThread][NXNetwork_Transport_TypeAssist][][][getNetworkType() : 4G
[I][2022-02-10 +80 17:56:13.483][20707, 21399][cellularStrengthThread][NXNetwork_Transport_TypeAssist][][][getNetworkType() : 4G
[I][2022-02-10 +80 17:56:13.502][20707, 21399][cellularStrengthThread][NXNetwork_Transport_TypeAssist][][][getNetworkType() : 4G
[I][2022-02-10 +80 17:56:15.413][20707, 21399][cellularStrengthThread][NXNetwork_Transport_TypeAssist][][][getNetworkType() : 4G
[I][2022-02-10 +80 17:56:15.925][20707, 21399][cellularStrengthThread][NXNetwork_Transport_TypeAssist][][][getNetworkType() : 4G
[I][2022-02-10 +80 17:56:16.477][20707, 21399][cellularStrengthThread][NXNetwork_Transport_TypeAssist][][][getNetworkType() : 4G
[I][2022-02-10 +80 17:56:19.489][20707, 21399][cellularStrengthThread][NXNetwork_Transport_TypeAssist][][][getNetworkType() : 4G
[I][2022-02-10 +80 17:56:19.579][20707, 21399][cellularStrengthThread][NXNetwork_Transport_TypeAssist][][][getNetworkType() : 4G
[I][2022-02-10 +80 17:56:25.572][20707, 21366][FinalizerDaemon][[wns2]wnsnetwork][][][wnsjni:Java_com_tencent_wnsnetsdk_network_ConnectionImpl_native_1finalize
[I][2022-02-10 +80 17:56:25.573][20707, 21366][FinalizerDaemon][[wns2]wnsnetwork][][][wnsjni:@debug@ setWnsEngine engine old=533868267456, new=0
[I][2022-02-10 +80 17:56:25.575][20707, 21366][FinalizerDaemon][[wns2]SecurityBuilder][][][finalize, nativeRef:535493057536
