~~~~~ begin of mmap ~~~~~
[I][2022-02-10 +80 19:20:53.129][20965, 21405][cellularStrengthThread][NXNetwork_Transport_TypeAssist][][][getNetworkType() : 4G
[I][2022-02-10 +80 19:20:53.145][20965, 21405][cellularStrengthThread][NXNetwork_Transport_TypeAssist][][][getNetworkType() : 4G
[I][2022-02-10 +80 19:20:53.148][20965, 21405][cellularStrengthThread][NXNetwork_Transport_TypeAssist][][][getNetworkType() : 4G
[I][2022-02-10 +80 19:20:53.151][20965, 21405][cellularStrengthThread][NXNetwork_Transport_TypeAssist][][][getNetworkType() : 4G
[I][2022-02-10 +80 19:20:53.153][20965, 21405][cellularStrengthThread][NXNetwork_Transport_TypeAssist][][][getNetworkType() : 4G
[I][2022-02-10 +80 19:20:53.155][20965, 21405][cellularStrengthThread][NXNetwork_Transport_TypeAssist][][][getNetworkType() : 4G
[I][2022-02-10 +80 19:20:53.156][20965, 21405][cellularStrengthThread][NXNetwork_Transport_TypeAssist][][][getNetworkType() : 4G
[I][2022-02-10 +80 19:20:53.157][20965, 21405][cellularStrengthThread][NXNetwork_Transport_TypeAssist][][][getNetworkType() : 4G
[I][2022-02-10 +80 19:20:53.162][20965, 21405][cellularStrengthThread][NXNetwork_Transport_TypeAssist][][][getNetworkType() : 4G
[I][2022-02-10 +80 19:20:53.163][20965, 21405][cellularStrengthThread][NXNetwork_Transport_TypeAssist][][][getNetworkType() : 4G
[I][2022-02-10 +80 19:20:53.168][20965, 21405][cellularStrengthThread][NXNetwork_Transport_TypeAssist][][][getNetworkType() : 4G
[I][2022-02-10 +80 19:20:53.170][20965, 21405][cellularStrengthThread][NXNetwork_Transport_TypeAssist][][][getNetworkType() : 4G
[I][2022-02-10 +80 19:20:53.173][20965, 21405][cellularStrengthThread][NXNetwork_Transport_TypeAssist][][][getNetworkType() : 4G
[I][2022-02-10 +80 19:20:53.173][20965, 21405][cellularStrengthThread][NXNetwork_Transport_TypeAssist][][][getNetworkType() : 4G
[I][2022-02-10 +80 19:20:53.174][20965, 21405][cellularStrengthThread][NXNetwork_Transport_TypeAssist][][][getNetworkType() : 4G
[I][2022-02-10 +80 19:20:53.175][20965, 21405][cellularStrengthThread][NXNetwork_Transport_TypeAssist][][][getNetworkType() : 4G
[I][2022-02-10 +80 19:20:53.177][20965, 21405][cellularStrengthThread][NXNetwork_Transport_TypeAssist][][][getNetworkType() : 4G
[I][2022-02-10 +80 19:20:53.178][20965, 21405][cellularStrengthThread][NXNetwork_Transport_TypeAssist][][][getNetworkType() : 4G
[I][2022-02-10 +80 19:20:53.179][20965, 21405][cellularStrengthThread][NXNetwork_Transport_TypeAssist][][][getNetworkType() : 4G
[I][2022-02-10 +80 19:20:53.180][20965, 21405][cellularStrengthThread][NXNetwork_Transport_TypeAssist][][][getNetworkType() : 4G
[I][2022-02-10 +80 19:20:53.181][20965, 21405][cellularStrengthThread][NXNetwork_Transport_TypeAssist][][][getNetworkType() : 4G
[I][2022-02-10 +80 19:20:53.181][20965, 21405][cellularStrengthThread][NXNetwork_Transport_TypeAssist][][][getNetworkType() : 4G
[I][2022-02-10 +80 19:20:53.184][20965, 21405][cellularStrengthThread][NXNetwork_Transport_TypeAssist][][][getNetworkType() : 4G
[I][2022-02-10 +80 19:20:53.185][20965, 21405][cellularStrengthThread][NXNetwork_Transport_TypeAssist][][][getNetworkType() : 4G
[I][2022-02-10 +80 19:20:53.190][20965, 21405][cellularStrengthThread][NXNetwork_Transport_TypeAssist][][][getNetworkType() : 4G
[I][2022-02-10 +80 19:20:53.195][20965, 21405][cellularStrengthThread][NXNetwork_Transport_TypeAssist][][][getNetworkType() : 4G
[I][2022-02-10 +80 19:20:53.195][20965, 21405][cellularStrengthThread][NXNetwork_Transport_TypeAssist][][][getNetworkType() : 4G
[I][2022-02-10 +80 19:20:53.196][20965, 21405][cellularStrengthThread][NXNetwork_Transport_TypeAssist][][][getNetworkType() : 4G
[I][2022-02-10 +80 19:20:53.197][20965, 21405][cellularStrengthThread][NXNetwork_Transport_TypeAssist][][][getNetworkType() : 4G
[I][2022-02-10 +80 19:20:53.198][20965, 21405][cellularStrengthThread][NXNetwork_Transport_TypeAssist][][][getNetworkType() : 4G
[I][2022-02-10 +80 19:20:53.200][20965, 21405][cellularStrengthThread][NXNetwork_Transport_TypeAssist][][][getNetworkType() : 4G
[I][2022-02-10 +80 19:20:53.201][20965, 21405][cellularStrengthThread][NXNetwork_Transport_TypeAssist][][][getNetworkType() : 4G
[I][2022-02-10 +80 19:20:53.202][20965, 21405][cellularStrengthThread][NXNetwork_Transport_TypeAssist][][][getNetworkType() : 4G
[I][2022-02-10 +80 19:20:53.203][20965, 21405][cellularStrengthThread][NXNetwork_Transport_TypeAssist][][][getNetworkType() : 4G
[I][2022-02-10 +80 19:20:53.204][20965, 21405][cellularStrengthThread][NXNetwork_Transport_TypeAssist][][][getNetworkType() : 4G
[I][2022-02-10 +80 19:20:53.207][20965, 21405][cellularStrengthThread][NXNetwork_Transport_TypeAssist][][][getNetworkType() : 4G
[I][2022-02-10 +80 19:20:53.211][20965, 21405][cellularStrengthThread][NXNetwork_Transport_TypeAssist][][][getNetworkType() : 4G
[I][2022-02-10 +80 19:20:53.213][20965, 21405][cellularStrengthThread][NXNetwork_Transport_TypeAssist][][][getNetworkType() : 4G
[I][2022-02-10 +80 19:20:53.214][20965, 21405][cellularStrengthThread][NXNetwork_Transport_TypeAssist][][][getNetworkType() : 4G
[I][2022-02-10 +80 19:20:53.215][20965, 21405][cellularStrengthThread][NXNetwork_Transport_TypeAssist][][][getNetworkType() : 4G
[I][2022-02-10 +80 19:20:53.216][20965, 21405][cellularStrengthThread][NXNetwork_Transport_TypeAssist][][][getNetworkType() : 4G
[I][2022-02-10 +80 19:20:53.217][20965, 21405][cellularStrengthThread][NXNetwork_Transport_TypeAssist][][][getNetworkType() : 4G
[I][2022-02-10 +80 19:20:53.217][20965, 21405][cellularStrengthThread][NXNetwork_Transport_TypeAssist][][][getNetworkType() : 4G
[I][2022-02-10 +80 19:20:53.218][20965, 21405][cellularStrengthThread][NXNetwork_Transport_TypeAssist][][][getNetworkType() : 4G
[I][2022-02-10 +80 19:20:53.219][20965, 21405][cellularStrengthThread][NXNetwork_Transport_TypeAssist][][][getNetworkType() : 4G
[I][2022-02-10 +80 19:20:53.221][20965, 21405][cellularStrengthThread][NXNetwork_Transport_TypeAssist][][][getNetworkType() : 4G
[I][2022-02-10 +80 19:20:53.222][20965, 21405][cellularStrengthThread][NXNetwork_Transport_TypeAssist][][][getNetworkType() : 4G
[I][2022-02-10 +80 19:20:53.222][20965, 21405][cellularStrengthThread][NXNetwork_Transport_TypeAssist][][][getNetworkType() : 4G
[I][2022-02-10 +80 19:20:53.224][20965, 21405][cellularStrengthThread][NXNetwork_Transport_TypeAssist][][][getNetworkType() : 4G
[I][2022-02-10 +80 19:20:53.226][20965, 21405][cellularStrengthThread][NXNetwork_Transport_TypeAssist][][][getNetworkType() : 4G
[I][2022-02-10 +80 19:20:53.226][20965, 21405][cellularStrengthThread][NXNetwork_Transport_TypeAssist][][][getNetworkType() : 4G
[I][2022-02-10 +80 19:20:53.228][20965, 21405][cellularStrengthThread][NXNetwork_Transport_TypeAssist][][][getNetworkType() : 4G
[I][2022-02-10 +80 19:20:53.228][20965, 21405][cellularStrengthThread][NXNetwork_Transport_TypeAssist][][][getNetworkType() : 4G
[I][2022-02-10 +80 19:20:53.228][20965, 21405][cellularStrengthThread][NXNetwork_Transport_TypeAssist][][][getNetworkType() : 4G
[I][2022-02-10 +80 19:20:53.229][20965, 21405][cellularStrengthThread][NXNetwork_Transport_TypeAssist][][][getNetworkType() : 4G
[I][2022-02-10 +80 19:20:53.231][20965, 21405][cellularStrengthThread][NXNetwork_Transport_TypeAssist][][][getNetworkType() : 4G
[I][2022-02-10 +80 19:20:53.232][20965, 21405][cellularStrengthThread][NXNetwork_Transport_TypeAssist][][][getNetworkType() : 4G
[I][2022-02-10 +80 19:20:53.234][20965, 21405][cellularStrengthThread][NXNetwork_Transport_TypeAssist][][][getNetworkType() : 4G
[I][2022-02-10 +80 19:20:53.234][20965, 21405][cellularStrengthThread][NXNetwork_Transport_TypeAssist][][][getNetworkType() : 4G
[I][2022-02-10 +80 19:20:53.235][20965, 21405][cellularStrengthThread][NXNetwork_Transport_TypeAssist][][][getNetworkType() : 4G
[I][2022-02-10 +80 19:20:53.238][20965, 21405][cellularStrengthThread][NXNetwork_Transport_TypeAssist][][][getNetworkType() : 4G
[I][2022-02-10 +80 19:20:53.239][20965, 21405][cellularStrengthThread][NXNetwork_Transport_TypeAssist][][][getNetworkType() : 4G
[I][2022-02-10 +80 19:20:53.240][20965, 21405][cellularStrengthThread][NXNetwork_Transport_TypeAssist][][][getNetworkType() : 4G
[I][2022-02-10 +80 19:20:53.243][20965, 21405][cellularStrengthThread][NXNetwork_Transport_TypeAssist][][][getNetworkType() : 4G
[I][2022-02-10 +80 19:20:53.244][20965, 21405][cellularStrengthThread][NXNetwork_Transport_TypeAssist][][][getNetworkType() : 4G
[I][2022-02-10 +80 19:20:53.247][20965, 21405][cellularStrengthThread][NXNetwork_Transport_TypeAssist][][][getNetworkType() : 4G
[I][2022-02-10 +80 19:20:53.247][20965, 21405][cellularStrengthThread][NXNetwork_Transport_TypeAssist][][][getNetworkType() : 4G
[I][2022-02-10 +80 19:20:53.248][20965, 21405][cellularStrengthThread][NXNetwork_Transport_TypeAssist][][][getNetworkType() : 4G
[I][2022-02-10 +80 19:20:53.249][20965, 21405][cellularStrengthThread][NXNetwork_Transport_TypeAssist][][][getNetworkType() : 4G
[I][2022-02-10 +80 19:20:53.250][20965, 21405][cellularStrengthThread][NXNetwork_Transport_TypeAssist][][][getNetworkType() : 4G
[I][2022-02-10 +80 19:20:53.252][20965, 21405][cellularStrengthThread][NXNetwork_Transport_TypeAssist][][][getNetworkType() : 4G
[I][2022-02-10 +80 19:20:53.252][20965, 21405][cellularStrengthThread][NXNetwork_Transport_TypeAssist][][][getNetworkType() : 4G
[I][2022-02-10 +80 19:20:53.253][20965, 21405][cellularStrengthThread][NXNetwork_Transport_TypeAssist][][][getNetworkType() : 4G
[I][2022-02-10 +80 19:20:53.259][20965, 21405][cellularStrengthThread][NXNetwork_Transport_TypeAssist][][][getNetworkType() : 4G
[I][2022-02-10 +80 19:20:53.260][20965, 21405][cellularStrengthThread][NXNetwork_Transport_TypeAssist][][][getNetworkType() : 4G
[I][2022-02-10 +80 19:20:53.261][20965, 21405][cellularStrengthThread][NXNetwork_Transport_TypeAssist][][][getNetworkType() : 4G
[I][2022-02-10 +80 19:20:53.262][20965, 21405][cellularStrengthThread][NXNetwork_Transport_TypeAssist][][][getNetworkType() : 4G
[I][2022-02-10 +80 19:20:53.264][20965, 21405][cellularStrengthThread][NXNetwork_Transport_TypeAssist][][][getNetworkType() : 4G
[I][2022-02-10 +80 19:20:53.265][20965, 21405][cellularStrengthThread][NXNetwork_Transport_TypeAssist][][][getNetworkType() : 4G
[I][2022-02-10 +80 19:20:53.266][20965, 21405][cellularStrengthThread][NXNetwork_Transport_TypeAssist][][][getNetworkType() : 4G
[I][2022-02-10 +80 19:20:53.266][20965, 21405][cellularStrengthThread][NXNetwork_Transport_TypeAssist][][][getNetworkType() : 4G
[I][2022-02-10 +80 19:20:53.267][20965, 21405][cellularStrengthThread][NXNetwork_Transport_TypeAssist][][][getNetworkType() : 4G
[I][2022-02-10 +80 19:20:53.268][20965, 21405][cellularStrengthThread][NXNetwork_Transport_TypeAssist][][][getNetworkType() : 4G
[I][2022-02-10 +80 19:20:53.270][20965, 21405][cellularStrengthThread][NXNetwork_Transport_TypeAssist][][][getNetworkType() : 4G
[I][2022-02-10 +80 19:20:53.271][20965, 21405][cellularStrengthThread][NXNetwork_Transport_TypeAssist][][][getNetworkType() : 4G
[I][2022-02-10 +80 19:20:53.271][20965, 21405][cellularStrengthThread][NXNetwork_Transport_TypeAssist][][][getNetworkType() : 4G
[I][2022-02-10 +80 19:20:53.273][20965, 21405][cellularStrengthThread][NXNetwork_Transport_TypeAssist][][][getNetworkType() : 4G
[I][2022-02-10 +80 19:20:53.274][20965, 21405][cellularStrengthThread][NXNetwork_Transport_TypeAssist][][][getNetworkType() : 4G
[I][2022-02-10 +80 19:20:53.274][20965, 21405][cellularStrengthThread][NXNetwork_Transport_TypeAssist][][][getNetworkType() : 4G
[I][2022-02-10 +80 19:20:53.275][20965, 21405][cellularStrengthThread][NXNetwork_Transport_TypeAssist][][][getNetworkType() : 4G
[I][2022-02-10 +80 19:20:53.276][20965, 21405][cellularStrengthThread][NXNetwork_Transport_TypeAssist][][][getNetworkType() : 4G
[I][2022-02-10 +80 19:20:53.276][20965, 21405][cellularStrengthThread][NXNetwork_Transport_TypeAssist][][][getNetworkType() : 4G
[I][2022-02-10 +80 19:20:53.277][20965, 21405][cellularStrengthThread][NXNetwork_Transport_TypeAssist][][][getNetworkType() : 4G
[I][2022-02-10 +80 19:20:53.279][20965, 21405][cellularStrengthThread][NXNetwork_Transport_TypeAssist][][][getNetworkType() : 4G
[I][2022-02-10 +80 19:20:53.280][20965, 21405][cellularStrengthThread][NXNetwork_Transport_TypeAssist][][][getNetworkType() : 4G
[I][2022-02-10 +80 19:20:53.281][20965, 21405][cellularStrengthThread][NXNetwork_Transport_TypeAssist][][][getNetworkType() : 4G
[I][2022-02-10 +80 19:20:53.282][20965, 21405][cellularStrengthThread][NXNetwork_Transport_TypeAssist][][][getNetworkType() : 4G
[I][2022-02-10 +80 19:20:53.282][20965, 21405][cellularStrengthThread][NXNetwork_Transport_TypeAssist][][][getNetworkType() : 4G
[I][2022-02-10 +80 19:20:53.283][20965, 21405][cellularStrengthThread][NXNetwork_Transport_TypeAssist][][][getNetworkType() : 4G
[I][2022-02-10 +80 19:20:53.284][20965, 21405][cellularStrengthThread][NXNetwork_Transport_TypeAssist][][][getNetworkType() : 4G
[I][2022-02-10 +80 19:20:53.286][20965, 21405][cellularStrengthThread][NXNetwork_Transport_TypeAssist][][][getNetworkType() : 4G
[I][2022-02-10 +80 19:20:53.286][20965, 21405][cellularStrengthThread][NXNetwork_Transport_TypeAssist][][][getNetworkType() : 4G
[I][2022-02-10 +80 19:20:53.287][20965, 21405][cellularStrengthThread][NXNetwork_Transport_TypeAssist][][][getNetworkType() : 4G
[I][2022-02-10 +80 19:20:53.289][20965, 21405][cellularStrengthThread][NXNetwork_Transport_TypeAssist][][][getNetworkType() : 4G
[I][2022-02-10 +80 19:20:53.289][20965, 21405][cellularStrengthThread][NXNetwork_Transport_TypeAssist][][][getNetworkType() : 4G
[I][2022-02-10 +80 19:20:53.290][20965, 21405][cellularStrengthThread][NXNetwork_Transport_TypeAssist][][][getNetworkType() : 4G
[I][2022-02-10 +80 19:20:53.292][20965, 21405][cellularStrengthThread][NXNetwork_Transport_TypeAssist][][][getNetworkType() : 4G
[I][2022-02-10 +80 19:20:53.293][20965, 21405][cellularStrengthThread][NXNetwork_Transport_TypeAssist][][][getNetworkType() : 4G
[I][2022-02-10 +80 19:20:53.293][20965, 21405][cellularStrengthThread][NXNetwork_Transport_TypeAssist][][][getNetworkType() : 4G
[I][2022-02-10 +80 19:20:53.294][20965, 21405][cellularStrengthThread][NXNetwork_Transport_TypeAssist][][][getNetworkType() : 4G
[I][2022-02-10 +80 19:20:53.297][20965, 21405][cellularStrengthThread][NXNetwork_Transport_TypeAssist][][][getNetworkType() : 4G
[I][2022-02-10 +80 19:20:53.297][20965, 21405][cellularStrengthThread][NXNetwork_Transport_TypeAssist][][][getNetworkType() : 4G
[I][2022-02-10 +80 19:20:53.298][20965, 21405][cellularStrengthThread][NXNetwork_Transport_TypeAssist][][][getNetworkType() : 4G
[I][2022-02-10 +80 19:20:53.300][20965, 21405][cellularStrengthThread][NXNetwork_Transport_TypeAssist][][][getNetworkType() : 4G
[I][2022-02-10 +80 19:20:53.300][20965, 21405][cellularStrengthThread][NXNetwork_Transport_TypeAssist][][][getNetworkType() : 4G
[I][2022-02-10 +80 19:20:53.301][20965, 21405][cellularStrengthThread][NXNetwork_Transport_TypeAssist][][][getNetworkType() : 4G
[I][2022-02-10 +80 19:20:53.302][20965, 21405][cellularStrengthThread][NXNetwork_Transport_TypeAssist][][][getNetworkType() : 4G
[I][2022-02-10 +80 19:20:53.303][20965, 21405][cellularStrengthThread][NXNetwork_Transport_TypeAssist][][][getNetworkType() : 4G
[I][2022-02-10 +80 19:20:53.304][20965, 21405][cellularStrengthThread][NXNetwork_Transport_TypeAssist][][][getNetworkType() : 4G
[I][2022-02-10 +80 19:20:53.305][20965, 21405][cellularStrengthThread][NXNetwork_Transport_TypeAssist][][][getNetworkType() : 4G
[I][2022-02-10 +80 19:20:53.306][20965, 21405][cellularStrengthThread][NXNetwork_Transport_TypeAssist][][][getNetworkType() : 4G
[I][2022-02-10 +80 19:20:53.307][20965, 21405][cellularStrengthThread][NXNetwork_Transport_TypeAssist][][][getNetworkType() : 4G
[I][2022-02-10 +80 19:20:53.308][20965, 21405][cellularStrengthThread][NXNetwork_Transport_TypeAssist][][][getNetworkType() : 4G
[I][2022-02-10 +80 19:20:53.309][20965, 21405][cellularStrengthThread][NXNetwork_Transport_TypeAssist][][][getNetworkType() : 4G
[I][2022-02-10 +80 19:20:53.310][20965, 21405][cellularStrengthThread][NXNetwork_Transport_TypeAssist][][][getNetworkType() : 4G
[I][2022-02-10 +80 19:20:53.311][20965, 21405][cellularStrengthThread][NXNetwork_Transport_TypeAssist][][][getNetworkType() : 4G
[I][2022-02-10 +80 19:20:53.312][20965, 21405][cellularStrengthThread][NXNetwork_Transport_TypeAssist][][][getNetworkType() : 4G
[I][2022-02-10 +80 19:20:53.314][20965, 21405][cellularStrengthThread][NXNetwork_Transport_TypeAssist][][][getNetworkType() : 4G
[I][2022-02-10 +80 19:20:53.315][20965, 21405][cellularStrengthThread][NXNetwork_Transport_TypeAssist][][][getNetworkType() : 4G
[I][2022-02-10 +80 19:20:53.316][20965, 21405][cellularStrengthThread][NXNetwork_Transport_TypeAssist][][][getNetworkType() : 4G
[I][2022-02-10 +80 19:20:53.317][20965, 21405][cellularStrengthThread][NXNetwork_Transport_TypeAssist][][][getNetworkType() : 4G
[I][2022-02-10 +80 19:20:53.318][20965, 21405][cellularStrengthThread][NXNetwork_Transport_TypeAssist][][][getNetworkType() : 4G
[I][2022-02-10 +80 19:20:53.319][20965, 21405][cellularStrengthThread][NXNetwork_Transport_TypeAssist][][][getNetworkType() : 4G
[I][2022-02-10 +80 19:20:53.320][20965, 21405][cellularStrengthThread][NXNetwork_Transport_TypeAssist][][][getNetworkType() : 4G
[I][2022-02-10 +80 19:20:53.321][20965, 21405][cellularStrengthThread][NXNetwork_Transport_TypeAssist][][][getNetworkType() : 4G
[I][2022-02-10 +80 19:20:53.322][20965, 21405][cellularStrengthThread][NXNetwork_Transport_TypeAssist][][][getNetworkType() : 4G
[I][2022-02-10 +80 19:20:53.323][20965, 21405][cellularStrengthThread][NXNetwork_Transport_TypeAssist][][][getNetworkType() : 4G
[I][2022-02-10 +80 19:20:53.324][20965, 21405][cellularStrengthThread][NXNetwork_Transport_TypeAssist][][][getNetworkType() : 4G
[I][2022-02-10 +80 19:20:53.325][20965, 21405][cellularStrengthThread][NXNetwork_Transport_TypeAssist][][][getNetworkType() : 4G
[I][2022-02-10 +80 19:20:53.326][20965, 21405][cellularStrengthThread][NXNetwork_Transport_TypeAssist][][][getNetworkType() : 4G
[I][2022-02-10 +80 19:20:53.327][20965, 21405][cellularStrengthThread][NXNetwork_Transport_TypeAssist][][][getNetworkType() : 4G
[I][2022-02-10 +80 19:20:53.328][20965, 21405][cellularStrengthThread][NXNetwork_Transport_TypeAssist][][][getNetworkType() : 4G
[I][2022-02-10 +80 19:20:53.329][20965, 21405][cellularStrengthThread][NXNetwork_Transport_TypeAssist][][][getNetworkType() : 4G
[I][2022-02-10 +80 19:20:53.330][20965, 21405][cellularStrengthThread][NXNetwork_Transport_TypeAssist][][][getNetworkType() : 4G
[I][2022-02-10 +80 19:20:53.331][20965, 21405][cellularStrengthThread][NXNetwork_Transport_TypeAssist][][][getNetworkType() : 4G
[I][2022-02-10 +80 19:20:53.333][20965, 21405][cellularStrengthThread][NXNetwork_Transport_TypeAssist][][][getNetworkType() : 4G
[I][2022-02-10 +80 19:20:53.334][20965, 21405][cellularStrengthThread][NXNetwork_Transport_TypeAssist][][][getNetworkType() : 4G
[I][2022-02-10 +80 19:20:53.335][20965, 21405][cellularStrengthThread][NXNetwork_Transport_TypeAssist][][][getNetworkType() : 4G
[I][2022-02-10 +80 19:20:53.337][20965, 21405][cellularStrengthThread][NXNetwork_Transport_TypeAssist][][][getNetworkType() : 4G
[I][2022-02-10 +80 19:20:57.980][20965, 21405][cellularStrengthThread][NXNetwork_Transport_TypeAssist][][][getNetworkType() : 4G
~~~~~ end of mmap ~~~~~[9914,9914][2022-02-10 +0800 21:02:12]
^^^^^^^^^^Sep  7 2021^^^14:05:59^^^^^^^^^^[9914,9914][2022-02-10 +0800 21:02:12]
get mmap time: 4
MARS_URL: 
MARS_PATH: master_android
MARS_REVISION: a7ee7a4
MARS_BUILD_TIME: 2021-09-07 14:05:12
MARS_BUILD_JOB: 
log appender mode:0, use mmap:1
cache dir space info, capacity:245001879552 free:69882642432 available:69882642432
log dir space info, capacity:244980908032 free:69861670912 available:69861670912
[I][2022-02-10 +80 21:02:12.083][9914, 1*][main][InitializerABTestSwitch][][][getThreadpoolConfig >>> jsonStr = {}
[I][2022-02-10 +80 21:02:12.083][9914, 1*][main][Tab][][][getConfigFloat-----sTabSDKManager == null, key = tv_reflect_report_sample_rate_android
[I][2022-02-10 +80 21:02:12.083][9914, 1*][main][Tab][][][getConfigFloat-----sTabSDKManager == null, key = tv_reflect_report_sample_rate_android
[I][2022-02-10 +80 21:02:12.084][9914, 1*][main][LoadLibraryHooker][][][load so c++_shared
[I][2022-02-10 +80 21:02:12.085][9914, 1*][main][LoadLibraryHooker][][][load so mmkv
[I][2022-02-10 +80 21:02:12.087][9914, 1*][main][Tab][][][getConfigFloat-----sTabSDKManager == null, key = tv_reflect_report_sample_rate_android
[I][2022-02-10 +80 21:02:12.088][9914, 1*][main][Tab][][][getConfigFloat-----sTabSDKManager == null, key = tv_reflect_report_sample_rate_android
[I][2022-02-10 +80 21:02:12.088][9914, 1*][main][Tab][][][getConfigFloat-----sTabSDKManager == null, key = tv_reflect_report_sample_rate_android
[I][2022-02-10 +80 21:02:12.088][9914, 1*][main][DetailCgiPreloadTask][][][not match process
[I][2022-02-10 +80 21:02:12.088][9914, 1*][main][LaunchTaskConfigImpl][][][getSubThreadCore = 1
[I][2022-02-10 +80 21:02:12.088][9914, 1*][main][Tab][][][getConfigInt-----sTabSDKManager == null, key = private_protocol_dialog_enable
[I][2022-02-10 +80 21:02:12.088][9914, 1*][main][PrivateProtocolDialogManager][][][PrivateProtocolDialogManager : setValue --> false
[I][2022-02-10 +80 21:02:12.090][9914, 1*][main][DetailCgiPreloadTask][][][not match process
[I][2022-02-10 +80 21:02:12.090][9914, 1*][main][Tab][][][isToggleOn-----sTabSDKManager == null, key = monitor_subprocess_threadinfo_enable
[I][2022-02-10 +80 21:02:12.090][9914, 1*][main][Tab][][][getConfigFloat-----sTabSDKManager == null, key = tv_reflect_report_sample_rate_android
[I][2022-02-10 +80 21:02:12.090][9914, 22121][launch-thread-0][Tab][][][getABCloudConfigInt-----sTabSDKManager == null, key = acc_client_max_conn_pool_idle_size
[I][2022-02-10 +80 21:02:12.090][9914, 1*][main][Tab][][][getConfigFloat-----sTabSDKManager == null, key = tv_reflect_report_sample_rate_android
[I][2022-02-10 +80 21:02:12.090][9914, 1*][main][Tab][][][getConfigFloat-----sTabSDKManager == null, key = tv_reflect_report_sample_rate_android
[I][2022-02-10 +80 21:02:12.090][9914, 22121][launch-thread-0][Tab][][][getABCloudConfigInt-----sTabSDKManager == null, key = acc_client_conn_pool_alive_second_time
[I][2022-02-10 +80 21:02:12.090][9914, 22121][launch-thread-0][Tab][][][getABCloudConfigBoolean-----sTabSDKManager == null, key = acc_client_http2_switch
[I][2022-02-10 +80 21:02:12.090][9914, 22121][launch-thread-0][Tab][][][getConfigFloat-----sTabSDKManager == null, key = tv_reflect_report_sample_rate_android
[I][2022-02-10 +80 21:02:12.090][9914, 22121][launch-thread-0][Tab][][][getConfigFloat-----sTabSDKManager == null, key = tv_reflect_report_sample_rate_android
[I][2022-02-10 +80 21:02:12.091][9914, 1*][main][TabSDKManager][][][init: mOmgidSwitchQimei36=false
[I][2022-02-10 +80 21:02:12.093][9914, 22121][launch-thread-0][NXNetwork_Network_NetworkServiceManager][][][getDefaultServerDomain, returns domain : acc.qq.com
[I][2022-02-10 +80 21:02:12.093][9914, 22121][launch-thread-0][NXNetwork_Network_TaskManager][][][create() new instance, domain : acc.qq.com
[I][2022-02-10 +80 21:02:12.093][9914, 22121][launch-thread-0][NXNetwork_Network_NetworkServiceManager][][][registerNetworkStateListener
[I][2022-02-10 +80 21:02:12.093][9914, 22121][launch-thread-0][NXNetwork_Network_StateManager][][][register new callback
[I][2022-02-10 +80 21:02:12.095][9914, 22121][launch-thread-0][UniCmdSolutionSelector][][][initSolution:UniCmdInitConfig(initHttpConfig=UniCmdInitHttpConfig(enableHttpSolution=true, httpSolutionProxy=com.tencent.qqlive.modules.vb.unicmd.service.UniCmdHttpSolutionDefault@5878451), initWnsConfig=UniCmdInitWnsConfig(enableWnsSolution=false, wnsSolutionProxy=null), reportProxy=com.tencent.qqlive.component.config.VBUniCmdInitConfig$reportProxy$1@caa34b6, tabConfigProxy=com.tencent.qqlive.component.config.VBUniCmdInitConfig$tabConfigProxy$1@b4c15b7, logProxy=com.tencent.qqlive.modules.vb.unicmd.service.UniCmdLogProxyDefault@8d3124, executorProxy=com.tencent.qqlive.modules.vb.unicmd.service.UniCmdExecutorProxyDefault@6ef148d, netProbeProxy=com.tencent.qqlive.modules.vb.unicmd.service.UniCmdNetProbeProxyDefault@e1ce642, platformInfoProxy=com.tencent.qqlive.modules.vb.unicmd.service.UniCmdPlatformInfoProxyDefault@9825653)
[I][2022-02-10 +80 21:02:12.096][9914, 22121][launch-thread-0][UniCmdInitTask][][][UniCmdInitTask init cost:0ms
[I][2022-02-10 +80 21:02:12.096][9914, 22121][launch-thread-0][VBUniCmdServiceImpl][][][init finish, use inner:false
[I][2022-02-10 +80 21:02:12.096][9914, 22121][launch-thread-0][UniCmdMgr][][][UniCmdMgr init
[I][2022-02-10 +80 21:02:12.097][9914, 22121][launch-thread-0][NXNetwork_Network_NetworkServiceManager][][][registerNetworkStateListener
[I][2022-02-10 +80 21:02:12.097][9914, 22121][launch-thread-0][NXNetwork_Network_StateManager][][][register new callback
[I][2022-02-10 +80 21:02:12.097][9914, 22121][launch-thread-0][VBPBTabConfig][][][isRemoveSensitiveInformation:true
[I][2022-02-10 +80 21:02:12.097][9914, 22118][VBPBService-153190][NXNetwork_Network_StateMonitor][][][create state monitor sdkversion:29
[I][2022-02-10 +80 21:02:12.097][9914, 22118][VBPBService-153190][NXNetwork_Network_StateMonitor][][][network state monitor stop
[I][2022-02-10 +80 21:02:12.099][9914, 22121][launch-thread-0][NXNetwork_Network_NetworkServiceManager][][][registerNetworkStateListener
[I][2022-02-10 +80 21:02:12.099][9914, 22121][launch-thread-0][NXNetwork_Network_StateManager][][][register new callback
[I][2022-02-10 +80 21:02:12.099][9914, 22122][com.getkeepsafe.relinker.e][LoadLibraryHooker][][][load so tquic
[I][2022-02-10 +80 21:02:12.099][9914, 22118][VBPBService-153190][NXNetwork_Network_StateMonitor][][][network state monitor stop fail, network callback is not registered
[I][2022-02-10 +80 21:02:12.099][9914, 22118][VBPBService-153190][NXNetwork_Network_StateMonitor][][][network state monitor start
[I][2022-02-10 +80 21:02:12.099][9914, 22119][public_io_pool-153191][TabToggleDataStorage][][][[environment = release, appId = 5608, sceneId = 560811, guid = fbfa97874c6c954bf9c86e24cf65d7177892001021641b]-----fetchStorageStart
[I][2022-02-10 +80 21:02:12.099][9914, 22119][public_io_pool-153191][TabToggleDataStorage][][][[environment = release, appId = 5608, sceneId = 560811, guid = fbfa97874c6c954bf9c86e24cf65d7177892001021641b]-----isNeedToFetchStorage-----return true by is init fetch
[I][2022-02-10 +80 21:02:12.099][9914, 22119][public_io_pool-153191][TabToggleDataStorage][][][[environment = release, appId = 5608, sceneId = 560811, guid = fbfa97874c6c954bf9c86e24cf65d7177892001021641b]-----fetchStorage-----is need to fetch
[I][2022-02-10 +80 21:02:12.099][9914, 22119][public_io_pool-153191][TabToggleDataStorage][][][[environment = release, appId = 5608, sceneId = 560811, guid = fbfa97874c6c954bf9c86e24cf65d7177892001021641b]-----fetchStorageDataVersion-----storageDataVersion = 1644497244
[I][2022-02-10 +80 21:02:12.099][9914, 22119][public_io_pool-153191][TabToggleDataStorage][][][[environment = release, appId = 5608, sceneId = 560811, guid = fbfa97874c6c954bf9c86e24cf65d7177892001021641b]-----putMemoryDataVersion-----dataVersion = 1644497244
[I][2022-02-10 +80 21:02:12.099][9914, 22119][public_io_pool-153191][TabToggleDataStorage][][][[environment = release, appId = 5608, sceneId = 560811, guid = fbfa97874c6c954bf9c86e24cf65d7177892001021641b]-----loadStorageData-----storageAllKeys length = 421
[I][2022-02-10 +80 21:02:12.100][9914, 22119][public_io_pool-153191][TabToggleDataStorage][][][[environment = release, appId = 5608, sceneId = 560811, guid = fbfa97874c6c954bf9c86e24cf65d7177892001021641b]-----fetchStorageData-----newDataMap Size = 421
[I][2022-02-10 +80 21:02:12.100][9914, 22119][public_io_pool-153191][TabToggleDataStorage][][][[environment = release, appId = 5608, sceneId = 560811, guid = fbfa97874c6c954bf9c86e24cf65d7177892001021641b]-----fetchStorageData-----oldDataMap Size = 0
[I][2022-02-10 +80 21:02:12.100][9914, 22120][public_io_pool-153192][TabConfigDataStorage][][][[environment = release, appId = 5608, sceneId = 560811, guid = fbfa97874c6c954bf9c86e24cf65d7177892001021641b]-----fetchStorageStart
[I][2022-02-10 +80 21:02:12.100][9914, 22120][public_io_pool-153192][TabConfigDataStorage][][][[environment = release, appId = 5608, sceneId = 560811, guid = fbfa97874c6c954bf9c86e24cf65d7177892001021641b]-----isNeedToFetchStorage-----return true by is init fetch
[I][2022-02-10 +80 21:02:12.100][9914, 22120][public_io_pool-153192][TabConfigDataStorage][][][[environment = release, appId = 5608, sceneId = 560811, guid = fbfa97874c6c954bf9c86e24cf65d7177892001021641b]-----fetchStorage-----is need to fetch
[I][2022-02-10 +80 21:02:12.100][9914, 22120][public_io_pool-153192][TabConfigDataStorage][][][[environment = release, appId = 5608, sceneId = 560811, guid = fbfa97874c6c954bf9c86e24cf65d7177892001021641b]-----fetchStorageDataVersion-----storageDataVersion = 1644489223
[I][2022-02-10 +80 21:02:12.101][9914, 22120][public_io_pool-153192][TabConfigDataStorage][][][[environment = release, appId = 5608, sceneId = 560811, guid = fbfa97874c6c954bf9c86e24cf65d7177892001021641b]-----putMemoryDataVersion-----dataVersion = 1644489223
[I][2022-02-10 +80 21:02:12.101][9914, 22120][public_io_pool-153192][TabConfigDataStorage][][][[environment = release, appId = 5608, sceneId = 560811, guid = fbfa97874c6c954bf9c86e24cf65d7177892001021641b]-----loadStorageData-----storageAllKeys length = 584
[I][2022-02-10 +80 21:02:12.102][9914, 1*][main][CarrierManager][][][CarrierModuleConfig init !false
[I][2022-02-10 +80 21:02:12.102][9914, 22128][public_io_pool-153200][TabSDKManager][][][onOmgIdUpdate-----getOmgID = fbfa97874c6c954bf9c86e24cf65d7177892001021641b
[I][2022-02-10 +80 21:02:12.102][9914, 22128][public_io_pool-153200][TabToggleComponent][][][[environment = release, appId = 5608, sceneId = 560811, guid = fbfa97874c6c954bf9c86e24cf65d7177892001021641b]-----switchGuid-----guid equals, finalTargetGuid = fbfa97874c6c954bf9c86e24cf65d7177892001021641b
[I][2022-02-10 +80 21:02:12.102][9914, 22128][public_io_pool-153200][TabConfigComponent][][][[environment = release, appId = 5608, sceneId = 560811, guid = fbfa97874c6c954bf9c86e24cf65d7177892001021641b]-----switchGuid-----guid equals, finalTargetGuid = fbfa97874c6c954bf9c86e24cf65d7177892001021641b
[I][2022-02-10 +80 21:02:12.106][9914, 22119][public_io_pool-153191][TabToggleDataStorage][][][[environment = release, appId = 5608, sceneId = 560811, guid = fbfa97874c6c954bf9c86e24cf65d7177892001021641b]-----updateControlInfo = TabToggleControlInfo {  mData = value, mEnableReport = false, mRollInterval = 1800, mReportInterval = 300  }
[I][2022-02-10 +80 21:02:12.106][9914, 22124][cellularStrengthThread][NXNetwork_Transport_TypeAssist][][][getNetworkType() : 4G
[I][2022-02-10 +80 21:02:12.106][9914, 22119][public_io_pool-153191][TabToggleDataStorage][][][[environment = release, appId = 5608, sceneId = 560811, guid = fbfa97874c6c954bf9c86e24cf65d7177892001021641b]-----fetchStorageEnd
[I][2022-02-10 +80 21:02:12.106][9914, 22119][public_io_pool-153191][TabToggleDataStorage][][][[environment = release, appId = 5608, sceneId = 560811, guid = fbfa97874c6c954bf9c86e24cf65d7177892001021641b]-----initUse-----finish
[I][2022-02-10 +80 21:02:12.106][9914, 22119][public_io_pool-153191][TabToggleDataFetcher][][][[environment = release, appId = 5608, sceneId = 560811, guid = fbfa97874c6c954bf9c86e24cf65d7177892001021641b]-----initUse-----finish
[I][2022-02-10 +80 21:02:12.106][9914, 22119][public_io_pool-153191][TabToggleDataRoller][][][[environment = release, appId = 5608, sceneId = 560811, guid = fbfa97874c6c954bf9c86e24cf65d7177892001021641b]-----initUse-----finish
[I][2022-02-10 +80 21:02:12.106][9914, 22119][public_io_pool-153191][TabToggleDataManager][][][[environment = release, appId = 5608, sceneId = 560811, guid = fbfa97874c6c954bf9c86e24cf65d7177892001021641b]-----initUse-----finish
[I][2022-02-10 +80 21:02:12.108][9914, 1*][main][OEMUtils][][][OEMUtils -> getProperty: value = HUAWEI
[I][2022-02-10 +80 21:02:12.108][9914, 1*][main][OEMUtils][][][OEMUtils -> getProperty: value = HUAWEI
[E][2022-02-10 +80 21:02:12.108][9914, 1*][main][BuildProperties][][][java.io.FileNotFoundException: /system/build.prop: open failed: EACCES (Permission denied)
	at libcore.io.IoBridge.open(IoBridge.java:496)
	at java.io.FileInputStream.<init>(FileInputStream.java:159)
	at com.tencent.qqlive.modules.vb.utils.device.BuildProperties.<init>(Unknown Source:28)
	at com.tencent.qqlive.modules.vb.utils.device.BuildProperties.newInstance(Unknown Source:85)
	at com.tencent.qqlive.ona.utils.OEMUtils.isPropertiesExist(Unknown Source:198)
	at com.tencent.qqlive.ona.utils.OEMUtils.isXiaomiManufacturer(Unknown Source:185)
	at com.tencent.qqlive.ona.appconfig.ChannelConfig.<init>(Unknown Source:63)
	at com.tencent.qqlive.ona.appconfig.ChannelConfig.getInstance(Unknown Source:105)
	at com.tencent.qqlive.common.impl.ChannelConfigBridgeImpl.getChannelID(Unknown Source:26)
	at com.tencent.qqlive.component.pay.PayManager.<clinit>(Unknown Source:64)
	at com.tencent.qqlive.component.pay.PayModuleConfig.initLoginInfoListener(Unknown Source:260)
	at com.tencent.qqlive.component.pay.PayModuleConfig.init(Unknown Source:166)
	at com.tencent.qqlive.ona.init.taskv2.PayModuleConfigInitTask.execute(Unknown Source:28)
	at com.tencent.qqlive.module.launchtask.task.InitTask.tryExecute(Unknown Source:111)
	at com.tencent.qqlive.module.launchtask.task.InitTask.run(Unknown Source:99)
	at com.tencent.qqlive.module.launchtask.executor.MainLooperExecutor.execute(Unknown Source:19)
	at com.tencent.qqlive.module.launchtask.dispatcher.ConditionDispatcher.runAndRemoveFirstTask(Unknown Source:64)
	at com.tencent.qqlive.module.launchtask.dispatcher.BlockedConditionDispatcher.work(Unknown Source:28)
	at com.tencent.qqlive.module.launchtask.dispatcher.BlockedConditionDispatcher.resume(Unknown Source:18)
	at com.tencent.qqlive.module.launchtask.dispatcher.DispatcherManager.resumeDispatcher(Unknown Source:99)
	at com.tencent.qqlive.module.launchtask.LaunchManager.reportAttachBase(Unknown Source:297)
	at com.tencent.qqlive.ona.base.QQLiveApplicationWrapper.attachBaseContext(Unknown Source:96)
	at com.tencent.qqlive.ona.base.QQLiveApplicationLike.onBaseContextAttached(Unknown Source:68)
	at com.tencent.tinker.entry.TinkerApplicationInlineFence.handleMessageImpl(Unknown Source:67)
	at com.tencent.tinker.entry.TinkerApplicationInlineFence.handleMessage_$noinline$(Unknown Source:60)
	at com.tencent.tinker.entry.TinkerApplicationInlineFence.handleMessage(Unknown Source:53)
	at com.tencent.rfix.loader.app.RFixApplication.createInlineFence(Unknown Source:147)
	at com.tencent.rfix.loader.app.RFixApplication.onBaseContextAttached(Unknown Source:70)
	at com.tencent.tinker.loader.app.TinkerApplication.attachBaseContext(Unknown Source:175)
	at android.app.Application.attach(Application.java:358)
	at android.app.Instrumentation.newApplication(Instrumentation.java:1168)
	at android.app.LoadedApk.makeApplication(LoadedApk.java:1451)
	at android.app.ActivityThread.handleBindApplication(ActivityThread.java:7554)
	at android.app.ActivityThread.access$2600(ActivityThread.java:260)
	at android.app.ActivityThread$H.handleMessage(ActivityThread.java:2435)
	at android.os.Handler.dispatchMessage(Handler.java:110)
	at android.os.Looper.loop(Looper.java:219)
	at android.app.ActivityThread.main(ActivityThread.java:8668)
	at java.lang.reflect.Method.invoke(Native Method)
	at com.android.internal.os.RuntimeInit$MethodAndArgsCaller.run(RuntimeInit.java:513)
	at com.android.internal.os.ZygoteInit.main(ZygoteInit.java:1109)
Caused by: android.system.ErrnoException: open failed: EACCES (Permission denied)
	at libcore.io.Linux.open(Native Method)
	at libcore.io.ForwardingOs.open(ForwardingOs.java:167)
	at libcore.io.BlockGuardOs.open(BlockGuardOs.java:252)
	at libcore.io.ForwardingOs.open(ForwardingOs.java:167)
	at android.app.ActivityThread$AndroidOs.open(ActivityThread.java:8464)
	at libcore.io.IoBridge.open(IoBridge.java:482)
	... 40 more
[E][2022-02-10 +80 21:02:12.108][9914, 1*][main][ChannelConfig][][][miui.os.MiuiInit
[I][2022-02-10 +80 21:02:12.108][9914, 1*][main][OEMUtils][][][OEMUtils -> getProperty: value = 
[E][2022-02-10 +80 21:02:12.108][9914, 1*][main][ChannelConfig][][][isHuaweiOrHonorManufacture
[E][2022-02-10 +80 21:02:12.108][9914, 1*][main][ChannelConfig][][][firmChannelPath is Empty
[E][2022-02-10 +80 21:02:12.108][9914, 1*][main][ChannelConfig][][][firmChannelPath = /system/etc/firmChannel.ini
[I][2022-02-10 +80 21:02:12.108][9914, 1*][main][QAdConfigInitTask][][][getQAdBuildConfigInfo() , mainProcess: false, releaseEnv: true
[I][2022-02-10 +80 21:02:12.108][9914, 1*][main][QAD][QAdScreenInfoUtil][][initParams, sWidth: 1080, sHeight: 2340, sDensity: 3.0, sDpi: 480.0, sXDpi: 391.885, syDpi: 391.026, sWidthPixels: 1080, sHeightPixels: 2214
[I][2022-02-10 +80 21:02:12.109][9914, 1*][main][LoginStateStore][][][restoreOldToNXLoginAccount nxNotLogined:false
[I][2022-02-10 +80 21:02:12.109][9914, 22127][ConnectivityThread][NXNetwork_Network_StateMonitor][][][onAvailable()
[I][2022-02-10 +80 21:02:12.111][9914, 22120][public_io_pool-153192][TabConfigDataStorage][][][[environment = release, appId = 5608, sceneId = 560811, guid = fbfa97874c6c954bf9c86e24cf65d7177892001021641b]-----fetchStorageData-----newDataMap Size = 584
[I][2022-02-10 +80 21:02:12.111][9914, 22120][public_io_pool-153192][TabConfigDataStorage][][][[environment = release, appId = 5608, sceneId = 560811, guid = fbfa97874c6c954bf9c86e24cf65d7177892001021641b]-----fetchStorageData-----oldDataMap Size = 0
[I][2022-02-10 +80 21:02:12.116][9914, 22120][public_io_pool-153192][TabConfigDataStorage][][][[environment = release, appId = 5608, sceneId = 560811, guid = fbfa97874c6c954bf9c86e24cf65d7177892001021641b]-----updateControlInfo = TabConfigControlInfo {  mData = value, mEnableReport = true, mRollInterval = 1800, mReportInterval = 300  }
[I][2022-02-10 +80 21:02:12.116][9914, 1*][main][VBLoginService][LoginDaemonClient][][ensureLoginDaemon, start bindservice
[I][2022-02-10 +80 21:02:12.117][9914, 22127][ConnectivityThread][NXNetwork_Network_TypeAssistant][][][getNetworkType() : 4G
[I][2022-02-10 +80 21:02:12.117][9914, 22127][ConnectivityThread][NXNetwork_Network_StateManager][][][notify network state change, curr state:NETWORK_STATE_4G
[I][2022-02-10 +80 21:02:12.117][9914, 22127][ConnectivityThread][NXNetwork_Transport_HttpImpl][][][reset() reset OkHttp Client
[I][2022-02-10 +80 21:02:12.117][9914, 22127][ConnectivityThread][NXNetwork_Transport_HttpImpl][][][reset() reset OkHttp Client
[I][2022-02-10 +80 21:02:12.118][9914, 22127][ConnectivityThread][NXNetwork_Network_NetworkServiceManager][][][setNacList, nacMap null!
[I][2022-02-10 +80 21:02:12.118][9914, 22127][ConnectivityThread][NXNetwork_Network_AddressManager][][][setNacList() version:1
[I][2022-02-10 +80 21:02:12.118][9914, 22127][ConnectivityThread][NXNetwork_Network_StateMachine][][][resetState()
[I][2022-02-10 +80 21:02:12.118][9914, 22127][ConnectivityThread][NXNetwork_Network_NacManager][][][clear()
[I][2022-02-10 +80 21:02:12.118][9914, 22127][ConnectivityThread][NXNetwork_Network_StateMonitor][][][onLinkPropertiesChanged()
[I][2022-02-10 +80 21:02:12.118][9914, 22120][public_io_pool-153192][TabConfigDataStorage][][][[environment = release, appId = 5608, sceneId = 560811, guid = fbfa97874c6c954bf9c86e24cf65d7177892001021641b]-----fetchStorageEnd
[I][2022-02-10 +80 21:02:12.118][9914, 22120][public_io_pool-153192][TabConfigDataStorage][][][[environment = release, appId = 5608, sceneId = 560811, guid = fbfa97874c6c954bf9c86e24cf65d7177892001021641b]-----initUse-----finish
[I][2022-02-10 +80 21:02:12.118][9914, 22120][public_io_pool-153192][TabConfigDataFetcher][][][[environment = release, appId = 5608, sceneId = 560811, guid = fbfa97874c6c954bf9c86e24cf65d7177892001021641b]-----initUse-----finish
[I][2022-02-10 +80 21:02:12.118][9914, 22120][public_io_pool-153192][TabConfigDataRoller][][][[environment = release, appId = 5608, sceneId = 560811, guid = fbfa97874c6c954bf9c86e24cf65d7177892001021641b]-----initUse-----finish
[I][2022-02-10 +80 21:02:12.118][9914, 22120][public_io_pool-153192][TabConfigDataManager][][][[environment = release, appId = 5608, sceneId = 560811, guid = fbfa97874c6c954bf9c86e24cf65d7177892001021641b]-----initUse-----finish
[I][2022-02-10 +80 21:02:12.119][9914, 22127][ConnectivityThread][NXNetwork_Network_TypeAssistant][][][getNetworkType() : 4G
[I][2022-02-10 +80 21:02:12.119][9914, 22127][ConnectivityThread][NXNetwork_Network_StateManager][][][network state not change, curr state:NETWORK_STATE_4G
[I][2022-02-10 +80 21:02:12.119][9914, 1*][main][VBLoginService][VBLoginCenter][][LoginCenter init:com.tencent.qqlive.modules.vb.loginbusiness.VBLoginConfig@d92964d
[I][2022-02-10 +80 21:02:12.119][9914, 1*][main][VBWrapperLoginService][WrapperLoginStorage][][setSupplier kvcom.tencent.qqlive.modules.vb.wrapperloginservice.VBWrapperLoginServiceInitTask$1@dc3a502
[I][2022-02-10 +80 21:02:12.119][9914, 1*][main][VBWrapperLoginService][WrapperAccountPattern][][readAccountPattern, pattern:{"main":0,"login":1}
[I][2022-02-10 +80 21:02:12.119][9914, 1*][main][VBWrapperLoginService][WrapperAccountPattern][][fromJSON: {"main":0,"login":1}
[I][2022-02-10 +80 21:02:12.119][9914, 1*][main][LoginManager][][][init 
[I][2022-02-10 +80 21:02:12.120][9914, 1*][main][QAD][AdOpenIdManager][][isConvertSuccess=true adopenid=F2DC73BEBCA90B884F8B79AF0E7AA5E4
[I][2022-02-10 +80 21:02:12.120][9914, 22120][Utils-IO-Thread-153192][VBWrapperLoginService][WrapperLoginProxy][][getLoginAccountInfo type 0
[I][2022-02-10 +80 21:02:12.120][9914, 1*][main][ABCloudConfigInitTask][][][initAsync
[I][2022-02-10 +80 21:02:12.121][9914, 22120][Utils-IO-Thread-153192][VBWrapperLoginService][WrapperLoginProxy][][getLoginAccountInfo
[I][2022-02-10 +80 21:02:12.122][9914, 22130][public_io_pool-153202][ABCloudConfigInitTask][][][doInitAsync begin
[I][2022-02-10 +80 21:02:12.122][9914, 22130][public_io_pool-153202][ABCloudConfigInitTask][][][async initInner begin
[I][2022-02-10 +80 21:02:12.124][9914, 1*][main][Network][[RouteLib]PBConfig_debug][][[setReleaseServerAddress] set ip and domain succ new release ip|domain|isServerEnableBlackList: 163.177.92.114|acc.qq.com|true
[I][2022-02-10 +80 21:02:12.124][9914, 22120][Utils-IO-Thread-153192][VBWrapperLoginService][WrapperLoginProxy][][getLoginAccountInfo type 0
[I][2022-02-10 +80 21:02:12.124][9914, 22120][Utils-IO-Thread-153192][VBWrapperLoginService][WrapperLoginProxy][][getLoginAccountInfo type 1
[I][2022-02-10 +80 21:02:12.124][9914, 1*][main][VBWrapperLoginService][WrapperLoginProxy][][getLoginAccountInfo
[I][2022-02-10 +80 21:02:12.124][9914, 1*][main][TaskQueueManager][][][login(userId=38030485) loginUserId=null
[I][2022-02-10 +80 21:02:12.125][9914, 1*][main][ActivityStackImpl][][][init activity stack, size=0
[I][2022-02-10 +80 21:02:12.126][9914, 1*][main][PlatformIdConfig][][][platform init:false true
[I][2022-02-10 +80 21:02:12.128][9914, 22130][public_io_pool-153202][AutoRetryPtotoclConfig][][][parseConfig json: [
    {
        "totalSwitch": "1"
    },
    {
        "autoRetryDelay": "500"
    },
    {
        "retryTimesLimit": "-1"
    },
    {
        "networkErrorCheckSwitch": "1"
    },
    {
        "fuse_timewindow_unit": "1"
    },
    {
        "fuse_timewindow_bucket_num": "10"
    },
    {
        "fuse_min_req_num": "6"
    },
    {
        "fuse_rate": "0.5"
    },
    {
        "fuse_cd": "5"
    }
], whiteListconfigs json: ["com.tencent.qqlive.protocol.pb.PageService/com.tencent.qqlive.protocol.pb.PageService/getPage_channel","com.tencent.qqlive.protocol.pb.VideoDetailService/com.tencent.qqlive.protocol.pb.VideoDetailService/getPage","com.tencent.qqlive.protocol.pb.PageService/com.tencent.qqlive.protocol.pb.PageService/getPage_detail_operation","com.tencent.qqlive.protocol.pb.PageService/com.tencent.qqlive.protocol.pb.PageService/getPage_immersive","com.tencent.qqlive.protocol.pb.PageService/com.tencent.qqlive.protocol.pb.PageService/getPage_cp_page","com.tencent.qqlive.protocol.pb.NavOperateService/com.tencent.qqlive.protocol.pb.NavOperateService/getNavOperate"]
[I][2022-02-10 +80 21:02:12.128][9914, 22130][public_io_pool-153202][AutoRetryPtotoclConfig][][][parseWhileList key: com.tencent.qqlive.protocol.pb.PageService/com.tencent.qqlive.protocol.pb.PageService/getPage_channel
[I][2022-02-10 +80 21:02:12.128][9914, 22130][public_io_pool-153202][AutoRetryPtotoclConfig][][][parseWhileList key: com.tencent.qqlive.protocol.pb.VideoDetailService/com.tencent.qqlive.protocol.pb.VideoDetailService/getPage
[I][2022-02-10 +80 21:02:12.128][9914, 22130][public_io_pool-153202][AutoRetryPtotoclConfig][][][parseWhileList key: com.tencent.qqlive.protocol.pb.PageService/com.tencent.qqlive.protocol.pb.PageService/getPage_detail_operation
[I][2022-02-10 +80 21:02:12.128][9914, 22130][public_io_pool-153202][AutoRetryPtotoclConfig][][][parseWhileList key: com.tencent.qqlive.protocol.pb.PageService/com.tencent.qqlive.protocol.pb.PageService/getPage_immersive
[I][2022-02-10 +80 21:02:12.128][9914, 22130][public_io_pool-153202][AutoRetryPtotoclConfig][][][parseWhileList key: com.tencent.qqlive.protocol.pb.PageService/com.tencent.qqlive.protocol.pb.PageService/getPage_cp_page
[I][2022-02-10 +80 21:02:12.128][9914, 22130][public_io_pool-153202][AutoRetryPtotoclConfig][][][parseWhileList key: com.tencent.qqlive.protocol.pb.NavOperateService/com.tencent.qqlive.protocol.pb.NavOperateService/getNavOperate
[I][2022-02-10 +80 21:02:12.128][9914, 22130][public_io_pool-153202][AutoRetryPtotoclConfig][][][parseConfig autoRetryPtotoclConfig: totalSwitch: 1
networkErrorCheckSwitch: 1
retryTimesLimit: -1
{com.tencent.qqlive.protocol.pb.PageService/com.tencent.qqlive.protocol.pb.PageService/getPage_cp_page=1, com.tencent.qqlive.protocol.pb.NavOperateService/com.tencent.qqlive.protocol.pb.NavOperateService/getNavOperate=1, com.tencent.qqlive.protocol.pb.PageService/com.tencent.qqlive.protocol.pb.PageService/getPage_channel=1, com.tencent.qqlive.protocol.pb.VideoDetailService/com.tencent.qqlive.protocol.pb.VideoDetailService/getPage=1, com.tencent.qqlive.protocol.pb.PageService/com.tencent.qqlive.protocol.pb.PageService/getPage_immersive=1, com.tencent.qqlive.protocol.pb.PageService/com.tencent.qqlive.protocol.pb.PageService/getPage_detail_operation=1}, fuseConfig: mTimeWindowUnit= 1
mTimeWindowTotalNum: 10
mMinReqNum: 6
mFuseRate: 0.5
mFuseCD: 5
[I][2022-02-10 +80 21:02:12.128][9914, 22130][public_io_pool-153202][AutoRetry_Refuse][][][start this: com.tencent.qqlive.autoretry.component.AutoRetryFuse@82c4c14 fuseconfig: mTimeWindowUnit= 1
mTimeWindowTotalNum: 10
mMinReqNum: 6
mFuseRate: 0.5
mFuseCD: 5
[I][2022-02-10 +80 21:02:12.129][9914, 22130][public_io_pool-153202][AutoRetry_Timer][][][startTimer sendEmptyMessageDelayed first
[I][2022-02-10 +80 21:02:12.129][9914, 22130][public_io_pool-153202][AdaptiveUIConfigHelper][][][remoteConfig = {"foldPhoneList":[{"model":"SM-F700","maxUISizeType":"large"},{"model":"SM-F9000","maxUISizeType":"large"},{"model":"TAH-AN00","maxUISizeType":"large"},{"model":"RLI-AN00","maxUISizeType":"large"},{"model":"RLI-N29","maxUISizeType":"large"},{"model":"TAH-N29","maxUISizeType":"large"},{"model":"TAH-AN00m","maxUISizeType":"large"},{"model":"RHA-AN00m","maxUISizeType":"large"},{"model":"ASUS_I003DD","maxUISizeType":"regular"}]}
[I][2022-02-10 +80 21:02:12.130][9914, 22130][public_io_pool-153202][ABCloudConfigInitTask][][][async initInner end
[I][2022-02-10 +80 21:02:12.131][9914, 22130][public_io_pool-153202][ABCloudConfigInitTask][][][doInitAsync end
[I][2022-02-10 +80 21:02:12.142][9914, 1*][main][LoadLibraryHooker][][][load so xgVipSecurity
[I][2022-02-10 +80 21:02:12.147][9914, 1*][main][QQLiveApplication][][][ApplicationOnCreate, processName = com.tencent.qqlive:xg_vip_service, flavor = , buildType = iconRelease64, versionName = 8.5.41.26553
[I][2022-02-10 +80 21:02:12.181][9914, 1*][main][SimpleBroadcastManager][][][onServiceConnected
[I][2022-02-10 +80 21:02:12.182][9914, 1*][main][VBLoginService][LoginDaemonClient][][onDaemonConnected, componentName=ComponentInfo{com.tencent.qqlive/com.tencent.qqlive.modules.vb.loginservice.LoginDaemon}
[I][2022-02-10 +80 21:02:12.182][9914, 22132][LoginDaemonClient][VBLoginService][LoginDaemonClient][][ runPendingRunnable, List=[]
[I][2022-02-10 +80 21:02:12.208][9914, 22140][launch-idle61][TaskExecuteMonitorImpl][][][onFinishDispatcher >>> loadType = IdleHigh, threadStrategy = SubThread
[I][2022-02-10 +80 21:02:12.310][9914, 22121][launch-thread-0][LocationGetTask][][][enableRequestLocation:false
[I][2022-02-10 +80 21:02:12.310][9914, 22165][launch-idle71][TaskExecuteMonitorImpl][][][onFinishDispatcher >>> loadType = IdleMiddle, threadStrategy = SubThread
[I][2022-02-10 +80 21:02:12.414][9914, 22121][launch-thread-0][LoadLibraryHooker][][][load so gradishwrapper
[I][2022-02-10 +80 21:02:12.427][9914, 22186][launch-idle81][TaskExecuteMonitorImpl][][][onFinishDispatcher >>> loadType = IdleLow, threadStrategy = SubThread
[I][2022-02-10 +80 21:02:13.095][9914, 22130][public_io_pool-153202][VBMMKV_BROADCAST][][][callerProcessName equals currentProcessName
[I][2022-02-10 +80 21:02:13.095][9914, 22130][public_io_pool-153202][VBMMKV_BROADCAST][][][no need notify Observer,  valueObjectClassName =  callerProcessName = com.tencent.qqlive:xg_vip_service fileName = com.tencent.qqlive_preferences key = setting_preferences_private_protocol_is_show , please check context
[I][2022-02-10 +80 21:02:13.096][9914, 22130][public_io_pool-153202][VBMMKV_BROADCAST][][][callerProcessName equals currentProcessName
[I][2022-02-10 +80 21:02:13.096][9914, 22130][public_io_pool-153202][VBMMKV_BROADCAST][][][no need notify Observer,  valueObjectClassName =  callerProcessName = com.tencent.qqlive:xg_vip_service fileName = vb_platformInfo key = vb_platformInfo_version_code , please check context
[I][2022-02-10 +80 21:02:13.096][9914, 22130][public_io_pool-153202][VBMMKV_BROADCAST][][][callerProcessName equals currentProcessName
[I][2022-02-10 +80 21:02:13.096][9914, 22130][public_io_pool-153202][VBMMKV_BROADCAST][][][no need notify Observer,  valueObjectClassName =  callerProcessName = com.tencent.qqlive:xg_vip_service fileName = vb_platformInfo key = vb_platformInfo_version_name , please check context
[I][2022-02-10 +80 21:02:13.096][9914, 22130][public_io_pool-153202][VBMMKV_BROADCAST][][][callerProcessName equals currentProcessName
[I][2022-02-10 +80 21:02:13.096][9914, 22130][public_io_pool-153202][VBMMKV_BROADCAST][][][no need notify Observer,  valueObjectClassName =  callerProcessName = com.tencent.qqlive:xg_vip_service fileName = vb_platformInfo key = vb_platformInfo_app_id , please check context
[I][2022-02-10 +80 21:02:16.657][9914, 22124][cellularStrengthThread][NXNetwork_Transport_TypeAssist][][][getNetworkType() : 4G
[I][2022-02-10 +80 21:02:16.806][9914, 22098][Binder:9914_1][TabSDKManager][][][onOmgIdUpdate-----getOmgID = fbfa97874c6c954bf9c86e24cf65d7177892001021641b
[I][2022-02-10 +80 21:02:16.806][9914, 22098][Binder:9914_1][TabToggleComponent][][][[environment = release, appId = 5608, sceneId = 560811, guid = fbfa97874c6c954bf9c86e24cf65d7177892001021641b]-----switchGuid-----guid equals, finalTargetGuid = fbfa97874c6c954bf9c86e24cf65d7177892001021641b
[I][2022-02-10 +80 21:02:16.806][9914, 22098][Binder:9914_1][TabConfigComponent][][][[environment = release, appId = 5608, sceneId = 560811, guid = fbfa97874c6c954bf9c86e24cf65d7177892001021641b]-----switchGuid-----guid equals, finalTargetGuid = fbfa97874c6c954bf9c86e24cf65d7177892001021641b
[I][2022-02-10 +80 21:02:26.645][9914, 22124][cellularStrengthThread][NXNetwork_Transport_TypeAssist][][][getNetworkType() : 4G
[I][2022-02-10 +80 21:02:30.312][9914, 22124][cellularStrengthThread][NXNetwork_Transport_TypeAssist][][][getNetworkType() : 4G
[I][2022-02-10 +80 21:02:33.304][9914, 22124][cellularStrengthThread][NXNetwork_Transport_TypeAssist][][][getNetworkType() : 4G
[I][2022-02-10 +80 21:02:36.321][9914, 22124][cellularStrengthThread][NXNetwork_Transport_TypeAssist][][][getNetworkType() : 4G
[I][2022-02-10 +80 21:02:39.303][9914, 22124][cellularStrengthThread][NXNetwork_Transport_TypeAssist][][][getNetworkType() : 4G
[I][2022-02-10 +80 21:02:41.456][9914, 22287][Binder:9914_6][VBLoginService][LoginDaemonClient][][onDaemonMessage msgId=8, data=Bundle[mParcelledData.dataSize=152]
[I][2022-02-10 +80 21:02:41.457][9914, 22287][Binder:9914_6][VBLoginService][VBLoginCenter][][onRequestRefreshStart, type:0 invokeId:3
[I][2022-02-10 +80 21:02:41.512][9914, 22287][Binder:9914_6][TabSDKManager][][][onOmgIdUpdate-----getOmgID = fbfa97874c6c954bf9c86e24cf65d7177892001021641b
[I][2022-02-10 +80 21:02:41.512][9914, 22287][Binder:9914_6][TabToggleComponent][][][[environment = release, appId = 5608, sceneId = 560811, guid = fbfa97874c6c954bf9c86e24cf65d7177892001021641b]-----switchGuid-----guid equals, finalTargetGuid = fbfa97874c6c954bf9c86e24cf65d7177892001021641b
[I][2022-02-10 +80 21:02:41.512][9914, 22287][Binder:9914_6][TabConfigComponent][][][[environment = release, appId = 5608, sceneId = 560811, guid = fbfa97874c6c954bf9c86e24cf65d7177892001021641b]-----switchGuid-----guid equals, finalTargetGuid = fbfa97874c6c954bf9c86e24cf65d7177892001021641b
[I][2022-02-10 +80 21:02:41.619][9914, 22287][Binder:9914_6][VBLoginService][LoginDaemonClient][][onDaemonMessage msgId=7, data=Bundle[mParcelledData.dataSize=1276]
[I][2022-02-10 +80 21:02:41.620][9914, 1*][main][VBWrapperLoginService][WrapperLoginProxy][][onAccountRefresh type 0 account Account [nickName=,headUrl=http://thirdqq.qlogo.cn/g?b=sdk&k=pEHhcofrDMqX0UN33DwFAg&s=140&t=1571914754, UserId=38030485, SessionKey=5Fa6KGU3GhY0IU9KrChwVA.., CreateTime=1644498161598, ExpireTime=6555000,OpenId=04BF6F0447720EABB6A4A921C6FB1DEB,AccessToken=500FBA1C36A9C45556197FFFAD6CFAB3, AccountType=0, refreshToken=6F83B0879A9649ABC097307F6213A87A, IM Token=eAEtzUsLgkAUBeD-MttC7jjPhBZKhfZYiG1sJ8w0XEKxUaIH-fdMXZ5z*Dgfcj4WwcN6EpEwALIcc2duVduiIRHlAAIolXpa0NimxyuOgGlgwLWYVY*1HYTknK80lXQS9tmi--eKiRAA5gd0w2OeqUtVvO-VXjuzy*rSyW1YLuLYm2TTJc3Jq1TRtDi88jX5-gD3zDBa, AccessTokenExpireTime=0, overdue=false, appid=101795054][AuthCode:FE4BCCF7CD80389DED52DE39D47D94C4 qqopenid:04BF6F0447720EABB6A4A921C6FB1DEB qqaccesstoken: qqexpiretime:7776000]
[I][2022-02-10 +80 21:02:41.625][9914, 1*][main][VBWrapperLoginService][WrapperAccountPattern][][isMainLoginType: type 0 MainLoginType 0 [MainType:0 AdvanceLoginType:1 BindTypeList:[]]
[I][2022-02-10 +80 21:02:41.628][9914, 1*][main][VBWrapperLoginService][WrapperAccountPattern][][isMainLoginType: type 0 MainLoginType 0 [MainType:0 AdvanceLoginType:1 BindTypeList:[]]
[I][2022-02-10 +80 21:02:41.629][9914, 1*][main][VBLoginBusiness][LoginManager][][onRefreshFinish(isMain=true, loginType=2, err=0)
[I][2022-02-10 +80 21:02:41.630][9914, 1*][main][QAD][TENCENT_AD][][login callback:refreshTokenFinish-isMainAccount:true-type:1-errCode:0-errMsg:-userInfo:
[I][2022-02-10 +80 21:02:41.630][9914, 1*][main][QAD][TENCENT_AD][][login callback:refreshTokenFinish-isMainAccount:true-type:1-errCode:0-errMsg:-userInfo:
[I][2022-02-10 +80 21:02:41.631][9914, 22292][public_io_pool-153364][VBWrapperLoginService][WrapperLoginProxy][][getLoginAccountInfo
[I][2022-02-10 +80 21:02:41.633][9914, 22292][public_io_pool-153364][ProtocolPackageHelper][][][readFromCache: readFile = true, bos.size = 230, cachePath = /storage/emulated/0/Android/data/com.tencent.qqlive/files/cache/38030485_userinfo.cache
[I][2022-02-10 +80 21:02:41.635][9914, 22292][public_io_pool-153364][NXNetwork_Transport_TransportManager][][][getTransportAutoIncrementId() request id:1
[I][2022-02-10 +80 21:02:41.635][9914, 1*][main][WebUtils][][][-->synCookies needClear:false
[I][2022-02-10 +80 21:02:41.635][9914, 1*][main][WebUtils][][][-->synMttWebCookies() needClear:false
[I][2022-02-10 +80 21:02:41.635][9914, 22292][public_io_pool-153364][NXNetwork_JCE_CmdAssist][][][getCmdId() requestClassName: GetUserProfileRequest,responseClassName: GetUserProfile,cmdId: 60674
[I][2022-02-10 +80 21:02:41.635][9914, 22292][public_io_pool-153364][NXNetwork_JCE_CmdAssist][][][getCmdId() requestClassName: GetUserProfileRequest,responseClassName: GetUserProfile,cmdId: 60674
[I][2022-02-10 +80 21:02:41.638][9914, 22292][public_io_pool-153364][NXNetwork_JCE_CmdAssist][][][getCmdId() requestClassName: GetUserProfileRequest,responseClassName: GetUserProfile,cmdId: 60674
[I][2022-02-10 +80 21:02:41.638][9914, 22292][public_io_pool-153364][MedalInfoModel][][][get vcuid failed, mCreatorStatusModel is null
[I][2022-02-10 +80 21:02:41.647][9914, 22293][public_io_pool-153365][NXNetwork_JCE_StructPackage][][][[GetUserProfileRequest#60674]-1 JceStruct --> byte[]
[I][2022-02-10 +80 21:02:41.648][9914, 22293][public_io_pool-153365][NXNetwork_JCE_HeaderPackage][][][[GetUserProfileRequest#60674]-1 package request header
[I][2022-02-10 +80 21:02:41.650][9914, 22293][public_io_pool-153365][GUIDManager][][][getGUID: 925ad63f87c711ec89cd6c92bf48bcb2
[I][2022-02-10 +80 21:02:41.650][9914, 22293][public_io_pool-153365][PlatformInfo_Device][][][getScreenSize() screenWidth 1080 screenHeight 2214
[I][2022-02-10 +80 21:02:41.650][9914, 22293][public_io_pool-153365][PlatformInfo_Device][][][getDeviceType() get from callback
[I][2022-02-10 +80 21:02:41.681][9914, 22293][public_io_pool-153365][VBWrapperLoginService][WrapperLoginProxy][][getLoginAccountInfo
[I][2022-02-10 +80 21:02:41.681][9914, 22293][public_io_pool-153365][VBTeenGuardianMgrImpl][][][register
[I][2022-02-10 +80 21:02:41.682][9914, 22293][public_io_pool-153365][VBWrapperLoginService][WrapperLoginProxy][][getLoginAccountInfo
[I][2022-02-10 +80 21:02:41.682][9914, 22293][public_io_pool-153365][VBWrapperLoginService][WrapperLoginProxy][][getLoginAccountInfo type 0
[I][2022-02-10 +80 21:02:41.682][9914, 22293][public_io_pool-153365][NXNetwork_JCE_HeaderPackage][][][[GetUserProfileRequest#60674]-1 common header:requestId:1,[SafeInfo]SafeKey:,[SafeInfo]type3,contentType:0,appId:1000005,guid:925ad63f87c711ec89cd6c92bf48bcb2,cmdId:60674,isSupportDolby:0,oemPlatform:0,isAuto:0,callType:self,channelId:228,extent:,from:,mid:0,pageId:,pid:,refPageId:,vid:,pageStep:0,appSubVersion:,channelId:228,clientKey:,deviceId:,deviceModel:EBG-AN10,extent:,idfa:,imei:,imsi:,mac:,omgId:fbfa97874c6c954bf9c86e24cf65d7177892001021641b,platformVersion:EBG-AN10,29,10,platform:3,serverid:,v4ip:112.97.63.47,versionCode:26553,versionName:8.5.41.26553,areaMode:0,accuracy:0.0,latitude:0.0,longitude:0.0,type:0,countryCode:0,densityDpi:480,deviceType:1,[ExtentData]bucketId:4,[QUA]extInfo:{QIMEI36=5e4e85959d6d5953eb833efe10001031531d, qadId=016F5333DEE4D71E61D3E9F2478A1FE7, installTime=1644204083, brandAndModel=EBG-AN10, preview_mode=0, manufacturer=HUAWEI, teenGuardSessionCode=840070F1D958ED045DA211EB383992252A2A996EC2F3A56F4A3CB0400490D7F9C1B44CA4C5CAC8CF110A30DF12D9CD7CE019DD87CC06514335E0790F7D87A70217AAF2821D50D70C47E721052092BE5776CA38C2994CEF0C0466B5AB105A2D69E10855EEB7370C5D0F1853BD, usid=},langCode:0,markerId:1,mobileISP:0,screenHeight:2214,screenWidth:1080,networkMode:5
[I][2022-02-10 +80 21:02:41.683][9914, 22293][public_io_pool-153365][NXNetwork_JCE_PackageImpl][][][[GetUserProfileRequest#60674]-1 package header:35ms
[I][2022-02-10 +80 21:02:41.683][9914, 22293][public_io_pool-153365][NXNetwork_JCE_JCEFramePackage][][][[GetUserProfileRequest#60674]-1 package jce framerequest bytes size:952
[I][2022-02-10 +80 21:02:41.683][9914, 22293][public_io_pool-153365][NXNetwork_JCE_QmfFramePackage][][][[GetUserProfileRequest#60674]-1 package qmf frame cmdId:60674,request bytes size:969
[I][2022-02-10 +80 21:02:41.683][9914, 22293][public_io_pool-153365][VBWrapperLoginService][WrapperLoginProxy][][getLoginAccountInfo type 0
[I][2022-02-10 +80 21:02:41.683][9914, 22293][public_io_pool-153365][NXNetwork_Network_NetworkServiceManager][][][getNetworkManagerWithRequest, domain is null, request id: 1
[I][2022-02-10 +80 21:02:41.683][9914, 22293][public_io_pool-153365][NXNetwork_Network_NetworkServiceManager][][][getDefaultServerDomain, returns domain : acc.qq.com
[I][2022-02-10 +80 21:02:41.683][9914, 22293][public_io_pool-153365][NXNetwork_Network_NetworkServiceManager][][][getNetworkManagerWithDomain, domain : acc.qq.com
[I][2022-02-10 +80 21:02:41.683][9914, 22293][public_io_pool-153365][NXNetwork_Network_TaskManager][][][[GetUserProfileRequest#60674]-1 onTaskBegin()
[I][2022-02-10 +80 21:02:41.683][9914, 22293][public_io_pool-153365][NXNetwork_Network_Task][][][[GetUserProfileRequest#60674]-1 execute(), state:DEFAULT, domain: acc.qq.com, address:, url: null, contentType: BINARY
[I][2022-02-10 +80 21:02:41.692][9914, 22293][public_io_pool-153365][NXNetwork_Transport_TypeAssist][][][getNetworkType() : 4G
[I][2022-02-10 +80 21:02:41.692][9914, 22293][public_io_pool-153365][NXNetwork_Transport_HttpImpl][][][getTimeoutInfo() network state:NETWORK_STATE_4G,readWrite timeout:20,connect timeout:10
[I][2022-02-10 +80 21:02:41.692][9914, 22293][public_io_pool-153365][NXNetwork_Transport_HttpImpl][][][setConnectConfig() maxIdleConnections:10, connKeepAliveDuration:80
[I][2022-02-10 +80 21:02:41.692][9914, 22293][public_io_pool-153365][NXNetwork_Transport_Proxy][][][proxy host :null , port :-1
[I][2022-02-10 +80 21:02:41.692][9914, 22293][public_io_pool-153365][NXNetwork_Transport_HttpImpl][][][[GetUserProfileRequest#60674]-1 isConnectionReuseEnable:true
[I][2022-02-10 +80 21:02:41.692][9914, 22293][public_io_pool-153365][NXNetwork_Transport_TransportManager][][][[GetUserProfileRequest#60674]-1 protocol type: http
[I][2022-02-10 +80 21:02:41.693][9914, 22293][public_io_pool-153365][NXNetwork_Transport_TaskManager][][][[GetUserProfileRequest#60674]-1 onTaskBegin()
[I][2022-02-10 +80 21:02:41.694][9914, 22293][public_io_pool-153365][NXNetwork_Transport_Task][][][[GetUserProfileRequest#60674]-1 run() 
[I][2022-02-10 +80 21:02:41.694][9914, 22293][public_io_pool-153365][NXNetwork_Transport_Task][][][[GetUserProfileRequest#60674]-1 sendRequest()
[I][2022-02-10 +80 21:02:41.694][9914, 22293][public_io_pool-153365][NXNetwork_Transport_Task][][][[GetUserProfileRequest#60674]-1 httpHeaderKey = JceGodId;httpHeaderValue = 60674
[I][2022-02-10 +80 21:02:41.699][9914, 22293][public_io_pool-153365][NXNetwork_Transport_TypeAssist][][][getNetworkType() : 4G
[I][2022-02-10 +80 21:02:41.699][9914, 22293][public_io_pool-153365][NXNetwork_Transport_HttpImpl][][][[GetUserProfileRequest#60674]-1  callStart()
[I][2022-02-10 +80 21:02:41.699][9914, 22293][public_io_pool-153365][NXNetwork_Transport_HttpImpl][][][[GetUserProfileRequest#60674]-1  intercept() retry enable: true
[I][2022-02-10 +80 21:02:41.700][9914, 22293][public_io_pool-153365][NXNetwork_Transport_HttpImpl][][][[GetUserProfileRequest#60674]-1  dnsStart(), domain:acc.qq.com
[I][2022-02-10 +80 21:02:41.700][9914, 22293][public_io_pool-153365][NXNetwork_Transport_HttpImpl][][][lookup() hostname:acc.qq.com
[I][2022-02-10 +80 21:02:41.700][9914, 22293][public_io_pool-153365][NXNetwork_Transport_HttpImpl][][][lookup() ip:ip
[I][2022-02-10 +80 21:02:41.700][9914, 22293][public_io_pool-153365][NXNetwork_Transport_HttpImpl][][][lookup() timeout config:0ms
[I][2022-02-10 +80 21:02:41.743][9914, 22293][public_io_pool-153365][NXNetwork_Transport_HttpImpl][][][[GetUserProfileRequest#60674]-1  connectStart()
[I][2022-02-10 +80 21:02:41.842][9914, 1*][main][VBWrapperLoginService][WrapperLoginProxy][][getLoginAccountInfo
[I][2022-02-10 +80 21:02:41.848][9914, 1*][main][VBWrapperLoginService][WrapperLoginProxy][][getLoginAccountInfo type 0
[I][2022-02-10 +80 21:02:41.848][9914, 1*][main][VBWrapperLoginService][WrapperLoginProxy][][getLoginAccountInfo type 1
[I][2022-02-10 +80 21:02:41.848][9914, 1*][main][VBWrapperLoginService][WrapperLoginProxy][][getLoginAccountInfo
[I][2022-02-10 +80 21:02:41.848][9914, 1*][main][WebUtils][][][-->synMttWebCookies() cookie:video_omgid=fbfa97874c6c954bf9c86e24cf65d7177892001021641b;guid=925ad63f87c711ec89cd6c92bf48bcb2;vuserid=38030485;usid=;us_stamp=1644498132122;ussn=0;ctime=1644498161843;zdtime=0;vusession=5Fa6KGU3GhY0IU9KrChwVA..;video_platform=3;video_appid=1000005;vdevice_qimei36=5e4e85959d6d5953eb833efe10001031531d;video_omgid=fbfa97874c6c954bf9c86e24cf65d7177892001021641b;vcuid=;vqq_appid=101795054;vqq_openid=04BF6F0447720EABB6A4A921C6FB1DEB;vqq_access_token=500FBA1C36A9C45556197FFFAD6CFAB3;vqq_vuserid=38030485;vqq_vusession=5Fa6KGU3GhY0IU9KrChwVA..;app_ver=8.5.41;main_login=qq;plat_bucketid=4;teenGuardSessionCode=840070F1D958ED045DA211EB383992252A2A996EC2F3A56F4A3CB0400490D7F9C1B44CA4C5CAC8CF110A30DF12D9CD7CE019DD87CC06514335E0790F7D87A70217AAF2821D50D70C47E721052092BE5776CA38C2994CEF0C0466B5AB105A2D69E10855EEB7370C5D0F1853BD;recommend_switch_value=1;call_type=1;recommend_setting_code=31;ip=112.97.63.47;isDarkMode=0;
[I][2022-02-10 +80 21:02:41.882][9914, 22293][public_io_pool-153365][NXNetwork_Transport_HttpImpl][][][[GetUserProfileRequest#60674]-1  connectionAcquired()
[I][2022-02-10 +80 21:02:41.882][9914, 22293][public_io_pool-153365][NXNetwork_Transport_HttpImpl][][][[GetUserProfileRequest#60674]-1  log request server info
[I][2022-02-10 +80 21:02:41.882][9914, 22292][VBTransportService-153364][NXNetwork_Transport_HttpImpl][][][[GetUserProfileRequest#60674]-1  getIp info...
[I][2022-02-10 +80 21:02:41.882][9914, 22292][VBTransportService-153364][NXNetwork_Transport_HttpImpl][][][[GetUserProfileRequest#60674]-1  getIp info:2408:8756:3af0:10::194
[I][2022-02-10 +80 21:02:41.882][9914, 22292][VBTransportService-153364][NXNetwork_Transport_HttpImpl][][][[GetUserProfileRequest#60674]-1  getHost info...
[I][2022-02-10 +80 21:02:41.882][9914, 22292][VBTransportService-153364][NXNetwork_Transport_HttpImpl][][][[GetUserProfileRequest#60674]-1  getHost info:acc.qq.com
[I][2022-02-10 +80 21:02:41.953][9914, 22293][public_io_pool-153365][NXNetwork_Transport_Task][][][[GetUserProfileRequest#60674]-1 execute() request succ: https://acc.qq.com/ ,networkState:NETWORK_STATE_4G, cellular strength level:2, cellular connected:CONNECTED, wifi connected:DISCONNECTED
[I][2022-02-10 +80 21:02:41.953][9914, 22293][public_io_pool-153365][NXNetwork_Transport_Task][][][[GetUserProfileRequest#60674]-1 run() task state is done , call listener
[I][2022-02-10 +80 21:02:41.953][9914, 22293][public_io_pool-153365][NXNetwork_Network_Task][][][[GetUserProfileRequest#60674]-1 notifyListener() task state is done , call listener
[I][2022-02-10 +80 21:02:41.953][9914, 22293][public_io_pool-153365][NXNetwork_JCE_QmfFramePackage][][][[GetUserProfileRequest#60674]-1 unpackage qmf frame ,response bytes size:400
[I][2022-02-10 +80 21:02:41.953][9914, 22293][public_io_pool-153365][NXNetwork_JCE_JCEFramePackage][][][[GetUserProfileRequest#60674]-1 unpackage jce frame,response bytes size:283
[I][2022-02-10 +80 21:02:41.953][9914, 22293][public_io_pool-153365][NXNetwork_JCE_HeaderPackage][][][[GetUserProfileRequest#60674]-1 unpackage response header
[I][2022-02-10 +80 21:02:41.953][9914, 22293][public_io_pool-153365][NXNetwork_JCE_StructPackage][][][[GetUserProfileRequest#60674]-1 byte[] --> JceStruct
[I][2022-02-10 +80 21:02:41.953][9914, 22293][public_io_pool-153365][NXNetwork_JCE_StructPackage][][][[GetUserProfileRequest#60674]-1 find response class name from default strategy :com.tencent.qqlive.ona.protocol.jce.GetUserProfileResponse
[I][2022-02-10 +80 21:02:41.954][9914, 22293][public_io_pool-153365][VBWrapperLoginService][WrapperLoginProxy][][getLoginAccountInfo
[I][2022-02-10 +80 21:02:41.955][9914, 22293][public_io_pool-153365][NXNetwork_JCE_TaskManager][][][removeTask() requestId :1
[I][2022-02-10 +80 21:02:41.955][9914, 22293][public_io_pool-153365][NXNetwork_Network_TaskManager][][][[GetUserProfileRequest#60674]-1 onTaskFinish()
[I][2022-02-10 +80 21:02:41.955][9914, 22293][public_io_pool-153365][NXNetwork_Transport_TaskManager][][][[GetUserProfileRequest#60674]-1 onTaskFinish()
[I][2022-02-10 +80 21:02:41.955][9914, 1*][main][WebUtils][][][-->synMttWebCookies hasSetCookie:video_omgid=fbfa97874c6c954bf9c86e24cf65d7177892001021641b; guid=925ad63f87c711ec89cd6c92bf48bcb2; vuserid=38030485; usid=; ussn=0; zdtime=0; video_platform=3; video_appid=1000005; vdevice_qimei36=5e4e85959d6d5953eb833efe10001031531d; vcuid=; vqq_appid=101795054; vqq_openid=04BF6F0447720EABB6A4A921C6FB1DEB; vqq_access_token=500FBA1C36A9C45556197FFFAD6CFAB3; vqq_vuserid=38030485; app_ver=8.5.41; main_login=qq; recommend_switch_value=1; call_type=1; recommend_setting_code=31; isDarkMode=0; plat_bucketid=4; us_stamp=1644485767165; ctime=1644486904864; vusession=EKGMNEDDbhyqJ1ljcfM0CA..; vqq_vusession=EKGMNEDDbhyqJ1ljcfM0CA..; teenGuardSessionCode=526A8BBB418FEF6B577E5C1347917349E969DA5217C16457734959649026EED67927DB3214F8C317F4646839017B0464641D2F20A990F9F553AFF9315C1427153CCCA8CEC3B5C512CAF5B9F83839100B81A1D4A4BCAD93CE61ED9D210EE0E1CAB4F48C663327E3194102F227; ip=112.97.63.47
[I][2022-02-10 +80 21:02:41.955][9914, 1*][main][WebUtils][][][-->synSysWebCookies() needClear:false
[I][2022-02-10 +80 21:02:41.955][9914, 1*][main][VBWrapperLoginService][WrapperLoginProxy][][getLoginAccountInfo
[I][2022-02-10 +80 21:02:41.955][9914, 1*][main][VBWrapperLoginService][WrapperLoginProxy][][getLoginAccountInfo type 0
[I][2022-02-10 +80 21:02:41.955][9914, 1*][main][VBWrapperLoginService][WrapperLoginProxy][][getLoginAccountInfo type 1
[I][2022-02-10 +80 21:02:41.957][9914, 1*][main][WebUtils][][][-->synSysWebCookies cookie:video_omgid=fbfa97874c6c954bf9c86e24cf65d7177892001021641b;guid=925ad63f87c711ec89cd6c92bf48bcb2;vuserid=38030485;usid=;us_stamp=1644498132122;ussn=0;ctime=1644498161955;zdtime=0;vusession=5Fa6KGU3GhY0IU9KrChwVA..;video_platform=3;video_appid=1000005;vdevice_qimei36=5e4e85959d6d5953eb833efe10001031531d;video_omgid=fbfa97874c6c954bf9c86e24cf65d7177892001021641b;vcuid=;vqq_appid=101795054;vqq_openid=04BF6F0447720EABB6A4A921C6FB1DEB;vqq_access_token=500FBA1C36A9C45556197FFFAD6CFAB3;vqq_vuserid=38030485;vqq_vusession=5Fa6KGU3GhY0IU9KrChwVA..;app_ver=8.5.41;main_login=qq;plat_bucketid=4;teenGuardSessionCode=840070F1D958ED045DA211EB383992252A2A996EC2F3A56F4A3CB0400490D7F9C1B44CA4C5CAC8CF110A30DF12D9CD7CE019DD87CC06514335E0790F7D87A70217AAF2821D50D70C47E721052092BE5776CA38C2994CEF0C0466B5AB105A2D69E10855EEB7370C5D0F1853BD;recommend_switch_value=1;call_type=1;recommend_setting_code=31;ip=112.97.63.47;isDarkMode=0;
[I][2022-02-10 +80 21:02:41.988][9914, 1*][main][WebUtils][][][-->synSysWebCookies hasSetCookie:video_omgid=fbfa97874c6c954bf9c86e24cf65d7177892001021641b; guid=925ad63f87c711ec89cd6c92bf48bcb2; vuserid=38030485; usid=; ussn=0; zdtime=0; video_platform=3; video_appid=1000005; vdevice_qimei36=5e4e85959d6d5953eb833efe10001031531d; vcuid=; vqq_appid=101795054; vqq_openid=04BF6F0447720EABB6A4A921C6FB1DEB; vqq_access_token=500FBA1C36A9C45556197FFFAD6CFAB3; vqq_vuserid=38030485; app_ver=8.5.41; main_login=qq; recommend_switch_value=1; call_type=1; recommend_setting_code=31; isDarkMode=0; plat_bucketid=4; ip=112.97.63.47; us_stamp=1644498132122; ctime=1644498161955; vusession=5Fa6KGU3GhY0IU9KrChwVA..; vqq_vusession=5Fa6KGU3GhY0IU9KrChwVA..; teenGuardSessionCode=840070F1D958ED045DA211EB383992252A2A996EC2F3A56F4A3CB0400490D7F9C1B44CA4C5CAC8CF110A30DF12D9CD7CE019DD87CC06514335E0790F7D87A70217AAF2821D50D70C47E721052092BE5776CA38C2994CEF0C0466B5AB105A2D69E10855EEB7370C5D0F1853BD
[I][2022-02-10 +80 21:02:42.316][9914, 22124][cellularStrengthThread][NXNetwork_Transport_TypeAssist][][][getNetworkType() : 4G
[I][2022-02-10 +80 21:02:42.611][9914, 22293][public_io_pool-153365][VBLoginService][AccountManager][][onLoginStoreChange type: 0 accountJson {"accountType":0,"openId":"04BF6F0447720EABB6A4A921C6FB1DEB","accessToken":"500FBA1C36A9C45556197FFFAD6CFAB3","im_token":"eAEtzUsLgkAUBeD-MttC7jjPhBZKhfZYiG1sJ8w0XEKxUaIH-fdMXZ5z*Dgfcj4WwcN6EpEwALIcc2duVduiIRHlAAIolXpa0NimxyuOgGlgwLWYVY*1HYTknK80lXQS9tmi--eKiRAA5gd0w2OeqUtVvO-VXjuzy*rSyW1YLuLYm2TTJc3Jq1TRtDi88jX5-gD3zDBa","refreshToken":"6F83B0879A9649ABC097307F6213A87A","nickName":"","headImgUrl":"http:\/\/thirdqq.qlogo.cn\/g?b=sdk&k=pEHhcofrDMqX0UN33DwFAg&s=140&t=1571914754","videoUserId":38030485,"videoSessionKey":"5Fa6KGU3GhY0IU9KrChwVA..","videoCreateTime":1644498161598,"videoExpireTime":6555000,"accessTokenExpireTime":0,"overdue":false,"appid":"101795054","authCode":"FE4BCCF7CD80389DED52DE39D47D94C4","QQAccessToken":"","QQOpenId":"04BF6F0447720EABB6A4A921C6FB1DEB","QQExpireTime":7776000}
[I][2022-02-10 +80 21:02:42.652][9914, 22293][public_io_pool-153365][VBMMKV_BROADCAST][][][callerProcessName equals currentProcessName
[I][2022-02-10 +80 21:02:42.652][9914, 22293][public_io_pool-153365][VBMMKV_BROADCAST][][][no need notify Observer,  valueObjectClassName = java.util.HashMap callerProcessName = com.tencent.qqlive:xg_vip_service fileName = com.tencent.qqlive_preferences key = vb_wrapperloginservice_atomicinfo , please check context
[I][2022-02-10 +80 21:02:45.299][9914, 22124][cellularStrengthThread][NXNetwork_Transport_TypeAssist][][][getNetworkType() : 4G
[I][2022-02-10 +80 21:02:48.320][9914, 22124][cellularStrengthThread][NXNetwork_Transport_TypeAssist][][][getNetworkType() : 4G
[I][2022-02-10 +80 21:02:51.314][9914, 22124][cellularStrengthThread][NXNetwork_Transport_TypeAssist][][][getNetworkType() : 4G
[I][2022-02-10 +80 21:02:54.334][9914, 22124][cellularStrengthThread][NXNetwork_Transport_TypeAssist][][][getNetworkType() : 4G
[I][2022-02-10 +80 21:02:57.315][9914, 22124][cellularStrengthThread][NXNetwork_Transport_TypeAssist][][][getNetworkType() : 4G
[I][2022-02-10 +80 21:03:00.328][9914, 22124][cellularStrengthThread][NXNetwork_Transport_TypeAssist][][][getNetworkType() : 4G
[I][2022-02-10 +80 21:03:00.902][9914, 22124][cellularStrengthThread][NXNetwork_Transport_TypeAssist][][][getNetworkType() : 4G
[I][2022-02-10 +80 21:03:01.528][9914, 22124][cellularStrengthThread][NXNetwork_Transport_TypeAssist][][][getNetworkType() : 4G
[I][2022-02-10 +80 21:03:03.306][9914, 22124][cellularStrengthThread][NXNetwork_Transport_TypeAssist][][][getNetworkType() : 4G
[I][2022-02-10 +80 21:03:06.312][9914, 22124][cellularStrengthThread][NXNetwork_Transport_TypeAssist][][][getNetworkType() : 4G
[I][2022-02-10 +80 21:03:09.306][9914, 22124][cellularStrengthThread][NXNetwork_Transport_TypeAssist][][][getNetworkType() : 4G
[I][2022-02-10 +80 21:03:12.302][9914, 22124][cellularStrengthThread][NXNetwork_Transport_TypeAssist][][][getNetworkType() : 4G
[I][2022-02-10 +80 21:03:39.366][9914, 22124][cellularStrengthThread][NXNetwork_Transport_TypeAssist][][][getNetworkType() : 4G
[I][2022-02-10 +80 21:03:39.376][9914, 22124][cellularStrengthThread][NXNetwork_Transport_TypeAssist][][][getNetworkType() : 4G
[I][2022-02-10 +80 21:03:39.402][9914, 22124][cellularStrengthThread][NXNetwork_Transport_TypeAssist][][][getNetworkType() : 4G
[I][2022-02-10 +80 21:03:39.430][9914, 22124][cellularStrengthThread][NXNetwork_Transport_TypeAssist][][][getNetworkType() : 4G
[I][2022-02-10 +80 21:03:39.446][9914, 22124][cellularStrengthThread][NXNetwork_Transport_TypeAssist][][][getNetworkType() : 4G
[I][2022-02-10 +80 21:03:39.453][9914, 22124][cellularStrengthThread][NXNetwork_Transport_TypeAssist][][][getNetworkType() : 4G
[I][2022-02-10 +80 21:03:39.460][9914, 22124][cellularStrengthThread][NXNetwork_Transport_TypeAssist][][][getNetworkType() : 4G
[I][2022-02-10 +80 21:03:39.479][9914, 22124][cellularStrengthThread][NXNetwork_Transport_TypeAssist][][][getNetworkType() : 4G
[I][2022-02-10 +80 21:03:39.486][9914, 22124][cellularStrengthThread][NXNetwork_Transport_TypeAssist][][][getNetworkType() : 4G
[I][2022-02-10 +80 21:03:39.500][9914, 22124][cellularStrengthThread][NXNetwork_Transport_TypeAssist][][][getNetworkType() : 4G
[I][2022-02-10 +80 21:03:39.506][9914, 22124][cellularStrengthThread][NXNetwork_Transport_TypeAssist][][][getNetworkType() : 4G
[I][2022-02-10 +80 21:03:41.182][9914, 22124][cellularStrengthThread][NXNetwork_Transport_TypeAssist][][][getNetworkType() : 4G
[I][2022-02-10 +80 21:03:42.321][9914, 22124][cellularStrengthThread][NXNetwork_Transport_TypeAssist][][][getNetworkType() : 4G
[I][2022-02-10 +80 21:03:48.328][9914, 22124][cellularStrengthThread][NXNetwork_Transport_TypeAssist][][][getNetworkType() : 4G
[I][2022-02-10 +80 21:06:42.526][9914, 22124][cellularStrengthThread][NXNetwork_Transport_TypeAssist][][][getNetworkType() : 4G
[I][2022-02-10 +80 21:06:42.544][9914, 22124][cellularStrengthThread][NXNetwork_Transport_TypeAssist][][][getNetworkType() : 4G
[I][2022-02-10 +80 21:06:42.556][9914, 22124][cellularStrengthThread][NXNetwork_Transport_TypeAssist][][][getNetworkType() : 4G
[I][2022-02-10 +80 21:06:42.569][9914, 22124][cellularStrengthThread][NXNetwork_Transport_TypeAssist][][][getNetworkType() : 4G
[I][2022-02-10 +80 21:06:42.577][9914, 22124][cellularStrengthThread][NXNetwork_Transport_TypeAssist][][][getNetworkType() : 4G
[I][2022-02-10 +80 21:06:43.034][9914, 22124][cellularStrengthThread][NXNetwork_Transport_TypeAssist][][][getNetworkType() : 4G
[I][2022-02-10 +80 21:06:43.068][9914, 22124][cellularStrengthThread][NXNetwork_Transport_TypeAssist][][][getNetworkType() : 4G
[I][2022-02-10 +80 21:06:46.415][9914, 22124][cellularStrengthThread][NXNetwork_Transport_TypeAssist][][][getNetworkType() : 4G
[I][2022-02-10 +80 21:06:48.952][9914, 22124][cellularStrengthThread][NXNetwork_Transport_TypeAssist][][][getNetworkType() : 4G
[I][2022-02-10 +80 21:06:48.984][9914, 22124][cellularStrengthThread][NXNetwork_Transport_TypeAssist][][][getNetworkType() : 4G
[I][2022-02-10 +80 21:06:49.066][9914, 22124][cellularStrengthThread][NXNetwork_Transport_TypeAssist][][][getNetworkType() : 4G
[I][2022-02-10 +80 21:06:54.983][9914, 22124][cellularStrengthThread][NXNetwork_Transport_TypeAssist][][][getNetworkType() : 4G
[I][2022-02-10 +80 21:06:55.063][9914, 22124][cellularStrengthThread][NXNetwork_Transport_TypeAssist][][][getNetworkType() : 4G
[I][2022-02-10 +80 21:10:58.864][9914, 22124][cellularStrengthThread][NXNetwork_Transport_TypeAssist][][][getNetworkType() : 4G
[I][2022-02-10 +80 21:10:58.006][9914, 22124][cellularStrengthThread][NXNetwork_Transport_TypeAssist][][][getNetworkType() : 4G
[I][2022-02-10 +80 21:10:58.006][9914, 22124][cellularStrengthThread][NXNetwork_Transport_TypeAssist][][][getNetworkType() : 4G
[I][2022-02-10 +80 21:10:58.006][9914, 22124][cellularStrengthThread][NXNetwork_Transport_TypeAssist][][][getNetworkType() : 4G
[I][2022-02-10 +80 21:10:58.006][9914, 22124][cellularStrengthThread][NXNetwork_Transport_TypeAssist][][][getNetworkType() : 4G
[I][2022-02-10 +80 21:10:58.006][9914, 22124][cellularStrengthThread][NXNetwork_Transport_TypeAssist][][][getNetworkType() : 4G
[I][2022-02-10 +80 21:10:58.006][9914, 22124][cellularStrengthThread][NXNetwork_Transport_TypeAssist][][][getNetworkType() : 4G
[I][2022-02-10 +80 21:10:58.006][9914, 22124][cellularStrengthThread][NXNetwork_Transport_TypeAssist][][][getNetworkType() : 4G
[I][2022-02-10 +80 21:10:58.006][9914, 22124][cellularStrengthThread][NXNetwork_Transport_TypeAssist][][][getNetworkType() : 4G
[I][2022-02-10 +80 21:10:58.006][9914, 22124][cellularStrengthThread][NXNetwork_Transport_TypeAssist][][][getNetworkType() : 4G
[I][2022-02-10 +80 21:10:58.006][9914, 22124][cellularStrengthThread][NXNetwork_Transport_TypeAssist][][][getNetworkType() : 4G
[I][2022-02-10 +80 21:10:58.006][9914, 22124][cellularStrengthThread][NXNetwork_Transport_TypeAssist][][][getNetworkType() : 4G
[I][2022-02-10 +80 21:10:58.006][9914, 22124][cellularStrengthThread][NXNetwork_Transport_TypeAssist][][][getNetworkType() : 4G
[I][2022-02-10 +80 21:10:58.006][9914, 22124][cellularStrengthThread][NXNetwork_Transport_TypeAssist][][][getNetworkType() : 4G
[I][2022-02-10 +80 21:10:58.006][9914, 22124][cellularStrengthThread][NXNetwork_Transport_TypeAssist][][][getNetworkType() : 4G
[I][2022-02-10 +80 21:10:58.006][9914, 22124][cellularStrengthThread][NXNetwork_Transport_TypeAssist][][][getNetworkType() : 4G
[I][2022-02-10 +80 21:10:58.006][9914, 22124][cellularStrengthThread][NXNetwork_Transport_TypeAssist][][][getNetworkType() : 4G
[I][2022-02-10 +80 21:10:58.006][9914, 22124][cellularStrengthThread][NXNetwork_Transport_TypeAssist][][][getNetworkType() : 4G
[I][2022-02-10 +80 21:10:58.006][9914, 22124][cellularStrengthThread][NXNetwork_Transport_TypeAssist][][][getNetworkType() : 4G
[I][2022-02-10 +80 21:10:58.006][9914, 22124][cellularStrengthThread][NXNetwork_Transport_TypeAssist][][][getNetworkType() : 4G
[I][2022-02-10 +80 21:10:58.006][9914, 22124][cellularStrengthThread][NXNetwork_Transport_TypeAssist][][][getNetworkType() : 4G
[I][2022-02-10 +80 21:10:58.006][9914, 22124][cellularStrengthThread][NXNetwork_Transport_TypeAssist][][][getNetworkType() : 4G
[I][2022-02-10 +80 21:10:58.006][9914, 22124][cellularStrengthThread][NXNetwork_Transport_TypeAssist][][][getNetworkType() : 4G
[I][2022-02-10 +80 21:10:58.006][9914, 22124][cellularStrengthThread][NXNetwork_Transport_TypeAssist][][][getNetworkType() : 4G
[I][2022-02-10 +80 21:10:58.006][9914, 22124][cellularStrengthThread][NXNetwork_Transport_TypeAssist][][][getNetworkType() : 4G
[I][2022-02-10 +80 21:10:58.006][9914, 22124][cellularStrengthThread][NXNetwork_Transport_TypeAssist][][][getNetworkType() : 4G
[I][2022-02-10 +80 21:10:58.006][9914, 22124][cellularStrengthThread][NXNetwork_Transport_TypeAssist][][][getNetworkType() : 4G
[I][2022-02-10 +80 21:10:58.006][9914, 22124][cellularStrengthThread][NXNetwork_Transport_TypeAssist][][][getNetworkType() : 4G
[I][2022-02-10 +80 21:10:58.006][9914, 22124][cellularStrengthThread][NXNetwork_Transport_TypeAssist][][][getNetworkType() : 4G
[I][2022-02-10 +80 21:10:58.006][9914, 22124][cellularStrengthThread][NXNetwork_Transport_TypeAssist][][][getNetworkType() : 4G
[I][2022-02-10 +80 21:10:58.006][9914, 22124][cellularStrengthThread][NXNetwork_Transport_TypeAssist][][][getNetworkType() : 4G
[I][2022-02-10 +80 21:10:58.006][9914, 22124][cellularStrengthThread][NXNetwork_Transport_TypeAssist][][][getNetworkType() : 4G
[I][2022-02-10 +80 21:10:58.006][9914, 22124][cellularStrengthThread][NXNetwork_Transport_TypeAssist][][][getNetworkType() : 4G
[I][2022-02-10 +80 21:10:58.007][9914, 22124][cellularStrengthThread][NXNetwork_Transport_TypeAssist][][][getNetworkType() : 4G
[I][2022-02-10 +80 21:10:58.007][9914, 22124][cellularStrengthThread][NXNetwork_Transport_TypeAssist][][][getNetworkType() : 4G
[I][2022-02-10 +80 21:10:58.007][9914, 22124][cellularStrengthThread][NXNetwork_Transport_TypeAssist][][][getNetworkType() : 4G
[I][2022-02-10 +80 21:10:59.086][9914, 22124][cellularStrengthThread][NXNetwork_Transport_TypeAssist][][][getNetworkType() : 4G
[I][2022-02-10 +80 21:10:59.093][9914, 22124][cellularStrengthThread][NXNetwork_Transport_TypeAssist][][][getNetworkType() : 4G
[I][2022-02-10 +80 21:10:59.110][9914, 22124][cellularStrengthThread][NXNetwork_Transport_TypeAssist][][][getNetworkType() : 4G
[I][2022-02-10 +80 21:10:59.117][9914, 22124][cellularStrengthThread][NXNetwork_Transport_TypeAssist][][][getNetworkType() : 4G
[I][2022-02-10 +80 21:10:59.124][9914, 22124][cellularStrengthThread][NXNetwork_Transport_TypeAssist][][][getNetworkType() : 4G
[I][2022-02-10 +80 21:10:59.132][9914, 22124][cellularStrengthThread][NXNetwork_Transport_TypeAssist][][][getNetworkType() : 4G
[I][2022-02-10 +80 21:10:59.141][9914, 22124][cellularStrengthThread][NXNetwork_Transport_TypeAssist][][][getNetworkType() : 4G
[I][2022-02-10 +80 21:10:59.147][9914, 22124][cellularStrengthThread][NXNetwork_Transport_TypeAssist][][][getNetworkType() : 4G
[I][2022-02-10 +80 21:10:59.160][9914, 22124][cellularStrengthThread][NXNetwork_Transport_TypeAssist][][][getNetworkType() : 4G
[I][2022-02-10 +80 21:10:59.169][9914, 22124][cellularStrengthThread][NXNetwork_Transport_TypeAssist][][][getNetworkType() : 4G
[I][2022-02-10 +80 21:10:59.189][9914, 22124][cellularStrengthThread][NXNetwork_Transport_TypeAssist][][][getNetworkType() : 4G
[I][2022-02-10 +80 21:10:59.205][9914, 22124][cellularStrengthThread][NXNetwork_Transport_TypeAssist][][][getNetworkType() : 4G
[I][2022-02-10 +80 21:10:59.209][9914, 22124][cellularStrengthThread][NXNetwork_Transport_TypeAssist][][][getNetworkType() : 4G
[I][2022-02-10 +80 21:10:59.220][9914, 22124][cellularStrengthThread][NXNetwork_Transport_TypeAssist][][][getNetworkType() : 4G
[I][2022-02-10 +80 21:10:59.225][9914, 22124][cellularStrengthThread][NXNetwork_Transport_TypeAssist][][][getNetworkType() : 4G
[I][2022-02-10 +80 21:10:59.228][9914, 22124][cellularStrengthThread][NXNetwork_Transport_TypeAssist][][][getNetworkType() : 4G
[I][2022-02-10 +80 21:10:59.232][9914, 22124][cellularStrengthThread][NXNetwork_Transport_TypeAssist][][][getNetworkType() : 4G
[I][2022-02-10 +80 21:10:59.235][9914, 22124][cellularStrengthThread][NXNetwork_Transport_TypeAssist][][][getNetworkType() : 4G
[I][2022-02-10 +80 21:10:59.237][9914, 22124][cellularStrengthThread][NXNetwork_Transport_TypeAssist][][][getNetworkType() : 4G
[I][2022-02-10 +80 21:10:59.241][9914, 22124][cellularStrengthThread][NXNetwork_Transport_TypeAssist][][][getNetworkType() : 4G
[I][2022-02-10 +80 21:10:59.259][9914, 22124][cellularStrengthThread][NXNetwork_Transport_TypeAssist][][][getNetworkType() : 4G
[I][2022-02-10 +80 21:10:59.261][9914, 22124][cellularStrengthThread][NXNetwork_Transport_TypeAssist][][][getNetworkType() : 4G
[I][2022-02-10 +80 21:10:59.273][9914, 22124][cellularStrengthThread][NXNetwork_Transport_TypeAssist][][][getNetworkType() : 4G
[I][2022-02-10 +80 21:10:59.275][9914, 22124][cellularStrengthThread][NXNetwork_Transport_TypeAssist][][][getNetworkType() : 4G
[I][2022-02-10 +80 21:10:59.281][9914, 22124][cellularStrengthThread][NXNetwork_Transport_TypeAssist][][][getNetworkType() : 4G
[I][2022-02-10 +80 21:10:59.289][9914, 22124][cellularStrengthThread][NXNetwork_Transport_TypeAssist][][][getNetworkType() : 4G
[I][2022-02-10 +80 21:10:59.292][9914, 22124][cellularStrengthThread][NXNetwork_Transport_TypeAssist][][][getNetworkType() : 4G
[I][2022-02-10 +80 21:10:59.293][9914, 22124][cellularStrengthThread][NXNetwork_Transport_TypeAssist][][][getNetworkType() : 4G
[I][2022-02-10 +80 21:10:59.303][9914, 22124][cellularStrengthThread][NXNetwork_Transport_TypeAssist][][][getNetworkType() : 4G
[I][2022-02-10 +80 21:10:59.305][9914, 22124][cellularStrengthThread][NXNetwork_Transport_TypeAssist][][][getNetworkType() : 4G
[I][2022-02-10 +80 21:10:59.307][9914, 22124][cellularStrengthThread][NXNetwork_Transport_TypeAssist][][][getNetworkType() : 4G
[I][2022-02-10 +80 21:10:59.311][9914, 22124][cellularStrengthThread][NXNetwork_Transport_TypeAssist][][][getNetworkType() : 4G
[I][2022-02-10 +80 21:10:59.314][9914, 22124][cellularStrengthThread][NXNetwork_Transport_TypeAssist][][][getNetworkType() : 4G
[I][2022-02-10 +80 21:10:59.324][9914, 22124][cellularStrengthThread][NXNetwork_Transport_TypeAssist][][][getNetworkType() : 4G
[I][2022-02-10 +80 21:10:59.337][9914, 22124][cellularStrengthThread][NXNetwork_Transport_TypeAssist][][][getNetworkType() : 4G
[I][2022-02-10 +80 21:10:59.341][9914, 22124][cellularStrengthThread][NXNetwork_Transport_TypeAssist][][][getNetworkType() : 4G
[I][2022-02-10 +80 21:10:59.347][9914, 22124][cellularStrengthThread][NXNetwork_Transport_TypeAssist][][][getNetworkType() : 4G
[I][2022-02-10 +80 21:10:59.349][9914, 22124][cellularStrengthThread][NXNetwork_Transport_TypeAssist][][][getNetworkType() : 4G
[I][2022-02-10 +80 21:10:59.364][9914, 22124][cellularStrengthThread][NXNetwork_Transport_TypeAssist][][][getNetworkType() : 4G
[I][2022-02-10 +80 21:10:59.366][9914, 22124][cellularStrengthThread][NXNetwork_Transport_TypeAssist][][][getNetworkType() : 4G
[I][2022-02-10 +80 21:10:59.370][9914, 22124][cellularStrengthThread][NXNetwork_Transport_TypeAssist][][][getNetworkType() : 4G
[I][2022-02-10 +80 21:10:59.385][9914, 22124][cellularStrengthThread][NXNetwork_Transport_TypeAssist][][][getNetworkType() : 4G
[I][2022-02-10 +80 21:10:59.392][9914, 22124][cellularStrengthThread][NXNetwork_Transport_TypeAssist][][][getNetworkType() : 4G
[I][2022-02-10 +80 21:10:59.396][9914, 22124][cellularStrengthThread][NXNetwork_Transport_TypeAssist][][][getNetworkType() : 4G
[I][2022-02-10 +80 21:10:59.405][9914, 22124][cellularStrengthThread][NXNetwork_Transport_TypeAssist][][][getNetworkType() : 4G
[I][2022-02-10 +80 21:10:59.411][9914, 22124][cellularStrengthThread][NXNetwork_Transport_TypeAssist][][][getNetworkType() : 4G
[I][2022-02-10 +80 21:10:59.421][9914, 22124][cellularStrengthThread][NXNetwork_Transport_TypeAssist][][][getNetworkType() : 4G
[I][2022-02-10 +80 21:10:59.517][9914, 22124][cellularStrengthThread][NXNetwork_Transport_TypeAssist][][][getNetworkType() : 4G
[I][2022-02-10 +80 21:11:00.791][9914, 22124][cellularStrengthThread][NXNetwork_Transport_TypeAssist][][][getNetworkType() : 4G
[I][2022-02-10 +80 21:11:01.793][9914, 22124][cellularStrengthThread][NXNetwork_Transport_TypeAssist][][][getNetworkType() : 4G
[I][2022-02-10 +80 21:11:04.793][9914, 22124][cellularStrengthThread][NXNetwork_Transport_TypeAssist][][][getNetworkType() : 4G
[I][2022-02-10 +80 21:11:04.858][9914, 22124][cellularStrengthThread][NXNetwork_Transport_TypeAssist][][][getNetworkType() : 4G
[I][2022-02-10 +80 21:11:07.797][9914, 22124][cellularStrengthThread][NXNetwork_Transport_TypeAssist][][][getNetworkType() : 4G
[I][2022-02-10 +80 21:11:42.267][9914, 22124][cellularStrengthThread][NXNetwork_Transport_TypeAssist][][][getNetworkType() : 4G
[I][2022-02-10 +80 21:11:42.307][9914, 22124][cellularStrengthThread][NXNetwork_Transport_TypeAssist][][][getNetworkType() : 4G
[I][2022-02-10 +80 21:11:43.031][9914, 22124][cellularStrengthThread][NXNetwork_Transport_TypeAssist][][][getNetworkType() : 4G
[I][2022-02-10 +80 21:11:45.339][9914, 22124][cellularStrengthThread][NXNetwork_Transport_TypeAssist][][][getNetworkType() : 4G
[I][2022-02-10 +80 21:11:48.159][9914, 22124][cellularStrengthThread][NXNetwork_Transport_TypeAssist][][][getNetworkType() : 4G
[I][2022-02-10 +80 21:11:48.243][9914, 22124][cellularStrengthThread][NXNetwork_Transport_TypeAssist][][][getNetworkType() : 4G
[I][2022-02-10 +80 21:11:48.314][9914, 22124][cellularStrengthThread][NXNetwork_Transport_TypeAssist][][][getNetworkType() : 4G
[I][2022-02-10 +80 21:11:51.400][9914, 22124][cellularStrengthThread][NXNetwork_Transport_TypeAssist][][][getNetworkType() : 4G
[I][2022-02-10 +80 21:11:54.320][9914, 22124][cellularStrengthThread][NXNetwork_Transport_TypeAssist][][][getNetworkType() : 4G
