~~~~~ begin of mmap ~~~~~
^^^^^^^^^^Sep  7 2021^^^14:05:59^^^^^^^^^^[28660,28660][2022-02-11 +0800 16:03:56]
get mmap time: 2
MARS_URL: 
MARS_PATH: master_android
MARS_REVISION: a7ee7a4
MARS_BUILD_TIME: 2021-09-07 14:05:12
MARS_BUILD_JOB: 
log appender mode:0, use mmap:1
cache dir space info, capacity:245001879552 free:69808275456 available:69808275456
log dir space info, capacity:244980908032 free:69787303936 available:69787303936
[I][2022-02-11 +80 16:03:56.675][28660, 1*][main][InitializerABTestSwitch][][][getThreadpoolConfig >>> jsonStr = {}
[I][2022-02-11 +80 16:03:56.676][28660, 1*][main][Tab][][][getConfigFloat-----sTabSDKManager == null, key = tv_reflect_report_sample_rate_android
[I][2022-02-11 +80 16:03:56.676][28660, 1*][main][Tab][][][getConfigFloat-----sTabSDKManager == null, key = tv_reflect_report_sample_rate_android
[I][2022-02-11 +80 16:03:56.676][28660, 1*][main][LoadLibraryHooker][][][load so c++_shared
[I][2022-02-11 +80 16:03:56.677][28660, 1*][main][LoadLibraryHooker][][][load so mmkv
[I][2022-02-11 +80 16:03:56.682][28660, 1*][main][Tab][][][getConfigFloat-----sTabSDKManager == null, key = tv_reflect_report_sample_rate_android
[I][2022-02-11 +80 16:03:56.683][28660, 1*][main][Tab][][][getConfigFloat-----sTabSDKManager == null, key = tv_reflect_report_sample_rate_android
[I][2022-02-11 +80 16:03:56.683][28660, 1*][main][Tab][][][getConfigFloat-----sTabSDKManager == null, key = tv_reflect_report_sample_rate_android
[I][2022-02-11 +80 16:03:56.683][28660, 1*][main][DetailCgiPreloadTask][][][not match process
[I][2022-02-11 +80 16:03:56.683][28660, 1*][main][LaunchTaskConfigImpl][][][getSubThreadCore = 1
[I][2022-02-11 +80 16:03:56.683][28660, 1*][main][Tab][][][getConfigInt-----sTabSDKManager == null, key = private_protocol_dialog_enable
[I][2022-02-11 +80 16:03:56.683][28660, 1*][main][PrivateProtocolDialogManager][][][PrivateProtocolDialogManager : setValue --> false
[I][2022-02-11 +80 16:03:56.685][28660, 1*][main][DetailCgiPreloadTask][][][not match process
[I][2022-02-11 +80 16:03:56.685][28660, 1*][main][Tab][][][isToggleOn-----sTabSDKManager == null, key = monitor_subprocess_threadinfo_enable
[I][2022-02-11 +80 16:03:56.685][28660, 1*][main][Tab][][][getConfigFloat-----sTabSDKManager == null, key = tv_reflect_report_sample_rate_android
[I][2022-02-11 +80 16:03:56.685][28660, 1*][main][Tab][][][getConfigFloat-----sTabSDKManager == null, key = tv_reflect_report_sample_rate_android
[I][2022-02-11 +80 16:03:56.685][28660, 1*][main][Tab][][][getConfigFloat-----sTabSDKManager == null, key = tv_reflect_report_sample_rate_android
[I][2022-02-11 +80 16:03:56.685][28660, 24654][launch-thread-0][Tab][][][getABCloudConfigInt-----sTabSDKManager == null, key = acc_client_max_conn_pool_idle_size
[I][2022-02-11 +80 16:03:56.686][28660, 24654][launch-thread-0][Tab][][][getABCloudConfigInt-----sTabSDKManager == null, key = acc_client_conn_pool_alive_second_time
[I][2022-02-11 +80 16:03:56.686][28660, 24654][launch-thread-0][Tab][][][getABCloudConfigBoolean-----sTabSDKManager == null, key = acc_client_http2_switch
[I][2022-02-11 +80 16:03:56.686][28660, 1*][main][TabSDKManager][][][init: mOmgidSwitchQimei36=false
[I][2022-02-11 +80 16:03:56.689][28660, 24654][launch-thread-0][NXNetwork_Network_NetworkServiceManager][][][getDefaultServerDomain, returns domain : acc.qq.com
[I][2022-02-11 +80 16:03:56.689][28660, 24654][launch-thread-0][NXNetwork_Network_TaskManager][][][create() new instance, domain : acc.qq.com
[I][2022-02-11 +80 16:03:56.689][28660, 24654][launch-thread-0][NXNetwork_Network_NetworkServiceManager][][][registerNetworkStateListener
[I][2022-02-11 +80 16:03:56.689][28660, 24654][launch-thread-0][NXNetwork_Network_StateManager][][][register new callback
[I][2022-02-11 +80 16:03:56.690][28660, 24656][public_io_pool-155728][TabToggleDataStorage][][][[environment = release, appId = 5608, sceneId = 560811, guid = fbfa97874c6c954bf9c86e24cf65d7177892001021641b]-----fetchStorageStart
[I][2022-02-11 +80 16:03:56.690][28660, 24656][public_io_pool-155728][TabToggleDataStorage][][][[environment = release, appId = 5608, sceneId = 560811, guid = fbfa97874c6c954bf9c86e24cf65d7177892001021641b]-----isNeedToFetchStorage-----return true by is init fetch
[I][2022-02-11 +80 16:03:56.690][28660, 24656][public_io_pool-155728][TabToggleDataStorage][][][[environment = release, appId = 5608, sceneId = 560811, guid = fbfa97874c6c954bf9c86e24cf65d7177892001021641b]-----fetchStorage-----is need to fetch
[I][2022-02-11 +80 16:03:56.690][28660, 24656][public_io_pool-155728][TabToggleDataStorage][][][[environment = release, appId = 5608, sceneId = 560811, guid = fbfa97874c6c954bf9c86e24cf65d7177892001021641b]-----fetchStorageDataVersion-----storageDataVersion = 1644550535
[I][2022-02-11 +80 16:03:56.690][28660, 24656][public_io_pool-155728][TabToggleDataStorage][][][[environment = release, appId = 5608, sceneId = 560811, guid = fbfa97874c6c954bf9c86e24cf65d7177892001021641b]-----putMemoryDataVersion-----dataVersion = 1644550535
[I][2022-02-11 +80 16:03:56.691][28660, 24653][public_io_pool-155725][TabConfigDataStorage][][][[environment = release, appId = 5608, sceneId = 560811, guid = fbfa97874c6c954bf9c86e24cf65d7177892001021641b]-----fetchStorageStart
[I][2022-02-11 +80 16:03:56.691][28660, 24653][public_io_pool-155725][TabConfigDataStorage][][][[environment = release, appId = 5608, sceneId = 560811, guid = fbfa97874c6c954bf9c86e24cf65d7177892001021641b]-----isNeedToFetchStorage-----return true by is init fetch
[I][2022-02-11 +80 16:03:56.691][28660, 24653][public_io_pool-155725][TabConfigDataStorage][][][[environment = release, appId = 5608, sceneId = 560811, guid = fbfa97874c6c954bf9c86e24cf65d7177892001021641b]-----fetchStorage-----is need to fetch
[I][2022-02-11 +80 16:03:56.691][28660, 24653][public_io_pool-155725][TabConfigDataStorage][][][[environment = release, appId = 5608, sceneId = 560811, guid = fbfa97874c6c954bf9c86e24cf65d7177892001021641b]-----fetchStorageDataVersion-----storageDataVersion = 1644560819
[I][2022-02-11 +80 16:03:56.691][28660, 24653][public_io_pool-155725][TabConfigDataStorage][][][[environment = release, appId = 5608, sceneId = 560811, guid = fbfa97874c6c954bf9c86e24cf65d7177892001021641b]-----putMemoryDataVersion-----dataVersion = 1644560819
[I][2022-02-11 +80 16:03:56.691][28660, 24653][public_io_pool-155725][TabConfigDataStorage][][][[environment = release, appId = 5608, sceneId = 560811, guid = fbfa97874c6c954bf9c86e24cf65d7177892001021641b]-----loadStorageData-----storageAllKeys length = 584
[I][2022-02-11 +80 16:03:56.692][28660, 24656][public_io_pool-155728][TabToggleDataStorage][][][[environment = release, appId = 5608, sceneId = 560811, guid = fbfa97874c6c954bf9c86e24cf65d7177892001021641b]-----loadStorageData-----storageAllKeys length = 421
[I][2022-02-11 +80 16:03:56.693][28660, 24658][com.getkeepsafe.relinker.e][LoadLibraryHooker][][][load so tquic
[I][2022-02-11 +80 16:03:56.696][28660, 24654][launch-thread-0][UniCmdSolutionSelector][][][initSolution:UniCmdInitConfig(initHttpConfig=UniCmdInitHttpConfig(enableHttpSolution=true, httpSolutionProxy=com.tencent.qqlive.modules.vb.unicmd.service.UniCmdHttpSolutionDefault@53380bc), initWnsConfig=UniCmdInitWnsConfig(enableWnsSolution=false, wnsSolutionProxy=null), reportProxy=com.tencent.qqlive.component.config.VBUniCmdInitConfig$reportProxy$1@58f4845, tabConfigProxy=com.tencent.qqlive.component.config.VBUniCmdInitConfig$tabConfigProxy$1@64fb9a, logProxy=com.tencent.qqlive.modules.vb.unicmd.service.UniCmdLogProxyDefault@2c43ccb, executorProxy=com.tencent.qqlive.modules.vb.unicmd.service.UniCmdExecutorProxyDefault@815eca8, netProbeProxy=com.tencent.qqlive.modules.vb.unicmd.service.UniCmdNetProbeProxyDefault@16123c1, platformInfoProxy=com.tencent.qqlive.modules.vb.unicmd.service.UniCmdPlatformInfoProxyDefault@7873766)
[I][2022-02-11 +80 16:03:56.697][28660, 24654][launch-thread-0][UniCmdInitTask][][][UniCmdInitTask init cost:0ms
[I][2022-02-11 +80 16:03:56.697][28660, 24654][launch-thread-0][VBUniCmdServiceImpl][][][init finish, use inner:false
[I][2022-02-11 +80 16:03:56.697][28660, 24654][launch-thread-0][UniCmdMgr][][][UniCmdMgr init
[I][2022-02-11 +80 16:03:56.699][28660, 24656][public_io_pool-155728][TabToggleDataStorage][][][[environment = release, appId = 5608, sceneId = 560811, guid = fbfa97874c6c954bf9c86e24cf65d7177892001021641b]-----fetchStorageData-----newDataMap Size = 421
[I][2022-02-11 +80 16:03:56.699][28660, 24656][public_io_pool-155728][TabToggleDataStorage][][][[environment = release, appId = 5608, sceneId = 560811, guid = fbfa97874c6c954bf9c86e24cf65d7177892001021641b]-----fetchStorageData-----oldDataMap Size = 0
[I][2022-02-11 +80 16:03:56.699][28660, 24653][public_io_pool-155725][TabConfigDataStorage][][][[environment = release, appId = 5608, sceneId = 560811, guid = fbfa97874c6c954bf9c86e24cf65d7177892001021641b]-----fetchStorageData-----newDataMap Size = 584
[I][2022-02-11 +80 16:03:56.699][28660, 24653][public_io_pool-155725][TabConfigDataStorage][][][[environment = release, appId = 5608, sceneId = 560811, guid = fbfa97874c6c954bf9c86e24cf65d7177892001021641b]-----fetchStorageData-----oldDataMap Size = 0
[I][2022-02-11 +80 16:03:56.699][28660, 24653][public_io_pool-155725][TabConfigDataStorage][][][[environment = release, appId = 5608, sceneId = 560811, guid = fbfa97874c6c954bf9c86e24cf65d7177892001021641b]-----updateControlInfo = TabConfigControlInfo {  mData = value, mEnableReport = true, mRollInterval = 1800, mReportInterval = 300  }
[I][2022-02-11 +80 16:03:56.699][28660, 24653][public_io_pool-155725][TabConfigDataStorage][][][[environment = release, appId = 5608, sceneId = 560811, guid = fbfa97874c6c954bf9c86e24cf65d7177892001021641b]-----fetchStorageEnd
[I][2022-02-11 +80 16:03:56.699][28660, 24653][public_io_pool-155725][TabConfigDataStorage][][][[environment = release, appId = 5608, sceneId = 560811, guid = fbfa97874c6c954bf9c86e24cf65d7177892001021641b]-----initUse-----finish
[I][2022-02-11 +80 16:03:56.699][28660, 24653][public_io_pool-155725][TabConfigDataFetcher][][][[environment = release, appId = 5608, sceneId = 560811, guid = fbfa97874c6c954bf9c86e24cf65d7177892001021641b]-----initUse-----finish
[I][2022-02-11 +80 16:03:56.699][28660, 24653][public_io_pool-155725][TabConfigDataRoller][][][[environment = release, appId = 5608, sceneId = 560811, guid = fbfa97874c6c954bf9c86e24cf65d7177892001021641b]-----initUse-----finish
[I][2022-02-11 +80 16:03:56.699][28660, 24653][public_io_pool-155725][TabConfigDataManager][][][[environment = release, appId = 5608, sceneId = 560811, guid = fbfa97874c6c954bf9c86e24cf65d7177892001021641b]-----initUse-----finish
[I][2022-02-11 +80 16:03:56.700][28660, 24656][public_io_pool-155728][TabToggleDataStorage][][][[environment = release, appId = 5608, sceneId = 560811, guid = fbfa97874c6c954bf9c86e24cf65d7177892001021641b]-----updateControlInfo = TabToggleControlInfo {  mData = value, mEnableReport = false, mRollInterval = 1800, mReportInterval = 300  }
[I][2022-02-11 +80 16:03:56.700][28660, 24656][public_io_pool-155728][TabToggleDataStorage][][][[environment = release, appId = 5608, sceneId = 560811, guid = fbfa97874c6c954bf9c86e24cf65d7177892001021641b]-----fetchStorageEnd
[I][2022-02-11 +80 16:03:56.700][28660, 24656][public_io_pool-155728][TabToggleDataStorage][][][[environment = release, appId = 5608, sceneId = 560811, guid = fbfa97874c6c954bf9c86e24cf65d7177892001021641b]-----initUse-----finish
[I][2022-02-11 +80 16:03:56.700][28660, 24656][public_io_pool-155728][TabToggleDataFetcher][][][[environment = release, appId = 5608, sceneId = 560811, guid = fbfa97874c6c954bf9c86e24cf65d7177892001021641b]-----initUse-----finish
[I][2022-02-11 +80 16:03:56.700][28660, 24656][public_io_pool-155728][TabToggleDataRoller][][][[environment = release, appId = 5608, sceneId = 560811, guid = fbfa97874c6c954bf9c86e24cf65d7177892001021641b]-----initUse-----finish
[I][2022-02-11 +80 16:03:56.700][28660, 24656][public_io_pool-155728][TabToggleDataManager][][][[environment = release, appId = 5608, sceneId = 560811, guid = fbfa97874c6c954bf9c86e24cf65d7177892001021641b]-----initUse-----finish
[I][2022-02-11 +80 16:03:56.701][28660, 1*][main][CarrierManager][][][CarrierModuleConfig init !false
[I][2022-02-11 +80 16:03:56.701][28660, 24660][public_io_pool-155732][TabSDKManager][][][onOmgIdUpdate-----getOmgID = fbfa97874c6c954bf9c86e24cf65d7177892001021641b
[I][2022-02-11 +80 16:03:56.701][28660, 24660][public_io_pool-155732][TabToggleComponent][][][[environment = release, appId = 5608, sceneId = 560811, guid = fbfa97874c6c954bf9c86e24cf65d7177892001021641b]-----switchGuid-----guid equals, finalTargetGuid = fbfa97874c6c954bf9c86e24cf65d7177892001021641b
[I][2022-02-11 +80 16:03:56.701][28660, 24660][public_io_pool-155732][TabConfigComponent][][][[environment = release, appId = 5608, sceneId = 560811, guid = fbfa97874c6c954bf9c86e24cf65d7177892001021641b]-----switchGuid-----guid equals, finalTargetGuid = fbfa97874c6c954bf9c86e24cf65d7177892001021641b
[I][2022-02-11 +80 16:03:56.701][28660, 1*][main][OEMUtils][][][OEMUtils -> getProperty: value = HUAWEI
[I][2022-02-11 +80 16:03:56.701][28660, 1*][main][OEMUtils][][][OEMUtils -> getProperty: value = HUAWEI
[E][2022-02-11 +80 16:03:56.701][28660, 1*][main][BuildProperties][][][java.io.FileNotFoundException: /system/build.prop: open failed: EACCES (Permission denied)
	at libcore.io.IoBridge.open(IoBridge.java:496)
	at java.io.FileInputStream.<init>(FileInputStream.java:159)
	at com.tencent.qqlive.modules.vb.utils.device.BuildProperties.<init>(Unknown Source:28)
	at com.tencent.qqlive.modules.vb.utils.device.BuildProperties.newInstance(Unknown Source:85)
	at com.tencent.qqlive.ona.utils.OEMUtils.isPropertiesExist(Unknown Source:198)
	at com.tencent.qqlive.ona.utils.OEMUtils.isXiaomiManufacturer(Unknown Source:185)
	at com.tencent.qqlive.ona.appconfig.ChannelConfig.<init>(Unknown Source:63)
	at com.tencent.qqlive.ona.appconfig.ChannelConfig.getInstance(Unknown Source:105)
	at com.tencent.qqlive.common.impl.ChannelConfigBridgeImpl.getChannelID(Unknown Source:26)
	at com.tencent.qqlive.component.pay.PayManager.<clinit>(Unknown Source:64)
	at com.tencent.qqlive.component.pay.PayModuleConfig.initLoginInfoListener(Unknown Source:260)
	at com.tencent.qqlive.component.pay.PayModuleConfig.init(Unknown Source:166)
	at com.tencent.qqlive.ona.init.taskv2.PayModuleConfigInitTask.execute(Unknown Source:28)
	at com.tencent.qqlive.module.launchtask.task.InitTask.tryExecute(Unknown Source:111)
	at com.tencent.qqlive.module.launchtask.task.InitTask.run(Unknown Source:99)
	at com.tencent.qqlive.module.launchtask.executor.MainLooperExecutor.execute(Unknown Source:19)
	at com.tencent.qqlive.module.launchtask.dispatcher.ConditionDispatcher.runAndRemoveFirstTask(Unknown Source:64)
	at com.tencent.qqlive.module.launchtask.dispatcher.BlockedConditionDispatcher.work(Unknown Source:28)
	at com.tencent.qqlive.module.launchtask.dispatcher.BlockedConditionDispatcher.resume(Unknown Source:18)
	at com.tencent.qqlive.module.launchtask.dispatcher.DispatcherManager.resumeDispatcher(Unknown Source:99)
	at com.tencent.qqlive.module.launchtask.LaunchManager.reportAttachBase(Unknown Source:297)
	at com.tencent.qqlive.ona.base.QQLiveApplicationWrapper.attachBaseContext(Unknown Source:96)
	at com.tencent.qqlive.ona.base.QQLiveApplicationLike.onBaseContextAttached(Unknown Source:68)
	at com.tencent.tinker.entry.TinkerApplicationInlineFence.handleMessageImpl(Unknown Source:67)
	at com.tencent.tinker.entry.TinkerApplicationInlineFence.handleMessage_$noinline$(Unknown Source:60)
	at com.tencent.tinker.entry.TinkerApplicationInlineFence.handleMessage(Unknown Source:53)
	at com.tencent.rfix.loader.app.RFixApplication.createInlineFence(Unknown Source:147)
	at com.tencent.rfix.loader.app.RFixApplication.onBaseContextAttached(Unknown Source:70)
	at com.tencent.tinker.loader.app.TinkerApplication.attachBaseContext(Unknown Source:175)
	at android.app.Application.attach(Application.java:358)
	at android.app.Instrumentation.newApplication(Instrumentation.java:1168)
	at android.app.LoadedApk.makeApplication(LoadedApk.java:1451)
	at android.app.ActivityThread.handleBindApplication(ActivityThread.java:7554)
	at android.app.ActivityThread.access$2600(ActivityThread.java:260)
	at android.app.ActivityThread$H.handleMessage(ActivityThread.java:2435)
	at android.os.Handler.dispatchMessage(Handler.java:110)
	at android.os.Looper.loop(Looper.java:219)
	at android.app.ActivityThread.main(ActivityThread.java:8668)
	at java.lang.reflect.Method.invoke(Native Method)
	at com.android.internal.os.RuntimeInit$MethodAndArgsCaller.run(RuntimeInit.java:513)
	at com.android.internal.os.ZygoteInit.main(ZygoteInit.java:1109)
Caused by: android.system.ErrnoException: open failed: EACCES (Permission denied)
	at libcore.io.Linux.open(Native Method)
	at libcore.io.ForwardingOs.open(ForwardingOs.java:167)
	at libcore.io.BlockGuardOs.open(BlockGuardOs.java:252)
	at libcore.io.ForwardingOs.open(ForwardingOs.java:167)
	at android.app.ActivityThread$AndroidOs.open(ActivityThread.java:8464)
	at libcore.io.IoBridge.open(IoBridge.java:482)
	... 40 more
[E][2022-02-11 +80 16:03:56.702][28660, 1*][main][ChannelConfig][][][miui.os.MiuiInit
[I][2022-02-11 +80 16:03:56.702][28660, 1*][main][OEMUtils][][][OEMUtils -> getProperty: value = 
[E][2022-02-11 +80 16:03:56.702][28660, 1*][main][ChannelConfig][][][isHuaweiOrHonorManufacture
[E][2022-02-11 +80 16:03:56.702][28660, 1*][main][ChannelConfig][][][firmChannelPath is Empty
[E][2022-02-11 +80 16:03:56.702][28660, 1*][main][ChannelConfig][][][firmChannelPath = /system/etc/firmChannel.ini
[I][2022-02-11 +80 16:03:56.702][28660, 1*][main][QAdConfigInitTask][][][getQAdBuildConfigInfo() , mainProcess: false, releaseEnv: true
[I][2022-02-11 +80 16:03:56.703][28660, 24654][launch-thread-0][NXNetwork_Network_NetworkServiceManager][][][registerNetworkStateListener
[I][2022-02-11 +80 16:03:56.703][28660, 24654][launch-thread-0][NXNetwork_Network_StateManager][][][register new callback
[I][2022-02-11 +80 16:03:56.703][28660, 24654][launch-thread-0][VBPBTabConfig][][][isRemoveSensitiveInformation:true
[I][2022-02-11 +80 16:03:56.703][28660, 24661][VBPBService-155733][NXNetwork_Network_StateMonitor][][][create state monitor sdkversion:29
[I][2022-02-11 +80 16:03:56.703][28660, 24661][VBPBService-155733][NXNetwork_Network_StateMonitor][][][network state monitor stop
[I][2022-02-11 +80 16:03:56.703][28660, 24654][launch-thread-0][NXNetwork_Network_NetworkServiceManager][][][registerNetworkStateListener
[I][2022-02-11 +80 16:03:56.703][28660, 24654][launch-thread-0][NXNetwork_Network_StateManager][][][register new callback
[I][2022-02-11 +80 16:03:56.704][28660, 24661][VBPBService-155733][NXNetwork_Network_StateMonitor][][][network state monitor stop fail, network callback is not registered
[I][2022-02-11 +80 16:03:56.704][28660, 24661][VBPBService-155733][NXNetwork_Network_StateMonitor][][][network state monitor start
[I][2022-02-11 +80 16:03:56.705][28660, 1*][main][QAD][QAdScreenInfoUtil][][initParams, sWidth: 1080, sHeight: 2340, sDensity: 3.0, sDpi: 480.0, sXDpi: 391.885, syDpi: 391.026, sWidthPixels: 1080, sHeightPixels: 2214
[I][2022-02-11 +80 16:03:56.706][28660, 1*][main][LoginStateStore][][][restoreOldToNXLoginAccount nxNotLogined:false
[I][2022-02-11 +80 16:03:56.709][28660, 1*][main][VBLoginService][LoginDaemonClient][][ensureLoginDaemon, start bindservice
[I][2022-02-11 +80 16:03:56.710][28660, 24666][ConnectivityThread][NXNetwork_Network_StateMonitor][][][onAvailable()
[I][2022-02-11 +80 16:03:56.711][28660, 24666][ConnectivityThread][NXNetwork_Network_TypeAssistant][][][getNetworkType() : WIFI
[I][2022-02-11 +80 16:03:56.711][28660, 24666][ConnectivityThread][NXNetwork_Network_StateManager][][][notify network state change, curr state:NETWORK_STATE_WIFI
[I][2022-02-11 +80 16:03:56.711][28660, 24666][ConnectivityThread][NXNetwork_Transport_HttpImpl][][][reset() reset OkHttp Client
[I][2022-02-11 +80 16:03:56.711][28660, 24666][ConnectivityThread][NXNetwork_Transport_HttpImpl][][][reset() reset OkHttp Client
[I][2022-02-11 +80 16:03:56.711][28660, 24666][ConnectivityThread][NXNetwork_Network_NetworkServiceManager][][][setNacList, nacMap null!
[I][2022-02-11 +80 16:03:56.711][28660, 24666][ConnectivityThread][NXNetwork_Network_AddressManager][][][setNacList() version:1
[I][2022-02-11 +80 16:03:56.711][28660, 24666][ConnectivityThread][NXNetwork_Network_StateMachine][][][resetState()
[I][2022-02-11 +80 16:03:56.711][28660, 24666][ConnectivityThread][NXNetwork_Network_NacManager][][][clear()
[I][2022-02-11 +80 16:03:56.711][28660, 24666][ConnectivityThread][NXNetwork_Network_StateMonitor][][][onLinkPropertiesChanged()
[I][2022-02-11 +80 16:03:56.711][28660, 24666][ConnectivityThread][NXNetwork_Network_TypeAssistant][][][getNetworkType() : WIFI
[I][2022-02-11 +80 16:03:56.711][28660, 24666][ConnectivityThread][NXNetwork_Network_StateManager][][][network state not change, curr state:NETWORK_STATE_WIFI
[I][2022-02-11 +80 16:03:56.714][28660, 24663][cellularStrengthThread][NXNetwork_Transport_TypeAssist][][][getNetworkType() : 4G
[I][2022-02-11 +80 16:03:56.727][28660, 1*][main][VBLoginService][VBLoginCenter][][LoginCenter init:com.tencent.qqlive.modules.vb.loginbusiness.VBLoginConfig@f5c8168
[I][2022-02-11 +80 16:03:56.727][28660, 1*][main][VBWrapperLoginService][WrapperLoginStorage][][setSupplier kvcom.tencent.qqlive.modules.vb.wrapperloginservice.VBWrapperLoginServiceInitTask$1@840f981
[I][2022-02-11 +80 16:03:56.727][28660, 1*][main][VBWrapperLoginService][WrapperAccountPattern][][readAccountPattern, pattern:{"main":0,"login":1}
[I][2022-02-11 +80 16:03:56.727][28660, 1*][main][VBWrapperLoginService][WrapperAccountPattern][][fromJSON: {"main":0,"login":1}
[I][2022-02-11 +80 16:03:56.727][28660, 1*][main][LoginManager][][][init 
[I][2022-02-11 +80 16:03:56.729][28660, 1*][main][QAD][AdOpenIdManager][][isConvertSuccess=true adopenid=F2DC73BEBCA90B884F8B79AF0E7AA5E4
[I][2022-02-11 +80 16:03:56.729][28660, 24660][Utils-IO-Thread-155732][VBWrapperLoginService][WrapperLoginProxy][][getLoginAccountInfo type 0
[I][2022-02-11 +80 16:03:56.729][28660, 24660][Utils-IO-Thread-155732][VBWrapperLoginService][WrapperLoginProxy][][getLoginAccountInfo
[I][2022-02-11 +80 16:03:56.729][28660, 1*][main][ABCloudConfigInitTask][][][initAsync
[I][2022-02-11 +80 16:03:56.729][28660, 24662][public_io_pool-155734][ABCloudConfigInitTask][][][doInitAsync begin
[I][2022-02-11 +80 16:03:56.729][28660, 24662][public_io_pool-155734][ABCloudConfigInitTask][][][async initInner begin
[I][2022-02-11 +80 16:03:56.729][28660, 24660][Utils-IO-Thread-155732][VBWrapperLoginService][WrapperLoginProxy][][getLoginAccountInfo type 0
[I][2022-02-11 +80 16:03:56.729][28660, 24660][Utils-IO-Thread-155732][VBWrapperLoginService][WrapperLoginProxy][][getLoginAccountInfo type 1
[I][2022-02-11 +80 16:03:56.730][28660, 1*][main][Network][[RouteLib]PBConfig_debug][][[setReleaseServerAddress] set ip and domain succ new release ip|domain|isServerEnableBlackList: 163.177.92.114|acc.qq.com|true
[I][2022-02-11 +80 16:03:56.731][28660, 1*][main][VBWrapperLoginService][WrapperLoginProxy][][getLoginAccountInfo
[I][2022-02-11 +80 16:03:56.731][28660, 1*][main][TaskQueueManager][][][login(userId=38030485) loginUserId=null
[I][2022-02-11 +80 16:03:56.733][28660, 1*][main][ActivityStackImpl][][][init activity stack, size=0
[I][2022-02-11 +80 16:03:56.733][28660, 1*][main][PlatformIdConfig][][][platform init:false true
[I][2022-02-11 +80 16:03:56.736][28660, 24662][public_io_pool-155734][AutoRetryPtotoclConfig][][][parseConfig json: [
    {
        "totalSwitch": "1"
    },
    {
        "autoRetryDelay": "500"
    },
    {
        "retryTimesLimit": "-1"
    },
    {
        "networkErrorCheckSwitch": "1"
    },
    {
        "fuse_timewindow_unit": "1"
    },
    {
        "fuse_timewindow_bucket_num": "10"
    },
    {
        "fuse_min_req_num": "6"
    },
    {
        "fuse_rate": "0.5"
    },
    {
        "fuse_cd": "5"
    }
], whiteListconfigs json: ["com.tencent.qqlive.protocol.pb.PageService/com.tencent.qqlive.protocol.pb.PageService/getPage_channel","com.tencent.qqlive.protocol.pb.VideoDetailService/com.tencent.qqlive.protocol.pb.VideoDetailService/getPage","com.tencent.qqlive.protocol.pb.PageService/com.tencent.qqlive.protocol.pb.PageService/getPage_detail_operation","com.tencent.qqlive.protocol.pb.PageService/com.tencent.qqlive.protocol.pb.PageService/getPage_immersive","com.tencent.qqlive.protocol.pb.PageService/com.tencent.qqlive.protocol.pb.PageService/getPage_cp_page","com.tencent.qqlive.protocol.pb.NavOperateService/com.tencent.qqlive.protocol.pb.NavOperateService/getNavOperate"]
[I][2022-02-11 +80 16:03:56.736][28660, 24662][public_io_pool-155734][AutoRetryPtotoclConfig][][][parseWhileList key: com.tencent.qqlive.protocol.pb.PageService/com.tencent.qqlive.protocol.pb.PageService/getPage_channel
[I][2022-02-11 +80 16:03:56.736][28660, 24662][public_io_pool-155734][AutoRetryPtotoclConfig][][][parseWhileList key: com.tencent.qqlive.protocol.pb.VideoDetailService/com.tencent.qqlive.protocol.pb.VideoDetailService/getPage
[I][2022-02-11 +80 16:03:56.736][28660, 24662][public_io_pool-155734][AutoRetryPtotoclConfig][][][parseWhileList key: com.tencent.qqlive.protocol.pb.PageService/com.tencent.qqlive.protocol.pb.PageService/getPage_detail_operation
[I][2022-02-11 +80 16:03:56.736][28660, 24662][public_io_pool-155734][AutoRetryPtotoclConfig][][][parseWhileList key: com.tencent.qqlive.protocol.pb.PageService/com.tencent.qqlive.protocol.pb.PageService/getPage_immersive
[I][2022-02-11 +80 16:03:56.736][28660, 24662][public_io_pool-155734][AutoRetryPtotoclConfig][][][parseWhileList key: com.tencent.qqlive.protocol.pb.PageService/com.tencent.qqlive.protocol.pb.PageService/getPage_cp_page
[I][2022-02-11 +80 16:03:56.736][28660, 24662][public_io_pool-155734][AutoRetryPtotoclConfig][][][parseWhileList key: com.tencent.qqlive.protocol.pb.NavOperateService/com.tencent.qqlive.protocol.pb.NavOperateService/getNavOperate
[I][2022-02-11 +80 16:03:56.736][28660, 24662][public_io_pool-155734][AutoRetryPtotoclConfig][][][parseConfig autoRetryPtotoclConfig: totalSwitch: 1
networkErrorCheckSwitch: 1
retryTimesLimit: -1
{com.tencent.qqlive.protocol.pb.PageService/com.tencent.qqlive.protocol.pb.PageService/getPage_cp_page=1, com.tencent.qqlive.protocol.pb.NavOperateService/com.tencent.qqlive.protocol.pb.NavOperateService/getNavOperate=1, com.tencent.qqlive.protocol.pb.PageService/com.tencent.qqlive.protocol.pb.PageService/getPage_channel=1, com.tencent.qqlive.protocol.pb.VideoDetailService/com.tencent.qqlive.protocol.pb.VideoDetailService/getPage=1, com.tencent.qqlive.protocol.pb.PageService/com.tencent.qqlive.protocol.pb.PageService/getPage_immersive=1, com.tencent.qqlive.protocol.pb.PageService/com.tencent.qqlive.protocol.pb.PageService/getPage_detail_operation=1}, fuseConfig: mTimeWindowUnit= 1
mTimeWindowTotalNum: 10
mMinReqNum: 6
mFuseRate: 0.5
mFuseCD: 5
[I][2022-02-11 +80 16:03:56.736][28660, 24662][public_io_pool-155734][AutoRetry_Refuse][][][start this: com.tencent.qqlive.autoretry.component.AutoRetryFuse@a344cae fuseconfig: mTimeWindowUnit= 1
mTimeWindowTotalNum: 10
mMinReqNum: 6
mFuseRate: 0.5
mFuseCD: 5
[I][2022-02-11 +80 16:03:56.736][28660, 24662][public_io_pool-155734][AutoRetry_Timer][][][startTimer sendEmptyMessageDelayed first
[I][2022-02-11 +80 16:03:56.737][28660, 24662][public_io_pool-155734][AdaptiveUIConfigHelper][][][remoteConfig = {"foldPhoneList":[{"model":"SM-F700","maxUISizeType":"large"},{"model":"SM-F9000","maxUISizeType":"large"},{"model":"TAH-AN00","maxUISizeType":"large"},{"model":"RLI-AN00","maxUISizeType":"large"},{"model":"RLI-N29","maxUISizeType":"large"},{"model":"TAH-N29","maxUISizeType":"large"},{"model":"TAH-AN00m","maxUISizeType":"large"},{"model":"RHA-AN00m","maxUISizeType":"large"},{"model":"ASUS_I003DD","maxUISizeType":"regular"}]}
[I][2022-02-11 +80 16:03:56.737][28660, 24662][public_io_pool-155734][ABCloudConfigInitTask][][][async initInner end
[I][2022-02-11 +80 16:03:56.738][28660, 24662][public_io_pool-155734][ABCloudConfigInitTask][][][doInitAsync end
[I][2022-02-11 +80 16:03:56.746][28660, 1*][main][LoadLibraryHooker][][][load so xgVipSecurity
[I][2022-02-11 +80 16:03:56.751][28660, 1*][main][QQLiveApplication][][][ApplicationOnCreate, processName = com.tencent.qqlive:xg_vip_service, flavor = , buildType = iconRelease64, versionName = 8.5.41.26553
[I][2022-02-11 +80 16:03:56.786][28660, 1*][main][SimpleBroadcastManager][][][onServiceConnected
[I][2022-02-11 +80 16:03:56.786][28660, 1*][main][VBLoginService][LoginDaemonClient][][onDaemonConnected, componentName=ComponentInfo{com.tencent.qqlive/com.tencent.qqlive.modules.vb.loginservice.LoginDaemon}
[I][2022-02-11 +80 16:03:56.786][28660, 24667][LoginDaemonClient][VBLoginService][LoginDaemonClient][][ runPendingRunnable, List=[]
[I][2022-02-11 +80 16:03:56.843][28660, 24674][launch-idle61][TaskExecuteMonitorImpl][][][onFinishDispatcher >>> loadType = IdleHigh, threadStrategy = SubThread
[I][2022-02-11 +80 16:03:56.942][28660, 24654][launch-thread-0][LocationGetTask][][][enableRequestLocation:false
[I][2022-02-11 +80 16:03:56.942][28660, 24700][launch-idle71][TaskExecuteMonitorImpl][][][onFinishDispatcher >>> loadType = IdleMiddle, threadStrategy = SubThread
[I][2022-02-11 +80 16:03:57.046][28660, 24654][launch-thread-0][LoadLibraryHooker][][][load so gradishwrapper
[I][2022-02-11 +80 16:03:57.051][28660, 24714][launch-idle81][TaskExecuteMonitorImpl][][][onFinishDispatcher >>> loadType = IdleLow, threadStrategy = SubThread
[I][2022-02-11 +80 16:03:57.688][28660, 24662][public_io_pool-155734][VBMMKV_BROADCAST][][][callerProcessName equals currentProcessName
[I][2022-02-11 +80 16:03:57.688][28660, 24662][public_io_pool-155734][VBMMKV_BROADCAST][][][no need notify Observer,  valueObjectClassName =  callerProcessName = com.tencent.qqlive:xg_vip_service fileName = com.tencent.qqlive_preferences key = setting_preferences_private_protocol_is_show , please check context
[I][2022-02-11 +80 16:03:57.688][28660, 24662][public_io_pool-155734][VBMMKV_BROADCAST][][][callerProcessName equals currentProcessName
[I][2022-02-11 +80 16:03:57.689][28660, 24662][public_io_pool-155734][VBMMKV_BROADCAST][][][no need notify Observer,  valueObjectClassName =  callerProcessName = com.tencent.qqlive:xg_vip_service fileName = vb_platformInfo key = vb_platformInfo_version_code , please check context
[I][2022-02-11 +80 16:03:57.689][28660, 24662][public_io_pool-155734][VBMMKV_BROADCAST][][][callerProcessName equals currentProcessName
[I][2022-02-11 +80 16:03:57.689][28660, 24662][public_io_pool-155734][VBMMKV_BROADCAST][][][no need notify Observer,  valueObjectClassName =  callerProcessName = com.tencent.qqlive:xg_vip_service fileName = vb_platformInfo key = vb_platformInfo_version_name , please check context
[I][2022-02-11 +80 16:03:57.689][28660, 24662][public_io_pool-155734][VBMMKV_BROADCAST][][][callerProcessName equals currentProcessName
[I][2022-02-11 +80 16:03:57.689][28660, 24662][public_io_pool-155734][VBMMKV_BROADCAST][][][no need notify Observer,  valueObjectClassName =  callerProcessName = com.tencent.qqlive:xg_vip_service fileName = vb_platformInfo key = vb_platformInfo_app_id , please check context
[I][2022-02-11 +80 16:03:58.482][28660, 24663][cellularStrengthThread][NXNetwork_Transport_TypeAssist][][][getNetworkType() : 4G
[I][2022-02-11 +80 16:03:59.481][28660, 24663][cellularStrengthThread][NXNetwork_Transport_TypeAssist][][][getNetworkType() : 4G
[I][2022-02-11 +80 16:04:00.929][28660, 24731][Binder:28660_4][TabSDKManager][][][onOmgIdUpdate-----getOmgID = fbfa97874c6c954bf9c86e24cf65d7177892001021641b
[I][2022-02-11 +80 16:04:00.929][28660, 24731][Binder:28660_4][TabToggleComponent][][][[environment = release, appId = 5608, sceneId = 560811, guid = fbfa97874c6c954bf9c86e24cf65d7177892001021641b]-----switchGuid-----guid equals, finalTargetGuid = fbfa97874c6c954bf9c86e24cf65d7177892001021641b
[I][2022-02-11 +80 16:04:00.929][28660, 24731][Binder:28660_4][TabConfigComponent][][][[environment = release, appId = 5608, sceneId = 560811, guid = fbfa97874c6c954bf9c86e24cf65d7177892001021641b]-----switchGuid-----guid equals, finalTargetGuid = fbfa97874c6c954bf9c86e24cf65d7177892001021641b
[I][2022-02-11 +80 16:04:05.482][28660, 24663][cellularStrengthThread][NXNetwork_Transport_TypeAssist][][][getNetworkType() : 4G
[I][2022-02-11 +80 16:04:11.493][28660, 24663][cellularStrengthThread][NXNetwork_Transport_TypeAssist][][][getNetworkType() : 4G
[I][2022-02-11 +80 16:04:11.529][28660, 24663][cellularStrengthThread][NXNetwork_Transport_TypeAssist][][][getNetworkType() : 4G
[I][2022-02-11 +80 16:04:17.492][28660, 24663][cellularStrengthThread][NXNetwork_Transport_TypeAssist][][][getNetworkType() : 4G
[I][2022-02-11 +80 16:04:17.529][28660, 24663][cellularStrengthThread][NXNetwork_Transport_TypeAssist][][][getNetworkType() : 4G
[I][2022-02-11 +80 16:04:20.535][28660, 24663][cellularStrengthThread][NXNetwork_Transport_TypeAssist][][][getNetworkType() : 4G
[I][2022-02-11 +80 16:04:23.504][28660, 24663][cellularStrengthThread][NXNetwork_Transport_TypeAssist][][][getNetworkType() : 4G
[I][2022-02-11 +80 16:04:26.071][28660, 24663][cellularStrengthThread][NXNetwork_Transport_TypeAssist][][][getNetworkType() : 4G
[I][2022-02-11 +80 16:04:29.498][28660, 24663][cellularStrengthThread][NXNetwork_Transport_TypeAssist][][][getNetworkType() : 4G
[I][2022-02-11 +80 16:04:32.490][28660, 24663][cellularStrengthThread][NXNetwork_Transport_TypeAssist][][][getNetworkType() : 4G
[I][2022-02-11 +80 16:04:36.294][28660, 24663][cellularStrengthThread][NXNetwork_Transport_TypeAssist][][][getNetworkType() : 4G
[I][2022-02-11 +80 16:04:38.509][28660, 24663][cellularStrengthThread][NXNetwork_Transport_TypeAssist][][][getNetworkType() : 4G
[I][2022-02-11 +80 16:04:38.536][28660, 24663][cellularStrengthThread][NXNetwork_Transport_TypeAssist][][][getNetworkType() : 4G
[I][2022-02-11 +80 16:04:44.500][28660, 24663][cellularStrengthThread][NXNetwork_Transport_TypeAssist][][][getNetworkType() : 4G
[I][2022-02-11 +80 16:04:44.530][28660, 24663][cellularStrengthThread][NXNetwork_Transport_TypeAssist][][][getNetworkType() : 4G
[I][2022-02-11 +80 16:04:47.501][28660, 24663][cellularStrengthThread][NXNetwork_Transport_TypeAssist][][][getNetworkType() : 4G
[I][2022-02-11 +80 16:04:53.503][28660, 24663][cellularStrengthThread][NXNetwork_Transport_TypeAssist][][][getNetworkType() : 4G
[I][2022-02-11 +80 16:04:59.539][28660, 24663][cellularStrengthThread][NXNetwork_Transport_TypeAssist][][][getNetworkType() : 4G
[I][2022-02-11 +80 16:05:05.544][28660, 24663][cellularStrengthThread][NXNetwork_Transport_TypeAssist][][][getNetworkType() : 4G
[I][2022-02-11 +80 16:05:15.974][28660, 24663][cellularStrengthThread][NXNetwork_Transport_TypeAssist][][][getNetworkType() : 4G
[I][2022-02-11 +80 16:05:28.255][28660, 24663][cellularStrengthThread][NXNetwork_Transport_TypeAssist][][][getNetworkType() : 4G
[I][2022-02-11 +80 16:05:29.474][28660, 24663][cellularStrengthThread][NXNetwork_Transport_TypeAssist][][][getNetworkType() : 4G
[I][2022-02-11 +80 16:05:38.540][28660, 24663][cellularStrengthThread][NXNetwork_Transport_TypeAssist][][][getNetworkType() : 4G
[I][2022-02-11 +80 16:05:44.542][28660, 24663][cellularStrengthThread][NXNetwork_Transport_TypeAssist][][][getNetworkType() : 4G
[I][2022-02-11 +80 16:05:50.530][28660, 24663][cellularStrengthThread][NXNetwork_Transport_TypeAssist][][][getNetworkType() : 4G
[I][2022-02-11 +80 16:05:50.547][28660, 24663][cellularStrengthThread][NXNetwork_Transport_TypeAssist][][][getNetworkType() : 4G
[I][2022-02-11 +80 16:05:56.533][28660, 24663][cellularStrengthThread][NXNetwork_Transport_TypeAssist][][][getNetworkType() : 4G
[I][2022-02-11 +80 16:05:56.555][28660, 24663][cellularStrengthThread][NXNetwork_Transport_TypeAssist][][][getNetworkType() : 4G
[I][2022-02-11 +80 16:06:01.483][28660, 24663][cellularStrengthThread][NXNetwork_Transport_TypeAssist][][][getNetworkType() : 4G
[I][2022-02-11 +80 16:06:02.561][28660, 24663][cellularStrengthThread][NXNetwork_Transport_TypeAssist][][][getNetworkType() : 4G
[I][2022-02-11 +80 16:06:05.557][28660, 24663][cellularStrengthThread][NXNetwork_Transport_TypeAssist][][][getNetworkType() : 4G
[I][2022-02-11 +80 16:06:11.552][28660, 24663][cellularStrengthThread][NXNetwork_Transport_TypeAssist][][][getNetworkType() : 4G
[I][2022-02-11 +80 16:06:13.051][28660, 24663][cellularStrengthThread][NXNetwork_Transport_TypeAssist][][][getNetworkType() : 4G
[I][2022-02-11 +80 16:06:19.417][28660, 24663][cellularStrengthThread][NXNetwork_Transport_TypeAssist][][][getNetworkType() : 4G
[I][2022-02-11 +80 16:06:21.969][28660, 24663][cellularStrengthThread][NXNetwork_Transport_TypeAssist][][][getNetworkType() : 4G
[I][2022-02-11 +80 16:06:23.035][28660, 24663][cellularStrengthThread][NXNetwork_Transport_TypeAssist][][][getNetworkType() : 4G
[I][2022-02-11 +80 16:06:23.227][28660, 24663][cellularStrengthThread][NXNetwork_Transport_TypeAssist][][][getNetworkType() : 4G
[I][2022-02-11 +80 16:06:26.509][28660, 24663][cellularStrengthThread][NXNetwork_Transport_TypeAssist][][][getNetworkType() : 4G
[I][2022-02-11 +80 16:06:30.435][28660, 24663][cellularStrengthThread][NXNetwork_Transport_TypeAssist][][][getNetworkType() : 4G
[I][2022-02-11 +80 16:06:32.511][28660, 24663][cellularStrengthThread][NXNetwork_Transport_TypeAssist][][][getNetworkType() : 4G
[I][2022-02-11 +80 16:06:35.517][28660, 24663][cellularStrengthThread][NXNetwork_Transport_TypeAssist][][][getNetworkType() : 4G
[I][2022-02-11 +80 16:06:35.564][28660, 24663][cellularStrengthThread][NXNetwork_Transport_TypeAssist][][][getNetworkType() : 4G
[I][2022-02-11 +80 16:06:38.524][28660, 24663][cellularStrengthThread][NXNetwork_Transport_TypeAssist][][][getNetworkType() : 4G
[I][2022-02-11 +80 16:06:41.578][28660, 24663][cellularStrengthThread][NXNetwork_Transport_TypeAssist][][][getNetworkType() : 4G
[I][2022-02-11 +80 16:06:44.523][28660, 24663][cellularStrengthThread][NXNetwork_Transport_TypeAssist][][][getNetworkType() : 4G
[I][2022-02-11 +80 16:06:47.533][28660, 24663][cellularStrengthThread][NXNetwork_Transport_TypeAssist][][][getNetworkType() : 4G
[I][2022-02-11 +80 16:06:50.530][28660, 24663][cellularStrengthThread][NXNetwork_Transport_TypeAssist][][][getNetworkType() : 4G
[I][2022-02-11 +80 16:06:51.404][28660, 24663][cellularStrengthThread][NXNetwork_Transport_TypeAssist][][][getNetworkType() : 4G
[I][2022-02-11 +80 16:06:54.534][28660, 24663][cellularStrengthThread][NXNetwork_Transport_TypeAssist][][][getNetworkType() : 4G
[I][2022-02-11 +80 16:06:56.537][28660, 24663][cellularStrengthThread][NXNetwork_Transport_TypeAssist][][][getNetworkType() : 4G
[I][2022-02-11 +80 16:06:56.600][28660, 24663][cellularStrengthThread][NXNetwork_Transport_TypeAssist][][][getNetworkType() : 4G
[I][2022-02-11 +80 16:07:02.538][28660, 24663][cellularStrengthThread][NXNetwork_Transport_TypeAssist][][][getNetworkType() : 4G
[I][2022-02-11 +80 16:07:02.594][28660, 24663][cellularStrengthThread][NXNetwork_Transport_TypeAssist][][][getNetworkType() : 4G
[I][2022-02-11 +80 16:07:08.605][28660, 24663][cellularStrengthThread][NXNetwork_Transport_TypeAssist][][][getNetworkType() : 4G
[I][2022-02-11 +80 16:11:51.708][28660, 1*][main][Pandora.BackgroundUtil][][][isOnBackground update Pandora
java.lang.Throwable
	at com.tencent.qqlive.pandora.util.BackgroundUtil.isOnBackgroud(Unknown Source:27)
	at com.tencent.qqlive.pandora.device.WifiInfoManager.getConnectionInfo(Unknown Source:97)
	at com.tencent.qqlive.pandora.Pandora.getConnectionInfo(Unknown Source:85)
	at com.tencent.qqlive.monitor.LocationMonitor.getConnectionInfo(Unknown Source:81)
	at com.tencent.qqlive.modules.vb.transportservice.impl.VBTransportSignalStrengthAssistant.getWifiStrengthLevel(Unknown Source:183)
	at com.tencent.qqlive.modules.vb.transportservice.impl.VBTransportSignalStrengthAssistant$1.onReceive(Unknown Source:43)
	at android.app.LoadedApk$ReceiverDispatcher$Args.lambda$getRunnable$0$LoadedApk$ReceiverDispatcher$Args(LoadedApk.java:1786)
	at android.app.-$$Lambda$LoadedApk$ReceiverDispatcher$Args$_BumDX2UKsnxLVrE6UJsJZkotuA.run(Unknown Source:2)
	at android.os.Handler.handleCallback(Handler.java:900)
	at android.os.Handler.dispatchMessage(Handler.java:103)
	at android.os.Looper.loop(Looper.java:219)
	at com.tencent.qqlive.whitecrash.CrashCatcher$1.run(Unknown Source:65)
	at android.os.Handler.handleCallback(Handler.java:900)
	at android.os.Handler.dispatchMessage(Handler.java:103)
	at android.os.Looper.loop(Looper.java:219)
	at android.app.ActivityThread.main(ActivityThread.java:8668)
	at java.lang.reflect.Method.invoke(Native Method)
	at com.android.internal.os.RuntimeInit$MethodAndArgsCaller.run(RuntimeInit.java:513)
	at com.android.internal.os.ZygoteInit.main(ZygoteInit.java:1109)
[I][2022-02-11 +80 16:11:51.708][28660, 1*][main][Pandora.BackgroundUtil][][][isOnBackground update Pandora
java.lang.Throwable
	at com.tencent.qqlive.pandora.util.BackgroundUtil.isOnBackgroud(Unknown Source:27)
	at com.tencent.qqlive.monitor.PrivacyUtil.isAppOnForeground(Unknown Source:144)
	at com.tencent.qqlive.monitor.PrivacyUtil.isBackgroundRequestProcess(Unknown Source:33)
	at com.tencent.qqlive.monitor.LocationMonitor.getConnectionInfo(Unknown Source:87)
	at com.tencent.qqlive.modules.vb.transportservice.impl.VBTransportSignalStrengthAssistant.getWifiStrengthLevel(Unknown Source:183)
	at com.tencent.qqlive.modules.vb.transportservice.impl.VBTransportSignalStrengthAssistant$1.onReceive(Unknown Source:43)
	at android.app.LoadedApk$ReceiverDispatcher$Args.lambda$getRunnable$0$LoadedApk$ReceiverDispatcher$Args(LoadedApk.java:1786)
	at android.app.-$$Lambda$LoadedApk$ReceiverDispatcher$Args$_BumDX2UKsnxLVrE6UJsJZkotuA.run(Unknown Source:2)
	at android.os.Handler.handleCallback(Handler.java:900)
	at android.os.Handler.dispatchMessage(Handler.java:103)
	at android.os.Looper.loop(Looper.java:219)
	at com.tencent.qqlive.whitecrash.CrashCatcher$1.run(Unknown Source:65)
	at android.os.Handler.handleCallback(Handler.java:900)
	at android.os.Handler.dispatchMessage(Handler.java:103)
	at android.os.Looper.loop(Looper.java:219)
	at android.app.ActivityThread.main(ActivityThread.java:8668)
	at java.lang.reflect.Method.invoke(Native Method)
	at com.android.internal.os.RuntimeInit$MethodAndArgsCaller.run(RuntimeInit.java:513)
	at com.android.internal.os.ZygoteInit.main(ZygoteInit.java:1109)
[I][2022-02-11 +80 16:11:51.973][28660, 24663][cellularStrengthThread][NXNetwork_Transport_TypeAssist][][][getNetworkType() : 4G
[I][2022-02-11 +80 16:11:51.998][28660, 24663][cellularStrengthThread][NXNetwork_Transport_TypeAssist][][][getNetworkType() : 4G
[I][2022-02-11 +80 16:11:53.265][28660, 24807][Binder:28660_7][VBLoginService][LoginDaemonClient][][onDaemonMessage msgId=8, data=Bundle[mParcelledData.dataSize=152]
[I][2022-02-11 +80 16:11:53.269][28660, 24807][Binder:28660_7][VBLoginService][VBLoginCenter][][onRequestRefreshStart, type:0 invokeId:3
[I][2022-02-11 +80 16:11:53.594][28660, 24807][Binder:28660_7][TabSDKManager][][][onOmgIdUpdate-----getOmgID = fbfa97874c6c954bf9c86e24cf65d7177892001021641b
[I][2022-02-11 +80 16:11:53.594][28660, 24807][Binder:28660_7][TabToggleComponent][][][[environment = release, appId = 5608, sceneId = 560811, guid = fbfa97874c6c954bf9c86e24cf65d7177892001021641b]-----switchGuid-----guid equals, finalTargetGuid = fbfa97874c6c954bf9c86e24cf65d7177892001021641b
[I][2022-02-11 +80 16:11:53.594][28660, 24807][Binder:28660_7][TabConfigComponent][][][[environment = release, appId = 5608, sceneId = 560811, guid = fbfa97874c6c954bf9c86e24cf65d7177892001021641b]-----switchGuid-----guid equals, finalTargetGuid = fbfa97874c6c954bf9c86e24cf65d7177892001021641b
[I][2022-02-11 +80 16:11:53.700][28660, 24807][Binder:28660_7][VBLoginService][LoginDaemonClient][][onDaemonMessage msgId=7, data=Bundle[mParcelledData.dataSize=1276]
[I][2022-02-11 +80 16:11:53.703][28660, 1*][main][VBWrapperLoginService][WrapperLoginProxy][][onAccountRefresh type 0 account Account [nickName=天上白玉京,headUrl=http://thirdqq.qlogo.cn/g?b=sdk&k=pEHhcofrDMqX0UN33DwFAg&s=140&t=1571914754, UserId=38030485, SessionKey=TxYjBGFcnc0Kp96i82tnBw.., CreateTime=1644567113496, ExpireTime=6106000,OpenId=04BF6F0447720EABB6A4A921C6FB1DEB,AccessToken=500FBA1C36A9C45556197FFFAD6CFAB3, AccountType=0, refreshToken=6F83B0879A9649ABC097307F6213A87A, IM Token=eAEtzUsLgkAUBeD-MttC77ycQWgRRFEIPRe1FOYat7KG0SKJ-numLs85fJwPO2T76IWBpUxEwMZdrtw1954cS7kC0MB5YvuFHN5rKqgD0oIEZfWgaiqxFYlSOjGcy17g21P490ZqAQDDA53bxzI8Zrd46yo0mFlYyHhui3WAeDPF3eUpRk1uQrNaVsfThH1-9Hswhg__, AccessTokenExpireTime=0, overdue=false, appid=101795054][AuthCode:FE4BCCF7CD80389DED52DE39D47D94C4 qqopenid:04BF6F0447720EABB6A4A921C6FB1DEB qqaccesstoken: qqexpiretime:7776000]
[I][2022-02-11 +80 16:11:53.704][28660, 1*][main][VBWrapperLoginService][WrapperAccountPattern][][isMainLoginType: type 0 MainLoginType 0 [MainType:0 AdvanceLoginType:1 BindTypeList:[]]
[I][2022-02-11 +80 16:11:53.704][28660, 1*][main][VBWrapperLoginService][WrapperAccountPattern][][isMainLoginType: type 0 MainLoginType 0 [MainType:0 AdvanceLoginType:1 BindTypeList:[]]
[I][2022-02-11 +80 16:11:53.704][28660, 1*][main][VBLoginBusiness][LoginManager][][onRefreshFinish(isMain=true, loginType=2, err=0)
[I][2022-02-11 +80 16:11:53.704][28660, 1*][main][QAD][TENCENT_AD][][login callback:refreshTokenFinish-isMainAccount:true-type:1-errCode:0-errMsg:-userInfo:
[I][2022-02-11 +80 16:11:53.704][28660, 1*][main][QAD][TENCENT_AD][][login callback:refreshTokenFinish-isMainAccount:true-type:1-errCode:0-errMsg:-userInfo:
[I][2022-02-11 +80 16:11:53.728][28660, 24824][public_io_pool-155896][VBWrapperLoginService][WrapperLoginProxy][][getLoginAccountInfo
[I][2022-02-11 +80 16:11:53.731][28660, 24824][public_io_pool-155896][ProtocolPackageHelper][][][readFromCache: readFile = true, bos.size = 230, cachePath = /storage/emulated/0/Android/data/com.tencent.qqlive/files/cache/38030485_userinfo.cache
[I][2022-02-11 +80 16:11:53.732][28660, 24824][public_io_pool-155896][NXNetwork_Transport_TransportManager][][][getTransportAutoIncrementId() request id:1
[I][2022-02-11 +80 16:11:53.735][28660, 24824][public_io_pool-155896][NXNetwork_JCE_CmdAssist][][][getCmdId() requestClassName: GetUserProfileRequest,responseClassName: GetUserProfile,cmdId: 60674
[I][2022-02-11 +80 16:11:53.735][28660, 24824][public_io_pool-155896][NXNetwork_JCE_CmdAssist][][][getCmdId() requestClassName: GetUserProfileRequest,responseClassName: GetUserProfile,cmdId: 60674
[I][2022-02-11 +80 16:11:53.735][28660, 24824][public_io_pool-155896][NXNetwork_JCE_CmdAssist][][][getCmdId() requestClassName: GetUserProfileRequest,responseClassName: GetUserProfile,cmdId: 60674
[I][2022-02-11 +80 16:11:53.735][28660, 24824][public_io_pool-155896][MedalInfoModel][][][get vcuid failed, mCreatorStatusModel is null
[I][2022-02-11 +80 16:11:53.747][28660, 1*][main][WebUtils][][][-->synCookies needClear:false
[I][2022-02-11 +80 16:11:53.747][28660, 1*][main][WebUtils][][][-->synMttWebCookies() needClear:false
[I][2022-02-11 +80 16:11:53.759][28660, 24852][public_io_pool-155924][NXNetwork_JCE_StructPackage][][][[GetUserProfileRequest#60674]-1 JceStruct --> byte[]
[I][2022-02-11 +80 16:11:53.759][28660, 24852][public_io_pool-155924][NXNetwork_JCE_HeaderPackage][][][[GetUserProfileRequest#60674]-1 package request header
[I][2022-02-11 +80 16:11:53.769][28660, 24852][public_io_pool-155924][GUIDManager][][][getGUID: 925ad63f87c711ec89cd6c92bf48bcb2
[I][2022-02-11 +80 16:11:53.769][28660, 24852][public_io_pool-155924][PlatformInfo_Device][][][getScreenSize() screenWidth 1080 screenHeight 2214
[I][2022-02-11 +80 16:11:53.774][28660, 24852][public_io_pool-155924][PlatformInfo_Device][][][getDeviceType() get from callback
[I][2022-02-11 +80 16:11:53.826][28660, 24852][public_io_pool-155924][VBWrapperLoginService][WrapperLoginProxy][][getLoginAccountInfo
[I][2022-02-11 +80 16:11:53.827][28660, 24852][public_io_pool-155924][VBTeenGuardianMgrImpl][][][register
[I][2022-02-11 +80 16:11:53.828][28660, 24852][public_io_pool-155924][VBWrapperLoginService][WrapperLoginProxy][][getLoginAccountInfo
[I][2022-02-11 +80 16:11:53.829][28660, 24852][public_io_pool-155924][VBWrapperLoginService][WrapperLoginProxy][][getLoginAccountInfo type 0
[I][2022-02-11 +80 16:11:53.829][28660, 24852][public_io_pool-155924][NXNetwork_JCE_HeaderPackage][][][[GetUserProfileRequest#60674]-1 common header:requestId:1,[SafeInfo]SafeKey:,[SafeInfo]type3,contentType:0,appId:1000005,guid:925ad63f87c711ec89cd6c92bf48bcb2,cmdId:60674,isSupportDolby:0,oemPlatform:0,isAuto:0,callType:self,channelId:228,extent:,from:,mid:0,pageId:,pid:,refPageId:,vid:,pageStep:0,appSubVersion:,channelId:228,clientKey:,deviceId:,deviceModel:EBG-AN10,extent:,idfa:,imei:,imsi:,mac:,omgId:fbfa97874c6c954bf9c86e24cf65d7177892001021641b,platformVersion:EBG-AN10,29,10,platform:3,serverid:,v4ip:112.97.63.47,versionCode:26553,versionName:8.5.41.26553,areaMode:0,accuracy:0.0,latitude:0.0,longitude:0.0,type:0,countryCode:0,densityDpi:480,deviceType:1,[ExtentData]bucketId:4,[QUA]extInfo:{QIMEI36=5e4e85959d6d5953eb833efe10001031531d, qadId=016F5333DEE4D71E61D3E9F2478A1FE7, installTime=1644204083, brandAndModel=EBG-AN10, preview_mode=0, manufacturer=HUAWEI, teenGuardSessionCode=6FE74FDCE5B491B871F229AD042AB2B4917271DB9D77ED0D1D8BF9F8950CD60270AA19CD88D854247B463EE1AEDB295B7ED34F5FD324D235A0CB32370DDB08D097BDF1513E7A8B89D188C9E878B7F280F3B07F173375CADADE0263ED842FD35C35B6E4217402E8EB07166FEA, usid=},langCode:0,markerId:1,mobileISP:0,screenHeight:2214,screenWidth:1080,networkMode:3
[I][2022-02-11 +80 16:11:53.829][28660, 24852][public_io_pool-155924][NXNetwork_JCE_PackageImpl][][][[GetUserProfileRequest#60674]-1 package header:70ms
[I][2022-02-11 +80 16:11:53.829][28660, 24852][public_io_pool-155924][NXNetwork_JCE_JCEFramePackage][][][[GetUserProfileRequest#60674]-1 package jce frame，request bytes size:952
[I][2022-02-11 +80 16:11:53.829][28660, 24852][public_io_pool-155924][NXNetwork_JCE_QmfFramePackage][][][[GetUserProfileRequest#60674]-1 package qmf frame ，cmdId:60674,request bytes size:969
[I][2022-02-11 +80 16:11:53.829][28660, 24852][public_io_pool-155924][VBWrapperLoginService][WrapperLoginProxy][][getLoginAccountInfo type 0
[I][2022-02-11 +80 16:11:53.829][28660, 24852][public_io_pool-155924][NXNetwork_Network_NetworkServiceManager][][][getNetworkManagerWithRequest, domain is null, request id: 1
[I][2022-02-11 +80 16:11:53.829][28660, 24852][public_io_pool-155924][NXNetwork_Network_NetworkServiceManager][][][getDefaultServerDomain, returns domain : acc.qq.com
[I][2022-02-11 +80 16:11:53.829][28660, 24852][public_io_pool-155924][NXNetwork_Network_NetworkServiceManager][][][getNetworkManagerWithDomain, domain : acc.qq.com
[I][2022-02-11 +80 16:11:53.841][28660, 24852][public_io_pool-155924][NXNetwork_Network_TaskManager][][][[GetUserProfileRequest#60674]-1 onTaskBegin()
[I][2022-02-11 +80 16:11:53.841][28660, 24852][public_io_pool-155924][NXNetwork_Network_Task][][][[GetUserProfileRequest#60674]-1 execute(), state:DEFAULT, domain: acc.qq.com, address:, url: null, contentType: BINARY
[I][2022-02-11 +80 16:11:53.856][28660, 24852][public_io_pool-155924][NXNetwork_Transport_TypeAssist][][][getNetworkType() : WIFI
[I][2022-02-11 +80 16:11:53.857][28660, 24852][public_io_pool-155924][NXNetwork_Transport_HttpImpl][][][getTimeoutInfo() network state:NETWORK_STATE_WIFI,readWrite timeout:10,connect timeout:5
[I][2022-02-11 +80 16:11:53.857][28660, 24852][public_io_pool-155924][NXNetwork_Transport_HttpImpl][][][setConnectConfig() maxIdleConnections:10, connKeepAliveDuration:80
[I][2022-02-11 +80 16:11:53.882][28660, 24852][public_io_pool-155924][NXNetwork_Transport_HttpImpl][][][[GetUserProfileRequest#60674]-1 isConnectionReuseEnable:true
[I][2022-02-11 +80 16:11:53.882][28660, 24852][public_io_pool-155924][NXNetwork_Transport_TransportManager][][][[GetUserProfileRequest#60674]-1 protocol type: http
[I][2022-02-11 +80 16:11:53.882][28660, 24852][public_io_pool-155924][NXNetwork_Transport_TaskManager][][][[GetUserProfileRequest#60674]-1 onTaskBegin()
[I][2022-02-11 +80 16:11:53.882][28660, 24852][public_io_pool-155924][NXNetwork_Transport_Task][][][[GetUserProfileRequest#60674]-1 run() 
[I][2022-02-11 +80 16:11:53.882][28660, 24852][public_io_pool-155924][NXNetwork_Transport_Task][][][[GetUserProfileRequest#60674]-1 sendRequest()
[I][2022-02-11 +80 16:11:53.883][28660, 24852][public_io_pool-155924][NXNetwork_Transport_Task][][][[GetUserProfileRequest#60674]-1 httpHeaderKey = JceGodId;httpHeaderValue = 60674
[I][2022-02-11 +80 16:11:53.929][28660, 24852][public_io_pool-155924][NXNetwork_Transport_TypeAssist][][][getNetworkType() : WIFI
[I][2022-02-11 +80 16:11:53.929][28660, 24852][public_io_pool-155924][NXNetwork_Transport_HttpImpl][][][[GetUserProfileRequest#60674]-1  callStart()
[I][2022-02-11 +80 16:11:53.929][28660, 24852][public_io_pool-155924][NXNetwork_Transport_HttpImpl][][][[GetUserProfileRequest#60674]-1  intercept() retry enable: true
[I][2022-02-11 +80 16:11:53.932][28660, 24852][public_io_pool-155924][NXNetwork_Transport_HttpImpl][][][[GetUserProfileRequest#60674]-1  dnsStart(), domain:acc.qq.com
[I][2022-02-11 +80 16:11:53.932][28660, 24852][public_io_pool-155924][NXNetwork_Transport_HttpImpl][][][lookup() hostname:acc.qq.com
[I][2022-02-11 +80 16:11:53.932][28660, 24852][public_io_pool-155924][NXNetwork_Transport_HttpImpl][][][lookup() ip:无已选ip
[I][2022-02-11 +80 16:11:53.932][28660, 24852][public_io_pool-155924][NXNetwork_Transport_HttpImpl][][][lookup() timeout config:0ms
[I][2022-02-11 +80 16:11:53.956][28660, 24852][public_io_pool-155924][NXNetwork_Transport_HttpImpl][][][[GetUserProfileRequest#60674]-1  connectStart()
[I][2022-02-11 +80 16:11:54.017][28660, 24852][public_io_pool-155924][NXNetwork_Transport_HttpImpl][][][[GetUserProfileRequest#60674]-1  connectionAcquired()
[I][2022-02-11 +80 16:11:54.018][28660, 24852][public_io_pool-155924][NXNetwork_Transport_HttpImpl][][][[GetUserProfileRequest#60674]-1  log request server info
[I][2022-02-11 +80 16:11:54.018][28660, 24824][VBTransportService-155896][NXNetwork_Transport_HttpImpl][][][[GetUserProfileRequest#60674]-1  getIp info...
[I][2022-02-11 +80 16:11:54.018][28660, 24824][VBTransportService-155896][NXNetwork_Transport_HttpImpl][][][[GetUserProfileRequest#60674]-1  getIp info:183.3.226.75
[I][2022-02-11 +80 16:11:54.018][28660, 24824][VBTransportService-155896][NXNetwork_Transport_HttpImpl][][][[GetUserProfileRequest#60674]-1  getHost info...
[I][2022-02-11 +80 16:11:54.018][28660, 24824][VBTransportService-155896][NXNetwork_Transport_HttpImpl][][][[GetUserProfileRequest#60674]-1  getHost info:acc.qq.com
[I][2022-02-11 +80 16:11:54.079][28660, 24852][public_io_pool-155924][NXNetwork_Transport_Task][][][[GetUserProfileRequest#60674]-1 execute() request succ: https://acc.qq.com/ ,networkState:NETWORK_STATE_WIFI, cellular strength level:2, cellular connected:DISCONNECTED, wifi connected:CONNECTED
[I][2022-02-11 +80 16:11:54.084][28660, 24852][public_io_pool-155924][NXNetwork_Transport_Task][][][[GetUserProfileRequest#60674]-1 run() task state is done , call listener
[I][2022-02-11 +80 16:11:54.084][28660, 24852][public_io_pool-155924][NXNetwork_Network_Task][][][[GetUserProfileRequest#60674]-1 notifyListener() task state is done , call listener
[I][2022-02-11 +80 16:11:54.084][28660, 24852][public_io_pool-155924][NXNetwork_JCE_QmfFramePackage][][][[GetUserProfileRequest#60674]-1 unpackage qmf frame ,response bytes size:381
[I][2022-02-11 +80 16:11:54.084][28660, 24852][public_io_pool-155924][NXNetwork_JCE_JCEFramePackage][][][[GetUserProfileRequest#60674]-1 unpackage jce frame,response bytes size:283
[I][2022-02-11 +80 16:11:54.084][28660, 24852][public_io_pool-155924][NXNetwork_JCE_HeaderPackage][][][[GetUserProfileRequest#60674]-1 unpackage response header
[I][2022-02-11 +80 16:11:54.084][28660, 24852][public_io_pool-155924][NXNetwork_JCE_StructPackage][][][[GetUserProfileRequest#60674]-1 byte[] --> JceStruct
[I][2022-02-11 +80 16:11:54.084][28660, 24852][public_io_pool-155924][NXNetwork_JCE_StructPackage][][][[GetUserProfileRequest#60674]-1 find response class name from default strategy :com.tencent.qqlive.ona.protocol.jce.GetUserProfileResponse
[I][2022-02-11 +80 16:11:54.084][28660, 24852][public_io_pool-155924][VBWrapperLoginService][WrapperLoginProxy][][getLoginAccountInfo
[I][2022-02-11 +80 16:11:54.089][28660, 24852][public_io_pool-155924][NXNetwork_JCE_TaskManager][][][removeTask() requestId :1
[I][2022-02-11 +80 16:11:54.089][28660, 24852][public_io_pool-155924][NXNetwork_Network_TaskManager][][][[GetUserProfileRequest#60674]-1 onTaskFinish()
[I][2022-02-11 +80 16:11:54.090][28660, 24852][public_io_pool-155924][NXNetwork_Transport_TaskManager][][][[GetUserProfileRequest#60674]-1 onTaskFinish()
[I][2022-02-11 +80 16:11:54.137][28660, 1*][main][VBWrapperLoginService][WrapperLoginProxy][][getLoginAccountInfo
[I][2022-02-11 +80 16:11:54.137][28660, 1*][main][VBWrapperLoginService][WrapperLoginProxy][][getLoginAccountInfo type 0
[I][2022-02-11 +80 16:11:54.137][28660, 1*][main][VBWrapperLoginService][WrapperLoginProxy][][getLoginAccountInfo type 1
[I][2022-02-11 +80 16:11:54.138][28660, 1*][main][VBWrapperLoginService][WrapperLoginProxy][][getLoginAccountInfo
[I][2022-02-11 +80 16:11:54.140][28660, 1*][main][WebUtils][][][-->synMttWebCookies() cookie:video_omgid=fbfa97874c6c954bf9c86e24cf65d7177892001021641b;guid=925ad63f87c711ec89cd6c92bf48bcb2;vuserid=38030485;usid=;us_stamp=1644566636728;ussn=0;ctime=1644567114137;zdtime=0;vusession=TxYjBGFcnc0Kp96i82tnBw..;video_platform=3;video_appid=1000005;vdevice_qimei36=5e4e85959d6d5953eb833efe10001031531d;video_omgid=fbfa97874c6c954bf9c86e24cf65d7177892001021641b;vcuid=;vqq_appid=101795054;vqq_openid=04BF6F0447720EABB6A4A921C6FB1DEB;vqq_access_token=500FBA1C36A9C45556197FFFAD6CFAB3;vqq_vuserid=38030485;vqq_vusession=TxYjBGFcnc0Kp96i82tnBw..;app_ver=8.5.41;main_login=qq;plat_bucketid=4;teenGuardSessionCode=6FE74FDCE5B491B871F229AD042AB2B4917271DB9D77ED0D1D8BF9F8950CD60270AA19CD88D854247B463EE1AEDB295B7ED34F5FD324D235A0CB32370DDB08D097BDF1513E7A8B89D188C9E878B7F280F3B07F173375CADADE0263ED842FD35C35B6E4217402E8EB07166FEA;recommend_switch_value=1;call_type=1;recommend_setting_code=31;ip=112.97.63.47;isDarkMode=0;
[I][2022-02-11 +80 16:11:54.258][28660, 1*][main][WebUtils][][][-->synMttWebCookies hasSetCookie:video_omgid=fbfa97874c6c954bf9c86e24cf65d7177892001021641b; guid=925ad63f87c711ec89cd6c92bf48bcb2; vuserid=38030485; usid=; ussn=0; zdtime=0; video_platform=3; video_appid=1000005; vdevice_qimei36=5e4e85959d6d5953eb833efe10001031531d; vcuid=; vqq_appid=101795054; vqq_openid=04BF6F0447720EABB6A4A921C6FB1DEB; vqq_access_token=500FBA1C36A9C45556197FFFAD6CFAB3; vqq_vuserid=38030485; app_ver=8.5.41; main_login=qq; recommend_switch_value=1; call_type=1; recommend_setting_code=31; isDarkMode=0; plat_bucketid=4; ip=112.97.63.47; us_stamp=1644498132122; ctime=1644498161955; vusession=5Fa6KGU3GhY0IU9KrChwVA..; vqq_vusession=5Fa6KGU3GhY0IU9KrChwVA..; teenGuardSessionCode=840070F1D958ED045DA211EB383992252A2A996EC2F3A56F4A3CB0400490D7F9C1B44CA4C5CAC8CF110A30DF12D9CD7CE019DD87CC06514335E0790F7D87A70217AAF2821D50D70C47E721052092BE5776CA38C2994CEF0C0466B5AB105A2D69E10855EEB7370C5D0F1853BD
[I][2022-02-11 +80 16:11:54.258][28660, 1*][main][WebUtils][][][-->synSysWebCookies() needClear:false
[I][2022-02-11 +80 16:11:54.258][28660, 1*][main][VBWrapperLoginService][WrapperLoginProxy][][getLoginAccountInfo
[I][2022-02-11 +80 16:11:54.258][28660, 1*][main][VBWrapperLoginService][WrapperLoginProxy][][getLoginAccountInfo type 0
[I][2022-02-11 +80 16:11:54.258][28660, 1*][main][VBWrapperLoginService][WrapperLoginProxy][][getLoginAccountInfo type 1
[I][2022-02-11 +80 16:11:54.259][28660, 1*][main][WebUtils][][][-->synSysWebCookies cookie:video_omgid=fbfa97874c6c954bf9c86e24cf65d7177892001021641b;guid=925ad63f87c711ec89cd6c92bf48bcb2;vuserid=38030485;usid=;us_stamp=1644566636728;ussn=0;ctime=1644567114258;zdtime=0;vusession=TxYjBGFcnc0Kp96i82tnBw..;video_platform=3;video_appid=1000005;vdevice_qimei36=5e4e85959d6d5953eb833efe10001031531d;video_omgid=fbfa97874c6c954bf9c86e24cf65d7177892001021641b;vcuid=;vqq_appid=101795054;vqq_openid=04BF6F0447720EABB6A4A921C6FB1DEB;vqq_access_token=500FBA1C36A9C45556197FFFAD6CFAB3;vqq_vuserid=38030485;vqq_vusession=TxYjBGFcnc0Kp96i82tnBw..;app_ver=8.5.41;main_login=qq;plat_bucketid=4;teenGuardSessionCode=6FE74FDCE5B491B871F229AD042AB2B4917271DB9D77ED0D1D8BF9F8950CD60270AA19CD88D854247B463EE1AEDB295B7ED34F5FD324D235A0CB32370DDB08D097BDF1513E7A8B89D188C9E878B7F280F3B07F173375CADADE0263ED842FD35C35B6E4217402E8EB07166FEA;recommend_switch_value=1;call_type=1;recommend_setting_code=31;ip=112.97.63.47;isDarkMode=0;
[I][2022-02-11 +80 16:11:54.303][28660, 1*][main][WebUtils][][][-->synSysWebCookies hasSetCookie:video_omgid=fbfa97874c6c954bf9c86e24cf65d7177892001021641b; guid=925ad63f87c711ec89cd6c92bf48bcb2; vuserid=38030485; usid=; ussn=0; zdtime=0; video_platform=3; video_appid=1000005; vdevice_qimei36=5e4e85959d6d5953eb833efe10001031531d; vcuid=; vqq_appid=101795054; vqq_openid=04BF6F0447720EABB6A4A921C6FB1DEB; vqq_access_token=500FBA1C36A9C45556197FFFAD6CFAB3; vqq_vuserid=38030485; app_ver=8.5.41; main_login=qq; recommend_switch_value=1; call_type=1; recommend_setting_code=31; isDarkMode=0; plat_bucketid=4; ip=112.97.63.47; us_stamp=1644566636728; ctime=1644567114258; vusession=TxYjBGFcnc0Kp96i82tnBw..; vqq_vusession=TxYjBGFcnc0Kp96i82tnBw..; teenGuardSessionCode=6FE74FDCE5B491B871F229AD042AB2B4917271DB9D77ED0D1D8BF9F8950CD60270AA19CD88D854247B463EE1AEDB295B7ED34F5FD324D235A0CB32370DDB08D097BDF1513E7A8B89D188C9E878B7F280F3B07F173375CADADE0263ED842FD35C35B6E4217402E8EB07166FEA
[I][2022-02-11 +80 16:11:54.512][28660, 24824][public_io_pool-155896][VBLoginService][AccountManager][][onLoginStoreChange type: 0 accountJson {"accountType":0,"openId":"04BF6F0447720EABB6A4A921C6FB1DEB","accessToken":"500FBA1C36A9C45556197FFFAD6CFAB3","im_token":"eAEtzUsLgkAUBeD-MttC77ycQWgRRFEIPRe1FOYat7KG0SKJ-numLs85fJwPO2T76IWBpUxEwMZdrtw1954cS7kC0MB5YvuFHN5rKqgD0oIEZfWgaiqxFYlSOjGcy17g21P490ZqAQDDA53bxzI8Zrd46yo0mFlYyHhui3WAeDPF3eUpRk1uQrNaVsfThH1-9Hswhg__","refreshToken":"6F83B0879A9649ABC097307F6213A87A","nickName":"天上白玉京","headImgUrl":"http:\/\/thirdqq.qlogo.cn\/g?b=sdk&k=pEHhcofrDMqX0UN33DwFAg&s=140&t=1571914754","videoUserId":38030485,"videoSessionKey":"TxYjBGFcnc0Kp96i82tnBw..","videoCreateTime":1644567113496,"videoExpireTime":6106000,"accessTokenExpireTime":0,"overdue":false,"appid":"101795054","authCode":"FE4BCCF7CD80389DED52DE39D47D94C4","QQAccessToken":"","QQOpenId":"04BF6F0447720EABB6A4A921C6FB1DEB","QQExpireTime":7776000}
[I][2022-02-11 +80 16:11:54.711][28660, 24824][public_io_pool-155896][VBMMKV_BROADCAST][][][callerProcessName equals currentProcessName
[I][2022-02-11 +80 16:11:54.711][28660, 24824][public_io_pool-155896][VBMMKV_BROADCAST][][][no need notify Observer,  valueObjectClassName = java.util.HashMap callerProcessName = com.tencent.qqlive:xg_vip_service fileName = com.tencent.qqlive_preferences key = vb_wrapperloginservice_atomicinfo , please check context
[I][2022-02-11 +80 16:11:54.767][28660, 24824][public_io_pool-155896][VBMMKV_BROADCAST][][][find nothing from kvfactory
[I][2022-02-11 +80 16:11:54.767][28660, 24824][public_io_pool-155896][VBMMKV_BROADCAST][][][no need notify Observer,  valueObjectClassName =  callerProcessName = com.tencent.qqlive fileName = qad_splash_order_sp_storage key = CMf3xbwSEN34xbwS , please check context
[I][2022-02-11 +80 16:11:57.971][28660, 24663][cellularStrengthThread][NXNetwork_Transport_TypeAssist][][][getNetworkType() : 4G
[I][2022-02-11 +80 16:11:57.998][28660, 24663][cellularStrengthThread][NXNetwork_Transport_TypeAssist][][][getNetworkType() : 4G
[I][2022-02-11 +80 16:12:00.995][28660, 24663][cellularStrengthThread][NXNetwork_Transport_TypeAssist][][][getNetworkType() : 4G
[I][2022-02-11 +80 16:12:03.992][28660, 24663][cellularStrengthThread][NXNetwork_Transport_TypeAssist][][][getNetworkType() : 4G
[I][2022-02-11 +80 16:12:04.004][28660, 24663][cellularStrengthThread][NXNetwork_Transport_TypeAssist][][][getNetworkType() : 4G
[I][2022-02-11 +80 16:12:06.991][28660, 24663][cellularStrengthThread][NXNetwork_Transport_TypeAssist][][][getNetworkType() : 4G
[I][2022-02-11 +80 16:12:09.993][28660, 24663][cellularStrengthThread][NXNetwork_Transport_TypeAssist][][][getNetworkType() : 4G
[I][2022-02-11 +80 16:12:10.013][28660, 24663][cellularStrengthThread][NXNetwork_Transport_TypeAssist][][][getNetworkType() : 4G
[I][2022-02-11 +80 16:12:12.994][28660, 24663][cellularStrengthThread][NXNetwork_Transport_TypeAssist][][][getNetworkType() : 4G
[I][2022-02-11 +80 16:12:26.660][28660, 24663][cellularStrengthThread][NXNetwork_Transport_TypeAssist][][][getNetworkType() : 4G
[I][2022-02-11 +80 16:12:36.818][28660, 24663][cellularStrengthThread][NXNetwork_Transport_TypeAssist][][][getNetworkType() : 4G
[I][2022-02-11 +80 16:12:37.021][28660, 24663][cellularStrengthThread][NXNetwork_Transport_TypeAssist][][][getNetworkType() : 4G
[I][2022-02-11 +80 16:12:43.019][28660, 24663][cellularStrengthThread][NXNetwork_Transport_TypeAssist][][][getNetworkType() : 4G
[I][2022-02-11 +80 16:12:49.027][28660, 24663][cellularStrengthThread][NXNetwork_Transport_TypeAssist][][][getNetworkType() : 4G
[I][2022-02-11 +80 16:31:23.463][28660, 24663][cellularStrengthThread][NXNetwork_Transport_TypeAssist][][][getNetworkType() : 4G
[I][2022-02-11 +80 16:31:23.467][28660, 24663][cellularStrengthThread][NXNetwork_Transport_TypeAssist][][][getNetworkType() : 4G
[I][2022-02-11 +80 16:31:23.468][28660, 24663][cellularStrengthThread][NXNetwork_Transport_TypeAssist][][][getNetworkType() : 4G
[I][2022-02-11 +80 16:31:23.494][28660, 24663][cellularStrengthThread][NXNetwork_Transport_TypeAssist][][][getNetworkType() : 4G
[I][2022-02-11 +80 16:31:23.502][28660, 24663][cellularStrengthThread][NXNetwork_Transport_TypeAssist][][][getNetworkType() : 4G
[I][2022-02-11 +80 16:31:23.504][28660, 24663][cellularStrengthThread][NXNetwork_Transport_TypeAssist][][][getNetworkType() : 4G
[I][2022-02-11 +80 16:31:23.588][28660, 24663][cellularStrengthThread][NXNetwork_Transport_TypeAssist][][][getNetworkType() : 4G
[I][2022-02-11 +80 16:31:23.591][28660, 24663][cellularStrengthThread][NXNetwork_Transport_TypeAssist][][][getNetworkType() : 4G
[I][2022-02-11 +80 16:31:23.600][28660, 24663][cellularStrengthThread][NXNetwork_Transport_TypeAssist][][][getNetworkType() : 4G
[I][2022-02-11 +80 16:31:23.601][28660, 24663][cellularStrengthThread][NXNetwork_Transport_TypeAssist][][][getNetworkType() : 4G
[I][2022-02-11 +80 16:31:23.606][28660, 24663][cellularStrengthThread][NXNetwork_Transport_TypeAssist][][][getNetworkType() : 4G
[I][2022-02-11 +80 16:31:23.606][28660, 24663][cellularStrengthThread][NXNetwork_Transport_TypeAssist][][][getNetworkType() : 4G
[I][2022-02-11 +80 16:31:23.607][28660, 24663][cellularStrengthThread][NXNetwork_Transport_TypeAssist][][][getNetworkType() : 4G
[I][2022-02-11 +80 16:31:23.613][28660, 24663][cellularStrengthThread][NXNetwork_Transport_TypeAssist][][][getNetworkType() : 4G
[I][2022-02-11 +80 16:31:23.620][28660, 24663][cellularStrengthThread][NXNetwork_Transport_TypeAssist][][][getNetworkType() : 4G
[I][2022-02-11 +80 16:31:23.629][28660, 24663][cellularStrengthThread][NXNetwork_Transport_TypeAssist][][][getNetworkType() : 4G
[I][2022-02-11 +80 16:31:23.631][28660, 24663][cellularStrengthThread][NXNetwork_Transport_TypeAssist][][][getNetworkType() : 4G
[I][2022-02-11 +80 16:31:23.634][28660, 24663][cellularStrengthThread][NXNetwork_Transport_TypeAssist][][][getNetworkType() : 4G
[I][2022-02-11 +80 16:31:23.638][28660, 24663][cellularStrengthThread][NXNetwork_Transport_TypeAssist][][][getNetworkType() : 4G
[I][2022-02-11 +80 16:31:23.640][28660, 24663][cellularStrengthThread][NXNetwork_Transport_TypeAssist][][][getNetworkType() : 4G
[I][2022-02-11 +80 16:31:23.650][28660, 24663][cellularStrengthThread][NXNetwork_Transport_TypeAssist][][][getNetworkType() : 4G
[I][2022-02-11 +80 16:31:23.653][28660, 24663][cellularStrengthThread][NXNetwork_Transport_TypeAssist][][][getNetworkType() : 4G
[I][2022-02-11 +80 16:31:23.655][28660, 24663][cellularStrengthThread][NXNetwork_Transport_TypeAssist][][][getNetworkType() : 4G
[I][2022-02-11 +80 16:31:23.666][28660, 24663][cellularStrengthThread][NXNetwork_Transport_TypeAssist][][][getNetworkType() : 4G
[I][2022-02-11 +80 16:31:23.722][28660, 1*][main][Pandora.BackgroundUtil][][][isOnBackground update Pandora
java.lang.Throwable
	at com.tencent.qqlive.pandora.util.BackgroundUtil.isOnBackgroud(Unknown Source:27)
	at com.tencent.qqlive.pandora.device.WifiInfoManager.getConnectionInfo(Unknown Source:97)
	at com.tencent.qqlive.pandora.Pandora.getConnectionInfo(Unknown Source:85)
	at com.tencent.qqlive.monitor.LocationMonitor.getConnectionInfo(Unknown Source:81)
	at com.tencent.qqlive.modules.vb.transportservice.impl.VBTransportSignalStrengthAssistant.getWifiStrengthLevel(Unknown Source:183)
	at com.tencent.qqlive.modules.vb.transportservice.impl.VBTransportSignalStrengthAssistant$1.onReceive(Unknown Source:43)
	at android.app.LoadedApk$ReceiverDispatcher$Args.lambda$getRunnable$0$LoadedApk$ReceiverDispatcher$Args(LoadedApk.java:1786)
	at android.app.-$$Lambda$LoadedApk$ReceiverDispatcher$Args$_BumDX2UKsnxLVrE6UJsJZkotuA.run(Unknown Source:2)
	at android.os.Handler.handleCallback(Handler.java:900)
	at android.os.Handler.dispatchMessage(Handler.java:103)
	at android.os.Looper.loop(Looper.java:219)
	at com.tencent.qqlive.whitecrash.CrashCatcher$1.run(Unknown Source:65)
	at android.os.Handler.handleCallback(Handler.java:900)
	at android.os.Handler.dispatchMessage(Handler.java:103)
	at android.os.Looper.loop(Looper.java:219)
	at android.app.ActivityThread.main(ActivityThread.java:8668)
	at java.lang.reflect.Method.invoke(Native Method)
	at com.android.internal.os.RuntimeInit$MethodAndArgsCaller.run(RuntimeInit.java:513)
	at com.android.internal.os.ZygoteInit.main(ZygoteInit.java:1109)
[I][2022-02-11 +80 16:31:23.722][28660, 1*][main][Pandora.BackgroundUtil][][][isOnBackground update Pandora
java.lang.Throwable
	at com.tencent.qqlive.pandora.util.BackgroundUtil.isOnBackgroud(Unknown Source:27)
	at com.tencent.qqlive.monitor.PrivacyUtil.isAppOnForeground(Unknown Source:144)
	at com.tencent.qqlive.monitor.PrivacyUtil.isBackgroundRequestProcess(Unknown Source:33)
	at com.tencent.qqlive.monitor.LocationMonitor.getConnectionInfo(Unknown Source:87)
	at com.tencent.qqlive.modules.vb.transportservice.impl.VBTransportSignalStrengthAssistant.getWifiStrengthLevel(Unknown Source:183)
	at com.tencent.qqlive.modules.vb.transportservice.impl.VBTransportSignalStrengthAssistant$1.onReceive(Unknown Source:43)
	at android.app.LoadedApk$ReceiverDispatcher$Args.lambda$getRunnable$0$LoadedApk$ReceiverDispatcher$Args(LoadedApk.java:1786)
	at android.app.-$$Lambda$LoadedApk$ReceiverDispatcher$Args$_BumDX2UKsnxLVrE6UJsJZkotuA.run(Unknown Source:2)
	at android.os.Handler.handleCallback(Handler.java:900)
	at android.os.Handler.dispatchMessage(Handler.java:103)
	at android.os.Looper.loop(Looper.java:219)
	at com.tencent.qqlive.whitecrash.CrashCatcher$1.run(Unknown Source:65)
	at android.os.Handler.handleCallback(Handler.java:900)
	at android.os.Handler.dispatchMessage(Handler.java:103)
	at android.os.Looper.loop(Looper.java:219)
	at android.app.ActivityThread.main(ActivityThread.java:8668)
	at java.lang.reflect.Method.invoke(Native Method)
	at com.android.internal.os.RuntimeInit$MethodAndArgsCaller.run(RuntimeInit.java:513)
	at com.android.internal.os.ZygoteInit.main(ZygoteInit.java:1109)
~~~~~ end of mmap ~~~~~[9309,9309][2022-02-12 +0800 08:43:43]
