~~~~~ begin of mmap ~~~~~
[I][2022-02-10 +80 16:22:38.008][26129, 20948][cellularStrengthThread][NXNetwork_Transport_TypeAssist][][][getNetworkType() : 4G
[I][2022-02-10 +80 16:22:38.042][26129, 20948][cellularStrengthThread][NXNetwork_Transport_TypeAssist][][][getNetworkType() : 4G
[I][2022-02-10 +80 16:22:44.011][26129, 20948][cellularStrengthThread][NXNetwork_Transport_TypeAssist][][][getNetworkType() : 4G
[I][2022-02-10 +80 16:22:44.048][26129, 20948][cellularStrengthThread][NXNetwork_Transport_TypeAssist][][][getNetworkType() : 4G
[I][2022-02-10 +80 16:22:50.013][26129, 20948][cellularStrengthThread][NXNetwork_Transport_TypeAssist][][][getNetworkType() : 4G
[I][2022-02-10 +80 16:22:50.059][26129, 20948][cellularStrengthThread][NXNetwork_Transport_TypeAssist][][][getNetworkType() : 4G
[I][2022-02-10 +80 16:24:10.812][26129, 20948][cellularStrengthThread][NXNetwork_Transport_TypeAssist][][][getNetworkType() : 4G
[I][2022-02-10 +80 16:24:10.829][26129, 20948][cellularStrengthThread][NXNetwork_Transport_TypeAssist][][][getNetworkType() : 4G
[I][2022-02-10 +80 16:24:10.834][26129, 20948][cellularStrengthThread][NXNetwork_Transport_TypeAssist][][][getNetworkType() : 4G
[I][2022-02-10 +80 16:24:10.843][26129, 20948][cellularStrengthThread][NXNetwork_Transport_TypeAssist][][][getNetworkType() : 4G
[I][2022-02-10 +80 16:24:10.843][26129, 20948][cellularStrengthThread][NXNetwork_Transport_TypeAssist][][][getNetworkType() : 4G
[I][2022-02-10 +80 16:24:10.850][26129, 20948][cellularStrengthThread][NXNetwork_Transport_TypeAssist][][][getNetworkType() : 4G
[I][2022-02-10 +80 16:24:10.854][26129, 20948][cellularStrengthThread][NXNetwork_Transport_TypeAssist][][][getNetworkType() : 4G
[I][2022-02-10 +80 16:24:10.855][26129, 20948][cellularStrengthThread][NXNetwork_Transport_TypeAssist][][][getNetworkType() : 4G
[I][2022-02-10 +80 16:24:10.862][26129, 20948][cellularStrengthThread][NXNetwork_Transport_TypeAssist][][][getNetworkType() : 4G
[I][2022-02-10 +80 16:24:10.875][26129, 20948][cellularStrengthThread][NXNetwork_Transport_TypeAssist][][][getNetworkType() : 4G
[I][2022-02-10 +80 16:24:10.881][26129, 20948][cellularStrengthThread][NXNetwork_Transport_TypeAssist][][][getNetworkType() : 4G
[I][2022-02-10 +80 16:24:10.887][26129, 20948][cellularStrengthThread][NXNetwork_Transport_TypeAssist][][][getNetworkType() : 4G
[I][2022-02-10 +80 16:24:10.890][26129, 20948][cellularStrengthThread][NXNetwork_Transport_TypeAssist][][][getNetworkType() : 4G
[I][2022-02-10 +80 16:24:10.896][26129, 20948][cellularStrengthThread][NXNetwork_Transport_TypeAssist][][][getNetworkType() : 4G
[I][2022-02-10 +80 16:24:10.906][26129, 20948][cellularStrengthThread][NXNetwork_Transport_TypeAssist][][][getNetworkType() : 4G
[I][2022-02-10 +80 16:24:10.913][26129, 20948][cellularStrengthThread][NXNetwork_Transport_TypeAssist][][][getNetworkType() : 4G
[I][2022-02-10 +80 16:24:10.929][26129, 20948][cellularStrengthThread][NXNetwork_Transport_TypeAssist][][][getNetworkType() : 4G
[I][2022-02-10 +80 16:24:10.933][26129, 20948][cellularStrengthThread][NXNetwork_Transport_TypeAssist][][][getNetworkType() : 4G
[I][2022-02-10 +80 16:24:10.941][26129, 20948][cellularStrengthThread][NXNetwork_Transport_TypeAssist][][][getNetworkType() : 4G
[I][2022-02-10 +80 16:24:10.944][26129, 20948][cellularStrengthThread][NXNetwork_Transport_TypeAssist][][][getNetworkType() : 4G
[I][2022-02-10 +80 16:24:10.948][26129, 20948][cellularStrengthThread][NXNetwork_Transport_TypeAssist][][][getNetworkType() : 4G
[I][2022-02-10 +80 16:24:10.957][26129, 20948][cellularStrengthThread][NXNetwork_Transport_TypeAssist][][][getNetworkType() : 4G
[I][2022-02-10 +80 16:24:10.960][26129, 20948][cellularStrengthThread][NXNetwork_Transport_TypeAssist][][][getNetworkType() : 4G
[I][2022-02-10 +80 16:24:10.970][26129, 20948][cellularStrengthThread][NXNetwork_Transport_TypeAssist][][][getNetworkType() : 4G
[I][2022-02-10 +80 16:24:10.979][26129, 20948][cellularStrengthThread][NXNetwork_Transport_TypeAssist][][][getNetworkType() : 4G
[I][2022-02-10 +80 16:24:10.981][26129, 20948][cellularStrengthThread][NXNetwork_Transport_TypeAssist][][][getNetworkType() : 4G
[I][2022-02-10 +80 16:24:10.992][26129, 20948][cellularStrengthThread][NXNetwork_Transport_TypeAssist][][][getNetworkType() : 4G
[I][2022-02-10 +80 16:24:10.998][26129, 20948][cellularStrengthThread][NXNetwork_Transport_TypeAssist][][][getNetworkType() : 4G
[I][2022-02-10 +80 16:24:11.000][26129, 20948][cellularStrengthThread][NXNetwork_Transport_TypeAssist][][][getNetworkType() : 4G
[I][2022-02-10 +80 16:24:11.003][26129, 20948][cellularStrengthThread][NXNetwork_Transport_TypeAssist][][][getNetworkType() : 4G
[I][2022-02-10 +80 16:24:11.013][26129, 20948][cellularStrengthThread][NXNetwork_Transport_TypeAssist][][][getNetworkType() : 4G
[I][2022-02-10 +80 16:24:11.016][26129, 20948][cellularStrengthThread][NXNetwork_Transport_TypeAssist][][][getNetworkType() : 4G
[I][2022-02-10 +80 16:24:11.018][26129, 20948][cellularStrengthThread][NXNetwork_Transport_TypeAssist][][][getNetworkType() : 4G
[I][2022-02-10 +80 16:24:17.019][26129, 20948][cellularStrengthThread][NXNetwork_Transport_TypeAssist][][][getNetworkType() : 4G
[I][2022-02-10 +80 16:24:17.026][26129, 20948][cellularStrengthThread][NXNetwork_Transport_TypeAssist][][][getNetworkType() : 4G
[I][2022-02-10 +80 16:32:14.661][26129, 20948][cellularStrengthThread][NXNetwork_Transport_TypeAssist][][][getNetworkType() : 4G
[I][2022-02-10 +80 16:32:14.677][26129, 20948][cellularStrengthThread][NXNetwork_Transport_TypeAssist][][][getNetworkType() : 4G
~~~~~ end of mmap ~~~~~[21129,21129][2022-02-10 +0800 17:36:07]
^^^^^^^^^^Sep  7 2021^^^14:05:59^^^^^^^^^^[21129,21129][2022-02-10 +0800 17:36:07]
get mmap time: 3
MARS_URL: 
MARS_PATH: master_android
MARS_REVISION: a7ee7a4
MARS_BUILD_TIME: 2021-09-07 14:05:12
MARS_BUILD_JOB: 
log appender mode:0, use mmap:1
cache dir space info, capacity:245001879552 free:70082490368 available:70082490368
log dir space info, capacity:244980908032 free:70061518848 available:70061518848
[I][2022-02-10 +80 17:36:07.845][21129, 1*][main][InitializerABTestSwitch][][][getThreadpoolConfig >>> jsonStr = {}
[I][2022-02-10 +80 17:36:07.845][21129, 1*][main][Tab][][][getConfigFloat-----sTabSDKManager == null, key = tv_reflect_report_sample_rate_android
[I][2022-02-10 +80 17:36:07.845][21129, 1*][main][Tab][][][getConfigFloat-----sTabSDKManager == null, key = tv_reflect_report_sample_rate_android
[I][2022-02-10 +80 17:36:07.845][21129, 1*][main][LoadLibraryHooker][][][load so c++_shared
[I][2022-02-10 +80 17:36:07.845][21129, 1*][main][LoadLibraryHooker][][][load so mmkv
[I][2022-02-10 +80 17:36:07.846][21129, 1*][main][Tab][][][getConfigFloat-----sTabSDKManager == null, key = tv_reflect_report_sample_rate_android
[I][2022-02-10 +80 17:36:07.846][21129, 1*][main][Tab][][][getConfigFloat-----sTabSDKManager == null, key = tv_reflect_report_sample_rate_android
[I][2022-02-10 +80 17:36:07.846][21129, 1*][main][Tab][][][getConfigFloat-----sTabSDKManager == null, key = tv_reflect_report_sample_rate_android
[I][2022-02-10 +80 17:36:07.846][21129, 1*][main][DetailCgiPreloadTask][][][not match process
[I][2022-02-10 +80 17:36:07.846][21129, 1*][main][LaunchTaskConfigImpl][][][getSubThreadCore = 1
[I][2022-02-10 +80 17:36:07.846][21129, 1*][main][Tab][][][getConfigInt-----sTabSDKManager == null, key = private_protocol_dialog_enable
[I][2022-02-10 +80 17:36:07.846][21129, 1*][main][PrivateProtocolDialogManager][][][PrivateProtocolDialogManager : setValue --> false
[I][2022-02-10 +80 17:36:07.848][21129, 1*][main][DetailCgiPreloadTask][][][not match process
[I][2022-02-10 +80 17:36:07.848][21129, 1*][main][Tab][][][isToggleOn-----sTabSDKManager == null, key = monitor_subprocess_threadinfo_enable
[I][2022-02-10 +80 17:36:07.848][21129, 1*][main][Tab][][][getConfigFloat-----sTabSDKManager == null, key = tv_reflect_report_sample_rate_android
[I][2022-02-10 +80 17:36:07.848][21129, 1*][main][Tab][][][getConfigFloat-----sTabSDKManager == null, key = tv_reflect_report_sample_rate_android
[I][2022-02-10 +80 17:36:07.848][21129, 1*][main][Tab][][][getConfigFloat-----sTabSDKManager == null, key = tv_reflect_report_sample_rate_android
[I][2022-02-10 +80 17:36:07.848][21129, 21398][launch-thread-0][Tab][][][getABCloudConfigInt-----sTabSDKManager == null, key = acc_client_max_conn_pool_idle_size
[I][2022-02-10 +80 17:36:07.848][21129, 21398][launch-thread-0][Tab][][][getABCloudConfigInt-----sTabSDKManager == null, key = acc_client_conn_pool_alive_second_time
[I][2022-02-10 +80 17:36:07.848][21129, 21398][launch-thread-0][Tab][][][getABCloudConfigBoolean-----sTabSDKManager == null, key = acc_client_http2_switch
[I][2022-02-10 +80 17:36:07.849][21129, 21398][launch-thread-0][Tab][][][getConfigFloat-----sTabSDKManager == null, key = tv_reflect_report_sample_rate_android
[I][2022-02-10 +80 17:36:07.849][21129, 21398][launch-thread-0][Tab][][][getConfigFloat-----sTabSDKManager == null, key = tv_reflect_report_sample_rate_android
[I][2022-02-10 +80 17:36:07.849][21129, 1*][main][TabSDKManager][][][init: mOmgidSwitchQimei36=false
[I][2022-02-10 +80 17:36:07.851][21129, 21398][launch-thread-0][NXNetwork_Network_NetworkServiceManager][][][getDefaultServerDomain, returns domain : acc.qq.com
[I][2022-02-10 +80 17:36:07.851][21129, 21398][launch-thread-0][NXNetwork_Network_TaskManager][][][create() new instance, domain : acc.qq.com
[I][2022-02-10 +80 17:36:07.851][21129, 21398][launch-thread-0][NXNetwork_Network_NetworkServiceManager][][][registerNetworkStateListener
[I][2022-02-10 +80 17:36:07.851][21129, 21398][launch-thread-0][NXNetwork_Network_StateManager][][][register new callback
[I][2022-02-10 +80 17:36:07.856][21129, 21401][com.getkeepsafe.relinker.e][LoadLibraryHooker][][][load so tquic
[I][2022-02-10 +80 17:36:07.857][21129, 21398][launch-thread-0][UniCmdSolutionSelector][][][initSolution:UniCmdInitConfig(initHttpConfig=UniCmdInitHttpConfig(enableHttpSolution=true, httpSolutionProxy=com.tencent.qqlive.modules.vb.unicmd.service.UniCmdHttpSolutionDefault@caa34b6), initWnsConfig=UniCmdInitWnsConfig(enableWnsSolution=false, wnsSolutionProxy=null), reportProxy=com.tencent.qqlive.component.config.VBUniCmdInitConfig$reportProxy$1@b4c15b7, tabConfigProxy=com.tencent.qqlive.component.config.VBUniCmdInitConfig$tabConfigProxy$1@8d3124, logProxy=com.tencent.qqlive.modules.vb.unicmd.service.UniCmdLogProxyDefault@6ef148d, executorProxy=com.tencent.qqlive.modules.vb.unicmd.service.UniCmdExecutorProxyDefault@e1ce642, netProbeProxy=com.tencent.qqlive.modules.vb.unicmd.service.UniCmdNetProbeProxyDefault@9825653, platformInfoProxy=com.tencent.qqlive.modules.vb.unicmd.service.UniCmdPlatformInfoProxyDefault@9fe3b90)
[I][2022-02-10 +80 17:36:07.857][21129, 21398][launch-thread-0][UniCmdInitTask][][][UniCmdInitTask init cost:0ms
[I][2022-02-10 +80 17:36:07.857][21129, 21398][launch-thread-0][VBUniCmdServiceImpl][][][init finish, use inner:false
[I][2022-02-10 +80 17:36:07.857][21129, 21398][launch-thread-0][UniCmdMgr][][][UniCmdMgr init
[I][2022-02-10 +80 17:36:07.860][21129, 21399][public_io_pool-152471][TabToggleDataStorage][][][[environment = release, appId = 5608, sceneId = 560811, guid = fbfa97874c6c954bf9c86e24cf65d7177892001021641b]-----fetchStorageStart
[I][2022-02-10 +80 17:36:07.860][21129, 21399][public_io_pool-152471][TabToggleDataStorage][][][[environment = release, appId = 5608, sceneId = 560811, guid = fbfa97874c6c954bf9c86e24cf65d7177892001021641b]-----isNeedToFetchStorage-----return true by is init fetch
[I][2022-02-10 +80 17:36:07.860][21129, 21399][public_io_pool-152471][TabToggleDataStorage][][][[environment = release, appId = 5608, sceneId = 560811, guid = fbfa97874c6c954bf9c86e24cf65d7177892001021641b]-----fetchStorage-----is need to fetch
[I][2022-02-10 +80 17:36:07.860][21129, 21399][public_io_pool-152471][TabToggleDataStorage][][][[environment = release, appId = 5608, sceneId = 560811, guid = fbfa97874c6c954bf9c86e24cf65d7177892001021641b]-----fetchStorageDataVersion-----storageDataVersion = 1644474327
[I][2022-02-10 +80 17:36:07.860][21129, 21399][public_io_pool-152471][TabToggleDataStorage][][][[environment = release, appId = 5608, sceneId = 560811, guid = fbfa97874c6c954bf9c86e24cf65d7177892001021641b]-----putMemoryDataVersion-----dataVersion = 1644474327
[I][2022-02-10 +80 17:36:07.860][21129, 21399][public_io_pool-152471][TabToggleDataStorage][][][[environment = release, appId = 5608, sceneId = 560811, guid = fbfa97874c6c954bf9c86e24cf65d7177892001021641b]-----loadStorageData-----storageAllKeys length = 421
[I][2022-02-10 +80 17:36:07.860][21129, 21398][launch-thread-0][NXNetwork_Network_NetworkServiceManager][][][registerNetworkStateListener
[I][2022-02-10 +80 17:36:07.860][21129, 21398][launch-thread-0][NXNetwork_Network_StateManager][][][register new callback
[I][2022-02-10 +80 17:36:07.860][21129, 21398][launch-thread-0][VBPBTabConfig][][][isRemoveSensitiveInformation:true
[I][2022-02-10 +80 17:36:07.860][21129, 21407][VBPBService-152479][NXNetwork_Network_StateMonitor][][][create state monitor sdkversion:29
[I][2022-02-10 +80 17:36:07.860][21129, 1*][main][ActivityStackImpl][][][init activity stack, size=0
[I][2022-02-10 +80 17:36:07.860][21129, 21407][VBPBService-152479][NXNetwork_Network_StateMonitor][][][network state monitor stop
[I][2022-02-10 +80 17:36:07.860][21129, 1*][main][PlatformIdConfig][][][platform init:false true
[I][2022-02-10 +80 17:36:07.860][21129, 21399][public_io_pool-152471][TabToggleDataStorage][][][[environment = release, appId = 5608, sceneId = 560811, guid = fbfa97874c6c954bf9c86e24cf65d7177892001021641b]-----fetchStorageData-----newDataMap Size = 421
[I][2022-02-10 +80 17:36:07.860][21129, 21399][public_io_pool-152471][TabToggleDataStorage][][][[environment = release, appId = 5608, sceneId = 560811, guid = fbfa97874c6c954bf9c86e24cf65d7177892001021641b]-----fetchStorageData-----oldDataMap Size = 0
[I][2022-02-10 +80 17:36:07.862][21129, 21398][launch-thread-0][NXNetwork_Network_NetworkServiceManager][][][registerNetworkStateListener
[I][2022-02-10 +80 17:36:07.862][21129, 21398][launch-thread-0][NXNetwork_Network_StateManager][][][register new callback
[I][2022-02-10 +80 17:36:07.862][21129, 21407][VBPBService-152479][NXNetwork_Network_StateMonitor][][][network state monitor stop fail, network callback is not registered
[I][2022-02-10 +80 17:36:07.862][21129, 21407][VBPBService-152479][NXNetwork_Network_StateMonitor][][][network state monitor start
[I][2022-02-10 +80 17:36:07.864][21129, 21408][public_io_pool-152480][TabConfigDataStorage][][][[environment = release, appId = 5608, sceneId = 560811, guid = fbfa97874c6c954bf9c86e24cf65d7177892001021641b]-----fetchStorageStart
[I][2022-02-10 +80 17:36:07.864][21129, 21399][public_io_pool-152471][TabToggleDataStorage][][][[environment = release, appId = 5608, sceneId = 560811, guid = fbfa97874c6c954bf9c86e24cf65d7177892001021641b]-----updateControlInfo = TabToggleControlInfo {  mData = value, mEnableReport = false, mRollInterval = 1800, mReportInterval = 300  }
[I][2022-02-10 +80 17:36:07.864][21129, 21408][public_io_pool-152480][TabConfigDataStorage][][][[environment = release, appId = 5608, sceneId = 560811, guid = fbfa97874c6c954bf9c86e24cf65d7177892001021641b]-----isNeedToFetchStorage-----return true by is init fetch
[I][2022-02-10 +80 17:36:07.864][21129, 21408][public_io_pool-152480][TabConfigDataStorage][][][[environment = release, appId = 5608, sceneId = 560811, guid = fbfa97874c6c954bf9c86e24cf65d7177892001021641b]-----fetchStorage-----is need to fetch
[I][2022-02-10 +80 17:36:07.864][21129, 21408][public_io_pool-152480][TabConfigDataStorage][][][[environment = release, appId = 5608, sceneId = 560811, guid = fbfa97874c6c954bf9c86e24cf65d7177892001021641b]-----fetchStorageDataVersion-----storageDataVersion = 1644484353
[I][2022-02-10 +80 17:36:07.864][21129, 21408][public_io_pool-152480][TabConfigDataStorage][][][[environment = release, appId = 5608, sceneId = 560811, guid = fbfa97874c6c954bf9c86e24cf65d7177892001021641b]-----putMemoryDataVersion-----dataVersion = 1644484353
[I][2022-02-10 +80 17:36:07.864][21129, 21399][public_io_pool-152471][TabToggleDataStorage][][][[environment = release, appId = 5608, sceneId = 560811, guid = fbfa97874c6c954bf9c86e24cf65d7177892001021641b]-----fetchStorageEnd
[I][2022-02-10 +80 17:36:07.864][21129, 21399][public_io_pool-152471][TabToggleDataStorage][][][[environment = release, appId = 5608, sceneId = 560811, guid = fbfa97874c6c954bf9c86e24cf65d7177892001021641b]-----initUse-----finish
[I][2022-02-10 +80 17:36:07.864][21129, 21399][public_io_pool-152471][TabToggleDataFetcher][][][[environment = release, appId = 5608, sceneId = 560811, guid = fbfa97874c6c954bf9c86e24cf65d7177892001021641b]-----initUse-----finish
[I][2022-02-10 +80 17:36:07.864][21129, 21399][public_io_pool-152471][TabToggleDataRoller][][][[environment = release, appId = 5608, sceneId = 560811, guid = fbfa97874c6c954bf9c86e24cf65d7177892001021641b]-----initUse-----finish
[I][2022-02-10 +80 17:36:07.864][21129, 21399][public_io_pool-152471][TabToggleDataManager][][][[environment = release, appId = 5608, sceneId = 560811, guid = fbfa97874c6c954bf9c86e24cf65d7177892001021641b]-----initUse-----finish
[I][2022-02-10 +80 17:36:07.864][21129, 21409][public_io_pool-152481][TabSDKManager][][][onOmgIdUpdate-----getOmgID = fbfa97874c6c954bf9c86e24cf65d7177892001021641b
[I][2022-02-10 +80 17:36:07.864][21129, 21409][public_io_pool-152481][TabToggleComponent][][][[environment = release, appId = 5608, sceneId = 560811, guid = fbfa97874c6c954bf9c86e24cf65d7177892001021641b]-----switchGuid-----guid equals, finalTargetGuid = fbfa97874c6c954bf9c86e24cf65d7177892001021641b
[I][2022-02-10 +80 17:36:07.864][21129, 21409][public_io_pool-152481][TabConfigComponent][][][[environment = release, appId = 5608, sceneId = 560811, guid = fbfa97874c6c954bf9c86e24cf65d7177892001021641b]-----switchGuid-----guid equals, finalTargetGuid = fbfa97874c6c954bf9c86e24cf65d7177892001021641b
[I][2022-02-10 +80 17:36:07.864][21129, 21408][public_io_pool-152480][TabConfigDataStorage][][][[environment = release, appId = 5608, sceneId = 560811, guid = fbfa97874c6c954bf9c86e24cf65d7177892001021641b]-----loadStorageData-----storageAllKeys length = 584
[I][2022-02-10 +80 17:36:07.865][21129, 1*][main][QQLiveApplication][][][ApplicationOnCreate, processName = com.tencent.qqlive:webview, flavor = , buildType = iconRelease64, versionName = 8.5.41.26553
[I][2022-02-10 +80 17:36:07.867][21129, 21398][launch-thread-0][GUIDManager][][][getGUID: 925ad63f87c711ec89cd6c92bf48bcb2
[I][2022-02-10 +80 17:36:07.870][21129, 21404][cellularStrengthThread][NXNetwork_Transport_TypeAssist][][][getNetworkType() : 4G
[I][2022-02-10 +80 17:36:07.872][21129, 21408][public_io_pool-152480][TabConfigDataStorage][][][[environment = release, appId = 5608, sceneId = 560811, guid = fbfa97874c6c954bf9c86e24cf65d7177892001021641b]-----fetchStorageData-----newDataMap Size = 584
[I][2022-02-10 +80 17:36:07.872][21129, 21408][public_io_pool-152480][TabConfigDataStorage][][][[environment = release, appId = 5608, sceneId = 560811, guid = fbfa97874c6c954bf9c86e24cf65d7177892001021641b]-----fetchStorageData-----oldDataMap Size = 0
[I][2022-02-10 +80 17:36:07.874][21129, 21408][public_io_pool-152480][TabConfigDataStorage][][][[environment = release, appId = 5608, sceneId = 560811, guid = fbfa97874c6c954bf9c86e24cf65d7177892001021641b]-----updateControlInfo = TabConfigControlInfo {  mData = value, mEnableReport = true, mRollInterval = 1800, mReportInterval = 300  }
[I][2022-02-10 +80 17:36:07.874][21129, 21408][public_io_pool-152480][TabConfigDataStorage][][][[environment = release, appId = 5608, sceneId = 560811, guid = fbfa97874c6c954bf9c86e24cf65d7177892001021641b]-----fetchStorageEnd
[I][2022-02-10 +80 17:36:07.874][21129, 21408][public_io_pool-152480][TabConfigDataStorage][][][[environment = release, appId = 5608, sceneId = 560811, guid = fbfa97874c6c954bf9c86e24cf65d7177892001021641b]-----initUse-----finish
[I][2022-02-10 +80 17:36:07.874][21129, 21408][public_io_pool-152480][TabConfigDataFetcher][][][[environment = release, appId = 5608, sceneId = 560811, guid = fbfa97874c6c954bf9c86e24cf65d7177892001021641b]-----initUse-----finish
[I][2022-02-10 +80 17:36:07.874][21129, 21408][public_io_pool-152480][TabConfigDataRoller][][][[environment = release, appId = 5608, sceneId = 560811, guid = fbfa97874c6c954bf9c86e24cf65d7177892001021641b]-----initUse-----finish
[I][2022-02-10 +80 17:36:07.874][21129, 21408][public_io_pool-152480][TabConfigDataManager][][][[environment = release, appId = 5608, sceneId = 560811, guid = fbfa97874c6c954bf9c86e24cf65d7177892001021641b]-----initUse-----finish
[I][2022-02-10 +80 17:36:07.875][21129, 21405][ConnectivityThread][NXNetwork_Network_StateMonitor][][][onAvailable()
[I][2022-02-10 +80 17:36:07.876][21129, 21405][ConnectivityThread][NXNetwork_Network_TypeAssistant][][][getNetworkType() : 4G
[I][2022-02-10 +80 17:36:07.876][21129, 21405][ConnectivityThread][NXNetwork_Network_StateManager][][][notify network state change, curr state:NETWORK_STATE_4G
[I][2022-02-10 +80 17:36:07.876][21129, 21405][ConnectivityThread][NXNetwork_Network_NetworkServiceManager][][][setNacList, nacMap null!
[I][2022-02-10 +80 17:36:07.876][21129, 21405][ConnectivityThread][NXNetwork_Network_AddressManager][][][setNacList() version:1
[I][2022-02-10 +80 17:36:07.876][21129, 21405][ConnectivityThread][NXNetwork_Network_StateMachine][][][resetState()
[I][2022-02-10 +80 17:36:07.876][21129, 21405][ConnectivityThread][NXNetwork_Network_NacManager][][][clear()
[I][2022-02-10 +80 17:36:07.876][21129, 21405][ConnectivityThread][NXNetwork_Transport_HttpImpl][][][reset() reset OkHttp Client
[I][2022-02-10 +80 17:36:07.876][21129, 21405][ConnectivityThread][NXNetwork_Transport_HttpImpl][][][reset() reset OkHttp Client
[I][2022-02-10 +80 17:36:07.876][21129, 21405][ConnectivityThread][NXNetwork_Network_StateMonitor][][][onLinkPropertiesChanged()
[I][2022-02-10 +80 17:36:07.877][21129, 1*][main][SimpleBroadcastManager][][][onServiceConnected
[I][2022-02-10 +80 17:36:07.877][21129, 21405][ConnectivityThread][NXNetwork_Network_TypeAssistant][][][getNetworkType() : 4G
[I][2022-02-10 +80 17:36:07.877][21129, 21405][ConnectivityThread][NXNetwork_Network_StateManager][][][network state not change, curr state:NETWORK_STATE_4G
[I][2022-02-10 +80 17:36:07.883][21129, 21398][launch-thread-0][LoadLibraryHooker][][][load so Bugly-rqd
[I][2022-02-10 +80 17:36:07.900][21129, 21398][launch-thread-0][FileUtil][][][Crash get file null
[I][2022-02-10 +80 17:36:07.903][21129, 21410][launch-idle61][TaskExecuteMonitorImpl][][][onFinishDispatcher >>> loadType = IdleHigh, threadStrategy = SubThread
[I][2022-02-10 +80 17:36:08.004][21129, 21398][launch-thread-0][LocationGetTask][][][enableRequestLocation:false
[I][2022-02-10 +80 17:36:08.004][21129, 21424][launch-idle71][TaskExecuteMonitorImpl][][][onFinishDispatcher >>> loadType = IdleMiddle, threadStrategy = SubThread
[I][2022-02-10 +80 17:36:08.107][21129, 21398][launch-thread-0][LoadLibraryHooker][][][load so gradishwrapper
[I][2022-02-10 +80 17:36:08.135][21129, 21426][launch-idle81][TaskExecuteMonitorImpl][][][onFinishDispatcher >>> loadType = IdleLow, threadStrategy = SubThread
[I][2022-02-10 +80 17:36:08.855][21129, 21409][public_io_pool-152481][VBMMKV_BROADCAST][][][callerProcessName equals currentProcessName
[I][2022-02-10 +80 17:36:08.855][21129, 21409][public_io_pool-152481][VBMMKV_BROADCAST][][][no need notify Observer,  valueObjectClassName =  callerProcessName = com.tencent.qqlive:webview fileName = com.tencent.qqlive_preferences key = setting_preferences_private_protocol_is_show , please check context
[I][2022-02-10 +80 17:36:08.855][21129, 21409][public_io_pool-152481][VBMMKV_BROADCAST][][][callerProcessName equals currentProcessName
[I][2022-02-10 +80 17:36:08.855][21129, 21409][public_io_pool-152481][VBMMKV_BROADCAST][][][no need notify Observer,  valueObjectClassName =  callerProcessName = com.tencent.qqlive:webview fileName = vb_platformInfo key = vb_platformInfo_version_code , please check context
[I][2022-02-10 +80 17:36:08.856][21129, 21409][public_io_pool-152481][VBMMKV_BROADCAST][][][callerProcessName equals currentProcessName
[I][2022-02-10 +80 17:36:08.856][21129, 21409][public_io_pool-152481][VBMMKV_BROADCAST][][][no need notify Observer,  valueObjectClassName =  callerProcessName = com.tencent.qqlive:webview fileName = vb_platformInfo key = vb_platformInfo_version_name , please check context
[I][2022-02-10 +80 17:36:08.856][21129, 21409][public_io_pool-152481][VBMMKV_BROADCAST][][][callerProcessName equals currentProcessName
[I][2022-02-10 +80 17:36:08.856][21129, 21409][public_io_pool-152481][VBMMKV_BROADCAST][][][no need notify Observer,  valueObjectClassName =  callerProcessName = com.tencent.qqlive:webview fileName = vb_platformInfo key = vb_platformInfo_app_id , please check context
[I][2022-02-10 +80 17:36:10.462][21129, 21404][cellularStrengthThread][NXNetwork_Transport_TypeAssist][][][getNetworkType() : 4G
[I][2022-02-10 +80 17:36:11.551][21129, 21379][Binder:21129_1][TabSDKManager][][][onOmgIdUpdate-----getOmgID = fbfa97874c6c954bf9c86e24cf65d7177892001021641b
[I][2022-02-10 +80 17:36:11.551][21129, 21379][Binder:21129_1][TabToggleComponent][][][[environment = release, appId = 5608, sceneId = 560811, guid = fbfa97874c6c954bf9c86e24cf65d7177892001021641b]-----switchGuid-----guid equals, finalTargetGuid = fbfa97874c6c954bf9c86e24cf65d7177892001021641b
[I][2022-02-10 +80 17:36:11.551][21129, 21379][Binder:21129_1][TabConfigComponent][][][[environment = release, appId = 5608, sceneId = 560811, guid = fbfa97874c6c954bf9c86e24cf65d7177892001021641b]-----switchGuid-----guid equals, finalTargetGuid = fbfa97874c6c954bf9c86e24cf65d7177892001021641b
[I][2022-02-10 +80 17:36:16.872][21129, 21404][cellularStrengthThread][NXNetwork_Transport_TypeAssist][][][getNetworkType() : 4G
[I][2022-02-10 +80 17:36:19.472][21129, 21404][cellularStrengthThread][NXNetwork_Transport_TypeAssist][][][getNetworkType() : 4G
[I][2022-02-10 +80 17:36:22.497][21129, 21404][cellularStrengthThread][NXNetwork_Transport_TypeAssist][][][getNetworkType() : 4G
[I][2022-02-10 +80 17:36:25.490][21129, 21404][cellularStrengthThread][NXNetwork_Transport_TypeAssist][][][getNetworkType() : 4G
[I][2022-02-10 +80 17:36:28.499][21129, 21404][cellularStrengthThread][NXNetwork_Transport_TypeAssist][][][getNetworkType() : 4G
[I][2022-02-10 +80 17:36:35.593][21129, 21404][cellularStrengthThread][NXNetwork_Transport_TypeAssist][][][getNetworkType() : 4G
[I][2022-02-10 +80 17:36:35.641][21129, 21404][cellularStrengthThread][NXNetwork_Transport_TypeAssist][][][getNetworkType() : 4G
[I][2022-02-10 +80 17:36:39.729][21129, 21404][cellularStrengthThread][NXNetwork_Transport_TypeAssist][][][getNetworkType() : 4G
[I][2022-02-10 +80 17:36:40.497][21129, 21404][cellularStrengthThread][NXNetwork_Transport_TypeAssist][][][getNetworkType() : 4G
[I][2022-02-10 +80 17:44:15.085][21129, 21404][cellularStrengthThread][NXNetwork_Transport_TypeAssist][][][getNetworkType() : 4G
[I][2022-02-10 +80 17:44:15.103][21129, 21404][cellularStrengthThread][NXNetwork_Transport_TypeAssist][][][getNetworkType() : 4G
[I][2022-02-10 +80 17:44:15.110][21129, 21404][cellularStrengthThread][NXNetwork_Transport_TypeAssist][][][getNetworkType() : 4G
[I][2022-02-10 +80 17:44:15.125][21129, 21404][cellularStrengthThread][NXNetwork_Transport_TypeAssist][][][getNetworkType() : 4G
[I][2022-02-10 +80 17:44:15.131][21129, 21404][cellularStrengthThread][NXNetwork_Transport_TypeAssist][][][getNetworkType() : 4G
[I][2022-02-10 +80 17:44:15.140][21129, 21404][cellularStrengthThread][NXNetwork_Transport_TypeAssist][][][getNetworkType() : 4G
[I][2022-02-10 +80 17:44:15.188][21129, 21404][cellularStrengthThread][NXNetwork_Transport_TypeAssist][][][getNetworkType() : 4G
[I][2022-02-10 +80 17:44:15.210][21129, 21404][cellularStrengthThread][NXNetwork_Transport_TypeAssist][][][getNetworkType() : 4G
[I][2022-02-10 +80 17:44:15.220][21129, 21404][cellularStrengthThread][NXNetwork_Transport_TypeAssist][][][getNetworkType() : 4G
[I][2022-02-10 +80 17:44:15.362][21129, 21404][cellularStrengthThread][NXNetwork_Transport_TypeAssist][][][getNetworkType() : 4G
[I][2022-02-10 +80 17:44:15.364][21129, 21404][cellularStrengthThread][NXNetwork_Transport_TypeAssist][][][getNetworkType() : 4G
[I][2022-02-10 +80 17:44:15.368][21129, 21404][cellularStrengthThread][NXNetwork_Transport_TypeAssist][][][getNetworkType() : 4G
[I][2022-02-10 +80 17:44:15.372][21129, 21404][cellularStrengthThread][NXNetwork_Transport_TypeAssist][][][getNetworkType() : 4G
[I][2022-02-10 +80 17:44:15.374][21129, 21404][cellularStrengthThread][NXNetwork_Transport_TypeAssist][][][getNetworkType() : 4G
[I][2022-02-10 +80 17:44:15.378][21129, 21404][cellularStrengthThread][NXNetwork_Transport_TypeAssist][][][getNetworkType() : 4G
[I][2022-02-10 +80 17:44:15.381][21129, 21404][cellularStrengthThread][NXNetwork_Transport_TypeAssist][][][getNetworkType() : 4G
[I][2022-02-10 +80 17:44:15.383][21129, 21404][cellularStrengthThread][NXNetwork_Transport_TypeAssist][][][getNetworkType() : 4G
[I][2022-02-10 +80 17:44:15.388][21129, 21404][cellularStrengthThread][NXNetwork_Transport_TypeAssist][][][getNetworkType() : 4G
[I][2022-02-10 +80 17:44:15.391][21129, 21404][cellularStrengthThread][NXNetwork_Transport_TypeAssist][][][getNetworkType() : 4G
[I][2022-02-10 +80 17:44:15.393][21129, 21404][cellularStrengthThread][NXNetwork_Transport_TypeAssist][][][getNetworkType() : 4G
[I][2022-02-10 +80 17:44:15.402][21129, 21404][cellularStrengthThread][NXNetwork_Transport_TypeAssist][][][getNetworkType() : 4G
[I][2022-02-10 +80 17:44:15.405][21129, 21404][cellularStrengthThread][NXNetwork_Transport_TypeAssist][][][getNetworkType() : 4G
[I][2022-02-10 +80 17:44:15.416][21129, 21404][cellularStrengthThread][NXNetwork_Transport_TypeAssist][][][getNetworkType() : 4G
[I][2022-02-10 +80 17:44:15.420][21129, 21404][cellularStrengthThread][NXNetwork_Transport_TypeAssist][][][getNetworkType() : 4G
[I][2022-02-10 +80 17:44:15.426][21129, 21404][cellularStrengthThread][NXNetwork_Transport_TypeAssist][][][getNetworkType() : 4G
[I][2022-02-10 +80 17:44:15.429][21129, 21404][cellularStrengthThread][NXNetwork_Transport_TypeAssist][][][getNetworkType() : 4G
[I][2022-02-10 +80 17:44:15.432][21129, 21404][cellularStrengthThread][NXNetwork_Transport_TypeAssist][][][getNetworkType() : 4G
[I][2022-02-10 +80 17:44:15.439][21129, 21404][cellularStrengthThread][NXNetwork_Transport_TypeAssist][][][getNetworkType() : 4G
[I][2022-02-10 +80 17:44:15.442][21129, 21404][cellularStrengthThread][NXNetwork_Transport_TypeAssist][][][getNetworkType() : 4G
[I][2022-02-10 +80 17:44:15.450][21129, 21404][cellularStrengthThread][NXNetwork_Transport_TypeAssist][][][getNetworkType() : 4G
[I][2022-02-10 +80 17:44:15.465][21129, 21404][cellularStrengthThread][NXNetwork_Transport_TypeAssist][][][getNetworkType() : 4G
[I][2022-02-10 +80 17:44:15.467][21129, 21404][cellularStrengthThread][NXNetwork_Transport_TypeAssist][][][getNetworkType() : 4G
[I][2022-02-10 +80 17:44:15.476][21129, 21404][cellularStrengthThread][NXNetwork_Transport_TypeAssist][][][getNetworkType() : 4G
[I][2022-02-10 +80 17:44:15.482][21129, 21404][cellularStrengthThread][NXNetwork_Transport_TypeAssist][][][getNetworkType() : 4G
[I][2022-02-10 +80 17:44:15.489][21129, 21404][cellularStrengthThread][NXNetwork_Transport_TypeAssist][][][getNetworkType() : 4G
[I][2022-02-10 +80 17:44:15.510][21129, 21404][cellularStrengthThread][NXNetwork_Transport_TypeAssist][][][getNetworkType() : 4G
[I][2022-02-10 +80 17:44:15.516][21129, 21404][cellularStrengthThread][NXNetwork_Transport_TypeAssist][][][getNetworkType() : 4G
[I][2022-02-10 +80 17:44:15.522][21129, 21404][cellularStrengthThread][NXNetwork_Transport_TypeAssist][][][getNetworkType() : 4G
[I][2022-02-10 +80 17:44:15.532][21129, 21404][cellularStrengthThread][NXNetwork_Transport_TypeAssist][][][getNetworkType() : 4G
[I][2022-02-10 +80 17:44:15.540][21129, 21404][cellularStrengthThread][NXNetwork_Transport_TypeAssist][][][getNetworkType() : 4G
[I][2022-02-10 +80 17:44:15.553][21129, 21404][cellularStrengthThread][NXNetwork_Transport_TypeAssist][][][getNetworkType() : 4G
[I][2022-02-10 +80 17:44:15.561][21129, 21404][cellularStrengthThread][NXNetwork_Transport_TypeAssist][][][getNetworkType() : 4G
[I][2022-02-10 +80 17:44:15.573][21129, 21404][cellularStrengthThread][NXNetwork_Transport_TypeAssist][][][getNetworkType() : 4G
[I][2022-02-10 +80 17:44:15.585][21129, 21404][cellularStrengthThread][NXNetwork_Transport_TypeAssist][][][getNetworkType() : 4G
[I][2022-02-10 +80 17:44:15.592][21129, 21404][cellularStrengthThread][NXNetwork_Transport_TypeAssist][][][getNetworkType() : 4G
[I][2022-02-10 +80 17:44:15.597][21129, 21404][cellularStrengthThread][NXNetwork_Transport_TypeAssist][][][getNetworkType() : 4G
[I][2022-02-10 +80 17:44:15.608][21129, 21404][cellularStrengthThread][NXNetwork_Transport_TypeAssist][][][getNetworkType() : 4G
[I][2022-02-10 +80 17:44:15.617][21129, 21404][cellularStrengthThread][NXNetwork_Transport_TypeAssist][][][getNetworkType() : 4G
[I][2022-02-10 +80 17:44:15.621][21129, 21404][cellularStrengthThread][NXNetwork_Transport_TypeAssist][][][getNetworkType() : 4G
[I][2022-02-10 +80 17:44:15.622][21129, 21404][cellularStrengthThread][NXNetwork_Transport_TypeAssist][][][getNetworkType() : 4G
[I][2022-02-10 +80 17:44:15.623][21129, 21404][cellularStrengthThread][NXNetwork_Transport_TypeAssist][][][getNetworkType() : 4G
[I][2022-02-10 +80 17:44:15.624][21129, 21404][cellularStrengthThread][NXNetwork_Transport_TypeAssist][][][getNetworkType() : 4G
[I][2022-02-10 +80 17:44:15.643][21129, 21404][cellularStrengthThread][NXNetwork_Transport_TypeAssist][][][getNetworkType() : 4G
[I][2022-02-10 +80 17:44:15.647][21129, 21404][cellularStrengthThread][NXNetwork_Transport_TypeAssist][][][getNetworkType() : 4G
[I][2022-02-10 +80 17:44:15.659][21129, 21404][cellularStrengthThread][NXNetwork_Transport_TypeAssist][][][getNetworkType() : 4G
[I][2022-02-10 +80 17:44:15.662][21129, 21404][cellularStrengthThread][NXNetwork_Transport_TypeAssist][][][getNetworkType() : 4G
[I][2022-02-10 +80 17:44:15.678][21129, 21404][cellularStrengthThread][NXNetwork_Transport_TypeAssist][][][getNetworkType() : 4G
[I][2022-02-10 +80 17:44:15.690][21129, 21404][cellularStrengthThread][NXNetwork_Transport_TypeAssist][][][getNetworkType() : 4G
[I][2022-02-10 +80 17:44:15.702][21129, 21404][cellularStrengthThread][NXNetwork_Transport_TypeAssist][][][getNetworkType() : 4G
[I][2022-02-10 +80 17:44:15.717][21129, 21404][cellularStrengthThread][NXNetwork_Transport_TypeAssist][][][getNetworkType() : 4G
[I][2022-02-10 +80 17:44:15.733][21129, 21404][cellularStrengthThread][NXNetwork_Transport_TypeAssist][][][getNetworkType() : 4G
[I][2022-02-10 +80 17:44:15.740][21129, 21404][cellularStrengthThread][NXNetwork_Transport_TypeAssist][][][getNetworkType() : 4G
[I][2022-02-10 +80 17:44:15.749][21129, 21404][cellularStrengthThread][NXNetwork_Transport_TypeAssist][][][getNetworkType() : 4G
[I][2022-02-10 +80 17:44:15.755][21129, 21404][cellularStrengthThread][NXNetwork_Transport_TypeAssist][][][getNetworkType() : 4G
[I][2022-02-10 +80 17:44:15.782][21129, 21404][cellularStrengthThread][NXNetwork_Transport_TypeAssist][][][getNetworkType() : 4G
[I][2022-02-10 +80 17:44:15.787][21129, 21404][cellularStrengthThread][NXNetwork_Transport_TypeAssist][][][getNetworkType() : 4G
[I][2022-02-10 +80 17:44:15.796][21129, 21404][cellularStrengthThread][NXNetwork_Transport_TypeAssist][][][getNetworkType() : 4G
[I][2022-02-10 +80 17:44:15.802][21129, 21404][cellularStrengthThread][NXNetwork_Transport_TypeAssist][][][getNetworkType() : 4G
[I][2022-02-10 +80 17:44:15.809][21129, 21404][cellularStrengthThread][NXNetwork_Transport_TypeAssist][][][getNetworkType() : 4G
[I][2022-02-10 +80 17:44:15.825][21129, 21404][cellularStrengthThread][NXNetwork_Transport_TypeAssist][][][getNetworkType() : 4G
[I][2022-02-10 +80 17:44:15.827][21129, 21404][cellularStrengthThread][NXNetwork_Transport_TypeAssist][][][getNetworkType() : 4G
[I][2022-02-10 +80 17:44:15.832][21129, 21404][cellularStrengthThread][NXNetwork_Transport_TypeAssist][][][getNetworkType() : 4G
[I][2022-02-10 +80 17:44:15.833][21129, 21404][cellularStrengthThread][NXNetwork_Transport_TypeAssist][][][getNetworkType() : 4G
[I][2022-02-10 +80 17:44:15.840][21129, 21404][cellularStrengthThread][NXNetwork_Transport_TypeAssist][][][getNetworkType() : 4G
[I][2022-02-10 +80 17:44:15.848][21129, 21404][cellularStrengthThread][NXNetwork_Transport_TypeAssist][][][getNetworkType() : 4G
[I][2022-02-10 +80 17:44:15.854][21129, 21404][cellularStrengthThread][NXNetwork_Transport_TypeAssist][][][getNetworkType() : 4G
[I][2022-02-10 +80 17:44:15.863][21129, 21404][cellularStrengthThread][NXNetwork_Transport_TypeAssist][][][getNetworkType() : 4G
[I][2022-02-10 +80 17:44:15.878][21129, 21404][cellularStrengthThread][NXNetwork_Transport_TypeAssist][][][getNetworkType() : 4G
[I][2022-02-10 +80 17:44:15.881][21129, 21404][cellularStrengthThread][NXNetwork_Transport_TypeAssist][][][getNetworkType() : 4G
[I][2022-02-10 +80 17:44:15.887][21129, 21404][cellularStrengthThread][NXNetwork_Transport_TypeAssist][][][getNetworkType() : 4G
[I][2022-02-10 +80 17:44:15.897][21129, 21404][cellularStrengthThread][NXNetwork_Transport_TypeAssist][][][getNetworkType() : 4G
[I][2022-02-10 +80 17:44:15.898][21129, 21404][cellularStrengthThread][NXNetwork_Transport_TypeAssist][][][getNetworkType() : 4G
[I][2022-02-10 +80 17:44:15.901][21129, 21404][cellularStrengthThread][NXNetwork_Transport_TypeAssist][][][getNetworkType() : 4G
[I][2022-02-10 +80 17:44:15.902][21129, 21404][cellularStrengthThread][NXNetwork_Transport_TypeAssist][][][getNetworkType() : 4G
[I][2022-02-10 +80 17:44:15.904][21129, 21404][cellularStrengthThread][NXNetwork_Transport_TypeAssist][][][getNetworkType() : 4G
[I][2022-02-10 +80 17:44:15.906][21129, 21404][cellularStrengthThread][NXNetwork_Transport_TypeAssist][][][getNetworkType() : 4G
[I][2022-02-10 +80 17:44:15.908][21129, 21404][cellularStrengthThread][NXNetwork_Transport_TypeAssist][][][getNetworkType() : 4G
[I][2022-02-10 +80 17:44:15.912][21129, 21404][cellularStrengthThread][NXNetwork_Transport_TypeAssist][][][getNetworkType() : 4G
[I][2022-02-10 +80 17:44:15.913][21129, 21404][cellularStrengthThread][NXNetwork_Transport_TypeAssist][][][getNetworkType() : 4G
[I][2022-02-10 +80 17:44:15.916][21129, 21404][cellularStrengthThread][NXNetwork_Transport_TypeAssist][][][getNetworkType() : 4G
[I][2022-02-10 +80 17:44:15.921][21129, 21404][cellularStrengthThread][NXNetwork_Transport_TypeAssist][][][getNetworkType() : 4G
[I][2022-02-10 +80 17:44:15.923][21129, 21404][cellularStrengthThread][NXNetwork_Transport_TypeAssist][][][getNetworkType() : 4G
[I][2022-02-10 +80 17:44:15.927][21129, 21404][cellularStrengthThread][NXNetwork_Transport_TypeAssist][][][getNetworkType() : 4G
[I][2022-02-10 +80 17:44:15.928][21129, 21404][cellularStrengthThread][NXNetwork_Transport_TypeAssist][][][getNetworkType() : 4G
[I][2022-02-10 +80 17:44:15.930][21129, 21404][cellularStrengthThread][NXNetwork_Transport_TypeAssist][][][getNetworkType() : 4G
[I][2022-02-10 +80 17:44:15.931][21129, 21404][cellularStrengthThread][NXNetwork_Transport_TypeAssist][][][getNetworkType() : 4G
[I][2022-02-10 +80 17:44:15.935][21129, 21404][cellularStrengthThread][NXNetwork_Transport_TypeAssist][][][getNetworkType() : 4G
[I][2022-02-10 +80 17:44:15.943][21129, 21404][cellularStrengthThread][NXNetwork_Transport_TypeAssist][][][getNetworkType() : 4G
[I][2022-02-10 +80 17:44:15.943][21129, 21404][cellularStrengthThread][NXNetwork_Transport_TypeAssist][][][getNetworkType() : 4G
[I][2022-02-10 +80 17:44:15.943][21129, 21404][cellularStrengthThread][NXNetwork_Transport_TypeAssist][][][getNetworkType() : 4G
[I][2022-02-10 +80 17:44:15.943][21129, 21404][cellularStrengthThread][NXNetwork_Transport_TypeAssist][][][getNetworkType() : 4G
[I][2022-02-10 +80 17:44:15.955][21129, 21404][cellularStrengthThread][NXNetwork_Transport_TypeAssist][][][getNetworkType() : 4G
[I][2022-02-10 +80 17:44:15.955][21129, 21404][cellularStrengthThread][NXNetwork_Transport_TypeAssist][][][getNetworkType() : 4G
[I][2022-02-10 +80 17:44:15.955][21129, 21404][cellularStrengthThread][NXNetwork_Transport_TypeAssist][][][getNetworkType() : 4G
[I][2022-02-10 +80 17:44:15.962][21129, 21404][cellularStrengthThread][NXNetwork_Transport_TypeAssist][][][getNetworkType() : 4G
[I][2022-02-10 +80 17:44:15.962][21129, 21404][cellularStrengthThread][NXNetwork_Transport_TypeAssist][][][getNetworkType() : 4G
[I][2022-02-10 +80 17:44:15.962][21129, 21404][cellularStrengthThread][NXNetwork_Transport_TypeAssist][][][getNetworkType() : 4G
[I][2022-02-10 +80 17:44:15.966][21129, 21404][cellularStrengthThread][NXNetwork_Transport_TypeAssist][][][getNetworkType() : 4G
[I][2022-02-10 +80 17:44:15.970][21129, 21404][cellularStrengthThread][NXNetwork_Transport_TypeAssist][][][getNetworkType() : 4G
[I][2022-02-10 +80 17:44:15.973][21129, 21404][cellularStrengthThread][NXNetwork_Transport_TypeAssist][][][getNetworkType() : 4G
[I][2022-02-10 +80 17:44:15.974][21129, 21404][cellularStrengthThread][NXNetwork_Transport_TypeAssist][][][getNetworkType() : 4G
[I][2022-02-10 +80 17:44:15.976][21129, 21404][cellularStrengthThread][NXNetwork_Transport_TypeAssist][][][getNetworkType() : 4G
[I][2022-02-10 +80 17:44:15.979][21129, 21404][cellularStrengthThread][NXNetwork_Transport_TypeAssist][][][getNetworkType() : 4G
[I][2022-02-10 +80 17:44:15.980][21129, 21404][cellularStrengthThread][NXNetwork_Transport_TypeAssist][][][getNetworkType() : 4G
[I][2022-02-10 +80 17:44:15.985][21129, 21404][cellularStrengthThread][NXNetwork_Transport_TypeAssist][][][getNetworkType() : 4G
[I][2022-02-10 +80 17:44:16.599][21129, 21404][cellularStrengthThread][NXNetwork_Transport_TypeAssist][][][getNetworkType() : 4G
[I][2022-02-10 +80 17:44:22.607][21129, 21404][cellularStrengthThread][NXNetwork_Transport_TypeAssist][][][getNetworkType() : 4G
[I][2022-02-10 +80 17:44:28.604][21129, 21404][cellularStrengthThread][NXNetwork_Transport_TypeAssist][][][getNetworkType() : 4G
[I][2022-02-10 +80 17:47:25.765][21129, 21404][cellularStrengthThread][NXNetwork_Transport_TypeAssist][][][getNetworkType() : 4G
[I][2022-02-10 +80 17:47:25.768][21129, 21404][cellularStrengthThread][NXNetwork_Transport_TypeAssist][][][getNetworkType() : 4G
[I][2022-02-10 +80 17:47:25.770][21129, 21404][cellularStrengthThread][NXNetwork_Transport_TypeAssist][][][getNetworkType() : 4G
[I][2022-02-10 +80 17:47:25.771][21129, 21404][cellularStrengthThread][NXNetwork_Transport_TypeAssist][][][getNetworkType() : 4G
[I][2022-02-10 +80 17:47:25.772][21129, 21404][cellularStrengthThread][NXNetwork_Transport_TypeAssist][][][getNetworkType() : 4G
[I][2022-02-10 +80 17:47:25.774][21129, 21404][cellularStrengthThread][NXNetwork_Transport_TypeAssist][][][getNetworkType() : 4G
[I][2022-02-10 +80 17:47:25.779][21129, 21404][cellularStrengthThread][NXNetwork_Transport_TypeAssist][][][getNetworkType() : 4G
[I][2022-02-10 +80 17:47:25.780][21129, 21404][cellularStrengthThread][NXNetwork_Transport_TypeAssist][][][getNetworkType() : 4G
[I][2022-02-10 +80 17:47:25.781][21129, 21404][cellularStrengthThread][NXNetwork_Transport_TypeAssist][][][getNetworkType() : 4G
[I][2022-02-10 +80 17:47:25.786][21129, 21404][cellularStrengthThread][NXNetwork_Transport_TypeAssist][][][getNetworkType() : 4G
[I][2022-02-10 +80 17:47:25.793][21129, 21404][cellularStrengthThread][NXNetwork_Transport_TypeAssist][][][getNetworkType() : 4G
[I][2022-02-10 +80 17:47:25.802][21129, 21404][cellularStrengthThread][NXNetwork_Transport_TypeAssist][][][getNetworkType() : 4G
[I][2022-02-10 +80 17:47:25.804][21129, 21404][cellularStrengthThread][NXNetwork_Transport_TypeAssist][][][getNetworkType() : 4G
[I][2022-02-10 +80 17:47:25.805][21129, 21404][cellularStrengthThread][NXNetwork_Transport_TypeAssist][][][getNetworkType() : 4G
[I][2022-02-10 +80 17:47:25.807][21129, 21404][cellularStrengthThread][NXNetwork_Transport_TypeAssist][][][getNetworkType() : 4G
[I][2022-02-10 +80 17:47:25.812][21129, 21404][cellularStrengthThread][NXNetwork_Transport_TypeAssist][][][getNetworkType() : 4G
[I][2022-02-10 +80 17:47:25.814][21129, 21404][cellularStrengthThread][NXNetwork_Transport_TypeAssist][][][getNetworkType() : 4G
[I][2022-02-10 +80 17:47:25.815][21129, 21404][cellularStrengthThread][NXNetwork_Transport_TypeAssist][][][getNetworkType() : 4G
[I][2022-02-10 +80 17:47:25.816][21129, 21404][cellularStrengthThread][NXNetwork_Transport_TypeAssist][][][getNetworkType() : 4G
[I][2022-02-10 +80 17:47:25.821][21129, 21404][cellularStrengthThread][NXNetwork_Transport_TypeAssist][][][getNetworkType() : 4G
[I][2022-02-10 +80 17:47:25.827][21129, 21404][cellularStrengthThread][NXNetwork_Transport_TypeAssist][][][getNetworkType() : 4G
[I][2022-02-10 +80 17:47:25.836][21129, 21404][cellularStrengthThread][NXNetwork_Transport_TypeAssist][][][getNetworkType() : 4G
[I][2022-02-10 +80 17:47:25.845][21129, 21404][cellularStrengthThread][NXNetwork_Transport_TypeAssist][][][getNetworkType() : 4G
[I][2022-02-10 +80 17:47:25.849][21129, 21404][cellularStrengthThread][NXNetwork_Transport_TypeAssist][][][getNetworkType() : 4G
[I][2022-02-10 +80 17:47:25.850][21129, 21404][cellularStrengthThread][NXNetwork_Transport_TypeAssist][][][getNetworkType() : 4G
[I][2022-02-10 +80 17:47:25.853][21129, 21404][cellularStrengthThread][NXNetwork_Transport_TypeAssist][][][getNetworkType() : 4G
[I][2022-02-10 +80 17:47:25.854][21129, 21404][cellularStrengthThread][NXNetwork_Transport_TypeAssist][][][getNetworkType() : 4G
[I][2022-02-10 +80 17:47:25.861][21129, 21404][cellularStrengthThread][NXNetwork_Transport_TypeAssist][][][getNetworkType() : 4G
[I][2022-02-10 +80 17:47:25.872][21129, 21404][cellularStrengthThread][NXNetwork_Transport_TypeAssist][][][getNetworkType() : 4G
[I][2022-02-10 +80 17:47:25.876][21129, 21404][cellularStrengthThread][NXNetwork_Transport_TypeAssist][][][getNetworkType() : 4G
[I][2022-02-10 +80 17:47:25.883][21129, 21404][cellularStrengthThread][NXNetwork_Transport_TypeAssist][][][getNetworkType() : 4G
[I][2022-02-10 +80 17:47:25.889][21129, 21404][cellularStrengthThread][NXNetwork_Transport_TypeAssist][][][getNetworkType() : 4G
[I][2022-02-10 +80 17:47:25.894][21129, 21404][cellularStrengthThread][NXNetwork_Transport_TypeAssist][][][getNetworkType() : 4G
[I][2022-02-10 +80 17:47:25.903][21129, 21404][cellularStrengthThread][NXNetwork_Transport_TypeAssist][][][getNetworkType() : 4G
[I][2022-02-10 +80 17:47:25.909][21129, 21404][cellularStrengthThread][NXNetwork_Transport_TypeAssist][][][getNetworkType() : 4G
[I][2022-02-10 +80 17:47:25.914][21129, 21404][cellularStrengthThread][NXNetwork_Transport_TypeAssist][][][getNetworkType() : 4G
[I][2022-02-10 +80 17:47:25.917][21129, 21404][cellularStrengthThread][NXNetwork_Transport_TypeAssist][][][getNetworkType() : 4G
[I][2022-02-10 +80 17:47:28.638][21129, 21404][cellularStrengthThread][NXNetwork_Transport_TypeAssist][][][getNetworkType() : 4G
[I][2022-02-10 +80 17:47:31.662][21129, 21404][cellularStrengthThread][NXNetwork_Transport_TypeAssist][][][getNetworkType() : 4G
[I][2022-02-10 +80 17:47:34.643][21129, 21404][cellularStrengthThread][NXNetwork_Transport_TypeAssist][][][getNetworkType() : 4G
[I][2022-02-10 +80 17:47:37.669][21129, 21404][cellularStrengthThread][NXNetwork_Transport_TypeAssist][][][getNetworkType() : 4G
[I][2022-02-10 +80 17:55:04.174][21129, 21404][cellularStrengthThread][NXNetwork_Transport_TypeAssist][][][getNetworkType() : 4G
[I][2022-02-10 +80 17:55:04.197][21129, 21404][cellularStrengthThread][NXNetwork_Transport_TypeAssist][][][getNetworkType() : 4G
[I][2022-02-10 +80 17:55:04.198][21129, 21404][cellularStrengthThread][NXNetwork_Transport_TypeAssist][][][getNetworkType() : 4G
[I][2022-02-10 +80 17:55:04.198][21129, 21404][cellularStrengthThread][NXNetwork_Transport_TypeAssist][][][getNetworkType() : 4G
[I][2022-02-10 +80 17:55:04.199][21129, 21404][cellularStrengthThread][NXNetwork_Transport_TypeAssist][][][getNetworkType() : 4G
[I][2022-02-10 +80 17:55:04.199][21129, 21404][cellularStrengthThread][NXNetwork_Transport_TypeAssist][][][getNetworkType() : 4G
[I][2022-02-10 +80 17:55:04.220][21129, 21404][cellularStrengthThread][NXNetwork_Transport_TypeAssist][][][getNetworkType() : 4G
[I][2022-02-10 +80 17:55:04.224][21129, 21404][cellularStrengthThread][NXNetwork_Transport_TypeAssist][][][getNetworkType() : 4G
[I][2022-02-10 +80 17:55:04.229][21129, 21404][cellularStrengthThread][NXNetwork_Transport_TypeAssist][][][getNetworkType() : 4G
[I][2022-02-10 +80 17:55:04.230][21129, 21404][cellularStrengthThread][NXNetwork_Transport_TypeAssist][][][getNetworkType() : 4G
[I][2022-02-10 +80 17:55:04.231][21129, 21404][cellularStrengthThread][NXNetwork_Transport_TypeAssist][][][getNetworkType() : 4G
[I][2022-02-10 +80 17:55:04.233][21129, 21404][cellularStrengthThread][NXNetwork_Transport_TypeAssist][][][getNetworkType() : 4G
[I][2022-02-10 +80 17:55:04.234][21129, 21404][cellularStrengthThread][NXNetwork_Transport_TypeAssist][][][getNetworkType() : 4G
[I][2022-02-10 +80 17:55:04.438][21129, 21438][Binder:21129_A][TabSDKManager][][][onOmgIdUpdate-----getOmgID = fbfa97874c6c954bf9c86e24cf65d7177892001021641b
[I][2022-02-10 +80 17:55:04.441][21129, 21438][Binder:21129_A][TabToggleComponent][][][[environment = release, appId = 5608, sceneId = 560811, guid = fbfa97874c6c954bf9c86e24cf65d7177892001021641b]-----switchGuid-----guid equals, finalTargetGuid = fbfa97874c6c954bf9c86e24cf65d7177892001021641b
[I][2022-02-10 +80 17:55:04.441][21129, 21438][Binder:21129_A][TabConfigComponent][][][[environment = release, appId = 5608, sceneId = 560811, guid = fbfa97874c6c954bf9c86e24cf65d7177892001021641b]-----switchGuid-----guid equals, finalTargetGuid = fbfa97874c6c954bf9c86e24cf65d7177892001021641b
[I][2022-02-10 +80 17:55:04.471][21129, 21404][cellularStrengthThread][NXNetwork_Transport_TypeAssist][][][getNetworkType() : 4G
[I][2022-02-10 +80 17:55:05.548][21129, 21439][public_io_pool-152511][VBMMKV_BROADCAST][][][find nothing from kvfactory
[I][2022-02-10 +80 17:55:05.548][21129, 21439][public_io_pool-152511][VBMMKV_BROADCAST][][][no need notify Observer,  valueObjectClassName =  callerProcessName = com.tencent.qqlive fileName = qad_splash_order_sp_storage key = CM_1spYSEOn3spYS , please check context
[I][2022-02-10 +80 17:55:07.474][21129, 21404][cellularStrengthThread][NXNetwork_Transport_TypeAssist][][][getNetworkType() : 4G
[I][2022-02-10 +80 17:55:07.486][21129, 21404][cellularStrengthThread][NXNetwork_Transport_TypeAssist][][][getNetworkType() : 4G
[I][2022-02-10 +80 17:55:07.508][21129, 21404][cellularStrengthThread][NXNetwork_Transport_TypeAssist][][][getNetworkType() : 4G
[I][2022-02-10 +80 17:55:10.477][21129, 21404][cellularStrengthThread][NXNetwork_Transport_TypeAssist][][][getNetworkType() : 4G
[I][2022-02-10 +80 17:55:13.460][21129, 21404][cellularStrengthThread][NXNetwork_Transport_TypeAssist][][][getNetworkType() : 4G
[I][2022-02-10 +80 17:55:13.471][21129, 21404][cellularStrengthThread][NXNetwork_Transport_TypeAssist][][][getNetworkType() : 4G
[I][2022-02-10 +80 17:55:16.472][21129, 21404][cellularStrengthThread][NXNetwork_Transport_TypeAssist][][][getNetworkType() : 4G
[I][2022-02-10 +80 17:55:17.002][21129, 21404][cellularStrengthThread][NXNetwork_Transport_TypeAssist][][][getNetworkType() : 4G
[I][2022-02-10 +80 17:55:17.333][21129, 21404][cellularStrengthThread][NXNetwork_Transport_TypeAssist][][][getNetworkType() : 4G
[I][2022-02-10 +80 17:55:19.483][21129, 21404][cellularStrengthThread][NXNetwork_Transport_TypeAssist][][][getNetworkType() : 4G
[I][2022-02-10 +80 17:55:22.468][21129, 21404][cellularStrengthThread][NXNetwork_Transport_TypeAssist][][][getNetworkType() : 4G
[I][2022-02-10 +80 17:55:22.480][21129, 21404][cellularStrengthThread][NXNetwork_Transport_TypeAssist][][][getNetworkType() : 4G
[I][2022-02-10 +80 17:55:25.474][21129, 21404][cellularStrengthThread][NXNetwork_Transport_TypeAssist][][][getNetworkType() : 4G
[I][2022-02-10 +80 17:55:28.480][21129, 21404][cellularStrengthThread][NXNetwork_Transport_TypeAssist][][][getNetworkType() : 4G
[I][2022-02-10 +80 17:55:28.491][21129, 21404][cellularStrengthThread][NXNetwork_Transport_TypeAssist][][][getNetworkType() : 4G
[I][2022-02-10 +80 17:55:29.281][21129, 21404][cellularStrengthThread][NXNetwork_Transport_TypeAssist][][][getNetworkType() : 4G
[I][2022-02-10 +80 17:55:31.469][21129, 21404][cellularStrengthThread][NXNetwork_Transport_TypeAssist][][][getNetworkType() : 4G
[I][2022-02-10 +80 17:55:37.476][21129, 21404][cellularStrengthThread][NXNetwork_Transport_TypeAssist][][][getNetworkType() : 4G
[I][2022-02-10 +80 17:55:39.564][21129, 21404][cellularStrengthThread][NXNetwork_Transport_TypeAssist][][][getNetworkType() : 4G
