~~~~~ begin of mmap ~~~~~
[I][2022-02-12 +80 08:43:43.123][9341, 1*][main][InitializerABTestSwitch][][][getThreadpoolConfig >>> jsonStr = {}
[I][2022-02-12 +80 08:43:43.123][9341, 1*][main][Tab][][][getConfigFloat-----sTabSDKManager == null, key = tv_reflect_report_sample_rate_android
[I][2022-02-12 +80 08:43:43.123][9341, 1*][main][Tab][][][getConfigFloat-----sTabSDKManager == null, key = tv_reflect_report_sample_rate_android
[I][2022-02-12 +80 08:43:43.123][9341, 1*][main][LoadLibraryHooker][][][load so c++_shared
[I][2022-02-12 +80 08:43:43.123][9341, 1*][main][LoadLibraryHooker][][][load so mmkv
[I][2022-02-12 +80 08:43:43.124][9341, 1*][main][Tab][][][getConfigFloat-----sTabSDKManager == null, key = tv_reflect_report_sample_rate_android
[I][2022-02-12 +80 08:43:43.124][9341, 1*][main][Tab][][][getConfigFloat-----sTabSDKManager == null, key = tv_reflect_report_sample_rate_android
[I][2022-02-12 +80 08:43:43.124][9341, 1*][main][Tab][][][getConfigFloat-----sTabSDKManager == null, key = tv_reflect_report_sample_rate_android
[I][2022-02-12 +80 08:43:43.124][9341, 1*][main][DetailCgiPreloadTask][][][not match process
[I][2022-02-12 +80 08:43:43.124][9341, 1*][main][LaunchTaskConfigImpl][][][getSubThreadCore = 1
[I][2022-02-12 +80 08:43:43.124][9341, 1*][main][Tab][][][getConfigInt-----sTabSDKManager == null, key = private_protocol_dialog_enable
[I][2022-02-12 +80 08:43:43.124][9341, 1*][main][PrivateProtocolDialogManager][][][PrivateProtocolDialogManager : setValue --> false
[I][2022-02-12 +80 08:43:43.128][9341, 1*][main][DetailCgiPreloadTask][][][not match process
[I][2022-02-12 +80 08:43:43.128][9341, 1*][main][Tab][][][isToggleOn-----sTabSDKManager == null, key = monitor_subprocess_threadinfo_enable
[I][2022-02-12 +80 08:43:43.128][9341, 1*][main][Tab][][][getConfigFloat-----sTabSDKManager == null, key = tv_reflect_report_sample_rate_android
[I][2022-02-12 +80 08:43:43.128][9341, 1*][main][Tab][][][getConfigFloat-----sTabSDKManager == null, key = tv_reflect_report_sample_rate_android
[I][2022-02-12 +80 08:43:43.128][9341, 1*][main][Tab][][][getConfigFloat-----sTabSDKManager == null, key = tv_reflect_report_sample_rate_android
[I][2022-02-12 +80 08:43:43.129][9341, 27187][launch-thread-0][Tab][][][getABCloudConfigInt-----sTabSDKManager == null, key = acc_client_max_conn_pool_idle_size
[I][2022-02-12 +80 08:43:43.129][9341, 27187][launch-thread-0][Tab][][][getABCloudConfigInt-----sTabSDKManager == null, key = acc_client_conn_pool_alive_second_time
[I][2022-02-12 +80 08:43:43.129][9341, 27187][launch-thread-0][Tab][][][getABCloudConfigBoolean-----sTabSDKManager == null, key = acc_client_http2_switch
[I][2022-02-12 +80 08:43:43.129][9341, 1*][main][TabSDKManager][][][init: mOmgidSwitchQimei36=false
[I][2022-02-12 +80 08:43:43.136][9341, 27186][public_io_pool-158258][TabToggleDataStorage][][][[environment = release, appId = 5608, sceneId = 560811, guid = fbfa97874c6c954bf9c86e24cf65d7177892001021641b]-----fetchStorageStart
[I][2022-02-12 +80 08:43:43.136][9341, 27186][public_io_pool-158258][TabToggleDataStorage][][][[environment = release, appId = 5608, sceneId = 560811, guid = fbfa97874c6c954bf9c86e24cf65d7177892001021641b]-----isNeedToFetchStorage-----return true by is init fetch
[I][2022-02-12 +80 08:43:43.136][9341, 27186][public_io_pool-158258][TabToggleDataStorage][][][[environment = release, appId = 5608, sceneId = 560811, guid = fbfa97874c6c954bf9c86e24cf65d7177892001021641b]-----fetchStorage-----is need to fetch
[I][2022-02-12 +80 08:43:43.136][9341, 27186][public_io_pool-158258][TabToggleDataStorage][][][[environment = release, appId = 5608, sceneId = 560811, guid = fbfa97874c6c954bf9c86e24cf65d7177892001021641b]-----fetchStorageDataVersion-----storageDataVersion = 1644550535
[I][2022-02-12 +80 08:43:43.136][9341, 27186][public_io_pool-158258][TabToggleDataStorage][][][[environment = release, appId = 5608, sceneId = 560811, guid = fbfa97874c6c954bf9c86e24cf65d7177892001021641b]-----putMemoryDataVersion-----dataVersion = 1644550535
[I][2022-02-12 +80 08:43:43.136][9341, 27186][public_io_pool-158258][TabToggleDataStorage][][][[environment = release, appId = 5608, sceneId = 560811, guid = fbfa97874c6c954bf9c86e24cf65d7177892001021641b]-----loadStorageData-----storageAllKeys length = 421
[I][2022-02-12 +80 08:43:43.136][9341, 27187][launch-thread-0][NXNetwork_Network_NetworkServiceManager][][][getDefaultServerDomain, returns domain : acc.qq.com
[I][2022-02-12 +80 08:43:43.136][9341, 27187][launch-thread-0][NXNetwork_Network_TaskManager][][][create() new instance, domain : acc.qq.com
[I][2022-02-12 +80 08:43:43.136][9341, 27187][launch-thread-0][NXNetwork_Network_NetworkServiceManager][][][registerNetworkStateListener
[I][2022-02-12 +80 08:43:43.137][9341, 27187][launch-thread-0][NXNetwork_Network_StateManager][][][register new callback
[I][2022-02-12 +80 08:43:43.137][9341, 27195][public_io_pool-158267][TabSDKManager][][][onOmgIdUpdate-----getOmgID = fbfa97874c6c954bf9c86e24cf65d7177892001021641b
[I][2022-02-12 +80 08:43:43.137][9341, 27195][public_io_pool-158267][TabToggleComponent][][][[environment = release, appId = 5608, sceneId = 560811, guid = fbfa97874c6c954bf9c86e24cf65d7177892001021641b]-----switchGuid-----guid equals, finalTargetGuid = fbfa97874c6c954bf9c86e24cf65d7177892001021641b
[I][2022-02-12 +80 08:43:43.137][9341, 27195][public_io_pool-158267][TabConfigComponent][][][[environment = release, appId = 5608, sceneId = 560811, guid = fbfa97874c6c954bf9c86e24cf65d7177892001021641b]-----switchGuid-----guid equals, finalTargetGuid = fbfa97874c6c954bf9c86e24cf65d7177892001021641b
[I][2022-02-12 +80 08:43:43.140][9341, 1*][main][ActivityStackImpl][][][init activity stack, size=0
[I][2022-02-12 +80 08:43:43.140][9341, 1*][main][PlatformIdConfig][][][platform init:false true
[I][2022-02-12 +80 08:43:43.140][9341, 27186][public_io_pool-158258][TabToggleDataStorage][][][[environment = release, appId = 5608, sceneId = 560811, guid = fbfa97874c6c954bf9c86e24cf65d7177892001021641b]-----fetchStorageData-----newDataMap Size = 421
[I][2022-02-12 +80 08:43:43.140][9341, 27186][public_io_pool-158258][TabToggleDataStorage][][][[environment = release, appId = 5608, sceneId = 560811, guid = fbfa97874c6c954bf9c86e24cf65d7177892001021641b]-----fetchStorageData-----oldDataMap Size = 0
[I][2022-02-12 +80 08:43:43.141][9341, 27186][public_io_pool-158258][TabToggleDataStorage][][][[environment = release, appId = 5608, sceneId = 560811, guid = fbfa97874c6c954bf9c86e24cf65d7177892001021641b]-----updateControlInfo = TabToggleControlInfo {  mData = value, mEnableReport = false, mRollInterval = 1800, mReportInterval = 300  }
[I][2022-02-12 +80 08:43:43.141][9341, 27186][public_io_pool-158258][TabToggleDataStorage][][][[environment = release, appId = 5608, sceneId = 560811, guid = fbfa97874c6c954bf9c86e24cf65d7177892001021641b]-----fetchStorageEnd
[I][2022-02-12 +80 08:43:43.142][9341, 27186][public_io_pool-158258][TabToggleDataStorage][][][[environment = release, appId = 5608, sceneId = 560811, guid = fbfa97874c6c954bf9c86e24cf65d7177892001021641b]-----initUse-----finish
[I][2022-02-12 +80 08:43:43.142][9341, 27186][public_io_pool-158258][TabToggleDataFetcher][][][[environment = release, appId = 5608, sceneId = 560811, guid = fbfa97874c6c954bf9c86e24cf65d7177892001021641b]-----initUse-----finish
[I][2022-02-12 +80 08:43:43.142][9341, 27186][public_io_pool-158258][TabToggleDataRoller][][][[environment = release, appId = 5608, sceneId = 560811, guid = fbfa97874c6c954bf9c86e24cf65d7177892001021641b]-----initUse-----finish
[I][2022-02-12 +80 08:43:43.142][9341, 27186][public_io_pool-158258][TabToggleDataManager][][][[environment = release, appId = 5608, sceneId = 560811, guid = fbfa97874c6c954bf9c86e24cf65d7177892001021641b]-----initUse-----finish
[I][2022-02-12 +80 08:43:43.142][9341, 27187][launch-thread-0][UniCmdSolutionSelector][][][initSolution:UniCmdInitConfig(initHttpConfig=UniCmdInitHttpConfig(enableHttpSolution=true, httpSolutionProxy=com.tencent.qqlive.modules.vb.unicmd.service.UniCmdHttpSolutionDefault@e17248e), initWnsConfig=UniCmdInitWnsConfig(enableWnsSolution=false, wnsSolutionProxy=null), reportProxy=com.tencent.qqlive.component.config.VBUniCmdInitConfig$reportProxy$1@d204af, tabConfigProxy=com.tencent.qqlive.component.config.VBUniCmdInitConfig$tabConfigProxy$1@53380bc, logProxy=com.tencent.qqlive.modules.vb.unicmd.service.UniCmdLogProxyDefault@58f4845, executorProxy=com.tencent.qqlive.modules.vb.unicmd.service.UniCmdExecutorProxyDefault@64fb9a, netProbeProxy=com.tencent.qqlive.modules.vb.unicmd.service.UniCmdNetProbeProxyDefault@2c43ccb, platformInfoProxy=com.tencent.qqlive.modules.vb.unicmd.service.UniCmdPlatformInfoProxyDefault@815eca8)
[I][2022-02-12 +80 08:43:43.142][9341, 27187][launch-thread-0][UniCmdInitTask][][][UniCmdInitTask init cost:2ms
[I][2022-02-12 +80 08:43:43.142][9341, 27187][launch-thread-0][VBUniCmdServiceImpl][][][init finish, use inner:false
[I][2022-02-12 +80 08:43:43.142][9341, 27187][launch-thread-0][UniCmdMgr][][][UniCmdMgr init
[I][2022-02-12 +80 08:43:43.147][9341, 27187][launch-thread-0][NXNetwork_Network_NetworkServiceManager][][][registerNetworkStateListener
[I][2022-02-12 +80 08:43:43.147][9341, 27187][launch-thread-0][NXNetwork_Network_StateManager][][][register new callback
[I][2022-02-12 +80 08:43:43.150][9341, 27187][launch-thread-0][VBPBTabConfig][][][isRemoveSensitiveInformation:true
[I][2022-02-12 +80 08:43:43.152][9341, 27187][launch-thread-0][NXNetwork_Network_NetworkServiceManager][][][registerNetworkStateListener
[I][2022-02-12 +80 08:43:43.152][9341, 27187][launch-thread-0][NXNetwork_Network_StateManager][][][register new callback
[I][2022-02-12 +80 08:43:43.160][9341, 27194][public_io_pool-158266][TabConfigDataStorage][][][[environment = release, appId = 5608, sceneId = 560811, guid = fbfa97874c6c954bf9c86e24cf65d7177892001021641b]-----fetchStorageStart
[I][2022-02-12 +80 08:43:43.160][9341, 27194][public_io_pool-158266][TabConfigDataStorage][][][[environment = release, appId = 5608, sceneId = 560811, guid = fbfa97874c6c954bf9c86e24cf65d7177892001021641b]-----isNeedToFetchStorage-----return true by is init fetch
[I][2022-02-12 +80 08:43:43.160][9341, 27194][public_io_pool-158266][TabConfigDataStorage][][][[environment = release, appId = 5608, sceneId = 560811, guid = fbfa97874c6c954bf9c86e24cf65d7177892001021641b]-----fetchStorage-----is need to fetch
[I][2022-02-12 +80 08:43:43.160][9341, 27194][public_io_pool-158266][TabConfigDataStorage][][][[environment = release, appId = 5608, sceneId = 560811, guid = fbfa97874c6c954bf9c86e24cf65d7177892001021641b]-----fetchStorageDataVersion-----storageDataVersion = 1644582246
[I][2022-02-12 +80 08:43:43.160][9341, 27194][public_io_pool-158266][TabConfigDataStorage][][][[environment = release, appId = 5608, sceneId = 560811, guid = fbfa97874c6c954bf9c86e24cf65d7177892001021641b]-----putMemoryDataVersion-----dataVersion = 1644582246
[I][2022-02-12 +80 08:43:43.160][9341, 27198][VBPBService-158270][NXNetwork_Network_StateMonitor][][][create state monitor sdkversion:29
[I][2022-02-12 +80 08:43:43.160][9341, 27198][VBPBService-158270][NXNetwork_Network_StateMonitor][][][network state monitor stop
[I][2022-02-12 +80 08:43:43.160][9341, 27194][public_io_pool-158266][TabConfigDataStorage][][][[environment = release, appId = 5608, sceneId = 560811, guid = fbfa97874c6c954bf9c86e24cf65d7177892001021641b]-----loadStorageData-----storageAllKeys length = 584
[I][2022-02-12 +80 08:43:43.164][9341, 27198][VBPBService-158270][NXNetwork_Network_StateMonitor][][][network state monitor stop fail, network callback is not registered
[I][2022-02-12 +80 08:43:43.164][9341, 27198][VBPBService-158270][NXNetwork_Network_StateMonitor][][][network state monitor start
[I][2022-02-12 +80 08:43:43.165][9341, 27194][public_io_pool-158266][TabConfigDataStorage][][][[environment = release, appId = 5608, sceneId = 560811, guid = fbfa97874c6c954bf9c86e24cf65d7177892001021641b]-----fetchStorageData-----newDataMap Size = 584
[I][2022-02-12 +80 08:43:43.165][9341, 27194][public_io_pool-158266][TabConfigDataStorage][][][[environment = release, appId = 5608, sceneId = 560811, guid = fbfa97874c6c954bf9c86e24cf65d7177892001021641b]-----fetchStorageData-----oldDataMap Size = 0
[I][2022-02-12 +80 08:43:43.166][9341, 27194][public_io_pool-158266][TabConfigDataStorage][][][[environment = release, appId = 5608, sceneId = 560811, guid = fbfa97874c6c954bf9c86e24cf65d7177892001021641b]-----updateControlInfo = TabConfigControlInfo {  mData = value, mEnableReport = true, mRollInterval = 1800, mReportInterval = 300  }
[I][2022-02-12 +80 08:43:43.166][9341, 27194][public_io_pool-158266][TabConfigDataStorage][][][[environment = release, appId = 5608, sceneId = 560811, guid = fbfa97874c6c954bf9c86e24cf65d7177892001021641b]-----fetchStorageEnd
[I][2022-02-12 +80 08:43:43.166][9341, 27194][public_io_pool-158266][TabConfigDataStorage][][][[environment = release, appId = 5608, sceneId = 560811, guid = fbfa97874c6c954bf9c86e24cf65d7177892001021641b]-----initUse-----finish
[I][2022-02-12 +80 08:43:43.166][9341, 27194][public_io_pool-158266][TabConfigDataFetcher][][][[environment = release, appId = 5608, sceneId = 560811, guid = fbfa97874c6c954bf9c86e24cf65d7177892001021641b]-----initUse-----finish
[I][2022-02-12 +80 08:43:43.166][9341, 27194][public_io_pool-158266][TabConfigDataRoller][][][[environment = release, appId = 5608, sceneId = 560811, guid = fbfa97874c6c954bf9c86e24cf65d7177892001021641b]-----initUse-----finish
[I][2022-02-12 +80 08:43:43.166][9341, 27194][public_io_pool-158266][TabConfigDataManager][][][[environment = release, appId = 5608, sceneId = 560811, guid = fbfa97874c6c954bf9c86e24cf65d7177892001021641b]-----initUse-----finish
[I][2022-02-12 +80 08:43:43.170][9341, 27188][com.getkeepsafe.relinker.e][LoadLibraryHooker][][][load so tquic
[I][2022-02-12 +80 08:43:43.182][9341, 1*][main][QQLiveApplication][][][ApplicationOnCreate, processName = com.tencent.qqlive:webview, flavor = , buildType = iconRelease64, versionName = 8.5.41.26553
[I][2022-02-12 +80 08:43:43.182][9341, 27187][launch-thread-0][GUIDManager][][][getGUID: 925ad63f87c711ec89cd6c92bf48bcb2
[I][2022-02-12 +80 08:43:43.185][9341, 27201][ConnectivityThread][NXNetwork_Network_StateMonitor][][][onAvailable()
[I][2022-02-12 +80 08:43:43.191][9341, 27201][ConnectivityThread][NXNetwork_Network_TypeAssistant][][][getNetworkType() : 4G
[I][2022-02-12 +80 08:43:43.191][9341, 27201][ConnectivityThread][NXNetwork_Network_StateManager][][][notify network state change, curr state:NETWORK_STATE_4G
[I][2022-02-12 +80 08:43:43.191][9341, 27201][ConnectivityThread][NXNetwork_Network_NetworkServiceManager][][][setNacList, nacMap null!
[I][2022-02-12 +80 08:43:43.191][9341, 27201][ConnectivityThread][NXNetwork_Network_AddressManager][][][setNacList() version:1
[I][2022-02-12 +80 08:43:43.191][9341, 27201][ConnectivityThread][NXNetwork_Network_StateMachine][][][resetState()
[I][2022-02-12 +80 08:43:43.191][9341, 27201][ConnectivityThread][NXNetwork_Network_NacManager][][][clear()
[I][2022-02-12 +80 08:43:43.191][9341, 27201][ConnectivityThread][NXNetwork_Transport_HttpImpl][][][reset() reset OkHttp Client
[I][2022-02-12 +80 08:43:43.191][9341, 27201][ConnectivityThread][NXNetwork_Transport_HttpImpl][][][reset() reset OkHttp Client
[I][2022-02-12 +80 08:43:43.191][9341, 27201][ConnectivityThread][NXNetwork_Network_StateMonitor][][][onLinkPropertiesChanged()
[I][2022-02-12 +80 08:43:43.191][9341, 27201][ConnectivityThread][NXNetwork_Network_TypeAssistant][][][getNetworkType() : 4G
[I][2022-02-12 +80 08:43:43.191][9341, 27201][ConnectivityThread][NXNetwork_Network_StateManager][][][network state not change, curr state:NETWORK_STATE_4G
[I][2022-02-12 +80 08:43:43.192][9341, 1*][main][SimpleBroadcastManager][][][onServiceConnected
[I][2022-02-12 +80 08:43:43.194][9341, 27200][cellularStrengthThread][NXNetwork_Transport_TypeAssist][][][getNetworkType() : 4G
[I][2022-02-12 +80 08:43:43.212][9341, 27187][launch-thread-0][LoadLibraryHooker][][][load so Bugly-rqd
[I][2022-02-12 +80 08:43:43.253][9341, 27200][cellularStrengthThread][NXNetwork_Transport_TypeAssist][][][getNetworkType() : 4G
[I][2022-02-12 +80 08:43:43.254][9341, 27187][launch-thread-0][FileUtil][][][Crash get file null
[I][2022-02-12 +80 08:43:43.258][9341, 27203][launch-idle61][TaskExecuteMonitorImpl][][][onFinishDispatcher >>> loadType = IdleHigh, threadStrategy = SubThread
[I][2022-02-12 +80 08:43:43.361][9341, 27187][launch-thread-0][LocationGetTask][][][enableRequestLocation:false
[I][2022-02-12 +80 08:43:43.362][9341, 27217][launch-idle71][TaskExecuteMonitorImpl][][][onFinishDispatcher >>> loadType = IdleMiddle, threadStrategy = SubThread
[I][2022-02-12 +80 08:43:43.463][9341, 27187][launch-thread-0][LoadLibraryHooker][][][load so gradishwrapper
[I][2022-02-12 +80 08:43:43.476][9341, 27219][launch-idle81][TaskExecuteMonitorImpl][][][onFinishDispatcher >>> loadType = IdleLow, threadStrategy = SubThread
[I][2022-02-12 +80 08:43:44.129][9341, 27199][public_io_pool-158271][VBMMKV_BROADCAST][][][callerProcessName equals currentProcessName
[I][2022-02-12 +80 08:43:44.130][9341, 27199][public_io_pool-158271][VBMMKV_BROADCAST][][][no need notify Observer,  valueObjectClassName =  callerProcessName = com.tencent.qqlive:webview fileName = com.tencent.qqlive_preferences key = setting_preferences_private_protocol_is_show , please check context
[I][2022-02-12 +80 08:43:44.130][9341, 27199][public_io_pool-158271][VBMMKV_BROADCAST][][][callerProcessName equals currentProcessName
[I][2022-02-12 +80 08:43:44.130][9341, 27199][public_io_pool-158271][VBMMKV_BROADCAST][][][no need notify Observer,  valueObjectClassName =  callerProcessName = com.tencent.qqlive:webview fileName = vb_platformInfo key = vb_platformInfo_version_code , please check context
[I][2022-02-12 +80 08:43:44.130][9341, 27199][public_io_pool-158271][VBMMKV_BROADCAST][][][callerProcessName equals currentProcessName
[I][2022-02-12 +80 08:43:44.130][9341, 27199][public_io_pool-158271][VBMMKV_BROADCAST][][][no need notify Observer,  valueObjectClassName =  callerProcessName = com.tencent.qqlive:webview fileName = vb_platformInfo key = vb_platformInfo_version_name , please check context
[I][2022-02-12 +80 08:43:44.130][9341, 27199][public_io_pool-158271][VBMMKV_BROADCAST][][][callerProcessName equals currentProcessName
[I][2022-02-12 +80 08:43:44.130][9341, 27199][public_io_pool-158271][VBMMKV_BROADCAST][][][no need notify Observer,  valueObjectClassName =  callerProcessName = com.tencent.qqlive:webview fileName = vb_platformInfo key = vb_platformInfo_app_id , please check context
[I][2022-02-12 +80 08:43:44.370][9341, 27200][cellularStrengthThread][NXNetwork_Transport_TypeAssist][][][getNetworkType() : 4G
[I][2022-02-12 +80 08:43:46.429][9341, 27199][public_io_pool-158271][NXNetwork_PB_Nac][][][sub process receive nac update event
[I][2022-02-12 +80 08:43:46.436][9341, 27199][public_io_pool-158271][NXNetwork_Network_AddressManager][][][setNacList() version:2
[I][2022-02-12 +80 08:43:46.436][9341, 27199][public_io_pool-158271][NXNetwork_Network_StateMachine][][][resetState()
[I][2022-02-12 +80 08:43:46.436][9341, 27199][public_io_pool-158271][NXNetwork_Network_NacManager][][][clear()
[I][2022-02-12 +80 08:43:47.753][9341, 27199][public_io_pool-158271][VBMMKV_BROADCAST][][][find nothing from kvfactory
[I][2022-02-12 +80 08:43:47.754][9341, 27199][public_io_pool-158271][VBMMKV_BROADCAST][][][no need notify Observer,  valueObjectClassName =  callerProcessName = com.tencent.qqlive fileName = qad_splash_sp_storage key = splash_step_one_play_round , please check context
[I][2022-02-12 +80 08:43:48.214][9341, 27200][cellularStrengthThread][NXNetwork_Transport_TypeAssist][][][getNetworkType() : 4G
[I][2022-02-12 +80 08:43:50.791][9341, 27200][cellularStrengthThread][NXNetwork_Transport_TypeAssist][][][getNetworkType() : 4G
[I][2022-02-12 +80 08:43:52.822][9341, 27199][public_io_pool-158271][VBMMKV_BROADCAST][][][find nothing from kvfactory
[I][2022-02-12 +80 08:43:52.822][9341, 27199][public_io_pool-158271][VBMMKV_BROADCAST][][][no need notify Observer,  valueObjectClassName =  callerProcessName = com.tencent.qqlive fileName = qad_splash_order_sp_storage key = CP-70b8SEJS90b8S , please check context
[I][2022-02-12 +80 08:43:52.822][9341, 27199][public_io_pool-158271][VBMMKV_BROADCAST][][][find nothing from kvfactory
[I][2022-02-12 +80 08:43:52.822][9341, 27199][public_io_pool-158271][VBMMKV_BROADCAST][][][no need notify Observer,  valueObjectClassName =  callerProcessName = com.tencent.qqlive fileName = qad_splash_order_sp_storage key = CJ3NxL8SENLOxL8S , please check context
[I][2022-02-12 +80 08:43:52.822][9341, 27199][public_io_pool-158271][VBMMKV_BROADCAST][][][find nothing from kvfactory
[I][2022-02-12 +80 08:43:52.822][9341, 27199][public_io_pool-158271][VBMMKV_BROADCAST][][][no need notify Observer,  valueObjectClassName =  callerProcessName = com.tencent.qqlive fileName = qad_splash_order_sp_storage key = CKXXwr8SEP7Xwr8S , please check context
[I][2022-02-12 +80 08:43:52.822][9341, 27199][public_io_pool-158271][VBMMKV_BROADCAST][][][find nothing from kvfactory
[I][2022-02-12 +80 08:43:52.822][9341, 27199][public_io_pool-158271][VBMMKV_BROADCAST][][][no need notify Observer,  valueObjectClassName =  callerProcessName = com.tencent.qqlive fileName = qad_splash_order_sp_storage key = CIDZyMASEJvdyMAS , please check context
[I][2022-02-12 +80 08:43:52.822][9341, 27199][public_io_pool-158271][VBMMKV_BROADCAST][][][find nothing from kvfactory
[I][2022-02-12 +80 08:43:52.822][9341, 27199][public_io_pool-158271][VBMMKV_BROADCAST][][][no need notify Observer,  valueObjectClassName =  callerProcessName = com.tencent.qqlive fileName = qad_splash_order_sp_storage key = CKeR98ASEN6S98AS , please check context
[I][2022-02-12 +80 08:43:52.822][9341, 27199][public_io_pool-158271][VBMMKV_BROADCAST][][][find nothing from kvfactory
[I][2022-02-12 +80 08:43:52.823][9341, 27199][public_io_pool-158271][VBMMKV_BROADCAST][][][no need notify Observer,  valueObjectClassName =  callerProcessName = com.tencent.qqlive fileName = qad_splash_order_sp_storage key = CMzD5cASENDF5cAS , please check context
[I][2022-02-12 +80 08:43:52.823][9341, 27199][public_io_pool-158271][VBMMKV_BROADCAST][][][find nothing from kvfactory
[I][2022-02-12 +80 08:43:52.823][9341, 27199][public_io_pool-158271][VBMMKV_BROADCAST][][][no need notify Observer,  valueObjectClassName =  callerProcessName = com.tencent.qqlive fileName = qad_splash_order_sp_storage key = CIf3jLwSEPv6jLwS , please check context
[I][2022-02-12 +80 08:43:52.823][9341, 27199][public_io_pool-158271][VBMMKV_BROADCAST][][][find nothing from kvfactory
[I][2022-02-12 +80 08:43:52.823][9341, 27199][public_io_pool-158271][VBMMKV_BROADCAST][][][no need notify Observer,  valueObjectClassName =  callerProcessName = com.tencent.qqlive fileName = qad_splash_order_sp_storage key = CKf19b8SEMr89b8S , please check context
[I][2022-02-12 +80 08:43:52.823][9341, 27199][public_io_pool-158271][VBMMKV_BROADCAST][][][find nothing from kvfactory
[I][2022-02-12 +80 08:43:52.823][9341, 27199][public_io_pool-158271][VBMMKV_BROADCAST][][][no need notify Observer,  valueObjectClassName =  callerProcessName = com.tencent.qqlive fileName = qad_splash_order_sp_storage key = CN3Ay78SEKzBy78S , please check context
[I][2022-02-12 +80 08:43:52.823][9341, 27199][public_io_pool-158271][VBMMKV_BROADCAST][][][find nothing from kvfactory
[I][2022-02-12 +80 08:43:52.823][9341, 27199][public_io_pool-158271][VBMMKV_BROADCAST][][][no need notify Observer,  valueObjectClassName =  callerProcessName = com.tencent.qqlive fileName = qad_splash_order_sp_storage key = CNGDy78SELOEy78S , please check context
[I][2022-02-12 +80 08:43:52.823][9341, 27199][public_io_pool-158271][VBMMKV_BROADCAST][][][find nothing from kvfactory
[I][2022-02-12 +80 08:43:52.823][9341, 27199][public_io_pool-158271][VBMMKV_BROADCAST][][][no need notify Observer,  valueObjectClassName =  callerProcessName = com.tencent.qqlive fileName = qad_splash_order_sp_storage key = CPXs0L8SENTv0L8S , please check context
[I][2022-02-12 +80 08:43:52.823][9341, 27199][public_io_pool-158271][VBMMKV_BROADCAST][][][find nothing from kvfactory
[I][2022-02-12 +80 08:43:52.823][9341, 27199][public_io_pool-158271][VBMMKV_BROADCAST][][][no need notify Observer,  valueObjectClassName =  callerProcessName = com.tencent.qqlive fileName = qad_splash_order_sp_storage key = CJLb8sASEJrd8sAS , please check context
[I][2022-02-12 +80 08:43:52.823][9341, 27199][public_io_pool-158271][VBMMKV_BROADCAST][][][find nothing from kvfactory
[I][2022-02-12 +80 08:43:52.824][9341, 27199][public_io_pool-158271][VBMMKV_BROADCAST][][][no need notify Observer,  valueObjectClassName =  callerProcessName = com.tencent.qqlive fileName = qad_splash_order_sp_storage key = CI_Svr8SENbTvr8S , please check context
[I][2022-02-12 +80 08:43:52.824][9341, 27199][public_io_pool-158271][VBMMKV_BROADCAST][][][find nothing from kvfactory
[I][2022-02-12 +80 08:43:52.824][9341, 27199][public_io_pool-158271][VBMMKV_BROADCAST][][][no need notify Observer,  valueObjectClassName =  callerProcessName = com.tencent.qqlive fileName = qad_splash_order_sp_storage key = CLSp88ASEO2q88AS , please check context
[I][2022-02-12 +80 08:43:52.824][9341, 27199][public_io_pool-158271][VBMMKV_BROADCAST][][][find nothing from kvfactory
[I][2022-02-12 +80 08:43:52.824][9341, 27199][public_io_pool-158271][VBMMKV_BROADCAST][][][no need notify Observer,  valueObjectClassName =  callerProcessName = com.tencent.qqlive fileName = qad_splash_order_sp_storage key = CLTZv78SELvbv78S , please check context
[I][2022-02-12 +80 08:43:52.824][9341, 27199][public_io_pool-158271][VBMMKV_BROADCAST][][][find nothing from kvfactory
[I][2022-02-12 +80 08:43:52.824][9341, 27199][public_io_pool-158271][VBMMKV_BROADCAST][][][no need notify Observer,  valueObjectClassName =  callerProcessName = com.tencent.qqlive fileName = qad_splash_order_sp_storage key = CL-Our8SENePur8S , please check context
[I][2022-02-12 +80 08:43:52.824][9341, 27199][public_io_pool-158271][VBMMKV_BROADCAST][][][find nothing from kvfactory
[I][2022-02-12 +80 08:43:52.824][9341, 27199][public_io_pool-158271][VBMMKV_BROADCAST][][][no need notify Observer,  valueObjectClassName =  callerProcessName = com.tencent.qqlive fileName = qad_splash_order_sp_storage key = CMTczMASEIDjzMAS , please check context
[I][2022-02-12 +80 08:43:52.824][9341, 27199][public_io_pool-158271][VBMMKV_BROADCAST][][][find nothing from kvfactory
[I][2022-02-12 +80 08:43:52.824][9341, 27199][public_io_pool-158271][VBMMKV_BROADCAST][][][no need notify Observer,  valueObjectClassName =  callerProcessName = com.tencent.qqlive fileName = qad_splash_order_sp_storage key = CJm9u78SENe9u78S , please check context
[I][2022-02-12 +80 08:43:52.824][9341, 27199][public_io_pool-158271][VBMMKV_BROADCAST][][][find nothing from kvfactory
[I][2022-02-12 +80 08:43:52.824][9341, 27199][public_io_pool-158271][VBMMKV_BROADCAST][][][no need notify Observer,  valueObjectClassName =  callerProcessName = com.tencent.qqlive fileName = qad_splash_order_sp_storage key = CNa9wb8SEMG-wb8S , please check context
[I][2022-02-12 +80 08:43:52.824][9341, 27199][public_io_pool-158271][VBMMKV_BROADCAST][][][find nothing from kvfactory
[I][2022-02-12 +80 08:43:52.824][9341, 27199][public_io_pool-158271][VBMMKV_BROADCAST][][][no need notify Observer,  valueObjectClassName =  callerProcessName = com.tencent.qqlive fileName = qad_splash_order_sp_storage key = CJ_6vb8SEPj6vb8S , please check context
[I][2022-02-12 +80 08:43:53.824][9341, 27199][public_io_pool-158271][VBMMKV_BROADCAST][][][find nothing from kvfactory
[I][2022-02-12 +80 08:43:53.824][9341, 27199][public_io_pool-158271][VBMMKV_BROADCAST][][][no need notify Observer,  valueObjectClassName =  callerProcessName = com.tencent.qqlive fileName = qad_splash_order_sp_storage key = CKTa9sASEL3b9sAS , please check context
[I][2022-02-12 +80 08:43:53.825][9341, 27199][public_io_pool-158271][VBMMKV_BROADCAST][][][find nothing from kvfactory
[I][2022-02-12 +80 08:43:53.825][9341, 27199][public_io_pool-158271][VBMMKV_BROADCAST][][][no need notify Observer,  valueObjectClassName =  callerProcessName = com.tencent.qqlive fileName = qad_splash_order_sp_storage key = CPyd9sASEPGe9sAS , please check context
[I][2022-02-12 +80 08:43:53.825][9341, 27199][public_io_pool-158271][VBMMKV_BROADCAST][][][find nothing from kvfactory
[I][2022-02-12 +80 08:43:53.825][9341, 27199][public_io_pool-158271][VBMMKV_BROADCAST][][][no need notify Observer,  valueObjectClassName =  callerProcessName = com.tencent.qqlive fileName = qad_splash_order_sp_storage key = CP_v0b8SEO_w0b8S , please check context
[I][2022-02-12 +80 08:43:53.825][9341, 27199][public_io_pool-158271][VBMMKV_BROADCAST][][][find nothing from kvfactory
[I][2022-02-12 +80 08:43:53.825][9341, 27199][public_io_pool-158271][VBMMKV_BROADCAST][][][no need notify Observer,  valueObjectClassName =  callerProcessName = com.tencent.qqlive fileName = qad_splash_order_sp_storage key = CKf-4ZkSEOr_4ZkS , please check context
[I][2022-02-12 +80 08:43:53.825][9341, 27199][public_io_pool-158271][VBMMKV_BROADCAST][][][find nothing from kvfactory
[I][2022-02-12 +80 08:43:53.825][9341, 27199][public_io_pool-158271][VBMMKV_BROADCAST][][][no need notify Observer,  valueObjectClassName =  callerProcessName = com.tencent.qqlive fileName = qad_splash_order_sp_storage key = CN-21ZwSEOC41ZwS , please check context
[I][2022-02-12 +80 08:43:53.825][9341, 27199][public_io_pool-158271][VBMMKV_BROADCAST][][][find nothing from kvfactory
[I][2022-02-12 +80 08:43:53.825][9341, 27199][public_io_pool-158271][VBMMKV_BROADCAST][][][no need notify Observer,  valueObjectClassName =  callerProcessName = com.tencent.qqlive fileName = qad_splash_order_sp_storage key = CIG99cASEJO_9cAS , please check context
[I][2022-02-12 +80 08:43:53.825][9341, 27199][public_io_pool-158271][VBMMKV_BROADCAST][][][find nothing from kvfactory
[I][2022-02-12 +80 08:43:53.825][9341, 27199][public_io_pool-158271][VBMMKV_BROADCAST][][][no need notify Observer,  valueObjectClassName =  callerProcessName = com.tencent.qqlive fileName = qad_splash_order_sp_storage key = CJG3w8ASEIi6w8AS , please check context
[I][2022-02-12 +80 08:43:53.825][9341, 27199][public_io_pool-158271][VBMMKV_BROADCAST][][][find nothing from kvfactory
[I][2022-02-12 +80 08:43:53.825][9341, 27199][public_io_pool-158271][VBMMKV_BROADCAST][][][no need notify Observer,  valueObjectClassName =  callerProcessName = com.tencent.qqlive fileName = qad_splash_order_sp_storage key = CIqh_sASEJui_sAS , please check context
[I][2022-02-12 +80 08:43:53.825][9341, 27199][public_io_pool-158271][VBMMKV_BROADCAST][][][find nothing from kvfactory
[I][2022-02-12 +80 08:43:53.825][9341, 27199][public_io_pool-158271][VBMMKV_BROADCAST][][][no need notify Observer,  valueObjectClassName =  callerProcessName = com.tencent.qqlive fileName = qad_splash_order_sp_storage key = CJDCxb8SEPTCxb8S , please check context
[I][2022-02-12 +80 08:43:53.826][9341, 27199][public_io_pool-158271][VBMMKV_BROADCAST][][][find nothing from kvfactory
[I][2022-02-12 +80 08:43:53.826][9341, 27199][public_io_pool-158271][VBMMKV_BROADCAST][][][no need notify Observer,  valueObjectClassName =  callerProcessName = com.tencent.qqlive fileName = qad_splash_order_sp_storage key = CKa91pwSEJi_1pwS , please check context
[I][2022-02-12 +80 08:43:53.826][9341, 27199][public_io_pool-158271][VBMMKV_BROADCAST][][][find nothing from kvfactory
[I][2022-02-12 +80 08:43:53.826][9341, 27199][public_io_pool-158271][VBMMKV_BROADCAST][][][no need notify Observer,  valueObjectClassName =  callerProcessName = com.tencent.qqlive fileName = qad_splash_order_sp_storage key = COG3ur8SEKe7ur8S , please check context
[I][2022-02-12 +80 08:43:53.826][9341, 27199][public_io_pool-158271][VBMMKV_BROADCAST][][][find nothing from kvfactory
[I][2022-02-12 +80 08:43:53.826][9341, 27199][public_io_pool-158271][VBMMKV_BROADCAST][][][no need notify Observer,  valueObjectClassName =  callerProcessName = com.tencent.qqlive fileName = qad_splash_order_sp_storage key = COXnxsASENLqxsAS , please check context
[I][2022-02-12 +80 08:43:53.826][9341, 27199][public_io_pool-158271][VBMMKV_BROADCAST][][][find nothing from kvfactory
[I][2022-02-12 +80 08:43:53.826][9341, 27199][public_io_pool-158271][VBMMKV_BROADCAST][][][no need notify Observer,  valueObjectClassName =  callerProcessName = com.tencent.qqlive fileName = qad_splash_order_sp_storage key = CJbpv7wSEKftv7wS , please check context
[I][2022-02-12 +80 08:43:53.826][9341, 27199][public_io_pool-158271][VBMMKV_BROADCAST][][][find nothing from kvfactory
[I][2022-02-12 +80 08:43:53.826][9341, 27199][public_io_pool-158271][VBMMKV_BROADCAST][][][no need notify Observer,  valueObjectClassName =  callerProcessName = com.tencent.qqlive fileName = qad_splash_order_sp_storage key = CIa41JwSEIm51JwS , please check context
[I][2022-02-12 +80 08:43:53.826][9341, 27199][public_io_pool-158271][VBMMKV_BROADCAST][][][find nothing from kvfactory
[I][2022-02-12 +80 08:43:53.826][9341, 27199][public_io_pool-158271][VBMMKV_BROADCAST][][][no need notify Observer,  valueObjectClassName =  callerProcessName = com.tencent.qqlive fileName = qad_splash_order_sp_storage key = COTz2JwSEMX02JwS , please check context
[I][2022-02-12 +80 08:43:53.826][9341, 27199][public_io_pool-158271][VBMMKV_BROADCAST][][][find nothing from kvfactory
[I][2022-02-12 +80 08:43:53.826][9341, 27199][public_io_pool-158271][VBMMKV_BROADCAST][][][no need notify Observer,  valueObjectClassName =  callerProcessName = com.tencent.qqlive fileName = qad_splash_order_sp_storage key = CKmZ6vkQELTu1YgS , please check context
[I][2022-02-12 +80 08:43:53.826][9341, 27199][public_io_pool-158271][VBMMKV_BROADCAST][][][find nothing from kvfactory
[I][2022-02-12 +80 08:43:53.826][9341, 27199][public_io_pool-158271][VBMMKV_BROADCAST][][][no need notify Observer,  valueObjectClassName =  callerProcessName = com.tencent.qqlive fileName = qad_splash_order_sp_storage key = CIiG-LwSEOTE9r0S , please check context
[I][2022-02-12 +80 08:43:53.826][9341, 27199][public_io_pool-158271][VBMMKV_BROADCAST][][][find nothing from kvfactory
[I][2022-02-12 +80 08:43:53.826][9341, 27199][public_io_pool-158271][VBMMKV_BROADCAST][][][no need notify Observer,  valueObjectClassName =  callerProcessName = com.tencent.qqlive fileName = qad_splash_order_sp_storage key = CImA94wSEK2A94wS , please check context
[I][2022-02-12 +80 08:43:53.826][9341, 27199][public_io_pool-158271][VBMMKV_BROADCAST][][][find nothing from kvfactory
[I][2022-02-12 +80 08:43:53.826][9341, 27199][public_io_pool-158271][VBMMKV_BROADCAST][][][no need notify Observer,  valueObjectClassName =  callerProcessName = com.tencent.qqlive fileName = qad_splash_order_sp_storage key = CPW7_bsSENvN_bsS , please check context
[I][2022-02-12 +80 08:43:53.826][9341, 27199][public_io_pool-158271][VBMMKV_BROADCAST][][][find nothing from kvfactory
[I][2022-02-12 +80 08:43:53.827][9341, 27199][public_io_pool-158271][VBMMKV_BROADCAST][][][no need notify Observer,  valueObjectClassName =  callerProcessName = com.tencent.qqlive fileName = qad_splash_order_sp_storage key = CMqgo7USELGho7US , please check context
[I][2022-02-12 +80 08:43:54.827][9341, 27199][public_io_pool-158271][VBMMKV_BROADCAST][][][find nothing from kvfactory
[I][2022-02-12 +80 08:43:54.827][9341, 27199][public_io_pool-158271][VBMMKV_BROADCAST][][][no need notify Observer,  valueObjectClassName =  callerProcessName = com.tencent.qqlive fileName = qad_splash_order_sp_storage key = COC-uLwSEJC_uLwS , please check context
[I][2022-02-12 +80 08:43:54.827][9341, 27199][public_io_pool-158271][VBMMKV_BROADCAST][][][find nothing from kvfactory
[I][2022-02-12 +80 08:43:54.827][9341, 27199][public_io_pool-158271][VBMMKV_BROADCAST][][][no need notify Observer,  valueObjectClassName =  callerProcessName = com.tencent.qqlive fileName = qad_splash_order_sp_storage key = COv9_5ISELf-_5IS , please check context
[I][2022-02-12 +80 08:43:54.827][9341, 27199][public_io_pool-158271][VBMMKV_BROADCAST][][][find nothing from kvfactory
[I][2022-02-12 +80 08:43:54.827][9341, 27199][public_io_pool-158271][VBMMKV_BROADCAST][][][no need notify Observer,  valueObjectClassName =  callerProcessName = com.tencent.qqlive fileName = qad_splash_order_sp_storage key = COv9_5ISELb-_5IS , please check context
[I][2022-02-12 +80 08:43:54.827][9341, 27199][public_io_pool-158271][VBMMKV_BROADCAST][][][find nothing from kvfactory
[I][2022-02-12 +80 08:43:54.827][9341, 27199][public_io_pool-158271][VBMMKV_BROADCAST][][][no need notify Observer,  valueObjectClassName =  callerProcessName = com.tencent.qqlive fileName = qad_splash_order_sp_storage key = CJOVo7USEL-Vo7US , please check context
[I][2022-02-12 +80 08:43:54.827][9341, 27199][public_io_pool-158271][VBMMKV_BROADCAST][][][find nothing from kvfactory
[I][2022-02-12 +80 08:43:54.827][9341, 27199][public_io_pool-158271][VBMMKV_BROADCAST][][][no need notify Observer,  valueObjectClassName =  callerProcessName = com.tencent.qqlive fileName = qad_splash_order_sp_storage key = CK7TnowSENLVnowS , please check context
[I][2022-02-12 +80 08:43:54.828][9341, 27199][public_io_pool-158271][VBMMKV_BROADCAST][][][find nothing from kvfactory
[I][2022-02-12 +80 08:43:54.828][9341, 27199][public_io_pool-158271][VBMMKV_BROADCAST][][][no need notify Observer,  valueObjectClassName =  callerProcessName = com.tencent.qqlive fileName = qad_splash_order_sp_storage key = CIjopesREMzopesR , please check context
[I][2022-02-12 +80 08:43:54.828][9341, 27199][public_io_pool-158271][VBMMKV_BROADCAST][][][find nothing from kvfactory
[I][2022-02-12 +80 08:43:54.828][9341, 27199][public_io_pool-158271][VBMMKV_BROADCAST][][][no need notify Observer,  valueObjectClassName =  callerProcessName = com.tencent.qqlive fileName = qad_splash_order_sp_storage key = CPH_7_4REPOE8P4R , please check context
[I][2022-02-12 +80 08:43:54.828][9341, 27199][public_io_pool-158271][VBMMKV_BROADCAST][][][find nothing from kvfactory
[I][2022-02-12 +80 08:43:54.828][9341, 27199][public_io_pool-158271][VBMMKV_BROADCAST][][][no need notify Observer,  valueObjectClassName =  callerProcessName = com.tencent.qqlive fileName = qad_splash_order_sp_storage key = CPuzn70SEOK9n70S , please check context
[I][2022-02-12 +80 08:43:54.828][9341, 27199][public_io_pool-158271][VBMMKV_BROADCAST][][][find nothing from kvfactory
[I][2022-02-12 +80 08:43:54.828][9341, 27199][public_io_pool-158271][VBMMKV_BROADCAST][][][no need notify Observer,  valueObjectClassName =  callerProcessName = com.tencent.qqlive fileName = qad_splash_order_sp_storage key = NwAAAAAAAAA= , please check context
[I][2022-02-12 +80 08:43:54.828][9341, 27199][public_io_pool-158271][VBMMKV_BROADCAST][][][find nothing from kvfactory
[I][2022-02-12 +80 08:43:54.828][9341, 27199][public_io_pool-158271][VBMMKV_BROADCAST][][][no need notify Observer,  valueObjectClassName =  callerProcessName = com.tencent.qqlive fileName = qad_splash_order_sp_storage key = CJLS9cASEIrU9cAS , please check context
[I][2022-02-12 +80 08:43:54.828][9341, 27199][public_io_pool-158271][VBMMKV_BROADCAST][][][find nothing from kvfactory
[I][2022-02-12 +80 08:43:54.828][9341, 27199][public_io_pool-158271][VBMMKV_BROADCAST][][][no need notify Observer,  valueObjectClassName =  callerProcessName = com.tencent.qqlive fileName = qad_splash_order_sp_storage key = COXO9cASENzQ9cAS , please check context
[I][2022-02-12 +80 08:43:54.828][9341, 27199][public_io_pool-158271][VBMMKV_BROADCAST][][][find nothing from kvfactory
[I][2022-02-12 +80 08:43:54.828][9341, 27199][public_io_pool-158271][VBMMKV_BROADCAST][][][no need notify Observer,  valueObjectClassName =  callerProcessName = com.tencent.qqlive fileName = qad_splash_order_sp_storage key = CMTJsI4SEJ_KsI4S , please check context
[I][2022-02-12 +80 08:43:54.828][9341, 27199][public_io_pool-158271][VBMMKV_BROADCAST][][][find nothing from kvfactory
[I][2022-02-12 +80 08:43:54.828][9341, 27199][public_io_pool-158271][VBMMKV_BROADCAST][][][no need notify Observer,  valueObjectClassName =  callerProcessName = com.tencent.qqlive fileName = qad_splash_order_sp_storage key = COC-uLwSEJK_uLwS , please check context
[I][2022-02-12 +80 08:43:54.829][9341, 27199][public_io_pool-158271][VBMMKV_BROADCAST][][][find nothing from kvfactory
[I][2022-02-12 +80 08:43:54.829][9341, 27199][public_io_pool-158271][VBMMKV_BROADCAST][][][no need notify Observer,  valueObjectClassName =  callerProcessName = com.tencent.qqlive fileName = qad_splash_order_sp_storage key = CPDDsI4SENTEsI4S , please check context
[I][2022-02-12 +80 08:43:54.829][9341, 27199][public_io_pool-158271][VBMMKV_BROADCAST][][][find nothing from kvfactory
[I][2022-02-12 +80 08:43:54.829][9341, 27199][public_io_pool-158271][VBMMKV_BROADCAST][][][no need notify Observer,  valueObjectClassName =  callerProcessName = com.tencent.qqlive fileName = qad_splash_order_sp_storage key = CJXO9cASEPXP9cAS , please check context
[I][2022-02-12 +80 08:43:54.829][9341, 27199][public_io_pool-158271][VBMMKV_BROADCAST][][][find nothing from kvfactory
[I][2022-02-12 +80 08:43:54.829][9341, 27199][public_io_pool-158271][VBMMKV_BROADCAST][][][no need notify Observer,  valueObjectClassName =  callerProcessName = com.tencent.qqlive fileName = qad_splash_order_sp_storage key = CN3DsI4SELbEsI4S , please check context
[I][2022-02-12 +80 08:43:54.829][9341, 27199][public_io_pool-158271][VBMMKV_BROADCAST][][][find nothing from kvfactory
[I][2022-02-12 +80 08:43:54.829][9341, 27199][public_io_pool-158271][VBMMKV_BROADCAST][][][no need notify Observer,  valueObjectClassName =  callerProcessName = com.tencent.qqlive fileName = qad_splash_order_sp_storage key = CIqqkrwSEJCrkrwS , please check context
[I][2022-02-12 +80 08:43:54.829][9341, 27199][public_io_pool-158271][VBMMKV_BROADCAST][][][find nothing from kvfactory
[I][2022-02-12 +80 08:43:54.829][9341, 27199][public_io_pool-158271][VBMMKV_BROADCAST][][][no need notify Observer,  valueObjectClassName =  callerProcessName = com.tencent.qqlive fileName = qad_splash_order_sp_storage key = CJvGsI4SEO3GsI4S , please check context
[I][2022-02-12 +80 08:43:54.829][9341, 27199][public_io_pool-158271][VBMMKV_BROADCAST][][][find nothing from kvfactory
[I][2022-02-12 +80 08:43:54.829][9341, 27199][public_io_pool-158271][VBMMKV_BROADCAST][][][no need notify Observer,  valueObjectClassName =  callerProcessName = com.tencent.qqlive fileName = qad_splash_order_sp_storage key = COKI97ESEM6J97ES , please check context
[I][2022-02-12 +80 08:43:54.829][9341, 27199][public_io_pool-158271][VBMMKV_BROADCAST][][][find nothing from kvfactory
[I][2022-02-12 +80 08:43:54.829][9341, 27199][public_io_pool-158271][VBMMKV_BROADCAST][][][no need notify Observer,  valueObjectClassName =  callerProcessName = com.tencent.qqlive fileName = qad_splash_order_sp_storage key = CL_3xbwSEL74xbwS , please check context
[I][2022-02-12 +80 08:43:55.832][9341, 27199][public_io_pool-158271][VBMMKV_BROADCAST][][][find nothing from kvfactory
[I][2022-02-12 +80 08:43:55.832][9341, 27199][public_io_pool-158271][VBMMKV_BROADCAST][][][no need notify Observer,  valueObjectClassName =  callerProcessName = com.tencent.qqlive fileName = qad_splash_order_sp_storage key = CMf3xbwSEN34xbwS , please check context
[I][2022-02-12 +80 08:43:55.832][9341, 27199][public_io_pool-158271][VBMMKV_BROADCAST][][][find nothing from kvfactory
[I][2022-02-12 +80 08:43:55.832][9341, 27199][public_io_pool-158271][VBMMKV_BROADCAST][][][no need notify Observer,  valueObjectClassName =  callerProcessName = com.tencent.qqlive fileName = qad_splash_order_sp_storage key = COquk44SEIuvk44S , please check context
[I][2022-02-12 +80 08:43:55.832][9341, 27199][public_io_pool-158271][VBMMKV_BROADCAST][][][find nothing from kvfactory
[I][2022-02-12 +80 08:43:55.832][9341, 27199][public_io_pool-158271][VBMMKV_BROADCAST][][][no need notify Observer,  valueObjectClassName =  callerProcessName = com.tencent.qqlive fileName = qad_splash_order_sp_storage key = CK7ng7YSEMXog7YS , please check context
[I][2022-02-12 +80 08:43:55.832][9341, 27199][public_io_pool-158271][VBMMKV_BROADCAST][][][find nothing from kvfactory
[I][2022-02-12 +80 08:43:55.833][9341, 27199][public_io_pool-158271][VBMMKV_BROADCAST][][][no need notify Observer,  valueObjectClassName =  callerProcessName = com.tencent.qqlive fileName = qad_splash_order_sp_storage key = CIW-ubgSEIrAubgS , please check context
[I][2022-02-12 +80 08:43:55.833][9341, 27199][public_io_pool-158271][VBMMKV_BROADCAST][][][find nothing from kvfactory
[I][2022-02-12 +80 08:43:55.833][9341, 27199][public_io_pool-158271][VBMMKV_BROADCAST][][][no need notify Observer,  valueObjectClassName =  callerProcessName = com.tencent.qqlive fileName = qad_splash_order_sp_storage key = CMm7ubgSEJu-ubgS , please check context
[I][2022-02-12 +80 08:43:55.833][9341, 27199][public_io_pool-158271][VBMMKV_BROADCAST][][][find nothing from kvfactory
[I][2022-02-12 +80 08:43:55.833][9341, 27199][public_io_pool-158271][VBMMKV_BROADCAST][][][no need notify Observer,  valueObjectClassName =  callerProcessName = com.tencent.qqlive fileName = qad_splash_order_sp_storage key = CMW17rgSEPW37rgS , please check context
[I][2022-02-12 +80 08:43:55.833][9341, 27199][public_io_pool-158271][VBMMKV_BROADCAST][][][find nothing from kvfactory
[I][2022-02-12 +80 08:43:55.833][9341, 27199][public_io_pool-158271][VBMMKV_BROADCAST][][][no need notify Observer,  valueObjectClassName =  callerProcessName = com.tencent.qqlive fileName = qad_splash_order_sp_storage key = CM_1spYSEOn3spYS , please check context
[I][2022-02-12 +80 08:43:55.833][9341, 27199][public_io_pool-158271][VBMMKV_BROADCAST][][][find nothing from kvfactory
[I][2022-02-12 +80 08:43:55.833][9341, 27199][public_io_pool-158271][VBMMKV_BROADCAST][][][no need notify Observer,  valueObjectClassName =  callerProcessName = com.tencent.qqlive fileName = qad_splash_order_sp_storage key = CNG-nowSENXAnowS , please check context
[I][2022-02-12 +80 08:43:55.833][9341, 27199][public_io_pool-158271][VBMMKV_BROADCAST][][][find nothing from kvfactory
[I][2022-02-12 +80 08:43:55.833][9341, 27199][public_io_pool-158271][VBMMKV_BROADCAST][][][no need notify Observer,  valueObjectClassName =  callerProcessName = com.tencent.qqlive fileName = qad_splash_order_sp_storage key = CJWp-ZgSEJyq-ZgS , please check context
[I][2022-02-12 +80 08:43:55.833][9341, 27199][public_io_pool-158271][VBMMKV_BROADCAST][][][find nothing from kvfactory
[I][2022-02-12 +80 08:43:55.833][9341, 27199][public_io_pool-158271][VBMMKV_BROADCAST][][][no need notify Observer,  valueObjectClassName =  callerProcessName = com.tencent.qqlive fileName = qad_splash_order_sp_storage key = CJPRnowSELfUnowS , please check context
[I][2022-02-12 +80 08:43:55.833][9341, 27199][public_io_pool-158271][VBMMKV_BROADCAST][][][find nothing from kvfactory
[I][2022-02-12 +80 08:43:55.833][9341, 27199][public_io_pool-158271][VBMMKV_BROADCAST][][][no need notify Observer,  valueObjectClassName =  callerProcessName = com.tencent.qqlive fileName = qad_splash_order_sp_storage key = CIKcsbcSEMCcsbcS , please check context
[I][2022-02-12 +80 08:43:55.833][9341, 27199][public_io_pool-158271][VBMMKV_BROADCAST][][][find nothing from kvfactory
[I][2022-02-12 +80 08:43:55.833][9341, 27199][public_io_pool-158271][VBMMKV_BROADCAST][][][no need notify Observer,  valueObjectClassName =  callerProcessName = com.tencent.qqlive fileName = qad_splash_order_sp_storage key = CLHWt7QSEO3Wt7QS , please check context
[I][2022-02-12 +80 08:43:55.833][9341, 27199][public_io_pool-158271][VBMMKV_BROADCAST][][][find nothing from kvfactory
[I][2022-02-12 +80 08:43:55.834][9341, 27199][public_io_pool-158271][VBMMKV_BROADCAST][][][no need notify Observer,  valueObjectClassName =  callerProcessName = com.tencent.qqlive fileName = qad_splash_order_sp_storage key = CN7l3rkSEJbm3rkS , please check context
[I][2022-02-12 +80 08:43:55.834][9341, 27199][public_io_pool-158271][VBMMKV_BROADCAST][][][find nothing from kvfactory
[I][2022-02-12 +80 08:43:55.834][9341, 27199][public_io_pool-158271][VBMMKV_BROADCAST][][][no need notify Observer,  valueObjectClassName =  callerProcessName = com.tencent.qqlive fileName = qad_splash_order_sp_storage key = CJ_2sbcSEK33sbcS , please check context
[I][2022-02-12 +80 08:43:55.834][9341, 27199][public_io_pool-158271][VBMMKV_BROADCAST][][][find nothing from kvfactory
[I][2022-02-12 +80 08:43:55.834][9341, 27199][public_io_pool-158271][VBMMKV_BROADCAST][][][no need notify Observer,  valueObjectClassName =  callerProcessName = com.tencent.qqlive fileName = qad_splash_order_sp_storage key = CODD3pYSELXI3pYS , please check context
[I][2022-02-12 +80 08:43:55.834][9341, 27199][public_io_pool-158271][VBMMKV_BROADCAST][][][find nothing from kvfactory
[I][2022-02-12 +80 08:43:55.834][9341, 27199][public_io_pool-158271][VBMMKV_BROADCAST][][][no need notify Observer,  valueObjectClassName =  callerProcessName = com.tencent.qqlive fileName = qad_splash_order_sp_storage key = CNGvt7QSEJ6wt7QS , please check context
[I][2022-02-12 +80 08:43:55.834][9341, 27199][public_io_pool-158271][VBMMKV_BROADCAST][][][find nothing from kvfactory
[I][2022-02-12 +80 08:43:55.836][9341, 27199][public_io_pool-158271][VBMMKV_BROADCAST][][][no need notify Observer,  valueObjectClassName =  callerProcessName = com.tencent.qqlive fileName = qad_splash_order_sp_storage key = CO2LgrsSEO6MgrsS , please check context
[I][2022-02-12 +80 08:43:55.836][9341, 27199][public_io_pool-158271][VBMMKV_BROADCAST][][][find nothing from kvfactory
[I][2022-02-12 +80 08:43:55.838][9341, 27199][public_io_pool-158271][VBMMKV_BROADCAST][][][no need notify Observer,  valueObjectClassName =  callerProcessName = com.tencent.qqlive fileName = qad_splash_order_sp_storage key = CM_Ek44SEMvFk44S , please check context
[I][2022-02-12 +80 08:43:55.838][9341, 27199][public_io_pool-158271][VBMMKV_BROADCAST][][][find nothing from kvfactory
[I][2022-02-12 +80 08:43:55.838][9341, 27199][public_io_pool-158271][VBMMKV_BROADCAST][][][no need notify Observer,  valueObjectClassName =  callerProcessName = com.tencent.qqlive fileName = qad_splash_order_sp_storage key = CIzft7QSENrft7QS , please check context
[I][2022-02-12 +80 08:43:55.838][9341, 27199][public_io_pool-158271][VBMMKV_BROADCAST][][][find nothing from kvfactory
[I][2022-02-12 +80 08:43:55.838][9341, 27199][public_io_pool-158271][VBMMKV_BROADCAST][][][no need notify Observer,  valueObjectClassName =  callerProcessName = com.tencent.qqlive fileName = qad_splash_order_sp_storage key = CPzbsbESENbcsbES , please check context
[I][2022-02-12 +80 08:43:56.845][9341, 27199][public_io_pool-158271][VBMMKV_BROADCAST][][][find nothing from kvfactory
[I][2022-02-12 +80 08:43:56.845][9341, 27199][public_io_pool-158271][VBMMKV_BROADCAST][][][no need notify Observer,  valueObjectClassName =  callerProcessName = com.tencent.qqlive fileName = qad_splash_order_sp_storage key = CLizgpUSEKG0gpUS , please check context
[I][2022-02-12 +80 08:43:56.846][9341, 27199][public_io_pool-158271][VBMMKV_BROADCAST][][][find nothing from kvfactory
[I][2022-02-12 +80 08:43:56.846][9341, 27199][public_io_pool-158271][VBMMKV_BROADCAST][][][no need notify Observer,  valueObjectClassName =  callerProcessName = com.tencent.qqlive fileName = qad_splash_order_sp_storage key = CMy17rgSEJq47rgS , please check context
[I][2022-02-12 +80 08:43:56.846][9341, 27199][public_io_pool-158271][VBMMKV_BROADCAST][][][find nothing from kvfactory
[I][2022-02-12 +80 08:43:56.846][9341, 27199][public_io_pool-158271][VBMMKV_BROADCAST][][][no need notify Observer,  valueObjectClassName =  callerProcessName = com.tencent.qqlive fileName = qad_splash_order_sp_storage key = CMGJ-ZgSEMSP-ZgS , please check context
[I][2022-02-12 +80 08:43:56.846][9341, 27199][public_io_pool-158271][VBMMKV_BROADCAST][][][find nothing from kvfactory
[I][2022-02-12 +80 08:43:56.846][9341, 27199][public_io_pool-158271][VBMMKV_BROADCAST][][][no need notify Observer,  valueObjectClassName =  callerProcessName = com.tencent.qqlive fileName = qad_splash_order_sp_storage key = CJbBnowSEPrCnowS , please check context
[I][2022-02-12 +80 08:43:56.846][9341, 27199][public_io_pool-158271][VBMMKV_BROADCAST][][][find nothing from kvfactory
[I][2022-02-12 +80 08:43:56.846][9341, 27199][public_io_pool-158271][VBMMKV_BROADCAST][][][no need notify Observer,  valueObjectClassName =  callerProcessName = com.tencent.qqlive fileName = qad_splash_order_sp_storage key = CM-V2O0RELaY2O0R , please check context
[I][2022-02-12 +80 08:43:56.846][9341, 27199][public_io_pool-158271][VBMMKV_BROADCAST][][][find nothing from kvfactory
[I][2022-02-12 +80 08:43:56.846][9341, 27199][public_io_pool-158271][VBMMKV_BROADCAST][][][no need notify Observer,  valueObjectClassName =  callerProcessName = com.tencent.qqlive fileName = qad_splash_order_sp_storage key = CIjt5rsSEM_t5rsS , please check context
[I][2022-02-12 +80 08:43:56.846][9341, 27199][public_io_pool-158271][VBMMKV_BROADCAST][][][find nothing from kvfactory
[I][2022-02-12 +80 08:43:56.846][9341, 27199][public_io_pool-158271][VBMMKV_BROADCAST][][][no need notify Observer,  valueObjectClassName =  callerProcessName = com.tencent.qqlive fileName = qad_splash_order_sp_storage key = CMqY87gSEMWZ87gS , please check context
[I][2022-02-12 +80 08:43:56.846][9341, 27199][public_io_pool-158271][VBMMKV_BROADCAST][][][find nothing from kvfactory
[I][2022-02-12 +80 08:43:56.846][9341, 27199][public_io_pool-158271][VBMMKV_BROADCAST][][][no need notify Observer,  valueObjectClassName =  callerProcessName = com.tencent.qqlive fileName = qad_splash_order_sp_storage key = CMGm2pkSEOKn2pkS , please check context
[I][2022-02-12 +80 08:43:56.846][9341, 27199][public_io_pool-158271][VBMMKV_BROADCAST][][][find nothing from kvfactory
[I][2022-02-12 +80 08:43:56.846][9341, 27199][public_io_pool-158271][VBMMKV_BROADCAST][][][no need notify Observer,  valueObjectClassName =  callerProcessName = com.tencent.qqlive fileName = qad_splash_order_sp_storage key = CNeC8boSEKWJ8boS , please check context
[I][2022-02-12 +80 08:43:56.846][9341, 27199][public_io_pool-158271][VBMMKV_BROADCAST][][][find nothing from kvfactory
[I][2022-02-12 +80 08:43:56.846][9341, 27199][public_io_pool-158271][VBMMKV_BROADCAST][][][no need notify Observer,  valueObjectClassName =  callerProcessName = com.tencent.qqlive fileName = qad_splash_sp_storage key = splash_step_two_play_round , please check context
[I][2022-02-12 +80 09:06:06.488][9341, 27200][cellularStrengthThread][NXNetwork_Transport_TypeAssist][][][getNetworkType() : 4G
[I][2022-02-12 +80 09:06:06.536][9341, 27200][cellularStrengthThread][NXNetwork_Transport_TypeAssist][][][getNetworkType() : 4G
[I][2022-02-12 +80 09:06:06.536][9341, 27200][cellularStrengthThread][NXNetwork_Transport_TypeAssist][][][getNetworkType() : 4G
[I][2022-02-12 +80 09:06:06.537][9341, 27200][cellularStrengthThread][NXNetwork_Transport_TypeAssist][][][getNetworkType() : 4G
[I][2022-02-12 +80 09:06:06.537][9341, 27200][cellularStrengthThread][NXNetwork_Transport_TypeAssist][][][getNetworkType() : 4G
[I][2022-02-12 +80 09:06:06.537][9341, 27200][cellularStrengthThread][NXNetwork_Transport_TypeAssist][][][getNetworkType() : 4G
[I][2022-02-12 +80 09:06:06.538][9341, 27200][cellularStrengthThread][NXNetwork_Transport_TypeAssist][][][getNetworkType() : 4G
[I][2022-02-12 +80 09:06:06.544][9341, 27200][cellularStrengthThread][NXNetwork_Transport_TypeAssist][][][getNetworkType() : 4G
[I][2022-02-12 +80 09:06:06.546][9341, 27200][cellularStrengthThread][NXNetwork_Transport_TypeAssist][][][getNetworkType() : 4G
[I][2022-02-12 +80 09:06:06.587][9341, 27200][cellularStrengthThread][NXNetwork_Transport_TypeAssist][][][getNetworkType() : 4G
[I][2022-02-12 +80 09:06:06.599][9341, 27200][cellularStrengthThread][NXNetwork_Transport_TypeAssist][][][getNetworkType() : 4G
[I][2022-02-12 +80 09:06:06.605][9341, 27200][cellularStrengthThread][NXNetwork_Transport_TypeAssist][][][getNetworkType() : 4G
[I][2022-02-12 +80 09:06:06.611][9341, 27200][cellularStrengthThread][NXNetwork_Transport_TypeAssist][][][getNetworkType() : 4G
[I][2022-02-12 +80 09:06:06.618][9341, 27200][cellularStrengthThread][NXNetwork_Transport_TypeAssist][][][getNetworkType() : 4G
[I][2022-02-12 +80 09:06:06.627][9341, 27200][cellularStrengthThread][NXNetwork_Transport_TypeAssist][][][getNetworkType() : 4G
[I][2022-02-12 +80 09:06:06.635][9341, 27200][cellularStrengthThread][NXNetwork_Transport_TypeAssist][][][getNetworkType() : 4G
[I][2022-02-12 +80 09:06:06.644][9341, 27200][cellularStrengthThread][NXNetwork_Transport_TypeAssist][][][getNetworkType() : 4G
[I][2022-02-12 +80 09:06:06.654][9341, 27200][cellularStrengthThread][NXNetwork_Transport_TypeAssist][][][getNetworkType() : 4G
[I][2022-02-12 +80 09:06:06.667][9341, 27200][cellularStrengthThread][NXNetwork_Transport_TypeAssist][][][getNetworkType() : 4G
[I][2022-02-12 +80 09:06:06.675][9341, 27200][cellularStrengthThread][NXNetwork_Transport_TypeAssist][][][getNetworkType() : 4G
[I][2022-02-12 +80 09:06:06.679][9341, 27200][cellularStrengthThread][NXNetwork_Transport_TypeAssist][][][getNetworkType() : 4G
[I][2022-02-12 +80 09:06:06.684][9341, 27200][cellularStrengthThread][NXNetwork_Transport_TypeAssist][][][getNetworkType() : 4G
[I][2022-02-12 +80 09:06:06.686][9341, 27200][cellularStrengthThread][NXNetwork_Transport_TypeAssist][][][getNetworkType() : 4G
[I][2022-02-12 +80 09:06:06.692][9341, 27200][cellularStrengthThread][NXNetwork_Transport_TypeAssist][][][getNetworkType() : 4G
[I][2022-02-12 +80 09:06:06.703][9341, 27200][cellularStrengthThread][NXNetwork_Transport_TypeAssist][][][getNetworkType() : 4G
[I][2022-02-12 +80 09:06:06.706][9341, 27200][cellularStrengthThread][NXNetwork_Transport_TypeAssist][][][getNetworkType() : 4G
[I][2022-02-12 +80 09:06:06.708][9341, 27200][cellularStrengthThread][NXNetwork_Transport_TypeAssist][][][getNetworkType() : 4G
[I][2022-02-12 +80 09:06:06.709][9341, 27200][cellularStrengthThread][NXNetwork_Transport_TypeAssist][][][getNetworkType() : 4G
[I][2022-02-12 +80 09:06:06.720][9341, 27200][cellularStrengthThread][NXNetwork_Transport_TypeAssist][][][getNetworkType() : 4G
[I][2022-02-12 +80 09:06:06.724][9341, 27200][cellularStrengthThread][NXNetwork_Transport_TypeAssist][][][getNetworkType() : 4G
[I][2022-02-12 +80 09:06:06.725][9341, 27200][cellularStrengthThread][NXNetwork_Transport_TypeAssist][][][getNetworkType() : 4G
[I][2022-02-12 +80 09:06:06.732][9341, 27200][cellularStrengthThread][NXNetwork_Transport_TypeAssist][][][getNetworkType() : 4G
[I][2022-02-12 +80 09:06:06.734][9341, 27200][cellularStrengthThread][NXNetwork_Transport_TypeAssist][][][getNetworkType() : 4G
[I][2022-02-12 +80 09:06:06.746][9341, 27200][cellularStrengthThread][NXNetwork_Transport_TypeAssist][][][getNetworkType() : 4G
[I][2022-02-12 +80 09:06:06.753][9341, 27200][cellularStrengthThread][NXNetwork_Transport_TypeAssist][][][getNetworkType() : 4G
[I][2022-02-12 +80 09:06:06.761][9341, 27200][cellularStrengthThread][NXNetwork_Transport_TypeAssist][][][getNetworkType() : 4G
[I][2022-02-12 +80 09:06:06.766][9341, 27200][cellularStrengthThread][NXNetwork_Transport_TypeAssist][][][getNetworkType() : 4G
[I][2022-02-12 +80 09:06:06.767][9341, 27200][cellularStrengthThread][NXNetwork_Transport_TypeAssist][][][getNetworkType() : 4G
[I][2022-02-12 +80 09:06:06.775][9341, 27200][cellularStrengthThread][NXNetwork_Transport_TypeAssist][][][getNetworkType() : 4G
[I][2022-02-12 +80 09:06:06.778][9341, 27200][cellularStrengthThread][NXNetwork_Transport_TypeAssist][][][getNetworkType() : 4G
[I][2022-02-12 +80 09:06:06.786][9341, 27200][cellularStrengthThread][NXNetwork_Transport_TypeAssist][][][getNetworkType() : 4G
[I][2022-02-12 +80 09:06:06.789][9341, 27200][cellularStrengthThread][NXNetwork_Transport_TypeAssist][][][getNetworkType() : 4G
[I][2022-02-12 +80 09:06:06.794][9341, 27200][cellularStrengthThread][NXNetwork_Transport_TypeAssist][][][getNetworkType() : 4G
[I][2022-02-12 +80 09:06:06.796][9341, 27200][cellularStrengthThread][NXNetwork_Transport_TypeAssist][][][getNetworkType() : 4G
[I][2022-02-12 +80 09:06:06.804][9341, 27200][cellularStrengthThread][NXNetwork_Transport_TypeAssist][][][getNetworkType() : 4G
[I][2022-02-12 +80 09:06:06.812][9341, 27200][cellularStrengthThread][NXNetwork_Transport_TypeAssist][][][getNetworkType() : 4G
[I][2022-02-12 +80 09:06:06.815][9341, 27200][cellularStrengthThread][NXNetwork_Transport_TypeAssist][][][getNetworkType() : 4G
[I][2022-02-12 +80 09:06:06.821][9341, 27200][cellularStrengthThread][NXNetwork_Transport_TypeAssist][][][getNetworkType() : 4G
[I][2022-02-12 +80 09:06:06.828][9341, 27200][cellularStrengthThread][NXNetwork_Transport_TypeAssist][][][getNetworkType() : 4G
[I][2022-02-12 +80 09:06:06.841][9341, 27200][cellularStrengthThread][NXNetwork_Transport_TypeAssist][][][getNetworkType() : 4G
[I][2022-02-12 +80 09:06:06.847][9341, 27200][cellularStrengthThread][NXNetwork_Transport_TypeAssist][][][getNetworkType() : 4G
[I][2022-02-12 +80 09:06:06.853][9341, 27200][cellularStrengthThread][NXNetwork_Transport_TypeAssist][][][getNetworkType() : 4G
[I][2022-02-12 +80 09:06:06.858][9341, 27200][cellularStrengthThread][NXNetwork_Transport_TypeAssist][][][getNetworkType() : 4G
[I][2022-02-12 +80 09:06:06.864][9341, 27200][cellularStrengthThread][NXNetwork_Transport_TypeAssist][][][getNetworkType() : 4G
[I][2022-02-12 +80 09:06:06.875][9341, 27200][cellularStrengthThread][NXNetwork_Transport_TypeAssist][][][getNetworkType() : 4G
[I][2022-02-12 +80 09:06:06.882][9341, 27200][cellularStrengthThread][NXNetwork_Transport_TypeAssist][][][getNetworkType() : 4G
[I][2022-02-12 +80 09:06:06.888][9341, 27200][cellularStrengthThread][NXNetwork_Transport_TypeAssist][][][getNetworkType() : 4G
[I][2022-02-12 +80 09:06:06.894][9341, 27200][cellularStrengthThread][NXNetwork_Transport_TypeAssist][][][getNetworkType() : 4G
[I][2022-02-12 +80 09:06:06.898][9341, 27200][cellularStrengthThread][NXNetwork_Transport_TypeAssist][][][getNetworkType() : 4G
[I][2022-02-12 +80 09:06:06.908][9341, 27200][cellularStrengthThread][NXNetwork_Transport_TypeAssist][][][getNetworkType() : 4G
[I][2022-02-12 +80 09:06:06.914][9341, 27200][cellularStrengthThread][NXNetwork_Transport_TypeAssist][][][getNetworkType() : 4G
[I][2022-02-12 +80 09:06:06.918][9341, 27200][cellularStrengthThread][NXNetwork_Transport_TypeAssist][][][getNetworkType() : 4G
[I][2022-02-12 +80 09:06:06.923][9341, 27200][cellularStrengthThread][NXNetwork_Transport_TypeAssist][][][getNetworkType() : 4G
[I][2022-02-12 +80 09:06:06.925][9341, 27200][cellularStrengthThread][NXNetwork_Transport_TypeAssist][][][getNetworkType() : 4G
[I][2022-02-12 +80 09:06:06.933][9341, 27200][cellularStrengthThread][NXNetwork_Transport_TypeAssist][][][getNetworkType() : 4G
[I][2022-02-12 +80 09:06:06.937][9341, 27200][cellularStrengthThread][NXNetwork_Transport_TypeAssist][][][getNetworkType() : 4G
[I][2022-02-12 +80 09:06:06.938][9341, 27200][cellularStrengthThread][NXNetwork_Transport_TypeAssist][][][getNetworkType() : 4G
[I][2022-02-12 +80 09:06:06.949][9341, 27200][cellularStrengthThread][NXNetwork_Transport_TypeAssist][][][getNetworkType() : 4G
[I][2022-02-12 +80 09:06:06.955][9341, 27200][cellularStrengthThread][NXNetwork_Transport_TypeAssist][][][getNetworkType() : 4G
[I][2022-02-12 +80 09:06:06.964][9341, 27200][cellularStrengthThread][NXNetwork_Transport_TypeAssist][][][getNetworkType() : 4G
[I][2022-02-12 +80 09:06:06.975][9341, 27200][cellularStrengthThread][NXNetwork_Transport_TypeAssist][][][getNetworkType() : 4G
[I][2022-02-12 +80 09:06:06.978][9341, 27200][cellularStrengthThread][NXNetwork_Transport_TypeAssist][][][getNetworkType() : 4G
[I][2022-02-12 +80 09:06:06.983][9341, 27200][cellularStrengthThread][NXNetwork_Transport_TypeAssist][][][getNetworkType() : 4G
[I][2022-02-12 +80 09:06:06.991][9341, 27200][cellularStrengthThread][NXNetwork_Transport_TypeAssist][][][getNetworkType() : 4G
[I][2022-02-12 +80 09:06:06.994][9341, 27200][cellularStrengthThread][NXNetwork_Transport_TypeAssist][][][getNetworkType() : 4G
[I][2022-02-12 +80 09:06:06.999][9341, 27200][cellularStrengthThread][NXNetwork_Transport_TypeAssist][][][getNetworkType() : 4G
[I][2022-02-12 +80 09:06:07.007][9341, 27200][cellularStrengthThread][NXNetwork_Transport_TypeAssist][][][getNetworkType() : 4G
[I][2022-02-12 +80 09:06:07.011][9341, 27200][cellularStrengthThread][NXNetwork_Transport_TypeAssist][][][getNetworkType() : 4G
[I][2022-02-12 +80 09:06:07.016][9341, 27200][cellularStrengthThread][NXNetwork_Transport_TypeAssist][][][getNetworkType() : 4G
[I][2022-02-12 +80 09:06:07.018][9341, 27200][cellularStrengthThread][NXNetwork_Transport_TypeAssist][][][getNetworkType() : 4G
[I][2022-02-12 +80 09:06:07.020][9341, 27200][cellularStrengthThread][NXNetwork_Transport_TypeAssist][][][getNetworkType() : 4G
[I][2022-02-12 +80 09:06:07.021][9341, 27200][cellularStrengthThread][NXNetwork_Transport_TypeAssist][][][getNetworkType() : 4G
[I][2022-02-12 +80 09:06:07.023][9341, 27200][cellularStrengthThread][NXNetwork_Transport_TypeAssist][][][getNetworkType() : 4G
[I][2022-02-12 +80 09:06:07.025][9341, 27200][cellularStrengthThread][NXNetwork_Transport_TypeAssist][][][getNetworkType() : 4G
[I][2022-02-12 +80 09:06:07.026][9341, 27200][cellularStrengthThread][NXNetwork_Transport_TypeAssist][][][getNetworkType() : 4G
[I][2022-02-12 +80 09:06:07.028][9341, 27200][cellularStrengthThread][NXNetwork_Transport_TypeAssist][][][getNetworkType() : 4G
[I][2022-02-12 +80 09:06:07.033][9341, 27200][cellularStrengthThread][NXNetwork_Transport_TypeAssist][][][getNetworkType() : 4G
[I][2022-02-12 +80 09:06:07.037][9341, 27200][cellularStrengthThread][NXNetwork_Transport_TypeAssist][][][getNetworkType() : 4G
[I][2022-02-12 +80 09:06:07.039][9341, 27200][cellularStrengthThread][NXNetwork_Transport_TypeAssist][][][getNetworkType() : 4G
[I][2022-02-12 +80 09:06:07.041][9341, 27200][cellularStrengthThread][NXNetwork_Transport_TypeAssist][][][getNetworkType() : 4G
[I][2022-02-12 +80 09:06:07.046][9341, 27200][cellularStrengthThread][NXNetwork_Transport_TypeAssist][][][getNetworkType() : 4G
[I][2022-02-12 +80 09:06:07.049][9341, 27200][cellularStrengthThread][NXNetwork_Transport_TypeAssist][][][getNetworkType() : 4G
[I][2022-02-12 +80 09:06:07.052][9341, 27200][cellularStrengthThread][NXNetwork_Transport_TypeAssist][][][getNetworkType() : 4G
[I][2022-02-12 +80 09:06:07.053][9341, 27200][cellularStrengthThread][NXNetwork_Transport_TypeAssist][][][getNetworkType() : 4G
[I][2022-02-12 +80 09:06:07.055][9341, 27200][cellularStrengthThread][NXNetwork_Transport_TypeAssist][][][getNetworkType() : 4G
[I][2022-02-12 +80 09:06:07.063][9341, 27200][cellularStrengthThread][NXNetwork_Transport_TypeAssist][][][getNetworkType() : 4G
[I][2022-02-12 +80 09:06:07.065][9341, 27200][cellularStrengthThread][NXNetwork_Transport_TypeAssist][][][getNetworkType() : 4G
[I][2022-02-12 +80 09:06:07.066][9341, 27200][cellularStrengthThread][NXNetwork_Transport_TypeAssist][][][getNetworkType() : 4G
[I][2022-02-12 +80 09:06:07.068][9341, 27200][cellularStrengthThread][NXNetwork_Transport_TypeAssist][][][getNetworkType() : 4G
[I][2022-02-12 +80 09:06:07.070][9341, 27200][cellularStrengthThread][NXNetwork_Transport_TypeAssist][][][getNetworkType() : 4G
[I][2022-02-12 +80 09:06:07.071][9341, 27200][cellularStrengthThread][NXNetwork_Transport_TypeAssist][][][getNetworkType() : 4G
[I][2022-02-12 +80 09:06:07.072][9341, 27200][cellularStrengthThread][NXNetwork_Transport_TypeAssist][][][getNetworkType() : 4G
[I][2022-02-12 +80 09:06:07.075][9341, 27200][cellularStrengthThread][NXNetwork_Transport_TypeAssist][][][getNetworkType() : 4G
[I][2022-02-12 +80 09:06:07.076][9341, 27200][cellularStrengthThread][NXNetwork_Transport_TypeAssist][][][getNetworkType() : 4G
[I][2022-02-12 +80 09:06:07.079][9341, 27200][cellularStrengthThread][NXNetwork_Transport_TypeAssist][][][getNetworkType() : 4G
[I][2022-02-12 +80 09:06:07.084][9341, 27200][cellularStrengthThread][NXNetwork_Transport_TypeAssist][][][getNetworkType() : 4G
[I][2022-02-12 +80 09:06:07.086][9341, 27200][cellularStrengthThread][NXNetwork_Transport_TypeAssist][][][getNetworkType() : 4G
[I][2022-02-12 +80 09:06:07.088][9341, 27200][cellularStrengthThread][NXNetwork_Transport_TypeAssist][][][getNetworkType() : 4G
[I][2022-02-12 +80 09:06:07.094][9341, 27200][cellularStrengthThread][NXNetwork_Transport_TypeAssist][][][getNetworkType() : 4G
[I][2022-02-12 +80 09:06:07.096][9341, 27200][cellularStrengthThread][NXNetwork_Transport_TypeAssist][][][getNetworkType() : 4G
[I][2022-02-12 +80 09:06:07.098][9341, 27200][cellularStrengthThread][NXNetwork_Transport_TypeAssist][][][getNetworkType() : 4G
[I][2022-02-12 +80 09:06:07.099][9341, 27200][cellularStrengthThread][NXNetwork_Transport_TypeAssist][][][getNetworkType() : 4G
[I][2022-02-12 +80 09:06:07.104][9341, 27200][cellularStrengthThread][NXNetwork_Transport_TypeAssist][][][getNetworkType() : 4G
[I][2022-02-12 +80 09:06:07.109][9341, 27200][cellularStrengthThread][NXNetwork_Transport_TypeAssist][][][getNetworkType() : 4G
[I][2022-02-12 +80 09:06:07.111][9341, 27200][cellularStrengthThread][NXNetwork_Transport_TypeAssist][][][getNetworkType() : 4G
[I][2022-02-12 +80 09:06:07.113][9341, 27200][cellularStrengthThread][NXNetwork_Transport_TypeAssist][][][getNetworkType() : 4G
[I][2022-02-12 +80 09:06:07.116][9341, 27200][cellularStrengthThread][NXNetwork_Transport_TypeAssist][][][getNetworkType() : 4G
[I][2022-02-12 +80 09:06:07.118][9341, 27200][cellularStrengthThread][NXNetwork_Transport_TypeAssist][][][getNetworkType() : 4G
[I][2022-02-12 +80 09:06:07.124][9341, 27200][cellularStrengthThread][NXNetwork_Transport_TypeAssist][][][getNetworkType() : 4G
[I][2022-02-12 +80 09:06:07.128][9341, 27200][cellularStrengthThread][NXNetwork_Transport_TypeAssist][][][getNetworkType() : 4G
[I][2022-02-12 +80 09:06:07.131][9341, 27200][cellularStrengthThread][NXNetwork_Transport_TypeAssist][][][getNetworkType() : 4G
[I][2022-02-12 +80 09:06:07.138][9341, 27200][cellularStrengthThread][NXNetwork_Transport_TypeAssist][][][getNetworkType() : 4G
[I][2022-02-12 +80 09:06:07.140][9341, 27200][cellularStrengthThread][NXNetwork_Transport_TypeAssist][][][getNetworkType() : 4G
[I][2022-02-12 +80 09:06:07.143][9341, 27200][cellularStrengthThread][NXNetwork_Transport_TypeAssist][][][getNetworkType() : 4G
[I][2022-02-12 +80 09:06:07.145][9341, 27200][cellularStrengthThread][NXNetwork_Transport_TypeAssist][][][getNetworkType() : 4G
[I][2022-02-12 +80 09:06:07.149][9341, 27200][cellularStrengthThread][NXNetwork_Transport_TypeAssist][][][getNetworkType() : 4G
[I][2022-02-12 +80 09:06:07.150][9341, 27200][cellularStrengthThread][NXNetwork_Transport_TypeAssist][][][getNetworkType() : 4G
[I][2022-02-12 +80 09:06:07.152][9341, 27200][cellularStrengthThread][NXNetwork_Transport_TypeAssist][][][getNetworkType() : 4G
[I][2022-02-12 +80 09:06:07.153][9341, 27200][cellularStrengthThread][NXNetwork_Transport_TypeAssist][][][getNetworkType() : 4G
[I][2022-02-12 +80 09:06:07.155][9341, 27200][cellularStrengthThread][NXNetwork_Transport_TypeAssist][][][getNetworkType() : 4G
[I][2022-02-12 +80 09:06:07.157][9341, 27200][cellularStrengthThread][NXNetwork_Transport_TypeAssist][][][getNetworkType() : 4G
[I][2022-02-12 +80 09:06:07.159][9341, 27200][cellularStrengthThread][NXNetwork_Transport_TypeAssist][][][getNetworkType() : 4G
[I][2022-02-12 +80 09:06:07.161][9341, 27200][cellularStrengthThread][NXNetwork_Transport_TypeAssist][][][getNetworkType() : 4G
[I][2022-02-12 +80 09:06:07.163][9341, 27200][cellularStrengthThread][NXNetwork_Transport_TypeAssist][][][getNetworkType() : 4G
[I][2022-02-12 +80 09:06:07.165][9341, 27200][cellularStrengthThread][NXNetwork_Transport_TypeAssist][][][getNetworkType() : 4G
[I][2022-02-12 +80 09:06:07.166][9341, 27200][cellularStrengthThread][NXNetwork_Transport_TypeAssist][][][getNetworkType() : 4G
[I][2022-02-12 +80 09:06:07.169][9341, 27200][cellularStrengthThread][NXNetwork_Transport_TypeAssist][][][getNetworkType() : 4G
[I][2022-02-12 +80 09:06:07.170][9341, 27200][cellularStrengthThread][NXNetwork_Transport_TypeAssist][][][getNetworkType() : 4G
[I][2022-02-12 +80 09:06:07.173][9341, 27200][cellularStrengthThread][NXNetwork_Transport_TypeAssist][][][getNetworkType() : 4G
[I][2022-02-12 +80 09:06:07.174][9341, 27200][cellularStrengthThread][NXNetwork_Transport_TypeAssist][][][getNetworkType() : 4G
[I][2022-02-12 +80 09:06:07.176][9341, 27200][cellularStrengthThread][NXNetwork_Transport_TypeAssist][][][getNetworkType() : 4G
[I][2022-02-12 +80 09:06:07.179][9341, 27200][cellularStrengthThread][NXNetwork_Transport_TypeAssist][][][getNetworkType() : 4G
[I][2022-02-12 +80 09:06:07.181][9341, 27200][cellularStrengthThread][NXNetwork_Transport_TypeAssist][][][getNetworkType() : 4G
[I][2022-02-12 +80 09:06:07.183][9341, 27200][cellularStrengthThread][NXNetwork_Transport_TypeAssist][][][getNetworkType() : 4G
[I][2022-02-12 +80 09:06:07.186][9341, 27200][cellularStrengthThread][NXNetwork_Transport_TypeAssist][][][getNetworkType() : 4G
[I][2022-02-12 +80 09:06:07.187][9341, 27200][cellularStrengthThread][NXNetwork_Transport_TypeAssist][][][getNetworkType() : 4G
[I][2022-02-12 +80 09:06:07.189][9341, 27200][cellularStrengthThread][NXNetwork_Transport_TypeAssist][][][getNetworkType() : 4G
[I][2022-02-12 +80 09:06:07.196][9341, 27200][cellularStrengthThread][NXNetwork_Transport_TypeAssist][][][getNetworkType() : 4G
[I][2022-02-12 +80 09:06:07.198][9341, 27200][cellularStrengthThread][NXNetwork_Transport_TypeAssist][][][getNetworkType() : 4G
[I][2022-02-12 +80 09:06:07.202][9341, 27200][cellularStrengthThread][NXNetwork_Transport_TypeAssist][][][getNetworkType() : 4G
[I][2022-02-12 +80 09:06:07.209][9341, 27200][cellularStrengthThread][NXNetwork_Transport_TypeAssist][][][getNetworkType() : 4G
[I][2022-02-12 +80 09:06:07.210][9341, 27200][cellularStrengthThread][NXNetwork_Transport_TypeAssist][][][getNetworkType() : 4G
[I][2022-02-12 +80 09:06:07.211][9341, 27200][cellularStrengthThread][NXNetwork_Transport_TypeAssist][][][getNetworkType() : 4G
[I][2022-02-12 +80 09:06:07.214][9341, 27200][cellularStrengthThread][NXNetwork_Transport_TypeAssist][][][getNetworkType() : 4G
[I][2022-02-12 +80 09:06:07.215][9341, 27200][cellularStrengthThread][NXNetwork_Transport_TypeAssist][][][getNetworkType() : 4G
[I][2022-02-12 +80 09:06:07.218][9341, 27200][cellularStrengthThread][NXNetwork_Transport_TypeAssist][][][getNetworkType() : 4G
[I][2022-02-12 +80 09:06:07.222][9341, 27200][cellularStrengthThread][NXNetwork_Transport_TypeAssist][][][getNetworkType() : 4G
[I][2022-02-12 +80 09:06:07.227][9341, 27200][cellularStrengthThread][NXNetwork_Transport_TypeAssist][][][getNetworkType() : 4G
[I][2022-02-12 +80 09:06:07.228][9341, 27200][cellularStrengthThread][NXNetwork_Transport_TypeAssist][][][getNetworkType() : 4G
[I][2022-02-12 +80 09:06:07.230][9341, 27200][cellularStrengthThread][NXNetwork_Transport_TypeAssist][][][getNetworkType() : 4G
[I][2022-02-12 +80 09:06:07.232][9341, 27200][cellularStrengthThread][NXNetwork_Transport_TypeAssist][][][getNetworkType() : 4G
[I][2022-02-12 +80 09:06:07.234][9341, 27200][cellularStrengthThread][NXNetwork_Transport_TypeAssist][][][getNetworkType() : 4G
[I][2022-02-12 +80 09:06:07.244][9341, 27200][cellularStrengthThread][NXNetwork_Transport_TypeAssist][][][getNetworkType() : 4G
[I][2022-02-12 +80 09:06:07.250][9341, 27200][cellularStrengthThread][NXNetwork_Transport_TypeAssist][][][getNetworkType() : 4G
[I][2022-02-12 +80 09:06:07.260][9341, 27200][cellularStrengthThread][NXNetwork_Transport_TypeAssist][][][getNetworkType() : 4G
[I][2022-02-12 +80 09:06:07.263][9341, 27200][cellularStrengthThread][NXNetwork_Transport_TypeAssist][][][getNetworkType() : 4G
[I][2022-02-12 +80 09:06:07.265][9341, 27200][cellularStrengthThread][NXNetwork_Transport_TypeAssist][][][getNetworkType() : 4G
[I][2022-02-12 +80 09:06:07.266][9341, 27200][cellularStrengthThread][NXNetwork_Transport_TypeAssist][][][getNetworkType() : 4G
[I][2022-02-12 +80 09:06:07.273][9341, 27200][cellularStrengthThread][NXNetwork_Transport_TypeAssist][][][getNetworkType() : 4G
[I][2022-02-12 +80 09:06:07.287][9341, 27200][cellularStrengthThread][NXNetwork_Transport_TypeAssist][][][getNetworkType() : 4G
[I][2022-02-12 +80 09:06:07.297][9341, 27200][cellularStrengthThread][NXNetwork_Transport_TypeAssist][][][getNetworkType() : 4G
[I][2022-02-12 +80 09:06:07.298][9341, 27200][cellularStrengthThread][NXNetwork_Transport_TypeAssist][][][getNetworkType() : 4G
[I][2022-02-12 +80 09:06:07.305][9341, 27200][cellularStrengthThread][NXNetwork_Transport_TypeAssist][][][getNetworkType() : 4G
[I][2022-02-12 +80 09:06:07.312][9341, 27200][cellularStrengthThread][NXNetwork_Transport_TypeAssist][][][getNetworkType() : 4G
[I][2022-02-12 +80 09:06:07.314][9341, 27200][cellularStrengthThread][NXNetwork_Transport_TypeAssist][][][getNetworkType() : 4G
[I][2022-02-12 +80 09:06:07.320][9341, 27200][cellularStrengthThread][NXNetwork_Transport_TypeAssist][][][getNetworkType() : 4G
[I][2022-02-12 +80 09:06:07.321][9341, 27200][cellularStrengthThread][NXNetwork_Transport_TypeAssist][][][getNetworkType() : 4G
[I][2022-02-12 +80 09:06:07.323][9341, 27200][cellularStrengthThread][NXNetwork_Transport_TypeAssist][][][getNetworkType() : 4G
[I][2022-02-12 +80 09:06:07.326][9341, 27200][cellularStrengthThread][NXNetwork_Transport_TypeAssist][][][getNetworkType() : 4G
[I][2022-02-12 +80 09:06:07.327][9341, 27200][cellularStrengthThread][NXNetwork_Transport_TypeAssist][][][getNetworkType() : 4G
[I][2022-02-12 +80 09:06:07.328][9341, 27200][cellularStrengthThread][NXNetwork_Transport_TypeAssist][][][getNetworkType() : 4G
[I][2022-02-12 +80 09:06:07.330][9341, 27200][cellularStrengthThread][NXNetwork_Transport_TypeAssist][][][getNetworkType() : 4G
[I][2022-02-12 +80 09:06:07.331][9341, 27200][cellularStrengthThread][NXNetwork_Transport_TypeAssist][][][getNetworkType() : 4G
[I][2022-02-12 +80 09:06:07.334][9341, 27200][cellularStrengthThread][NXNetwork_Transport_TypeAssist][][][getNetworkType() : 4G
[I][2022-02-12 +80 09:06:07.336][9341, 27200][cellularStrengthThread][NXNetwork_Transport_TypeAssist][][][getNetworkType() : 4G
[I][2022-02-12 +80 09:06:07.337][9341, 27200][cellularStrengthThread][NXNetwork_Transport_TypeAssist][][][getNetworkType() : 4G
[I][2022-02-12 +80 09:06:07.340][9341, 27200][cellularStrengthThread][NXNetwork_Transport_TypeAssist][][][getNetworkType() : 4G
[I][2022-02-12 +80 09:06:07.341][9341, 27200][cellularStrengthThread][NXNetwork_Transport_TypeAssist][][][getNetworkType() : 4G
[I][2022-02-12 +80 09:06:07.342][9341, 27200][cellularStrengthThread][NXNetwork_Transport_TypeAssist][][][getNetworkType() : 4G
[I][2022-02-12 +80 09:06:07.344][9341, 27200][cellularStrengthThread][NXNetwork_Transport_TypeAssist][][][getNetworkType() : 4G
[I][2022-02-12 +80 09:06:07.349][9341, 27200][cellularStrengthThread][NXNetwork_Transport_TypeAssist][][][getNetworkType() : 4G
[I][2022-02-12 +80 09:06:07.351][9341, 27200][cellularStrengthThread][NXNetwork_Transport_TypeAssist][][][getNetworkType() : 4G
[I][2022-02-12 +80 09:06:07.353][9341, 27200][cellularStrengthThread][NXNetwork_Transport_TypeAssist][][][getNetworkType() : 4G
[I][2022-02-12 +80 09:06:07.354][9341, 27200][cellularStrengthThread][NXNetwork_Transport_TypeAssist][][][getNetworkType() : 4G
[I][2022-02-12 +80 09:06:07.355][9341, 27200][cellularStrengthThread][NXNetwork_Transport_TypeAssist][][][getNetworkType() : 4G
[I][2022-02-12 +80 09:06:07.357][9341, 27200][cellularStrengthThread][NXNetwork_Transport_TypeAssist][][][getNetworkType() : 4G
[I][2022-02-12 +80 09:06:07.358][9341, 27200][cellularStrengthThread][NXNetwork_Transport_TypeAssist][][][getNetworkType() : 4G
[I][2022-02-12 +80 09:06:07.359][9341, 27200][cellularStrengthThread][NXNetwork_Transport_TypeAssist][][][getNetworkType() : 4G
[I][2022-02-12 +80 09:06:07.360][9341, 27200][cellularStrengthThread][NXNetwork_Transport_TypeAssist][][][getNetworkType() : 4G
[I][2022-02-12 +80 09:06:07.361][9341, 27200][cellularStrengthThread][NXNetwork_Transport_TypeAssist][][][getNetworkType() : 4G
[I][2022-02-12 +80 09:06:07.362][9341, 27200][cellularStrengthThread][NXNetwork_Transport_TypeAssist][][][getNetworkType() : 4G
[I][2022-02-12 +80 09:06:07.363][9341, 27200][cellularStrengthThread][NXNetwork_Transport_TypeAssist][][][getNetworkType() : 4G
[I][2022-02-12 +80 09:06:07.364][9341, 27200][cellularStrengthThread][NXNetwork_Transport_TypeAssist][][][getNetworkType() : 4G
[I][2022-02-12 +80 09:06:07.366][9341, 27200][cellularStrengthThread][NXNetwork_Transport_TypeAssist][][][getNetworkType() : 4G
[I][2022-02-12 +80 09:06:07.367][9341, 27200][cellularStrengthThread][NXNetwork_Transport_TypeAssist][][][getNetworkType() : 4G
[I][2022-02-12 +80 09:06:07.370][9341, 27200][cellularStrengthThread][NXNetwork_Transport_TypeAssist][][][getNetworkType() : 4G
[I][2022-02-12 +80 09:06:07.371][9341, 27200][cellularStrengthThread][NXNetwork_Transport_TypeAssist][][][getNetworkType() : 4G
[I][2022-02-12 +80 09:06:07.373][9341, 27200][cellularStrengthThread][NXNetwork_Transport_TypeAssist][][][getNetworkType() : 4G
[I][2022-02-12 +80 09:06:07.380][9341, 27200][cellularStrengthThread][NXNetwork_Transport_TypeAssist][][][getNetworkType() : 4G
[I][2022-02-12 +80 09:06:07.382][9341, 27200][cellularStrengthThread][NXNetwork_Transport_TypeAssist][][][getNetworkType() : 4G
[I][2022-02-12 +80 09:06:07.385][9341, 27200][cellularStrengthThread][NXNetwork_Transport_TypeAssist][][][getNetworkType() : 4G
[I][2022-02-12 +80 09:06:07.387][9341, 27200][cellularStrengthThread][NXNetwork_Transport_TypeAssist][][][getNetworkType() : 4G
[I][2022-02-12 +80 09:06:07.389][9341, 27200][cellularStrengthThread][NXNetwork_Transport_TypeAssist][][][getNetworkType() : 4G
[I][2022-02-12 +80 09:06:07.390][9341, 27200][cellularStrengthThread][NXNetwork_Transport_TypeAssist][][][getNetworkType() : 4G
[I][2022-02-12 +80 09:06:07.392][9341, 27200][cellularStrengthThread][NXNetwork_Transport_TypeAssist][][][getNetworkType() : 4G
[I][2022-02-12 +80 09:06:07.394][9341, 27200][cellularStrengthThread][NXNetwork_Transport_TypeAssist][][][getNetworkType() : 4G
[I][2022-02-12 +80 09:06:07.396][9341, 27200][cellularStrengthThread][NXNetwork_Transport_TypeAssist][][][getNetworkType() : 4G
[I][2022-02-12 +80 09:06:07.399][9341, 27200][cellularStrengthThread][NXNetwork_Transport_TypeAssist][][][getNetworkType() : 4G
[I][2022-02-12 +80 09:06:07.403][9341, 27200][cellularStrengthThread][NXNetwork_Transport_TypeAssist][][][getNetworkType() : 4G
[I][2022-02-12 +80 09:06:07.406][9341, 27200][cellularStrengthThread][NXNetwork_Transport_TypeAssist][][][getNetworkType() : 4G
[I][2022-02-12 +80 09:06:07.407][9341, 27200][cellularStrengthThread][NXNetwork_Transport_TypeAssist][][][getNetworkType() : 4G
[I][2022-02-12 +80 09:06:07.411][9341, 27200][cellularStrengthThread][NXNetwork_Transport_TypeAssist][][][getNetworkType() : 4G
[I][2022-02-12 +80 09:06:09.344][9341, 27200][cellularStrengthThread][NXNetwork_Transport_TypeAssist][][][getNetworkType() : 4G
[I][2022-02-12 +80 09:06:12.348][9341, 27200][cellularStrengthThread][NXNetwork_Transport_TypeAssist][][][getNetworkType() : 4G
[I][2022-02-12 +80 09:06:12.364][9341, 27200][cellularStrengthThread][NXNetwork_Transport_TypeAssist][][][getNetworkType() : 4G
~~~~~ end of mmap ~~~~~[7813,7813][2022-02-12 +0800 09:41:49]
