~~~~~ begin of mmap ~~~~~
[I][2022-02-10 +80 16:22:38.001][25891, 20940][cellularStrengthThread][NXNetwork_Transport_TypeAssist][][][getNetworkType() : 4G
[I][2022-02-10 +80 16:22:38.042][25891, 20940][cellularStrengthThread][NXNetwork_Transport_TypeAssist][][][getNetworkType() : 4G
[I][2022-02-10 +80 16:22:44.010][25891, 20940][cellularStrengthThread][NXNetwork_Transport_TypeAssist][][][getNetworkType() : 4G
[I][2022-02-10 +80 16:22:44.052][25891, 20940][cellularStrengthThread][NXNetwork_Transport_TypeAssist][][][getNetworkType() : 4G
[I][2022-02-10 +80 16:22:50.010][25891, 20940][cellularStrengthThread][NXNetwork_Transport_TypeAssist][][][getNetworkType() : 4G
[I][2022-02-10 +80 16:22:50.058][25891, 20940][cellularStrengthThread][NXNetwork_Transport_TypeAssist][][][getNetworkType() : 4G
[I][2022-02-10 +80 16:24:10.787][25891, 20940][cellularStrengthThread][NXNetwork_Transport_TypeAssist][][][getNetworkType() : 4G
[I][2022-02-10 +80 16:24:10.819][25891, 20940][cellularStrengthThread][NXNetwork_Transport_TypeAssist][][][getNetworkType() : 4G
[I][2022-02-10 +80 16:24:10.828][25891, 20940][cellularStrengthThread][NXNetwork_Transport_TypeAssist][][][getNetworkType() : 4G
[I][2022-02-10 +80 16:24:10.834][25891, 20940][cellularStrengthThread][NXNetwork_Transport_TypeAssist][][][getNetworkType() : 4G
[I][2022-02-10 +80 16:24:10.844][25891, 20940][cellularStrengthThread][NXNetwork_Transport_TypeAssist][][][getNetworkType() : 4G
[I][2022-02-10 +80 16:24:10.852][25891, 20940][cellularStrengthThread][NXNetwork_Transport_TypeAssist][][][getNetworkType() : 4G
[I][2022-02-10 +80 16:24:10.859][25891, 20940][cellularStrengthThread][NXNetwork_Transport_TypeAssist][][][getNetworkType() : 4G
[I][2022-02-10 +80 16:24:10.864][25891, 20940][cellularStrengthThread][NXNetwork_Transport_TypeAssist][][][getNetworkType() : 4G
[I][2022-02-10 +80 16:24:10.874][25891, 20940][cellularStrengthThread][NXNetwork_Transport_TypeAssist][][][getNetworkType() : 4G
[I][2022-02-10 +80 16:24:10.877][25891, 20940][cellularStrengthThread][NXNetwork_Transport_TypeAssist][][][getNetworkType() : 4G
[I][2022-02-10 +80 16:24:10.881][25891, 20940][cellularStrengthThread][NXNetwork_Transport_TypeAssist][][][getNetworkType() : 4G
[I][2022-02-10 +80 16:24:10.884][25891, 20940][cellularStrengthThread][NXNetwork_Transport_TypeAssist][][][getNetworkType() : 4G
[I][2022-02-10 +80 16:24:10.886][25891, 20940][cellularStrengthThread][NXNetwork_Transport_TypeAssist][][][getNetworkType() : 4G
[I][2022-02-10 +80 16:24:10.891][25891, 20940][cellularStrengthThread][NXNetwork_Transport_TypeAssist][][][getNetworkType() : 4G
[I][2022-02-10 +80 16:24:10.900][25891, 20940][cellularStrengthThread][NXNetwork_Transport_TypeAssist][][][getNetworkType() : 4G
[I][2022-02-10 +80 16:24:10.903][25891, 20940][cellularStrengthThread][NXNetwork_Transport_TypeAssist][][][getNetworkType() : 4G
[I][2022-02-10 +80 16:24:10.911][25891, 20940][cellularStrengthThread][NXNetwork_Transport_TypeAssist][][][getNetworkType() : 4G
[I][2022-02-10 +80 16:24:10.916][25891, 20940][cellularStrengthThread][NXNetwork_Transport_TypeAssist][][][getNetworkType() : 4G
[I][2022-02-10 +80 16:24:10.922][25891, 20940][cellularStrengthThread][NXNetwork_Transport_TypeAssist][][][getNetworkType() : 4G
[I][2022-02-10 +80 16:24:10.924][25891, 20940][cellularStrengthThread][NXNetwork_Transport_TypeAssist][][][getNetworkType() : 4G
[I][2022-02-10 +80 16:24:10.929][25891, 20940][cellularStrengthThread][NXNetwork_Transport_TypeAssist][][][getNetworkType() : 4G
[I][2022-02-10 +80 16:24:10.942][25891, 20940][cellularStrengthThread][NXNetwork_Transport_TypeAssist][][][getNetworkType() : 4G
[I][2022-02-10 +80 16:24:10.945][25891, 20940][cellularStrengthThread][NXNetwork_Transport_TypeAssist][][][getNetworkType() : 4G
[I][2022-02-10 +80 16:24:10.949][25891, 20940][cellularStrengthThread][NXNetwork_Transport_TypeAssist][][][getNetworkType() : 4G
[I][2022-02-10 +80 16:24:10.951][25891, 20940][cellularStrengthThread][NXNetwork_Transport_TypeAssist][][][getNetworkType() : 4G
[I][2022-02-10 +80 16:24:10.955][25891, 20940][cellularStrengthThread][NXNetwork_Transport_TypeAssist][][][getNetworkType() : 4G
[I][2022-02-10 +80 16:24:10.958][25891, 20940][cellularStrengthThread][NXNetwork_Transport_TypeAssist][][][getNetworkType() : 4G
[I][2022-02-10 +80 16:24:10.961][25891, 20940][cellularStrengthThread][NXNetwork_Transport_TypeAssist][][][getNetworkType() : 4G
[I][2022-02-10 +80 16:24:10.967][25891, 20940][cellularStrengthThread][NXNetwork_Transport_TypeAssist][][][getNetworkType() : 4G
[I][2022-02-10 +80 16:24:10.971][25891, 20940][cellularStrengthThread][NXNetwork_Transport_TypeAssist][][][getNetworkType() : 4G
[I][2022-02-10 +80 16:24:10.975][25891, 20940][cellularStrengthThread][NXNetwork_Transport_TypeAssist][][][getNetworkType() : 4G
[I][2022-02-10 +80 16:24:10.980][25891, 20940][cellularStrengthThread][NXNetwork_Transport_TypeAssist][][][getNetworkType() : 4G
[I][2022-02-10 +80 16:24:10.997][25891, 20940][cellularStrengthThread][NXNetwork_Transport_TypeAssist][][][getNetworkType() : 4G
[I][2022-02-10 +80 16:24:17.025][25891, 20940][cellularStrengthThread][NXNetwork_Transport_TypeAssist][][][getNetworkType() : 4G
[I][2022-02-10 +80 16:24:17.029][25891, 20940][cellularStrengthThread][NXNetwork_Transport_TypeAssist][][][getNetworkType() : 4G
[I][2022-02-10 +80 16:32:14.665][25891, 20940][cellularStrengthThread][NXNetwork_Transport_TypeAssist][][][getNetworkType() : 4G
[I][2022-02-10 +80 16:32:14.679][25891, 20940][cellularStrengthThread][NXNetwork_Transport_TypeAssist][][][getNetworkType() : 4G
~~~~~ end of mmap ~~~~~[20965,20965][2022-02-10 +0800 17:36:07]
^^^^^^^^^^Sep  7 2021^^^14:05:59^^^^^^^^^^[20965,20965][2022-02-10 +0800 17:36:07]
get mmap time: 4
MARS_URL: 
MARS_PATH: master_android
MARS_REVISION: a7ee7a4
MARS_BUILD_TIME: 2021-09-07 14:05:12
MARS_BUILD_JOB: 
log appender mode:0, use mmap:1
cache dir space info, capacity:245001879552 free:70086631424 available:70086631424
log dir space info, capacity:244980908032 free:70065655808 available:70065655808
[I][2022-02-10 +80 17:36:07.112][20965, 1*][main][InitializerABTestSwitch][][][getThreadpoolConfig >>> jsonStr = {}
[I][2022-02-10 +80 17:36:07.112][20965, 1*][main][Tab][][][getConfigFloat-----sTabSDKManager == null, key = tv_reflect_report_sample_rate_android
[I][2022-02-10 +80 17:36:07.112][20965, 1*][main][Tab][][][getConfigFloat-----sTabSDKManager == null, key = tv_reflect_report_sample_rate_android
[I][2022-02-10 +80 17:36:07.112][20965, 1*][main][LoadLibraryHooker][][][load so c++_shared
[I][2022-02-10 +80 17:36:07.113][20965, 1*][main][LoadLibraryHooker][][][load so mmkv
[I][2022-02-10 +80 17:36:07.115][20965, 1*][main][Tab][][][getConfigFloat-----sTabSDKManager == null, key = tv_reflect_report_sample_rate_android
[I][2022-02-10 +80 17:36:07.115][20965, 1*][main][Tab][][][getConfigFloat-----sTabSDKManager == null, key = tv_reflect_report_sample_rate_android
[I][2022-02-10 +80 17:36:07.115][20965, 1*][main][Tab][][][getConfigFloat-----sTabSDKManager == null, key = tv_reflect_report_sample_rate_android
[I][2022-02-10 +80 17:36:07.115][20965, 1*][main][DetailCgiPreloadTask][][][not match process
[I][2022-02-10 +80 17:36:07.115][20965, 1*][main][LaunchTaskConfigImpl][][][getSubThreadCore = 1
[I][2022-02-10 +80 17:36:07.116][20965, 1*][main][Tab][][][getConfigInt-----sTabSDKManager == null, key = private_protocol_dialog_enable
[I][2022-02-10 +80 17:36:07.116][20965, 1*][main][PrivateProtocolDialogManager][][][PrivateProtocolDialogManager : setValue --> false
[I][2022-02-10 +80 17:36:07.118][20965, 1*][main][DetailCgiPreloadTask][][][not match process
[I][2022-02-10 +80 17:36:07.118][20965, 1*][main][Tab][][][isToggleOn-----sTabSDKManager == null, key = monitor_subprocess_threadinfo_enable
[I][2022-02-10 +80 17:36:07.118][20965, 1*][main][Tab][][][getConfigFloat-----sTabSDKManager == null, key = tv_reflect_report_sample_rate_android
[I][2022-02-10 +80 17:36:07.118][20965, 21394][launch-thread-0][Tab][][][getABCloudConfigInt-----sTabSDKManager == null, key = acc_client_max_conn_pool_idle_size
[I][2022-02-10 +80 17:36:07.118][20965, 1*][main][Tab][][][getConfigFloat-----sTabSDKManager == null, key = tv_reflect_report_sample_rate_android
[I][2022-02-10 +80 17:36:07.118][20965, 1*][main][Tab][][][getConfigFloat-----sTabSDKManager == null, key = tv_reflect_report_sample_rate_android
[I][2022-02-10 +80 17:36:07.118][20965, 21394][launch-thread-0][Tab][][][getABCloudConfigInt-----sTabSDKManager == null, key = acc_client_conn_pool_alive_second_time
[I][2022-02-10 +80 17:36:07.118][20965, 21394][launch-thread-0][Tab][][][getABCloudConfigBoolean-----sTabSDKManager == null, key = acc_client_http2_switch
[I][2022-02-10 +80 17:36:07.119][20965, 21394][launch-thread-0][Tab][][][getConfigFloat-----sTabSDKManager == null, key = tv_reflect_report_sample_rate_android
[I][2022-02-10 +80 17:36:07.119][20965, 21394][launch-thread-0][Tab][][][getConfigFloat-----sTabSDKManager == null, key = tv_reflect_report_sample_rate_android
[I][2022-02-10 +80 17:36:07.121][20965, 1*][main][TabSDKManager][][][init: mOmgidSwitchQimei36=false
[I][2022-02-10 +80 17:36:07.123][20965, 21394][launch-thread-0][NXNetwork_Network_NetworkServiceManager][][][getDefaultServerDomain, returns domain : acc.qq.com
[I][2022-02-10 +80 17:36:07.123][20965, 21394][launch-thread-0][NXNetwork_Network_TaskManager][][][create() new instance, domain : acc.qq.com
[I][2022-02-10 +80 17:36:07.123][20965, 21394][launch-thread-0][NXNetwork_Network_NetworkServiceManager][][][registerNetworkStateListener
[I][2022-02-10 +80 17:36:07.123][20965, 21394][launch-thread-0][NXNetwork_Network_StateManager][][][register new callback
[I][2022-02-10 +80 17:36:07.126][20965, 21394][launch-thread-0][UniCmdSolutionSelector][][][initSolution:UniCmdInitConfig(initHttpConfig=UniCmdInitHttpConfig(enableHttpSolution=true, httpSolutionProxy=com.tencent.qqlive.modules.vb.unicmd.service.UniCmdHttpSolutionDefault@dee3578), initWnsConfig=UniCmdInitWnsConfig(enableWnsSolution=false, wnsSolutionProxy=null), reportProxy=com.tencent.qqlive.component.config.VBUniCmdInitConfig$reportProxy$1@5878451, tabConfigProxy=com.tencent.qqlive.component.config.VBUniCmdInitConfig$tabConfigProxy$1@caa34b6, logProxy=com.tencent.qqlive.modules.vb.unicmd.service.UniCmdLogProxyDefault@b4c15b7, executorProxy=com.tencent.qqlive.modules.vb.unicmd.service.UniCmdExecutorProxyDefault@8d3124, netProbeProxy=com.tencent.qqlive.modules.vb.unicmd.service.UniCmdNetProbeProxyDefault@6ef148d, platformInfoProxy=com.tencent.qqlive.modules.vb.unicmd.service.UniCmdPlatformInfoProxyDefault@e1ce642)
[I][2022-02-10 +80 17:36:07.126][20965, 21394][launch-thread-0][UniCmdInitTask][][][UniCmdInitTask init cost:0ms
[I][2022-02-10 +80 17:36:07.126][20965, 21394][launch-thread-0][VBUniCmdServiceImpl][][][init finish, use inner:false
[I][2022-02-10 +80 17:36:07.126][20965, 21394][launch-thread-0][UniCmdMgr][][][UniCmdMgr init
[I][2022-02-10 +80 17:36:07.127][20965, 21394][launch-thread-0][NXNetwork_Network_NetworkServiceManager][][][registerNetworkStateListener
[I][2022-02-10 +80 17:36:07.127][20965, 21394][launch-thread-0][NXNetwork_Network_StateManager][][][register new callback
[I][2022-02-10 +80 17:36:07.129][20965, 21394][launch-thread-0][VBPBTabConfig][][][isRemoveSensitiveInformation:true
[I][2022-02-10 +80 17:36:07.130][20965, 21392][public_io_pool-152464][TabConfigDataStorage][][][[environment = release, appId = 5608, sceneId = 560811, guid = fbfa97874c6c954bf9c86e24cf65d7177892001021641b]-----fetchStorageStart
[I][2022-02-10 +80 17:36:07.130][20965, 21392][public_io_pool-152464][TabConfigDataStorage][][][[environment = release, appId = 5608, sceneId = 560811, guid = fbfa97874c6c954bf9c86e24cf65d7177892001021641b]-----isNeedToFetchStorage-----return true by is init fetch
[I][2022-02-10 +80 17:36:07.130][20965, 21392][public_io_pool-152464][TabConfigDataStorage][][][[environment = release, appId = 5608, sceneId = 560811, guid = fbfa97874c6c954bf9c86e24cf65d7177892001021641b]-----fetchStorage-----is need to fetch
[I][2022-02-10 +80 17:36:07.130][20965, 21392][public_io_pool-152464][TabConfigDataStorage][][][[environment = release, appId = 5608, sceneId = 560811, guid = fbfa97874c6c954bf9c86e24cf65d7177892001021641b]-----fetchStorageDataVersion-----storageDataVersion = 1644484353
[I][2022-02-10 +80 17:36:07.130][20965, 21392][public_io_pool-152464][TabConfigDataStorage][][][[environment = release, appId = 5608, sceneId = 560811, guid = fbfa97874c6c954bf9c86e24cf65d7177892001021641b]-----putMemoryDataVersion-----dataVersion = 1644484353
[I][2022-02-10 +80 17:36:07.130][20965, 21400][public_io_pool-152472][TabToggleDataStorage][][][[environment = release, appId = 5608, sceneId = 560811, guid = fbfa97874c6c954bf9c86e24cf65d7177892001021641b]-----fetchStorageStart
[I][2022-02-10 +80 17:36:07.130][20965, 21400][public_io_pool-152472][TabToggleDataStorage][][][[environment = release, appId = 5608, sceneId = 560811, guid = fbfa97874c6c954bf9c86e24cf65d7177892001021641b]-----isNeedToFetchStorage-----return true by is init fetch
[I][2022-02-10 +80 17:36:07.130][20965, 21400][public_io_pool-152472][TabToggleDataStorage][][][[environment = release, appId = 5608, sceneId = 560811, guid = fbfa97874c6c954bf9c86e24cf65d7177892001021641b]-----fetchStorage-----is need to fetch
[I][2022-02-10 +80 17:36:07.130][20965, 21400][public_io_pool-152472][TabToggleDataStorage][][][[environment = release, appId = 5608, sceneId = 560811, guid = fbfa97874c6c954bf9c86e24cf65d7177892001021641b]-----fetchStorageDataVersion-----storageDataVersion = 1644474327
[I][2022-02-10 +80 17:36:07.130][20965, 21400][public_io_pool-152472][TabToggleDataStorage][][][[environment = release, appId = 5608, sceneId = 560811, guid = fbfa97874c6c954bf9c86e24cf65d7177892001021641b]-----putMemoryDataVersion-----dataVersion = 1644474327
[I][2022-02-10 +80 17:36:07.131][20965, 21400][public_io_pool-152472][TabToggleDataStorage][][][[environment = release, appId = 5608, sceneId = 560811, guid = fbfa97874c6c954bf9c86e24cf65d7177892001021641b]-----loadStorageData-----storageAllKeys length = 421
[I][2022-02-10 +80 17:36:07.131][20965, 21392][public_io_pool-152464][TabConfigDataStorage][][][[environment = release, appId = 5608, sceneId = 560811, guid = fbfa97874c6c954bf9c86e24cf65d7177892001021641b]-----loadStorageData-----storageAllKeys length = 584
[I][2022-02-10 +80 17:36:07.131][20965, 21401][VBPBService-152473][NXNetwork_Network_StateMonitor][][][create state monitor sdkversion:29
[I][2022-02-10 +80 17:36:07.131][20965, 21401][VBPBService-152473][NXNetwork_Network_StateMonitor][][][network state monitor stop
[I][2022-02-10 +80 17:36:07.132][20965, 1*][main][CarrierManager][][][CarrierModuleConfig init !false
[I][2022-02-10 +80 17:36:07.132][20965, 21394][launch-thread-0][NXNetwork_Network_NetworkServiceManager][][][registerNetworkStateListener
[I][2022-02-10 +80 17:36:07.132][20965, 21394][launch-thread-0][NXNetwork_Network_StateManager][][][register new callback
[I][2022-02-10 +80 17:36:07.133][20965, 1*][main][OEMUtils][][][OEMUtils -> getProperty: value = HUAWEI
[I][2022-02-10 +80 17:36:07.133][20965, 1*][main][OEMUtils][][][OEMUtils -> getProperty: value = HUAWEI
[I][2022-02-10 +80 17:36:07.134][20965, 21400][public_io_pool-152472][TabToggleDataStorage][][][[environment = release, appId = 5608, sceneId = 560811, guid = fbfa97874c6c954bf9c86e24cf65d7177892001021641b]-----fetchStorageData-----newDataMap Size = 421
[I][2022-02-10 +80 17:36:07.134][20965, 21400][public_io_pool-152472][TabToggleDataStorage][][][[environment = release, appId = 5608, sceneId = 560811, guid = fbfa97874c6c954bf9c86e24cf65d7177892001021641b]-----fetchStorageData-----oldDataMap Size = 0
[I][2022-02-10 +80 17:36:07.134][20965, 21402][public_io_pool-152474][TabSDKManager][][][onOmgIdUpdate-----getOmgID = fbfa97874c6c954bf9c86e24cf65d7177892001021641b
[I][2022-02-10 +80 17:36:07.134][20965, 21402][public_io_pool-152474][TabToggleComponent][][][[environment = release, appId = 5608, sceneId = 560811, guid = fbfa97874c6c954bf9c86e24cf65d7177892001021641b]-----switchGuid-----guid equals, finalTargetGuid = fbfa97874c6c954bf9c86e24cf65d7177892001021641b
[I][2022-02-10 +80 17:36:07.134][20965, 21402][public_io_pool-152474][TabConfigComponent][][][[environment = release, appId = 5608, sceneId = 560811, guid = fbfa97874c6c954bf9c86e24cf65d7177892001021641b]-----switchGuid-----guid equals, finalTargetGuid = fbfa97874c6c954bf9c86e24cf65d7177892001021641b
[I][2022-02-10 +80 17:36:07.135][20965, 21400][public_io_pool-152472][TabToggleDataStorage][][][[environment = release, appId = 5608, sceneId = 560811, guid = fbfa97874c6c954bf9c86e24cf65d7177892001021641b]-----updateControlInfo = TabToggleControlInfo {  mData = value, mEnableReport = false, mRollInterval = 1800, mReportInterval = 300  }
[I][2022-02-10 +80 17:36:07.135][20965, 21400][public_io_pool-152472][TabToggleDataStorage][][][[environment = release, appId = 5608, sceneId = 560811, guid = fbfa97874c6c954bf9c86e24cf65d7177892001021641b]-----fetchStorageEnd
[I][2022-02-10 +80 17:36:07.135][20965, 21400][public_io_pool-152472][TabToggleDataStorage][][][[environment = release, appId = 5608, sceneId = 560811, guid = fbfa97874c6c954bf9c86e24cf65d7177892001021641b]-----initUse-----finish
[I][2022-02-10 +80 17:36:07.135][20965, 21400][public_io_pool-152472][TabToggleDataFetcher][][][[environment = release, appId = 5608, sceneId = 560811, guid = fbfa97874c6c954bf9c86e24cf65d7177892001021641b]-----initUse-----finish
[I][2022-02-10 +80 17:36:07.135][20965, 21400][public_io_pool-152472][TabToggleDataRoller][][][[environment = release, appId = 5608, sceneId = 560811, guid = fbfa97874c6c954bf9c86e24cf65d7177892001021641b]-----initUse-----finish
[I][2022-02-10 +80 17:36:07.135][20965, 21400][public_io_pool-152472][TabToggleDataManager][][][[environment = release, appId = 5608, sceneId = 560811, guid = fbfa97874c6c954bf9c86e24cf65d7177892001021641b]-----initUse-----finish
[E][2022-02-10 +80 17:36:07.136][20965, 1*][main][BuildProperties][][][java.io.FileNotFoundException: /system/build.prop: open failed: EACCES (Permission denied)
	at libcore.io.IoBridge.open(IoBridge.java:496)
	at java.io.FileInputStream.<init>(FileInputStream.java:159)
	at com.tencent.qqlive.modules.vb.utils.device.BuildProperties.<init>(Unknown Source:28)
	at com.tencent.qqlive.modules.vb.utils.device.BuildProperties.newInstance(Unknown Source:85)
	at com.tencent.qqlive.ona.utils.OEMUtils.isPropertiesExist(Unknown Source:198)
	at com.tencent.qqlive.ona.utils.OEMUtils.isXiaomiManufacturer(Unknown Source:185)
	at com.tencent.qqlive.ona.appconfig.ChannelConfig.<init>(Unknown Source:63)
	at com.tencent.qqlive.ona.appconfig.ChannelConfig.getInstance(Unknown Source:105)
	at com.tencent.qqlive.common.impl.ChannelConfigBridgeImpl.getChannelID(Unknown Source:26)
	at com.tencent.qqlive.component.pay.PayManager.<clinit>(Unknown Source:64)
	at com.tencent.qqlive.component.pay.PayModuleConfig.initLoginInfoListener(Unknown Source:260)
	at com.tencent.qqlive.component.pay.PayModuleConfig.init(Unknown Source:166)
	at com.tencent.qqlive.ona.init.taskv2.PayModuleConfigInitTask.execute(Unknown Source:28)
	at com.tencent.qqlive.module.launchtask.task.InitTask.tryExecute(Unknown Source:111)
	at com.tencent.qqlive.module.launchtask.task.InitTask.run(Unknown Source:99)
	at com.tencent.qqlive.module.launchtask.executor.MainLooperExecutor.execute(Unknown Source:19)
	at com.tencent.qqlive.module.launchtask.dispatcher.ConditionDispatcher.runAndRemoveFirstTask(Unknown Source:64)
	at com.tencent.qqlive.module.launchtask.dispatcher.BlockedConditionDispatcher.work(Unknown Source:28)
	at com.tencent.qqlive.module.launchtask.dispatcher.BlockedConditionDispatcher.resume(Unknown Source:18)
	at com.tencent.qqlive.module.launchtask.dispatcher.DispatcherManager.resumeDispatcher(Unknown Source:99)
	at com.tencent.qqlive.module.launchtask.LaunchManager.reportAttachBase(Unknown Source:297)
	at com.tencent.qqlive.ona.base.QQLiveApplicationWrapper.attachBaseContext(Unknown Source:96)
	at com.tencent.qqlive.ona.base.QQLiveApplicationLike.onBaseContextAttached(Unknown Source:68)
	at com.tencent.tinker.entry.TinkerApplicationInlineFence.handleMessageImpl(Unknown Source:67)
	at com.tencent.tinker.entry.TinkerApplicationInlineFence.handleMessage_$noinline$(Unknown Source:60)
	at com.tencent.tinker.entry.TinkerApplicationInlineFence.handleMessage(Unknown Source:53)
	at com.tencent.rfix.loader.app.RFixApplication.createInlineFence(Unknown Source:147)
	at com.tencent.rfix.loader.app.RFixApplication.onBaseContextAttached(Unknown Source:70)
	at com.tencent.tinker.loader.app.TinkerApplication.attachBaseContext(Unknown Source:175)
	at android.app.Application.attach(Application.java:358)
	at android.app.Instrumentation.newApplication(Instrumentation.java:1168)
	at android.app.LoadedApk.makeApplication(LoadedApk.java:1451)
	at android.app.ActivityThread.handleBindApplication(ActivityThread.java:7554)
	at android.app.ActivityThread.access$2600(ActivityThread.java:260)
	at android.app.ActivityThread$H.handleMessage(ActivityThread.java:2435)
	at android.os.Handler.dispatchMessage(Handler.java:110)
	at android.os.Looper.loop(Looper.java:219)
	at android.app.ActivityThread.main(ActivityThread.java:8668)
	at java.lang.reflect.Method.invoke(Native Method)
	at com.android.internal.os.RuntimeInit$MethodAndArgsCaller.run(RuntimeInit.java:513)
	at com.android.internal.os.ZygoteInit.main(ZygoteInit.java:1109)
Caused by: android.system.ErrnoException: open failed: EACCES (Permission denied)
	at libcore.io.Linux.open(Native Method)
	at libcore.io.ForwardingOs.open(ForwardingOs.java:167)
	at libcore.io.BlockGuardOs.open(BlockGuardOs.java:252)
	at libcore.io.ForwardingOs.open(ForwardingOs.java:167)
	at android.app.ActivityThread$AndroidOs.open(ActivityThread.java:8464)
	at libcore.io.IoBridge.open(IoBridge.java:482)
	... 40 more
[I][2022-02-10 +80 17:36:07.137][20965, 21401][VBPBService-152473][NXNetwork_Network_StateMonitor][][][network state monitor stop fail, network callback is not registered
[I][2022-02-10 +80 17:36:07.137][20965, 21401][VBPBService-152473][NXNetwork_Network_StateMonitor][][][network state monitor start
[E][2022-02-10 +80 17:36:07.137][20965, 1*][main][ChannelConfig][][][miui.os.MiuiInit
[I][2022-02-10 +80 17:36:07.137][20965, 1*][main][OEMUtils][][][OEMUtils -> getProperty: value = 
[E][2022-02-10 +80 17:36:07.137][20965, 1*][main][ChannelConfig][][][isHuaweiOrHonorManufacture
[E][2022-02-10 +80 17:36:07.137][20965, 1*][main][ChannelConfig][][][firmChannelPath is Empty
[E][2022-02-10 +80 17:36:07.137][20965, 1*][main][ChannelConfig][][][firmChannelPath = /system/etc/firmChannel.ini
[I][2022-02-10 +80 17:36:07.137][20965, 1*][main][QAdConfigInitTask][][][getQAdBuildConfigInfo() , mainProcess: false, releaseEnv: true
[I][2022-02-10 +80 17:36:07.140][20965, 1*][main][QAD][QAdScreenInfoUtil][][initParams, sWidth: 1080, sHeight: 2340, sDensity: 3.0, sDpi: 480.0, sXDpi: 391.885, syDpi: 391.026, sWidthPixels: 1080, sHeightPixels: 2214
[I][2022-02-10 +80 17:36:07.142][20965, 1*][main][LoginStateStore][][][restoreOldToNXLoginAccount nxNotLogined:false
[I][2022-02-10 +80 17:36:07.143][20965, 21392][public_io_pool-152464][TabConfigDataStorage][][][[environment = release, appId = 5608, sceneId = 560811, guid = fbfa97874c6c954bf9c86e24cf65d7177892001021641b]-----fetchStorageData-----newDataMap Size = 584
[I][2022-02-10 +80 17:36:07.143][20965, 21392][public_io_pool-152464][TabConfigDataStorage][][][[environment = release, appId = 5608, sceneId = 560811, guid = fbfa97874c6c954bf9c86e24cf65d7177892001021641b]-----fetchStorageData-----oldDataMap Size = 0
[I][2022-02-10 +80 17:36:07.143][20965, 21392][public_io_pool-152464][TabConfigDataStorage][][][[environment = release, appId = 5608, sceneId = 560811, guid = fbfa97874c6c954bf9c86e24cf65d7177892001021641b]-----updateControlInfo = TabConfigControlInfo {  mData = value, mEnableReport = true, mRollInterval = 1800, mReportInterval = 300  }
[I][2022-02-10 +80 17:36:07.143][20965, 21392][public_io_pool-152464][TabConfigDataStorage][][][[environment = release, appId = 5608, sceneId = 560811, guid = fbfa97874c6c954bf9c86e24cf65d7177892001021641b]-----fetchStorageEnd
[I][2022-02-10 +80 17:36:07.143][20965, 21392][public_io_pool-152464][TabConfigDataStorage][][][[environment = release, appId = 5608, sceneId = 560811, guid = fbfa97874c6c954bf9c86e24cf65d7177892001021641b]-----initUse-----finish
[I][2022-02-10 +80 17:36:07.143][20965, 21392][public_io_pool-152464][TabConfigDataFetcher][][][[environment = release, appId = 5608, sceneId = 560811, guid = fbfa97874c6c954bf9c86e24cf65d7177892001021641b]-----initUse-----finish
[I][2022-02-10 +80 17:36:07.143][20965, 21392][public_io_pool-152464][TabConfigDataRoller][][][[environment = release, appId = 5608, sceneId = 560811, guid = fbfa97874c6c954bf9c86e24cf65d7177892001021641b]-----initUse-----finish
[I][2022-02-10 +80 17:36:07.143][20965, 21392][public_io_pool-152464][TabConfigDataManager][][][[environment = release, appId = 5608, sceneId = 560811, guid = fbfa97874c6c954bf9c86e24cf65d7177892001021641b]-----initUse-----finish
[I][2022-02-10 +80 17:36:07.151][20965, 21397][com.getkeepsafe.relinker.e][LoadLibraryHooker][][][load so tquic
[I][2022-02-10 +80 17:36:07.151][20965, 1*][main][VBLoginService][LoginDaemonClient][][ensureLoginDaemon, start bindservice
[I][2022-02-10 +80 17:36:07.155][20965, 21407][ConnectivityThread][NXNetwork_Network_StateMonitor][][][onAvailable()
[I][2022-02-10 +80 17:36:07.157][20965, 21407][ConnectivityThread][NXNetwork_Network_TypeAssistant][][][getNetworkType() : 4G
[I][2022-02-10 +80 17:36:07.157][20965, 21407][ConnectivityThread][NXNetwork_Network_StateManager][][][notify network state change, curr state:NETWORK_STATE_4G
[I][2022-02-10 +80 17:36:07.157][20965, 21407][ConnectivityThread][NXNetwork_Network_NetworkServiceManager][][][setNacList, nacMap null!
[I][2022-02-10 +80 17:36:07.157][20965, 21407][ConnectivityThread][NXNetwork_Network_AddressManager][][][setNacList() version:1
[I][2022-02-10 +80 17:36:07.157][20965, 21407][ConnectivityThread][NXNetwork_Network_StateMachine][][][resetState()
[I][2022-02-10 +80 17:36:07.157][20965, 21407][ConnectivityThread][NXNetwork_Network_NacManager][][][clear()
[I][2022-02-10 +80 17:36:07.157][20965, 21407][ConnectivityThread][NXNetwork_Transport_HttpImpl][][][reset() reset OkHttp Client
[I][2022-02-10 +80 17:36:07.157][20965, 21407][ConnectivityThread][NXNetwork_Transport_HttpImpl][][][reset() reset OkHttp Client
[I][2022-02-10 +80 17:36:07.157][20965, 21407][ConnectivityThread][NXNetwork_Network_StateMonitor][][][onLinkPropertiesChanged()
[I][2022-02-10 +80 17:36:07.159][20965, 21407][ConnectivityThread][NXNetwork_Network_TypeAssistant][][][getNetworkType() : 4G
[I][2022-02-10 +80 17:36:07.159][20965, 21407][ConnectivityThread][NXNetwork_Network_StateManager][][][network state not change, curr state:NETWORK_STATE_4G
[I][2022-02-10 +80 17:36:07.161][20965, 21405][cellularStrengthThread][NXNetwork_Transport_TypeAssist][][][getNetworkType() : 4G
[I][2022-02-10 +80 17:36:07.164][20965, 1*][main][VBLoginService][VBLoginCenter][][LoginCenter init:com.tencent.qqlive.modules.vb.loginbusiness.VBLoginConfig@dc3a502
[I][2022-02-10 +80 17:36:07.164][20965, 1*][main][VBWrapperLoginService][WrapperLoginStorage][][setSupplier kvcom.tencent.qqlive.modules.vb.wrapperloginservice.VBWrapperLoginServiceInitTask$1@a200e13
[I][2022-02-10 +80 17:36:07.164][20965, 1*][main][VBWrapperLoginService][WrapperAccountPattern][][readAccountPattern, pattern:{"main":0,"login":1}
[I][2022-02-10 +80 17:36:07.164][20965, 1*][main][VBWrapperLoginService][WrapperAccountPattern][][fromJSON: {"main":0,"login":1}
[I][2022-02-10 +80 17:36:07.164][20965, 1*][main][LoginManager][][][init 
[I][2022-02-10 +80 17:36:07.164][20965, 1*][main][QAD][AdOpenIdManager][][isConvertSuccess=true adopenid=F2DC73BEBCA90B884F8B79AF0E7AA5E4
[I][2022-02-10 +80 17:36:07.165][20965, 21403][Utils-IO-Thread-152475][VBWrapperLoginService][WrapperLoginProxy][][getLoginAccountInfo type 0
[I][2022-02-10 +80 17:36:07.165][20965, 1*][main][ABCloudConfigInitTask][][][initAsync
[I][2022-02-10 +80 17:36:07.165][20965, 21403][Utils-IO-Thread-152475][VBWrapperLoginService][WrapperLoginProxy][][getLoginAccountInfo
[I][2022-02-10 +80 17:36:07.165][20965, 21406][public_io_pool-152478][ABCloudConfigInitTask][][][doInitAsync begin
[I][2022-02-10 +80 17:36:07.165][20965, 21406][public_io_pool-152478][ABCloudConfigInitTask][][][async initInner begin
[I][2022-02-10 +80 17:36:07.166][20965, 21403][Utils-IO-Thread-152475][VBWrapperLoginService][WrapperLoginProxy][][getLoginAccountInfo type 0
[I][2022-02-10 +80 17:36:07.166][20965, 21403][Utils-IO-Thread-152475][VBWrapperLoginService][WrapperLoginProxy][][getLoginAccountInfo type 1
[I][2022-02-10 +80 17:36:07.168][20965, 1*][main][Network][[RouteLib]PBConfig_debug][][[setReleaseServerAddress] set ip and domain succ new release ip|domain|isServerEnableBlackList: 163.177.92.114|acc.qq.com|true
[I][2022-02-10 +80 17:36:07.168][20965, 1*][main][VBWrapperLoginService][WrapperLoginProxy][][getLoginAccountInfo
[I][2022-02-10 +80 17:36:07.168][20965, 1*][main][TaskQueueManager][][][login(userId=38030485) loginUserId=null
[I][2022-02-10 +80 17:36:07.170][20965, 1*][main][ActivityStackImpl][][][init activity stack, size=0
[I][2022-02-10 +80 17:36:07.170][20965, 1*][main][PlatformIdConfig][][][platform init:false true
[I][2022-02-10 +80 17:36:07.172][20965, 21406][public_io_pool-152478][AutoRetryPtotoclConfig][][][parseConfig json: [
    {
        "totalSwitch": "1"
    },
    {
        "autoRetryDelay": "500"
    },
    {
        "retryTimesLimit": "-1"
    },
    {
        "networkErrorCheckSwitch": "1"
    },
    {
        "fuse_timewindow_unit": "1"
    },
    {
        "fuse_timewindow_bucket_num": "10"
    },
    {
        "fuse_min_req_num": "6"
    },
    {
        "fuse_rate": "0.5"
    },
    {
        "fuse_cd": "5"
    }
], whiteListconfigs json: ["com.tencent.qqlive.protocol.pb.PageService/com.tencent.qqlive.protocol.pb.PageService/getPage_channel","com.tencent.qqlive.protocol.pb.VideoDetailService/com.tencent.qqlive.protocol.pb.VideoDetailService/getPage","com.tencent.qqlive.protocol.pb.PageService/com.tencent.qqlive.protocol.pb.PageService/getPage_detail_operation","com.tencent.qqlive.protocol.pb.PageService/com.tencent.qqlive.protocol.pb.PageService/getPage_immersive","com.tencent.qqlive.protocol.pb.PageService/com.tencent.qqlive.protocol.pb.PageService/getPage_cp_page","com.tencent.qqlive.protocol.pb.NavOperateService/com.tencent.qqlive.protocol.pb.NavOperateService/getNavOperate"]
[I][2022-02-10 +80 17:36:07.173][20965, 21406][public_io_pool-152478][AutoRetryPtotoclConfig][][][parseWhileList key: com.tencent.qqlive.protocol.pb.PageService/com.tencent.qqlive.protocol.pb.PageService/getPage_channel
[I][2022-02-10 +80 17:36:07.173][20965, 21406][public_io_pool-152478][AutoRetryPtotoclConfig][][][parseWhileList key: com.tencent.qqlive.protocol.pb.VideoDetailService/com.tencent.qqlive.protocol.pb.VideoDetailService/getPage
[I][2022-02-10 +80 17:36:07.173][20965, 21406][public_io_pool-152478][AutoRetryPtotoclConfig][][][parseWhileList key: com.tencent.qqlive.protocol.pb.PageService/com.tencent.qqlive.protocol.pb.PageService/getPage_detail_operation
[I][2022-02-10 +80 17:36:07.173][20965, 21406][public_io_pool-152478][AutoRetryPtotoclConfig][][][parseWhileList key: com.tencent.qqlive.protocol.pb.PageService/com.tencent.qqlive.protocol.pb.PageService/getPage_immersive
[I][2022-02-10 +80 17:36:07.173][20965, 21406][public_io_pool-152478][AutoRetryPtotoclConfig][][][parseWhileList key: com.tencent.qqlive.protocol.pb.PageService/com.tencent.qqlive.protocol.pb.PageService/getPage_cp_page
[I][2022-02-10 +80 17:36:07.173][20965, 21406][public_io_pool-152478][AutoRetryPtotoclConfig][][][parseWhileList key: com.tencent.qqlive.protocol.pb.NavOperateService/com.tencent.qqlive.protocol.pb.NavOperateService/getNavOperate
[I][2022-02-10 +80 17:36:07.173][20965, 21406][public_io_pool-152478][AutoRetryPtotoclConfig][][][parseConfig autoRetryPtotoclConfig: totalSwitch: 1
networkErrorCheckSwitch: 1
retryTimesLimit: -1
{com.tencent.qqlive.protocol.pb.PageService/com.tencent.qqlive.protocol.pb.PageService/getPage_cp_page=1, com.tencent.qqlive.protocol.pb.NavOperateService/com.tencent.qqlive.protocol.pb.NavOperateService/getNavOperate=1, com.tencent.qqlive.protocol.pb.PageService/com.tencent.qqlive.protocol.pb.PageService/getPage_channel=1, com.tencent.qqlive.protocol.pb.VideoDetailService/com.tencent.qqlive.protocol.pb.VideoDetailService/getPage=1, com.tencent.qqlive.protocol.pb.PageService/com.tencent.qqlive.protocol.pb.PageService/getPage_immersive=1, com.tencent.qqlive.protocol.pb.PageService/com.tencent.qqlive.protocol.pb.PageService/getPage_detail_operation=1}, fuseConfig: mTimeWindowUnit= 1
mTimeWindowTotalNum: 10
mMinReqNum: 6
mFuseRate: 0.5
mFuseCD: 5
[I][2022-02-10 +80 17:36:07.173][20965, 21406][public_io_pool-152478][AutoRetry_Refuse][][][start this: com.tencent.qqlive.autoretry.component.AutoRetryFuse@582acbd fuseconfig: mTimeWindowUnit= 1
mTimeWindowTotalNum: 10
mMinReqNum: 6
mFuseRate: 0.5
mFuseCD: 5
[I][2022-02-10 +80 17:36:07.174][20965, 21406][public_io_pool-152478][AutoRetry_Timer][][][startTimer sendEmptyMessageDelayed first
[I][2022-02-10 +80 17:36:07.174][20965, 21406][public_io_pool-152478][AdaptiveUIConfigHelper][][][remoteConfig = {"foldPhoneList":[{"model":"SM-F700","maxUISizeType":"large"},{"model":"SM-F9000","maxUISizeType":"large"},{"model":"TAH-AN00","maxUISizeType":"large"},{"model":"RLI-AN00","maxUISizeType":"large"},{"model":"RLI-N29","maxUISizeType":"large"},{"model":"TAH-N29","maxUISizeType":"large"},{"model":"TAH-AN00m","maxUISizeType":"large"},{"model":"RHA-AN00m","maxUISizeType":"large"},{"model":"ASUS_I003DD","maxUISizeType":"regular"}]}
[I][2022-02-10 +80 17:36:07.175][20965, 21406][public_io_pool-152478][ABCloudConfigInitTask][][][async initInner end
[I][2022-02-10 +80 17:36:07.178][20965, 21406][public_io_pool-152478][ABCloudConfigInitTask][][][doInitAsync end
[I][2022-02-10 +80 17:36:07.187][20965, 1*][main][LoadLibraryHooker][][][load so xgVipSecurity
[I][2022-02-10 +80 17:36:07.197][20965, 1*][main][QQLiveApplication][][][ApplicationOnCreate, processName = com.tencent.qqlive:xg_vip_service, flavor = , buildType = iconRelease64, versionName = 8.5.41.26553
[I][2022-02-10 +80 17:36:07.233][20965, 1*][main][SimpleBroadcastManager][][][onServiceConnected
[I][2022-02-10 +80 17:36:07.234][20965, 1*][main][VBLoginService][LoginDaemonClient][][onDaemonConnected, componentName=ComponentInfo{com.tencent.qqlive/com.tencent.qqlive.modules.vb.loginservice.LoginDaemon}
[I][2022-02-10 +80 17:36:07.234][20965, 21408][LoginDaemonClient][VBLoginService][LoginDaemonClient][][ runPendingRunnable, List=[]
[I][2022-02-10 +80 17:36:07.303][20965, 21419][launch-idle61][TaskExecuteMonitorImpl][][][onFinishDispatcher >>> loadType = IdleHigh, threadStrategy = SubThread
[I][2022-02-10 +80 17:36:07.409][20965, 21394][launch-thread-0][LocationGetTask][][][enableRequestLocation:false
[I][2022-02-10 +80 17:36:07.409][20965, 21438][launch-idle71][TaskExecuteMonitorImpl][][][onFinishDispatcher >>> loadType = IdleMiddle, threadStrategy = SubThread
[I][2022-02-10 +80 17:36:07.513][20965, 21394][launch-thread-0][LoadLibraryHooker][][][load so gradishwrapper
[I][2022-02-10 +80 17:36:07.520][20965, 21448][launch-idle81][TaskExecuteMonitorImpl][][][onFinishDispatcher >>> loadType = IdleLow, threadStrategy = SubThread
[I][2022-02-10 +80 17:36:08.133][20965, 21406][public_io_pool-152478][VBMMKV_BROADCAST][][][callerProcessName equals currentProcessName
[I][2022-02-10 +80 17:36:08.133][20965, 21406][public_io_pool-152478][VBMMKV_BROADCAST][][][no need notify Observer,  valueObjectClassName =  callerProcessName = com.tencent.qqlive:xg_vip_service fileName = com.tencent.qqlive_preferences key = setting_preferences_private_protocol_is_show , please check context
[I][2022-02-10 +80 17:36:08.133][20965, 21406][public_io_pool-152478][VBMMKV_BROADCAST][][][callerProcessName equals currentProcessName
[I][2022-02-10 +80 17:36:08.133][20965, 21406][public_io_pool-152478][VBMMKV_BROADCAST][][][no need notify Observer,  valueObjectClassName =  callerProcessName = com.tencent.qqlive:xg_vip_service fileName = vb_platformInfo key = vb_platformInfo_version_code , please check context
[I][2022-02-10 +80 17:36:08.133][20965, 21406][public_io_pool-152478][VBMMKV_BROADCAST][][][callerProcessName equals currentProcessName
[I][2022-02-10 +80 17:36:08.133][20965, 21406][public_io_pool-152478][VBMMKV_BROADCAST][][][no need notify Observer,  valueObjectClassName =  callerProcessName = com.tencent.qqlive:xg_vip_service fileName = vb_platformInfo key = vb_platformInfo_version_name , please check context
[I][2022-02-10 +80 17:36:08.133][20965, 21406][public_io_pool-152478][VBMMKV_BROADCAST][][][callerProcessName equals currentProcessName
[I][2022-02-10 +80 17:36:08.133][20965, 21406][public_io_pool-152478][VBMMKV_BROADCAST][][][no need notify Observer,  valueObjectClassName =  callerProcessName = com.tencent.qqlive:xg_vip_service fileName = vb_platformInfo key = vb_platformInfo_app_id , please check context
[I][2022-02-10 +80 17:36:10.463][20965, 21405][cellularStrengthThread][NXNetwork_Transport_TypeAssist][][][getNetworkType() : 4G
[I][2022-02-10 +80 17:36:11.550][20965, 21412][Binder:20965_4][TabSDKManager][][][onOmgIdUpdate-----getOmgID = fbfa97874c6c954bf9c86e24cf65d7177892001021641b
[I][2022-02-10 +80 17:36:11.551][20965, 21412][Binder:20965_4][TabToggleComponent][][][[environment = release, appId = 5608, sceneId = 560811, guid = fbfa97874c6c954bf9c86e24cf65d7177892001021641b]-----switchGuid-----guid equals, finalTargetGuid = fbfa97874c6c954bf9c86e24cf65d7177892001021641b
[I][2022-02-10 +80 17:36:11.551][20965, 21412][Binder:20965_4][TabConfigComponent][][][[environment = release, appId = 5608, sceneId = 560811, guid = fbfa97874c6c954bf9c86e24cf65d7177892001021641b]-----switchGuid-----guid equals, finalTargetGuid = fbfa97874c6c954bf9c86e24cf65d7177892001021641b
[I][2022-02-10 +80 17:36:16.873][20965, 21405][cellularStrengthThread][NXNetwork_Transport_TypeAssist][][][getNetworkType() : 4G
[I][2022-02-10 +80 17:36:19.471][20965, 21405][cellularStrengthThread][NXNetwork_Transport_TypeAssist][][][getNetworkType() : 4G
[I][2022-02-10 +80 17:36:22.498][20965, 21405][cellularStrengthThread][NXNetwork_Transport_TypeAssist][][][getNetworkType() : 4G
[I][2022-02-10 +80 17:36:25.489][20965, 21405][cellularStrengthThread][NXNetwork_Transport_TypeAssist][][][getNetworkType() : 4G
[I][2022-02-10 +80 17:36:28.498][20965, 21405][cellularStrengthThread][NXNetwork_Transport_TypeAssist][][][getNetworkType() : 4G
[I][2022-02-10 +80 17:36:35.594][20965, 21405][cellularStrengthThread][NXNetwork_Transport_TypeAssist][][][getNetworkType() : 4G
[I][2022-02-10 +80 17:36:35.640][20965, 21405][cellularStrengthThread][NXNetwork_Transport_TypeAssist][][][getNetworkType() : 4G
[I][2022-02-10 +80 17:36:39.728][20965, 21405][cellularStrengthThread][NXNetwork_Transport_TypeAssist][][][getNetworkType() : 4G
[I][2022-02-10 +80 17:36:40.499][20965, 21405][cellularStrengthThread][NXNetwork_Transport_TypeAssist][][][getNetworkType() : 4G
[I][2022-02-10 +80 17:44:15.146][20965, 21405][cellularStrengthThread][NXNetwork_Transport_TypeAssist][][][getNetworkType() : 4G
[I][2022-02-10 +80 17:44:15.152][20965, 21405][cellularStrengthThread][NXNetwork_Transport_TypeAssist][][][getNetworkType() : 4G
[I][2022-02-10 +80 17:44:15.158][20965, 21405][cellularStrengthThread][NXNetwork_Transport_TypeAssist][][][getNetworkType() : 4G
[I][2022-02-10 +80 17:44:15.181][20965, 21405][cellularStrengthThread][NXNetwork_Transport_TypeAssist][][][getNetworkType() : 4G
[I][2022-02-10 +80 17:44:15.190][20965, 21405][cellularStrengthThread][NXNetwork_Transport_TypeAssist][][][getNetworkType() : 4G
[I][2022-02-10 +80 17:44:15.197][20965, 21405][cellularStrengthThread][NXNetwork_Transport_TypeAssist][][][getNetworkType() : 4G
[I][2022-02-10 +80 17:44:15.214][20965, 21405][cellularStrengthThread][NXNetwork_Transport_TypeAssist][][][getNetworkType() : 4G
[I][2022-02-10 +80 17:44:15.227][20965, 21405][cellularStrengthThread][NXNetwork_Transport_TypeAssist][][][getNetworkType() : 4G
[I][2022-02-10 +80 17:44:15.361][20965, 21405][cellularStrengthThread][NXNetwork_Transport_TypeAssist][][][getNetworkType() : 4G
[I][2022-02-10 +80 17:44:15.367][20965, 21405][cellularStrengthThread][NXNetwork_Transport_TypeAssist][][][getNetworkType() : 4G
[I][2022-02-10 +80 17:44:15.369][20965, 21405][cellularStrengthThread][NXNetwork_Transport_TypeAssist][][][getNetworkType() : 4G
[I][2022-02-10 +80 17:44:15.371][20965, 21405][cellularStrengthThread][NXNetwork_Transport_TypeAssist][][][getNetworkType() : 4G
[I][2022-02-10 +80 17:44:15.373][20965, 21405][cellularStrengthThread][NXNetwork_Transport_TypeAssist][][][getNetworkType() : 4G
[I][2022-02-10 +80 17:44:15.377][20965, 21405][cellularStrengthThread][NXNetwork_Transport_TypeAssist][][][getNetworkType() : 4G
[I][2022-02-10 +80 17:44:15.381][20965, 21405][cellularStrengthThread][NXNetwork_Transport_TypeAssist][][][getNetworkType() : 4G
[I][2022-02-10 +80 17:44:15.385][20965, 21405][cellularStrengthThread][NXNetwork_Transport_TypeAssist][][][getNetworkType() : 4G
[I][2022-02-10 +80 17:44:15.389][20965, 21405][cellularStrengthThread][NXNetwork_Transport_TypeAssist][][][getNetworkType() : 4G
[I][2022-02-10 +80 17:44:15.392][20965, 21405][cellularStrengthThread][NXNetwork_Transport_TypeAssist][][][getNetworkType() : 4G
[I][2022-02-10 +80 17:44:15.402][20965, 21405][cellularStrengthThread][NXNetwork_Transport_TypeAssist][][][getNetworkType() : 4G
[I][2022-02-10 +80 17:44:15.406][20965, 21405][cellularStrengthThread][NXNetwork_Transport_TypeAssist][][][getNetworkType() : 4G
[I][2022-02-10 +80 17:44:15.411][20965, 21405][cellularStrengthThread][NXNetwork_Transport_TypeAssist][][][getNetworkType() : 4G
[I][2022-02-10 +80 17:44:15.421][20965, 21405][cellularStrengthThread][NXNetwork_Transport_TypeAssist][][][getNetworkType() : 4G
[I][2022-02-10 +80 17:44:15.423][20965, 21405][cellularStrengthThread][NXNetwork_Transport_TypeAssist][][][getNetworkType() : 4G
[I][2022-02-10 +80 17:44:15.425][20965, 21405][cellularStrengthThread][NXNetwork_Transport_TypeAssist][][][getNetworkType() : 4G
[I][2022-02-10 +80 17:44:15.427][20965, 21405][cellularStrengthThread][NXNetwork_Transport_TypeAssist][][][getNetworkType() : 4G
[I][2022-02-10 +80 17:44:15.429][20965, 21405][cellularStrengthThread][NXNetwork_Transport_TypeAssist][][][getNetworkType() : 4G
[I][2022-02-10 +80 17:44:15.431][20965, 21405][cellularStrengthThread][NXNetwork_Transport_TypeAssist][][][getNetworkType() : 4G
[I][2022-02-10 +80 17:44:15.434][20965, 21405][cellularStrengthThread][NXNetwork_Transport_TypeAssist][][][getNetworkType() : 4G
[I][2022-02-10 +80 17:44:15.435][20965, 21405][cellularStrengthThread][NXNetwork_Transport_TypeAssist][][][getNetworkType() : 4G
[I][2022-02-10 +80 17:44:15.438][20965, 21405][cellularStrengthThread][NXNetwork_Transport_TypeAssist][][][getNetworkType() : 4G
[I][2022-02-10 +80 17:44:15.441][20965, 21405][cellularStrengthThread][NXNetwork_Transport_TypeAssist][][][getNetworkType() : 4G
[I][2022-02-10 +80 17:44:15.447][20965, 21405][cellularStrengthThread][NXNetwork_Transport_TypeAssist][][][getNetworkType() : 4G
[I][2022-02-10 +80 17:44:15.461][20965, 21405][cellularStrengthThread][NXNetwork_Transport_TypeAssist][][][getNetworkType() : 4G
[I][2022-02-10 +80 17:44:15.466][20965, 21405][cellularStrengthThread][NXNetwork_Transport_TypeAssist][][][getNetworkType() : 4G
[I][2022-02-10 +80 17:44:15.475][20965, 21405][cellularStrengthThread][NXNetwork_Transport_TypeAssist][][][getNetworkType() : 4G
[I][2022-02-10 +80 17:44:15.477][20965, 21405][cellularStrengthThread][NXNetwork_Transport_TypeAssist][][][getNetworkType() : 4G
[I][2022-02-10 +80 17:44:15.479][20965, 21405][cellularStrengthThread][NXNetwork_Transport_TypeAssist][][][getNetworkType() : 4G
[I][2022-02-10 +80 17:44:15.481][20965, 21405][cellularStrengthThread][NXNetwork_Transport_TypeAssist][][][getNetworkType() : 4G
[I][2022-02-10 +80 17:44:15.487][20965, 21405][cellularStrengthThread][NXNetwork_Transport_TypeAssist][][][getNetworkType() : 4G
[I][2022-02-10 +80 17:44:15.500][20965, 21405][cellularStrengthThread][NXNetwork_Transport_TypeAssist][][][getNetworkType() : 4G
[I][2022-02-10 +80 17:44:15.513][20965, 21405][cellularStrengthThread][NXNetwork_Transport_TypeAssist][][][getNetworkType() : 4G
[I][2022-02-10 +80 17:44:15.518][20965, 21405][cellularStrengthThread][NXNetwork_Transport_TypeAssist][][][getNetworkType() : 4G
[I][2022-02-10 +80 17:44:15.524][20965, 21405][cellularStrengthThread][NXNetwork_Transport_TypeAssist][][][getNetworkType() : 4G
[I][2022-02-10 +80 17:44:15.535][20965, 21405][cellularStrengthThread][NXNetwork_Transport_TypeAssist][][][getNetworkType() : 4G
[I][2022-02-10 +80 17:44:15.541][20965, 21405][cellularStrengthThread][NXNetwork_Transport_TypeAssist][][][getNetworkType() : 4G
[I][2022-02-10 +80 17:44:15.561][20965, 21405][cellularStrengthThread][NXNetwork_Transport_TypeAssist][][][getNetworkType() : 4G
[I][2022-02-10 +80 17:44:15.564][20965, 21405][cellularStrengthThread][NXNetwork_Transport_TypeAssist][][][getNetworkType() : 4G
[I][2022-02-10 +80 17:44:15.571][20965, 21405][cellularStrengthThread][NXNetwork_Transport_TypeAssist][][][getNetworkType() : 4G
[I][2022-02-10 +80 17:44:15.578][20965, 21405][cellularStrengthThread][NXNetwork_Transport_TypeAssist][][][getNetworkType() : 4G
[I][2022-02-10 +80 17:44:15.586][20965, 21405][cellularStrengthThread][NXNetwork_Transport_TypeAssist][][][getNetworkType() : 4G
[I][2022-02-10 +80 17:44:15.592][20965, 21405][cellularStrengthThread][NXNetwork_Transport_TypeAssist][][][getNetworkType() : 4G
[I][2022-02-10 +80 17:44:15.602][20965, 21405][cellularStrengthThread][NXNetwork_Transport_TypeAssist][][][getNetworkType() : 4G
[I][2022-02-10 +80 17:44:15.608][20965, 21405][cellularStrengthThread][NXNetwork_Transport_TypeAssist][][][getNetworkType() : 4G
[I][2022-02-10 +80 17:44:15.615][20965, 21405][cellularStrengthThread][NXNetwork_Transport_TypeAssist][][][getNetworkType() : 4G
[I][2022-02-10 +80 17:44:15.620][20965, 21405][cellularStrengthThread][NXNetwork_Transport_TypeAssist][][][getNetworkType() : 4G
[I][2022-02-10 +80 17:44:15.626][20965, 21405][cellularStrengthThread][NXNetwork_Transport_TypeAssist][][][getNetworkType() : 4G
[I][2022-02-10 +80 17:44:15.628][20965, 21405][cellularStrengthThread][NXNetwork_Transport_TypeAssist][][][getNetworkType() : 4G
[I][2022-02-10 +80 17:44:15.631][20965, 21405][cellularStrengthThread][NXNetwork_Transport_TypeAssist][][][getNetworkType() : 4G
[I][2022-02-10 +80 17:44:15.640][20965, 21405][cellularStrengthThread][NXNetwork_Transport_TypeAssist][][][getNetworkType() : 4G
[I][2022-02-10 +80 17:44:15.649][20965, 21405][cellularStrengthThread][NXNetwork_Transport_TypeAssist][][][getNetworkType() : 4G
[I][2022-02-10 +80 17:44:15.653][20965, 21405][cellularStrengthThread][NXNetwork_Transport_TypeAssist][][][getNetworkType() : 4G
[I][2022-02-10 +80 17:44:15.657][20965, 21405][cellularStrengthThread][NXNetwork_Transport_TypeAssist][][][getNetworkType() : 4G
[I][2022-02-10 +80 17:44:15.658][20965, 21405][cellularStrengthThread][NXNetwork_Transport_TypeAssist][][][getNetworkType() : 4G
[I][2022-02-10 +80 17:44:15.666][20965, 21405][cellularStrengthThread][NXNetwork_Transport_TypeAssist][][][getNetworkType() : 4G
[I][2022-02-10 +80 17:44:15.688][20965, 21405][cellularStrengthThread][NXNetwork_Transport_TypeAssist][][][getNetworkType() : 4G
[I][2022-02-10 +80 17:44:15.694][20965, 21405][cellularStrengthThread][NXNetwork_Transport_TypeAssist][][][getNetworkType() : 4G
[I][2022-02-10 +80 17:44:15.709][20965, 21405][cellularStrengthThread][NXNetwork_Transport_TypeAssist][][][getNetworkType() : 4G
[I][2022-02-10 +80 17:44:15.729][20965, 21405][cellularStrengthThread][NXNetwork_Transport_TypeAssist][][][getNetworkType() : 4G
[I][2022-02-10 +80 17:44:15.734][20965, 21405][cellularStrengthThread][NXNetwork_Transport_TypeAssist][][][getNetworkType() : 4G
[I][2022-02-10 +80 17:44:15.740][20965, 21405][cellularStrengthThread][NXNetwork_Transport_TypeAssist][][][getNetworkType() : 4G
[I][2022-02-10 +80 17:44:15.746][20965, 21405][cellularStrengthThread][NXNetwork_Transport_TypeAssist][][][getNetworkType() : 4G
[I][2022-02-10 +80 17:44:15.750][20965, 21405][cellularStrengthThread][NXNetwork_Transport_TypeAssist][][][getNetworkType() : 4G
[I][2022-02-10 +80 17:44:15.752][20965, 21405][cellularStrengthThread][NXNetwork_Transport_TypeAssist][][][getNetworkType() : 4G
[I][2022-02-10 +80 17:44:15.757][20965, 21405][cellularStrengthThread][NXNetwork_Transport_TypeAssist][][][getNetworkType() : 4G
[I][2022-02-10 +80 17:44:15.762][20965, 21405][cellularStrengthThread][NXNetwork_Transport_TypeAssist][][][getNetworkType() : 4G
[I][2022-02-10 +80 17:44:15.768][20965, 21405][cellularStrengthThread][NXNetwork_Transport_TypeAssist][][][getNetworkType() : 4G
[I][2022-02-10 +80 17:44:15.778][20965, 21405][cellularStrengthThread][NXNetwork_Transport_TypeAssist][][][getNetworkType() : 4G
[I][2022-02-10 +80 17:44:15.786][20965, 21405][cellularStrengthThread][NXNetwork_Transport_TypeAssist][][][getNetworkType() : 4G
[I][2022-02-10 +80 17:44:15.792][20965, 21405][cellularStrengthThread][NXNetwork_Transport_TypeAssist][][][getNetworkType() : 4G
[I][2022-02-10 +80 17:44:15.797][20965, 21405][cellularStrengthThread][NXNetwork_Transport_TypeAssist][][][getNetworkType() : 4G
[I][2022-02-10 +80 17:44:15.798][20965, 21405][cellularStrengthThread][NXNetwork_Transport_TypeAssist][][][getNetworkType() : 4G
[I][2022-02-10 +80 17:44:15.808][20965, 21405][cellularStrengthThread][NXNetwork_Transport_TypeAssist][][][getNetworkType() : 4G
[I][2022-02-10 +80 17:44:15.815][20965, 21405][cellularStrengthThread][NXNetwork_Transport_TypeAssist][][][getNetworkType() : 4G
[I][2022-02-10 +80 17:44:15.820][20965, 21405][cellularStrengthThread][NXNetwork_Transport_TypeAssist][][][getNetworkType() : 4G
[I][2022-02-10 +80 17:44:15.826][20965, 21405][cellularStrengthThread][NXNetwork_Transport_TypeAssist][][][getNetworkType() : 4G
[I][2022-02-10 +80 17:44:15.834][20965, 21405][cellularStrengthThread][NXNetwork_Transport_TypeAssist][][][getNetworkType() : 4G
[I][2022-02-10 +80 17:44:15.841][20965, 21405][cellularStrengthThread][NXNetwork_Transport_TypeAssist][][][getNetworkType() : 4G
[I][2022-02-10 +80 17:44:15.848][20965, 21405][cellularStrengthThread][NXNetwork_Transport_TypeAssist][][][getNetworkType() : 4G
[I][2022-02-10 +80 17:44:15.853][20965, 21405][cellularStrengthThread][NXNetwork_Transport_TypeAssist][][][getNetworkType() : 4G
[I][2022-02-10 +80 17:44:15.863][20965, 21405][cellularStrengthThread][NXNetwork_Transport_TypeAssist][][][getNetworkType() : 4G
[I][2022-02-10 +80 17:44:15.870][20965, 21405][cellularStrengthThread][NXNetwork_Transport_TypeAssist][][][getNetworkType() : 4G
[I][2022-02-10 +80 17:44:15.874][20965, 21405][cellularStrengthThread][NXNetwork_Transport_TypeAssist][][][getNetworkType() : 4G
[I][2022-02-10 +80 17:44:15.877][20965, 21405][cellularStrengthThread][NXNetwork_Transport_TypeAssist][][][getNetworkType() : 4G
[I][2022-02-10 +80 17:44:15.882][20965, 21405][cellularStrengthThread][NXNetwork_Transport_TypeAssist][][][getNetworkType() : 4G
[I][2022-02-10 +80 17:44:15.887][20965, 21405][cellularStrengthThread][NXNetwork_Transport_TypeAssist][][][getNetworkType() : 4G
[I][2022-02-10 +80 17:44:15.891][20965, 21405][cellularStrengthThread][NXNetwork_Transport_TypeAssist][][][getNetworkType() : 4G
[I][2022-02-10 +80 17:44:15.894][20965, 21405][cellularStrengthThread][NXNetwork_Transport_TypeAssist][][][getNetworkType() : 4G
[I][2022-02-10 +80 17:44:15.900][20965, 21405][cellularStrengthThread][NXNetwork_Transport_TypeAssist][][][getNetworkType() : 4G
[I][2022-02-10 +80 17:44:15.904][20965, 21405][cellularStrengthThread][NXNetwork_Transport_TypeAssist][][][getNetworkType() : 4G
[I][2022-02-10 +80 17:44:15.911][20965, 21405][cellularStrengthThread][NXNetwork_Transport_TypeAssist][][][getNetworkType() : 4G
[I][2022-02-10 +80 17:44:15.913][20965, 21405][cellularStrengthThread][NXNetwork_Transport_TypeAssist][][][getNetworkType() : 4G
[I][2022-02-10 +80 17:44:15.937][20965, 21405][cellularStrengthThread][NXNetwork_Transport_TypeAssist][][][getNetworkType() : 4G
[I][2022-02-10 +80 17:44:15.940][20965, 21405][cellularStrengthThread][NXNetwork_Transport_TypeAssist][][][getNetworkType() : 4G
[I][2022-02-10 +80 17:44:15.954][20965, 21405][cellularStrengthThread][NXNetwork_Transport_TypeAssist][][][getNetworkType() : 4G
[I][2022-02-10 +80 17:44:15.970][20965, 21405][cellularStrengthThread][NXNetwork_Transport_TypeAssist][][][getNetworkType() : 4G
[I][2022-02-10 +80 17:44:15.975][20965, 21405][cellularStrengthThread][NXNetwork_Transport_TypeAssist][][][getNetworkType() : 4G
[I][2022-02-10 +80 17:44:15.982][20965, 21405][cellularStrengthThread][NXNetwork_Transport_TypeAssist][][][getNetworkType() : 4G
[I][2022-02-10 +80 17:44:15.984][20965, 21405][cellularStrengthThread][NXNetwork_Transport_TypeAssist][][][getNetworkType() : 4G
[I][2022-02-10 +80 17:44:15.987][20965, 21405][cellularStrengthThread][NXNetwork_Transport_TypeAssist][][][getNetworkType() : 4G
[I][2022-02-10 +80 17:44:15.989][20965, 21405][cellularStrengthThread][NXNetwork_Transport_TypeAssist][][][getNetworkType() : 4G
[I][2022-02-10 +80 17:44:15.993][20965, 21405][cellularStrengthThread][NXNetwork_Transport_TypeAssist][][][getNetworkType() : 4G
[I][2022-02-10 +80 17:44:15.999][20965, 21405][cellularStrengthThread][NXNetwork_Transport_TypeAssist][][][getNetworkType() : 4G
[I][2022-02-10 +80 17:44:16.003][20965, 21405][cellularStrengthThread][NXNetwork_Transport_TypeAssist][][][getNetworkType() : 4G
[I][2022-02-10 +80 17:44:16.004][20965, 21405][cellularStrengthThread][NXNetwork_Transport_TypeAssist][][][getNetworkType() : 4G
[I][2022-02-10 +80 17:44:16.006][20965, 21405][cellularStrengthThread][NXNetwork_Transport_TypeAssist][][][getNetworkType() : 4G
[I][2022-02-10 +80 17:44:16.598][20965, 21405][cellularStrengthThread][NXNetwork_Transport_TypeAssist][][][getNetworkType() : 4G
[I][2022-02-10 +80 17:44:22.605][20965, 21405][cellularStrengthThread][NXNetwork_Transport_TypeAssist][][][getNetworkType() : 4G
[I][2022-02-10 +80 17:44:28.602][20965, 21405][cellularStrengthThread][NXNetwork_Transport_TypeAssist][][][getNetworkType() : 4G
[I][2022-02-10 +80 17:47:25.737][20965, 21405][cellularStrengthThread][NXNetwork_Transport_TypeAssist][][][getNetworkType() : 4G
[I][2022-02-10 +80 17:47:25.738][20965, 21405][cellularStrengthThread][NXNetwork_Transport_TypeAssist][][][getNetworkType() : 4G
[I][2022-02-10 +80 17:47:25.746][20965, 21405][cellularStrengthThread][NXNetwork_Transport_TypeAssist][][][getNetworkType() : 4G
[I][2022-02-10 +80 17:47:25.752][20965, 21405][cellularStrengthThread][NXNetwork_Transport_TypeAssist][][][getNetworkType() : 4G
[I][2022-02-10 +80 17:47:25.755][20965, 21405][cellularStrengthThread][NXNetwork_Transport_TypeAssist][][][getNetworkType() : 4G
[I][2022-02-10 +80 17:47:25.765][20965, 21405][cellularStrengthThread][NXNetwork_Transport_TypeAssist][][][getNetworkType() : 4G
[I][2022-02-10 +80 17:47:25.770][20965, 21405][cellularStrengthThread][NXNetwork_Transport_TypeAssist][][][getNetworkType() : 4G
[I][2022-02-10 +80 17:47:25.776][20965, 21405][cellularStrengthThread][NXNetwork_Transport_TypeAssist][][][getNetworkType() : 4G
[I][2022-02-10 +80 17:47:25.778][20965, 21405][cellularStrengthThread][NXNetwork_Transport_TypeAssist][][][getNetworkType() : 4G
[I][2022-02-10 +80 17:47:25.781][20965, 21405][cellularStrengthThread][NXNetwork_Transport_TypeAssist][][][getNetworkType() : 4G
[I][2022-02-10 +80 17:47:25.787][20965, 21405][cellularStrengthThread][NXNetwork_Transport_TypeAssist][][][getNetworkType() : 4G
[I][2022-02-10 +80 17:47:25.790][20965, 21405][cellularStrengthThread][NXNetwork_Transport_TypeAssist][][][getNetworkType() : 4G
[I][2022-02-10 +80 17:47:25.794][20965, 21405][cellularStrengthThread][NXNetwork_Transport_TypeAssist][][][getNetworkType() : 4G
[I][2022-02-10 +80 17:47:25.804][20965, 21405][cellularStrengthThread][NXNetwork_Transport_TypeAssist][][][getNetworkType() : 4G
[I][2022-02-10 +80 17:47:25.811][20965, 21405][cellularStrengthThread][NXNetwork_Transport_TypeAssist][][][getNetworkType() : 4G
[I][2022-02-10 +80 17:47:25.812][20965, 21405][cellularStrengthThread][NXNetwork_Transport_TypeAssist][][][getNetworkType() : 4G
[I][2022-02-10 +80 17:47:25.816][20965, 21405][cellularStrengthThread][NXNetwork_Transport_TypeAssist][][][getNetworkType() : 4G
[I][2022-02-10 +80 17:47:25.818][20965, 21405][cellularStrengthThread][NXNetwork_Transport_TypeAssist][][][getNetworkType() : 4G
[I][2022-02-10 +80 17:47:25.833][20965, 21405][cellularStrengthThread][NXNetwork_Transport_TypeAssist][][][getNetworkType() : 4G
[I][2022-02-10 +80 17:47:25.836][20965, 21405][cellularStrengthThread][NXNetwork_Transport_TypeAssist][][][getNetworkType() : 4G
[I][2022-02-10 +80 17:47:25.840][20965, 21405][cellularStrengthThread][NXNetwork_Transport_TypeAssist][][][getNetworkType() : 4G
[I][2022-02-10 +80 17:47:25.846][20965, 21405][cellularStrengthThread][NXNetwork_Transport_TypeAssist][][][getNetworkType() : 4G
[I][2022-02-10 +80 17:47:25.848][20965, 21405][cellularStrengthThread][NXNetwork_Transport_TypeAssist][][][getNetworkType() : 4G
[I][2022-02-10 +80 17:47:25.851][20965, 21405][cellularStrengthThread][NXNetwork_Transport_TypeAssist][][][getNetworkType() : 4G
[I][2022-02-10 +80 17:47:25.854][20965, 21405][cellularStrengthThread][NXNetwork_Transport_TypeAssist][][][getNetworkType() : 4G
[I][2022-02-10 +80 17:47:25.856][20965, 21405][cellularStrengthThread][NXNetwork_Transport_TypeAssist][][][getNetworkType() : 4G
[I][2022-02-10 +80 17:47:25.862][20965, 21405][cellularStrengthThread][NXNetwork_Transport_TypeAssist][][][getNetworkType() : 4G
[I][2022-02-10 +80 17:47:25.873][20965, 21405][cellularStrengthThread][NXNetwork_Transport_TypeAssist][][][getNetworkType() : 4G
[I][2022-02-10 +80 17:47:25.878][20965, 21405][cellularStrengthThread][NXNetwork_Transport_TypeAssist][][][getNetworkType() : 4G
[I][2022-02-10 +80 17:47:25.883][20965, 21405][cellularStrengthThread][NXNetwork_Transport_TypeAssist][][][getNetworkType() : 4G
[I][2022-02-10 +80 17:47:25.895][20965, 21405][cellularStrengthThread][NXNetwork_Transport_TypeAssist][][][getNetworkType() : 4G
[I][2022-02-10 +80 17:47:25.899][20965, 21405][cellularStrengthThread][NXNetwork_Transport_TypeAssist][][][getNetworkType() : 4G
[I][2022-02-10 +80 17:47:25.901][20965, 21405][cellularStrengthThread][NXNetwork_Transport_TypeAssist][][][getNetworkType() : 4G
[I][2022-02-10 +80 17:47:25.903][20965, 21405][cellularStrengthThread][NXNetwork_Transport_TypeAssist][][][getNetworkType() : 4G
[I][2022-02-10 +80 17:47:25.909][20965, 21405][cellularStrengthThread][NXNetwork_Transport_TypeAssist][][][getNetworkType() : 4G
[I][2022-02-10 +80 17:47:25.910][20965, 21405][cellularStrengthThread][NXNetwork_Transport_TypeAssist][][][getNetworkType() : 4G
[I][2022-02-10 +80 17:47:25.914][20965, 21405][cellularStrengthThread][NXNetwork_Transport_TypeAssist][][][getNetworkType() : 4G
[I][2022-02-10 +80 17:47:28.650][20965, 21405][cellularStrengthThread][NXNetwork_Transport_TypeAssist][][][getNetworkType() : 4G
[I][2022-02-10 +80 17:47:31.663][20965, 21405][cellularStrengthThread][NXNetwork_Transport_TypeAssist][][][getNetworkType() : 4G
[I][2022-02-10 +80 17:47:34.638][20965, 21405][cellularStrengthThread][NXNetwork_Transport_TypeAssist][][][getNetworkType() : 4G
[I][2022-02-10 +80 17:47:37.671][20965, 21405][cellularStrengthThread][NXNetwork_Transport_TypeAssist][][][getNetworkType() : 4G
[I][2022-02-10 +80 17:55:04.144][20965, 21405][cellularStrengthThread][NXNetwork_Transport_TypeAssist][][][getNetworkType() : 4G
[I][2022-02-10 +80 17:55:04.190][20965, 21405][cellularStrengthThread][NXNetwork_Transport_TypeAssist][][][getNetworkType() : 4G
[I][2022-02-10 +80 17:55:04.215][20965, 21405][cellularStrengthThread][NXNetwork_Transport_TypeAssist][][][getNetworkType() : 4G
[I][2022-02-10 +80 17:55:04.219][20965, 21405][cellularStrengthThread][NXNetwork_Transport_TypeAssist][][][getNetworkType() : 4G
[I][2022-02-10 +80 17:55:04.221][20965, 21405][cellularStrengthThread][NXNetwork_Transport_TypeAssist][][][getNetworkType() : 4G
[I][2022-02-10 +80 17:55:04.225][20965, 21405][cellularStrengthThread][NXNetwork_Transport_TypeAssist][][][getNetworkType() : 4G
[I][2022-02-10 +80 17:55:04.229][20965, 21405][cellularStrengthThread][NXNetwork_Transport_TypeAssist][][][getNetworkType() : 4G
[I][2022-02-10 +80 17:55:04.229][20965, 21405][cellularStrengthThread][NXNetwork_Transport_TypeAssist][][][getNetworkType() : 4G
[I][2022-02-10 +80 17:55:04.230][20965, 21405][cellularStrengthThread][NXNetwork_Transport_TypeAssist][][][getNetworkType() : 4G
[I][2022-02-10 +80 17:55:04.231][20965, 21405][cellularStrengthThread][NXNetwork_Transport_TypeAssist][][][getNetworkType() : 4G
[I][2022-02-10 +80 17:55:04.233][20965, 21405][cellularStrengthThread][NXNetwork_Transport_TypeAssist][][][getNetworkType() : 4G
[I][2022-02-10 +80 17:55:04.235][20965, 21405][cellularStrengthThread][NXNetwork_Transport_TypeAssist][][][getNetworkType() : 4G
[I][2022-02-10 +80 17:55:04.236][20965, 21405][cellularStrengthThread][NXNetwork_Transport_TypeAssist][][][getNetworkType() : 4G
[I][2022-02-10 +80 17:55:04.294][20965, 21605][Binder:20965_9][VBLoginService][LoginDaemonClient][][onDaemonMessage msgId=8, data=Bundle[mParcelledData.dataSize=152]
[I][2022-02-10 +80 17:55:04.298][20965, 21605][Binder:20965_9][VBLoginService][VBLoginCenter][][onRequestRefreshStart, type:0 invokeId:3
[I][2022-02-10 +80 17:55:04.437][20965, 21605][Binder:20965_9][TabSDKManager][][][onOmgIdUpdate-----getOmgID = fbfa97874c6c954bf9c86e24cf65d7177892001021641b
[I][2022-02-10 +80 17:55:04.437][20965, 21605][Binder:20965_9][TabToggleComponent][][][[environment = release, appId = 5608, sceneId = 560811, guid = fbfa97874c6c954bf9c86e24cf65d7177892001021641b]-----switchGuid-----guid equals, finalTargetGuid = fbfa97874c6c954bf9c86e24cf65d7177892001021641b
[I][2022-02-10 +80 17:55:04.437][20965, 21605][Binder:20965_9][TabConfigComponent][][][[environment = release, appId = 5608, sceneId = 560811, guid = fbfa97874c6c954bf9c86e24cf65d7177892001021641b]-----switchGuid-----guid equals, finalTargetGuid = fbfa97874c6c954bf9c86e24cf65d7177892001021641b
[I][2022-02-10 +80 17:55:04.475][20965, 21405][cellularStrengthThread][NXNetwork_Transport_TypeAssist][][][getNetworkType() : 4G
[I][2022-02-10 +80 17:55:04.559][20965, 21605][Binder:20965_9][VBLoginService][LoginDaemonClient][][onDaemonMessage msgId=7, data=Bundle[mParcelledData.dataSize=1276]
[I][2022-02-10 +80 17:55:04.563][20965, 1*][main][VBWrapperLoginService][WrapperLoginProxy][][onAccountRefresh type 0 account Account [nickName=,headUrl=http://thirdqq.qlogo.cn/g?b=sdk&k=pEHhcofrDMqX0UN33DwFAg&s=140&t=1571914754, UserId=38030485, SessionKey=EKGMNEDDbhyqJ1ljcfM0CA.., CreateTime=1644486904527, ExpireTime=5446000,OpenId=04BF6F0447720EABB6A4A921C6FB1DEB,AccessToken=500FBA1C36A9C45556197FFFAD6CFAB3, AccountType=0, refreshToken=6F83B0879A9649ABC097307F6213A87A, IM Token=eAEtzVELgjAUBeD-stdC7tydm0JPUYQUtbQE3wKXXCQZS8KI-numPp5z*Dgflu*z4GU9S1gYAFuO*Vk1N*eoYglHAAmcR3paqLJtR3cagdAgALWcVUcPO4gIEXUUA07C9o78v1dChgAwP1A9POY7dTmbTJi0bpsQMiyOWp7Wso8V*jLdFN17217NQrrDin1-32wvww__, AccessTokenExpireTime=0, overdue=false, appid=101795054][AuthCode:FE4BCCF7CD80389DED52DE39D47D94C4 qqopenid:04BF6F0447720EABB6A4A921C6FB1DEB qqaccesstoken: qqexpiretime:7776000]
[I][2022-02-10 +80 17:55:04.563][20965, 1*][main][VBWrapperLoginService][WrapperAccountPattern][][isMainLoginType: type 0 MainLoginType 0 [MainType:0 AdvanceLoginType:1 BindTypeList:[]]
[I][2022-02-10 +80 17:55:04.565][20965, 1*][main][VBWrapperLoginService][WrapperAccountPattern][][isMainLoginType: type 0 MainLoginType 0 [MainType:0 AdvanceLoginType:1 BindTypeList:[]]
[I][2022-02-10 +80 17:55:04.565][20965, 1*][main][VBLoginBusiness][LoginManager][][onRefreshFinish(isMain=true, loginType=2, err=0)
[I][2022-02-10 +80 17:55:04.573][20965, 1*][main][QAD][TENCENT_AD][][login callback:refreshTokenFinish-isMainAccount:true-type:1-errCode:0-errMsg:-userInfo:
[I][2022-02-10 +80 17:55:04.574][20965, 1*][main][QAD][TENCENT_AD][][login callback:refreshTokenFinish-isMainAccount:true-type:1-errCode:0-errMsg:-userInfo:
[I][2022-02-10 +80 17:55:04.574][20965, 21606][public_io_pool-152678][VBWrapperLoginService][WrapperLoginProxy][][getLoginAccountInfo
[I][2022-02-10 +80 17:55:04.593][20965, 21606][public_io_pool-152678][ProtocolPackageHelper][][][readFromCache: readFile = true, bos.size = 230, cachePath = /storage/emulated/0/Android/data/com.tencent.qqlive/files/cache/38030485_userinfo.cache
[I][2022-02-10 +80 17:55:04.598][20965, 1*][main][WebUtils][][][-->synCookies needClear:false
[I][2022-02-10 +80 17:55:04.598][20965, 21606][public_io_pool-152678][NXNetwork_Transport_TransportManager][][][getTransportAutoIncrementId() request id:1
[I][2022-02-10 +80 17:55:04.598][20965, 1*][main][WebUtils][][][-->synMttWebCookies() needClear:false
[I][2022-02-10 +80 17:55:04.599][20965, 21606][public_io_pool-152678][NXNetwork_JCE_CmdAssist][][][getCmdId() requestClassName: GetUserProfileRequest,responseClassName: GetUserProfile,cmdId: 60674
[I][2022-02-10 +80 17:55:04.600][20965, 21606][public_io_pool-152678][NXNetwork_JCE_CmdAssist][][][getCmdId() requestClassName: GetUserProfileRequest,responseClassName: GetUserProfile,cmdId: 60674
[I][2022-02-10 +80 17:55:04.601][20965, 21606][public_io_pool-152678][NXNetwork_JCE_CmdAssist][][][getCmdId() requestClassName: GetUserProfileRequest,responseClassName: GetUserProfile,cmdId: 60674
[I][2022-02-10 +80 17:55:04.602][20965, 21606][public_io_pool-152678][MedalInfoModel][][][get vcuid failed, mCreatorStatusModel is null
[I][2022-02-10 +80 17:55:04.620][20965, 21633][public_io_pool-152705][NXNetwork_JCE_StructPackage][][][[GetUserProfileRequest#60674]-1 JceStruct --> byte[]
[I][2022-02-10 +80 17:55:04.620][20965, 21633][public_io_pool-152705][NXNetwork_JCE_HeaderPackage][][][[GetUserProfileRequest#60674]-1 package request header
[I][2022-02-10 +80 17:55:04.620][20965, 21633][public_io_pool-152705][GUIDManager][][][getGUID: 925ad63f87c711ec89cd6c92bf48bcb2
[I][2022-02-10 +80 17:55:04.622][20965, 21633][public_io_pool-152705][PlatformInfo_Device][][][getScreenSize() screenWidth 1080 screenHeight 2214
[I][2022-02-10 +80 17:55:04.624][20965, 21633][public_io_pool-152705][PlatformInfo_Device][][][getDeviceType() get from callback
[I][2022-02-10 +80 17:55:04.647][20965, 21633][public_io_pool-152705][VBWrapperLoginService][WrapperLoginProxy][][getLoginAccountInfo
[I][2022-02-10 +80 17:55:04.647][20965, 21633][public_io_pool-152705][VBTeenGuardianMgrImpl][][][register
[I][2022-02-10 +80 17:55:04.648][20965, 21633][public_io_pool-152705][VBWrapperLoginService][WrapperLoginProxy][][getLoginAccountInfo
[I][2022-02-10 +80 17:55:04.653][20965, 21633][public_io_pool-152705][VBWrapperLoginService][WrapperLoginProxy][][getLoginAccountInfo type 0
[I][2022-02-10 +80 17:55:04.654][20965, 21633][public_io_pool-152705][NXNetwork_JCE_HeaderPackage][][][[GetUserProfileRequest#60674]-1 common header:requestId:1,[SafeInfo]SafeKey:,[SafeInfo]type3,contentType:0,appId:1000005,guid:925ad63f87c711ec89cd6c92bf48bcb2,cmdId:60674,isSupportDolby:0,oemPlatform:0,isAuto:0,callType:self,channelId:228,extent:,from:,mid:0,pageId:,pid:,refPageId:,vid:,pageStep:0,appSubVersion:,channelId:228,clientKey:,deviceId:,deviceModel:EBG-AN10,extent:,idfa:,imei:,imsi:,mac:,omgId:fbfa97874c6c954bf9c86e24cf65d7177892001021641b,platformVersion:EBG-AN10,29,10,platform:3,serverid:,v4ip:112.97.63.47,versionCode:26553,versionName:8.5.41.26553,areaMode:0,accuracy:0.0,latitude:0.0,longitude:0.0,type:0,countryCode:0,densityDpi:480,deviceType:1,[ExtentData]bucketId:4,[QUA]extInfo:{QIMEI36=5e4e85959d6d5953eb833efe10001031531d, qadId=016F5333DEE4D71E61D3E9F2478A1FE7, installTime=1644204083, brandAndModel=EBG-AN10, preview_mode=0, manufacturer=HUAWEI, teenGuardSessionCode=526A8BBB418FEF6B577E5C1347917349E969DA5217C16457734959649026EED67927DB3214F8C317F4646839017B0464641D2F20A990F9F553AFF9315C1427153CCCA8CEC3B5C512CAF5B9F83839100B81A1D4A4BCAD93CE61ED9D210EE0E1CAB4F48C663327E3194102F227, usid=},langCode:0,markerId:1,mobileISP:0,screenHeight:2214,screenWidth:1080,networkMode:5
[I][2022-02-10 +80 17:55:04.654][20965, 21633][public_io_pool-152705][NXNetwork_JCE_PackageImpl][][][[GetUserProfileRequest#60674]-1 package header:36ms
[I][2022-02-10 +80 17:55:04.654][20965, 21633][public_io_pool-152705][NXNetwork_JCE_JCEFramePackage][][][[GetUserProfileRequest#60674]-1 package jce framerequest bytes size:952
[I][2022-02-10 +80 17:55:04.654][20965, 21633][public_io_pool-152705][NXNetwork_JCE_QmfFramePackage][][][[GetUserProfileRequest#60674]-1 package qmf frame cmdId:60674,request bytes size:969
[I][2022-02-10 +80 17:55:04.655][20965, 21633][public_io_pool-152705][VBWrapperLoginService][WrapperLoginProxy][][getLoginAccountInfo type 0
[I][2022-02-10 +80 17:55:04.658][20965, 21633][public_io_pool-152705][NXNetwork_Network_NetworkServiceManager][][][getNetworkManagerWithRequest, domain is null, request id: 1
[I][2022-02-10 +80 17:55:04.658][20965, 21633][public_io_pool-152705][NXNetwork_Network_NetworkServiceManager][][][getDefaultServerDomain, returns domain : acc.qq.com
[I][2022-02-10 +80 17:55:04.658][20965, 21633][public_io_pool-152705][NXNetwork_Network_NetworkServiceManager][][][getNetworkManagerWithDomain, domain : acc.qq.com
[I][2022-02-10 +80 17:55:04.658][20965, 21633][public_io_pool-152705][NXNetwork_Network_TaskManager][][][[GetUserProfileRequest#60674]-1 onTaskBegin()
[I][2022-02-10 +80 17:55:04.658][20965, 21633][public_io_pool-152705][NXNetwork_Network_Task][][][[GetUserProfileRequest#60674]-1 execute(), state:DEFAULT, domain: acc.qq.com, address:, url: null, contentType: BINARY
[I][2022-02-10 +80 17:55:04.709][20965, 21633][public_io_pool-152705][NXNetwork_Transport_TypeAssist][][][getNetworkType() : 4G
[I][2022-02-10 +80 17:55:04.709][20965, 21633][public_io_pool-152705][NXNetwork_Transport_HttpImpl][][][getTimeoutInfo() network state:NETWORK_STATE_4G,readWrite timeout:20,connect timeout:10
[I][2022-02-10 +80 17:55:04.709][20965, 21633][public_io_pool-152705][NXNetwork_Transport_HttpImpl][][][setConnectConfig() maxIdleConnections:10, connKeepAliveDuration:80
[I][2022-02-10 +80 17:55:04.710][20965, 21633][public_io_pool-152705][NXNetwork_Transport_Proxy][][][proxy host :null , port :-1
[I][2022-02-10 +80 17:55:04.711][20965, 21633][public_io_pool-152705][NXNetwork_Transport_HttpImpl][][][[GetUserProfileRequest#60674]-1 isConnectionReuseEnable:true
[I][2022-02-10 +80 17:55:04.711][20965, 21633][public_io_pool-152705][NXNetwork_Transport_TransportManager][][][[GetUserProfileRequest#60674]-1 protocol type: http
[I][2022-02-10 +80 17:55:04.711][20965, 21633][public_io_pool-152705][NXNetwork_Transport_TaskManager][][][[GetUserProfileRequest#60674]-1 onTaskBegin()
[I][2022-02-10 +80 17:55:04.711][20965, 21633][public_io_pool-152705][NXNetwork_Transport_Task][][][[GetUserProfileRequest#60674]-1 run() 
[I][2022-02-10 +80 17:55:04.711][20965, 21633][public_io_pool-152705][NXNetwork_Transport_Task][][][[GetUserProfileRequest#60674]-1 sendRequest()
[I][2022-02-10 +80 17:55:04.713][20965, 21633][public_io_pool-152705][NXNetwork_Transport_Task][][][[GetUserProfileRequest#60674]-1 httpHeaderKey = JceGodId;httpHeaderValue = 60674
[I][2022-02-10 +80 17:55:04.729][20965, 21633][public_io_pool-152705][NXNetwork_Transport_TypeAssist][][][getNetworkType() : 4G
[I][2022-02-10 +80 17:55:04.729][20965, 21633][public_io_pool-152705][NXNetwork_Transport_HttpImpl][][][[GetUserProfileRequest#60674]-1  callStart()
[I][2022-02-10 +80 17:55:04.729][20965, 21633][public_io_pool-152705][NXNetwork_Transport_HttpImpl][][][[GetUserProfileRequest#60674]-1  intercept() retry enable: true
[I][2022-02-10 +80 17:55:04.735][20965, 21633][public_io_pool-152705][NXNetwork_Transport_HttpImpl][][][[GetUserProfileRequest#60674]-1  dnsStart(), domain:acc.qq.com
[I][2022-02-10 +80 17:55:04.735][20965, 21633][public_io_pool-152705][NXNetwork_Transport_HttpImpl][][][lookup() hostname:acc.qq.com
[I][2022-02-10 +80 17:55:04.735][20965, 21633][public_io_pool-152705][NXNetwork_Transport_HttpImpl][][][lookup() ip:ip
[I][2022-02-10 +80 17:55:04.735][20965, 21633][public_io_pool-152705][NXNetwork_Transport_HttpImpl][][][lookup() timeout config:0ms
[I][2022-02-10 +80 17:55:04.749][20965, 21633][public_io_pool-152705][NXNetwork_Transport_HttpImpl][][][[GetUserProfileRequest#60674]-1  connectStart()
[I][2022-02-10 +80 17:55:04.814][20965, 1*][main][VBWrapperLoginService][WrapperLoginProxy][][getLoginAccountInfo
[I][2022-02-10 +80 17:55:04.815][20965, 1*][main][VBWrapperLoginService][WrapperLoginProxy][][getLoginAccountInfo type 0
[I][2022-02-10 +80 17:55:04.815][20965, 1*][main][VBWrapperLoginService][WrapperLoginProxy][][getLoginAccountInfo type 1
[I][2022-02-10 +80 17:55:04.819][20965, 1*][main][VBWrapperLoginService][WrapperLoginProxy][][getLoginAccountInfo
[I][2022-02-10 +80 17:55:04.823][20965, 1*][main][WebUtils][][][-->synMttWebCookies() cookie:video_omgid=fbfa97874c6c954bf9c86e24cf65d7177892001021641b;guid=925ad63f87c711ec89cd6c92bf48bcb2;vuserid=38030485;usid=;us_stamp=1644485767165;ussn=0;ctime=1644486904815;zdtime=0;vusession=EKGMNEDDbhyqJ1ljcfM0CA..;video_platform=3;video_appid=1000005;vdevice_qimei36=5e4e85959d6d5953eb833efe10001031531d;video_omgid=fbfa97874c6c954bf9c86e24cf65d7177892001021641b;vcuid=;vqq_appid=101795054;vqq_openid=04BF6F0447720EABB6A4A921C6FB1DEB;vqq_access_token=500FBA1C36A9C45556197FFFAD6CFAB3;vqq_vuserid=38030485;vqq_vusession=EKGMNEDDbhyqJ1ljcfM0CA..;app_ver=8.5.41;main_login=qq;plat_bucketid=4;teenGuardSessionCode=526A8BBB418FEF6B577E5C1347917349E969DA5217C16457734959649026EED67927DB3214F8C317F4646839017B0464641D2F20A990F9F553AFF9315C1427153CCCA8CEC3B5C512CAF5B9F83839100B81A1D4A4BCAD93CE61ED9D210EE0E1CAB4F48C663327E3194102F227;recommend_switch_value=1;call_type=1;recommend_setting_code=31;ip=112.97.63.47;isDarkMode=0;
[I][2022-02-10 +80 17:55:04.829][20965, 21633][public_io_pool-152705][NXNetwork_Transport_HttpImpl][][][[GetUserProfileRequest#60674]-1  connectionAcquired()
[I][2022-02-10 +80 17:55:04.829][20965, 21633][public_io_pool-152705][NXNetwork_Transport_HttpImpl][][][[GetUserProfileRequest#60674]-1  log request server info
[I][2022-02-10 +80 17:55:04.830][20965, 21606][VBTransportService-152678][NXNetwork_Transport_HttpImpl][][][[GetUserProfileRequest#60674]-1  getIp info...
[I][2022-02-10 +80 17:55:04.830][20965, 21606][VBTransportService-152678][NXNetwork_Transport_HttpImpl][][][[GetUserProfileRequest#60674]-1  getIp info:2408:8756:3af0:10::194
[I][2022-02-10 +80 17:55:04.830][20965, 21606][VBTransportService-152678][NXNetwork_Transport_HttpImpl][][][[GetUserProfileRequest#60674]-1  getHost info...
[I][2022-02-10 +80 17:55:04.830][20965, 21606][VBTransportService-152678][NXNetwork_Transport_HttpImpl][][][[GetUserProfileRequest#60674]-1  getHost info:acc.qq.com
[I][2022-02-10 +80 17:55:04.864][20965, 1*][main][WebUtils][][][-->synMttWebCookies hasSetCookie:video_omgid=fbfa97874c6c954bf9c86e24cf65d7177892001021641b; guid=925ad63f87c711ec89cd6c92bf48bcb2; vuserid=38030485; usid=; ussn=0; zdtime=0; video_platform=3; video_appid=1000005; vdevice_qimei36=5e4e85959d6d5953eb833efe10001031531d; vcuid=; vqq_appid=101795054; vqq_openid=04BF6F0447720EABB6A4A921C6FB1DEB; vqq_access_token=500FBA1C36A9C45556197FFFAD6CFAB3; vqq_vuserid=38030485; app_ver=8.5.41; main_login=qq; recommend_switch_value=1; call_type=1; recommend_setting_code=31; isDarkMode=0; plat_bucketid=4; us_stamp=1644478574408; vusession=9ZtX0RAfyJyZ4JGeTaGrlQ..; vqq_vusession=9ZtX0RAfyJyZ4JGeTaGrlQ..; teenGuardSessionCode=70D563F8D6BEDAEEC57F97570ED869D6628E42948AE7A0EEB5DA73367D7F6DA829970A8F2E1632BFF9993BF0CFA8CCDFC95264A053DE3F2CAB658FF337E03877793DAD35EC85C5C0AC3C3CE00738082FCBFE2160D3E44698F2D2DC64F38BD9EE06681E5BB187344358A09912; ip=183.11.36.124; ctime=1644480683847
[I][2022-02-10 +80 17:55:04.864][20965, 1*][main][WebUtils][][][-->synSysWebCookies() needClear:false
[I][2022-02-10 +80 17:55:04.865][20965, 1*][main][VBWrapperLoginService][WrapperLoginProxy][][getLoginAccountInfo
[I][2022-02-10 +80 17:55:04.865][20965, 1*][main][VBWrapperLoginService][WrapperLoginProxy][][getLoginAccountInfo type 0
[I][2022-02-10 +80 17:55:04.865][20965, 1*][main][VBWrapperLoginService][WrapperLoginProxy][][getLoginAccountInfo type 1
[I][2022-02-10 +80 17:55:04.865][20965, 1*][main][WebUtils][][][-->synSysWebCookies cookie:video_omgid=fbfa97874c6c954bf9c86e24cf65d7177892001021641b;guid=925ad63f87c711ec89cd6c92bf48bcb2;vuserid=38030485;usid=;us_stamp=1644485767165;ussn=0;ctime=1644486904864;zdtime=0;vusession=EKGMNEDDbhyqJ1ljcfM0CA..;video_platform=3;video_appid=1000005;vdevice_qimei36=5e4e85959d6d5953eb833efe10001031531d;video_omgid=fbfa97874c6c954bf9c86e24cf65d7177892001021641b;vcuid=;vqq_appid=101795054;vqq_openid=04BF6F0447720EABB6A4A921C6FB1DEB;vqq_access_token=500FBA1C36A9C45556197FFFAD6CFAB3;vqq_vuserid=38030485;vqq_vusession=EKGMNEDDbhyqJ1ljcfM0CA..;app_ver=8.5.41;main_login=qq;plat_bucketid=4;teenGuardSessionCode=526A8BBB418FEF6B577E5C1347917349E969DA5217C16457734959649026EED67927DB3214F8C317F4646839017B0464641D2F20A990F9F553AFF9315C1427153CCCA8CEC3B5C512CAF5B9F83839100B81A1D4A4BCAD93CE61ED9D210EE0E1CAB4F48C663327E3194102F227;recommend_switch_value=1;call_type=1;recommend_setting_code=31;ip=112.97.63.47;isDarkMode=0;
[I][2022-02-10 +80 17:55:04.900][20965, 1*][main][WebUtils][][][-->synSysWebCookies hasSetCookie:video_omgid=fbfa97874c6c954bf9c86e24cf65d7177892001021641b; guid=925ad63f87c711ec89cd6c92bf48bcb2; vuserid=38030485; usid=; ussn=0; zdtime=0; video_platform=3; video_appid=1000005; vdevice_qimei36=5e4e85959d6d5953eb833efe10001031531d; vcuid=; vqq_appid=101795054; vqq_openid=04BF6F0447720EABB6A4A921C6FB1DEB; vqq_access_token=500FBA1C36A9C45556197FFFAD6CFAB3; vqq_vuserid=38030485; app_ver=8.5.41; main_login=qq; recommend_switch_value=1; call_type=1; recommend_setting_code=31; isDarkMode=0; plat_bucketid=4; us_stamp=1644485767165; ctime=1644486904864; vusession=EKGMNEDDbhyqJ1ljcfM0CA..; vqq_vusession=EKGMNEDDbhyqJ1ljcfM0CA..; teenGuardSessionCode=526A8BBB418FEF6B577E5C1347917349E969DA5217C16457734959649026EED67927DB3214F8C317F4646839017B0464641D2F20A990F9F553AFF9315C1427153CCCA8CEC3B5C512CAF5B9F83839100B81A1D4A4BCAD93CE61ED9D210EE0E1CAB4F48C663327E3194102F227; ip=112.97.63.47
[I][2022-02-10 +80 17:55:04.940][20965, 21633][public_io_pool-152705][NXNetwork_Transport_Task][][][[GetUserProfileRequest#60674]-1 execute() request succ: https://acc.qq.com/ ,networkState:NETWORK_STATE_4G, cellular strength level:2, cellular connected:CONNECTED, wifi connected:DISCONNECTED
[I][2022-02-10 +80 17:55:04.941][20965, 21633][public_io_pool-152705][NXNetwork_Transport_Task][][][[GetUserProfileRequest#60674]-1 run() task state is done , call listener
[I][2022-02-10 +80 17:55:04.941][20965, 21633][public_io_pool-152705][NXNetwork_Network_Task][][][[GetUserProfileRequest#60674]-1 notifyListener() task state is done , call listener
[I][2022-02-10 +80 17:55:04.941][20965, 21633][public_io_pool-152705][NXNetwork_JCE_QmfFramePackage][][][[GetUserProfileRequest#60674]-1 unpackage qmf frame ,response bytes size:400
[I][2022-02-10 +80 17:55:04.941][20965, 21633][public_io_pool-152705][NXNetwork_JCE_JCEFramePackage][][][[GetUserProfileRequest#60674]-1 unpackage jce frame,response bytes size:283
[I][2022-02-10 +80 17:55:04.941][20965, 21633][public_io_pool-152705][NXNetwork_JCE_HeaderPackage][][][[GetUserProfileRequest#60674]-1 unpackage response header
[I][2022-02-10 +80 17:55:04.941][20965, 21633][public_io_pool-152705][NXNetwork_JCE_StructPackage][][][[GetUserProfileRequest#60674]-1 byte[] --> JceStruct
[I][2022-02-10 +80 17:55:04.941][20965, 21633][public_io_pool-152705][NXNetwork_JCE_StructPackage][][][[GetUserProfileRequest#60674]-1 find response class name from default strategy :com.tencent.qqlive.ona.protocol.jce.GetUserProfileResponse
[I][2022-02-10 +80 17:55:04.942][20965, 21633][public_io_pool-152705][VBWrapperLoginService][WrapperLoginProxy][][getLoginAccountInfo
[I][2022-02-10 +80 17:55:04.944][20965, 21633][public_io_pool-152705][VBWrapperLoginService][WrapperLoginProxy][][getLoginAccountInfo type 0
[I][2022-02-10 +80 17:55:04.945][20965, 21633][public_io_pool-152705][VBWrapperLoginService][WrapperLoginProxy][][getLoginAccountInfo type 0
[I][2022-02-10 +80 17:55:04.946][20965, 21633][public_io_pool-152705][VBWrapperLoginService][WrapperLoginProxy][][getLoginAccountInfo type 1
[I][2022-02-10 +80 17:55:04.953][20965, 21633][public_io_pool-152705][VBWrapperLoginService][WrapperLoginProxy][][getLoginAccountInfo
[I][2022-02-10 +80 17:55:04.969][20965, 21633][public_io_pool-152705][NXNetwork_JCE_TaskManager][][][removeTask() requestId :1
[I][2022-02-10 +80 17:55:04.969][20965, 21633][public_io_pool-152705][NXNetwork_Network_TaskManager][][][[GetUserProfileRequest#60674]-1 onTaskFinish()
[I][2022-02-10 +80 17:55:04.970][20965, 21633][public_io_pool-152705][NXNetwork_Transport_TaskManager][][][[GetUserProfileRequest#60674]-1 onTaskFinish()
[I][2022-02-10 +80 17:55:05.535][20965, 21633][public_io_pool-152705][VBLoginService][AccountManager][][onLoginStoreChange type: 0 accountJson {"accountType":0,"openId":"04BF6F0447720EABB6A4A921C6FB1DEB","accessToken":"500FBA1C36A9C45556197FFFAD6CFAB3","im_token":"eAEtzVELgjAUBeD-stdC7tydm0JPUYQUtbQE3wKXXCQZS8KI-numPp5z*Dgflu*z4GU9S1gYAFuO*Vk1N*eoYglHAAmcR3paqLJtR3cagdAgALWcVUcPO4gIEXUUA07C9o78v1dChgAwP1A9POY7dTmbTJi0bpsQMiyOWp7Wso8V*jLdFN17217NQrrDin1-32wvww__","refreshToken":"6F83B0879A9649ABC097307F6213A87A","nickName":"","headImgUrl":"http:\/\/thirdqq.qlogo.cn\/g?b=sdk&k=pEHhcofrDMqX0UN33DwFAg&s=140&t=1571914754","videoUserId":38030485,"videoSessionKey":"EKGMNEDDbhyqJ1ljcfM0CA..","videoCreateTime":1644486904527,"videoExpireTime":5446000,"accessTokenExpireTime":0,"overdue":false,"appid":"101795054","authCode":"FE4BCCF7CD80389DED52DE39D47D94C4","QQAccessToken":"","QQOpenId":"04BF6F0447720EABB6A4A921C6FB1DEB","QQExpireTime":7776000}
[I][2022-02-10 +80 17:55:05.548][20965, 21633][public_io_pool-152705][VBMMKV_BROADCAST][][][find nothing from kvfactory
[I][2022-02-10 +80 17:55:05.548][20965, 21633][public_io_pool-152705][VBMMKV_BROADCAST][][][no need notify Observer,  valueObjectClassName =  callerProcessName = com.tencent.qqlive fileName = qad_splash_order_sp_storage key = CM_1spYSEOn3spYS , please check context
[I][2022-02-10 +80 17:55:05.568][20965, 21633][public_io_pool-152705][VBMMKV_BROADCAST][][][callerProcessName equals currentProcessName
[I][2022-02-10 +80 17:55:05.568][20965, 21633][public_io_pool-152705][VBMMKV_BROADCAST][][][no need notify Observer,  valueObjectClassName = java.util.HashMap callerProcessName = com.tencent.qqlive:xg_vip_service fileName = com.tencent.qqlive_preferences key = vb_wrapperloginservice_atomicinfo , please check context
[I][2022-02-10 +80 17:55:07.473][20965, 21405][cellularStrengthThread][NXNetwork_Transport_TypeAssist][][][getNetworkType() : 4G
[I][2022-02-10 +80 17:55:07.482][20965, 21405][cellularStrengthThread][NXNetwork_Transport_TypeAssist][][][getNetworkType() : 4G
[I][2022-02-10 +80 17:55:07.505][20965, 21405][cellularStrengthThread][NXNetwork_Transport_TypeAssist][][][getNetworkType() : 4G
[I][2022-02-10 +80 17:55:10.476][20965, 21405][cellularStrengthThread][NXNetwork_Transport_TypeAssist][][][getNetworkType() : 4G
[I][2022-02-10 +80 17:55:13.461][20965, 21405][cellularStrengthThread][NXNetwork_Transport_TypeAssist][][][getNetworkType() : 4G
[I][2022-02-10 +80 17:55:13.469][20965, 21405][cellularStrengthThread][NXNetwork_Transport_TypeAssist][][][getNetworkType() : 4G
[I][2022-02-10 +80 17:55:16.468][20965, 21405][cellularStrengthThread][NXNetwork_Transport_TypeAssist][][][getNetworkType() : 4G
[I][2022-02-10 +80 17:55:17.004][20965, 21405][cellularStrengthThread][NXNetwork_Transport_TypeAssist][][][getNetworkType() : 4G
[I][2022-02-10 +80 17:55:17.335][20965, 21405][cellularStrengthThread][NXNetwork_Transport_TypeAssist][][][getNetworkType() : 4G
[I][2022-02-10 +80 17:55:19.474][20965, 21405][cellularStrengthThread][NXNetwork_Transport_TypeAssist][][][getNetworkType() : 4G
[I][2022-02-10 +80 17:55:22.467][20965, 21405][cellularStrengthThread][NXNetwork_Transport_TypeAssist][][][getNetworkType() : 4G
[I][2022-02-10 +80 17:55:22.482][20965, 21405][cellularStrengthThread][NXNetwork_Transport_TypeAssist][][][getNetworkType() : 4G
[I][2022-02-10 +80 17:55:25.473][20965, 21405][cellularStrengthThread][NXNetwork_Transport_TypeAssist][][][getNetworkType() : 4G
[I][2022-02-10 +80 17:55:28.476][20965, 21405][cellularStrengthThread][NXNetwork_Transport_TypeAssist][][][getNetworkType() : 4G
[I][2022-02-10 +80 17:55:28.490][20965, 21405][cellularStrengthThread][NXNetwork_Transport_TypeAssist][][][getNetworkType() : 4G
[I][2022-02-10 +80 17:55:29.278][20965, 21405][cellularStrengthThread][NXNetwork_Transport_TypeAssist][][][getNetworkType() : 4G
[I][2022-02-10 +80 17:55:31.473][20965, 21405][cellularStrengthThread][NXNetwork_Transport_TypeAssist][][][getNetworkType() : 4G
[I][2022-02-10 +80 17:55:37.479][20965, 21405][cellularStrengthThread][NXNetwork_Transport_TypeAssist][][][getNetworkType() : 4G
[I][2022-02-10 +80 17:55:39.567][20965, 21405][cellularStrengthThread][NXNetwork_Transport_TypeAssist][][][getNetworkType() : 4G
