[I][2022-02-10 +80 17:55:25.469][19514, 21390][cellularStrengthThread][NXNetwork_Transport_TypeAssist][][][getNetworkType() : 4G
[I][2022-02-10 +80 17:55:26.215][19514, 21505][TVKDL-Timer][tpdlcore][][][TaskManager.cpp:1016][INFO][TryAdjustMemorySize]system memory total size: 7428M, free size: 1784MB, cache ajust to 129MB, MaxMemorySize: 108MB, AppState: 14
[I][2022-02-10 +80 17:55:28.481][19514, 21390][cellularStrengthThread][NXNetwork_Transport_TypeAssist][][][getNetworkType() : 4G
[I][2022-02-10 +80 17:55:28.492][19514, 21390][cellularStrengthThread][NXNetwork_Transport_TypeAssist][][][getNetworkType() : 4G
[I][2022-02-10 +80 17:55:29.275][19514, 21390][cellularStrengthThread][NXNetwork_Transport_TypeAssist][][][getNetworkType() : 4G
[I][2022-02-10 +80 17:55:31.470][19514, 21390][cellularStrengthThread][NXNetwork_Transport_TypeAssist][][][getNetworkType() : 4G
[I][2022-02-10 +80 17:55:36.240][19514, 21505][TVKDL-Timer][tpdlcore][][][TaskManager.cpp:1016][INFO][TryAdjustMemorySize]system memory total size: 7428M, free size: 1728MB, cache ajust to 150MB, MaxMemorySize: 129MB, AppState: 14
[I][2022-02-10 +80 17:55:37.475][19514, 21390][cellularStrengthThread][NXNetwork_Transport_TypeAssist][][][getNetworkType() : 4G
[I][2022-02-10 +80 17:55:39.566][19514, 21390][cellularStrengthThread][NXNetwork_Transport_TypeAssist][][][getNetworkType() : 4G
[I][2022-02-10 +80 17:55:46.153][19514, 21504][TVKDL-VFSModule][tpvfs][][][VFSModule.cpp:326][INFO][FreeLocalCacheBySize]before clear vfs disk, path: /storage/emulated/0/Android/data/com.tencent.qqlive/files/videos_UvX8w, fileType: 8, current cache size = 2 MB, max cache size = 100 MB
[I][2022-02-10 +80 17:55:46.154][19514, 21504][TVKDL-VFSModule][tpvfs][][][StorageSystem.cpp:1350][INFO][ClearCache]StorageSystem::ClearCache fileType:8 maxSize:100.000MB oldestTimestamp:1644400546
[I][2022-02-10 +80 17:55:46.154][19514, 21504][TVKDL-VFSModule][tpvfs][][][StorageSystem.cpp:1369][INFO][ClearCache]StorageSystem::ClearCache End. fileType:8 allSize:2.312MB
[I][2022-02-10 +80 17:55:49.481][19514, 21390][cellularStrengthThread][NXNetwork_Transport_TypeAssist][][][getNetworkType() : 4G
[I][2022-02-10 +80 17:55:52.491][19514, 21390][cellularStrengthThread][NXNetwork_Transport_TypeAssist][][][getNetworkType() : 4G
[I][2022-02-10 +80 17:55:58.491][19514, 21390][cellularStrengthThread][NXNetwork_Transport_TypeAssist][][][getNetworkType() : 4G
[I][2022-02-10 +80 17:56:04.497][19514, 21390][cellularStrengthThread][NXNetwork_Transport_TypeAssist][][][getNetworkType() : 4G
[I][2022-02-10 +80 17:56:08.301][19514, 21532][Binder:19514_7][tpdlnative][][][TPDownloadProxyNative:0]get native version:2.16.1.00783
[I][2022-02-10 +80 17:56:08.312][19514, 21532][Binder:19514_7][tpdlcore][][][TVKDownloadProxy.cpp:185][INFO][TVKDLProxy_GetNativeInfo][adaptive]get suggest bitrate!start speed:-1KB/s, suggest bitrate:-8192bps
[I][2022-02-10 +80 17:56:08.313][19514, 21532][Binder:19514_7][tpdlnative][][][TPDownloadProxyFactory:0]isReadyForPlay ret:true
[I][2022-02-10 +80 17:56:08.317][19514, 21532][Binder:19514_7][tpdlnative][][][TPDownloadProxyFactory:0]isReadyForPlay ret:true
[I][2022-02-10 +80 17:56:08.319][19514, 21532][Binder:19514_7][tpdlnative][][][TPDownloadProxyFactory:0]isReadyForPlay ret:true
[I][2022-02-10 +80 17:56:08.392][19514, 21532][Binder:19514_7][CarrierManager][][][ContentObserver.onChange(self=false, uri=content://com.tencent.qqlive.CarrierProvider/active/true/unicom%3D17688712866%26unicomtype%3D2)
[I][2022-02-10 +80 17:56:08.396][19514, 21532][Binder:19514_7][CarrierManager][][][getRemoteSubscription(arg=null) imsi=3000501fbfa97874c6c954bf9c86e24cf65d7177892001021641b nondual=false sub={"imsi":"3000501fbfa97874c6c954bf9c86e24cf65d7177892001021641b","userMob":"","mobFromSMS":false,"mobFromTencent":false,"lastNetMobTime":0,"subscribedDate":0,"userPhone":"","subscribeState":0,"lastCheckSubscriptionTime":1644485767422,"lastStateChangeTime":0,"hollywoodstatus":0,"trafficRecordDate":0,"trafficMegaBytes":0,"subType":2,"realUserPhone":"17688712866","noMobStoredOnTencent":false,"unicomIpFlag":0,"checkState":1} remote=Bundle[{imsi=3000501fbfa97874c6c954bf9c86e24cf65d7177892001021641b, value={"imsi":"3000501fbfa97874c6c954bf9c86e24cf65d7177892001021641b","userMob":"","mobFromSMS":false,"mobFromTencent":false,"lastNetMobTime":0,"subscribedDate":0,"userPhone":"","subscribeState":0,"lastCheckSubscriptionTime":1644485767422,"lastStateChangeTime":0,"hollywoodstatus":0,"trafficRecordDate":0,"trafficMegaBytes":0,"subType":2,"realUserPhone":"17688712866","noMobStoredOnTencent":false,"unicomIpFlag":0,"checkState":1}}]
[I][2022-02-10 +80 17:56:08.396][19514, 21532][Binder:19514_7][CarrierUnicomSubscription][][][getSubscriptionStatus()=1 hash=UnicomSubscription@73503584
[I][2022-02-10 +80 17:56:08.396][19514, 21532][Binder:19514_7][FreeFlagController][][][onSubscriptionCallback(active=true; valid=true; param=unicom=17688712866&unicomtype=2
[I][2022-02-10 +80 17:56:08.540][19514, 21532][Binder:19514_7][CarrierManager][][][ContentObserver.onChange(self=false, uri=content://com.tencent.qqlive.CarrierProvider/active/true/unicom%3D17688712866%26unicomtype%3D2)
[I][2022-02-10 +80 17:56:08.541][19514, 21532][Binder:19514_7][CarrierManager][][][getRemoteSubscription(arg=null) imsi=3000501fbfa97874c6c954bf9c86e24cf65d7177892001021641b nondual=false sub={"imsi":"3000501fbfa97874c6c954bf9c86e24cf65d7177892001021641b","userMob":"","mobFromSMS":false,"mobFromTencent":false,"lastNetMobTime":0,"subscribedDate":0,"userPhone":"","subscribeState":0,"lastCheckSubscriptionTime":1644485767422,"lastStateChangeTime":0,"hollywoodstatus":0,"trafficRecordDate":0,"trafficMegaBytes":0,"subType":2,"realUserPhone":"17688712866","noMobStoredOnTencent":false,"unicomIpFlag":0,"checkState":1} remote=Bundle[{imsi=3000501fbfa97874c6c954bf9c86e24cf65d7177892001021641b, value={"imsi":"3000501fbfa97874c6c954bf9c86e24cf65d7177892001021641b","userMob":"","mobFromSMS":false,"mobFromTencent":false,"lastNetMobTime":0,"subscribedDate":0,"userPhone":"","subscribeState":0,"lastCheckSubscriptionTime":1644485767422,"lastStateChangeTime":0,"hollywoodstatus":0,"trafficRecordDate":0,"trafficMegaBytes":0,"subType":2,"realUserPhone":"17688712866","noMobStoredOnTencent":false,"unicomIpFlag":0,"checkState":1}}]
[I][2022-02-10 +80 17:56:08.541][19514, 21532][Binder:19514_7][CarrierUnicomSubscription][][][getSubscriptionStatus()=1 hash=UnicomSubscription@78852121
[I][2022-02-10 +80 17:56:08.541][19514, 21532][Binder:19514_7][FreeFlagController][][][onSubscriptionCallback(active=true; valid=true; param=unicom=17688712866&unicomtype=2
[I][2022-02-10 +80 17:56:08.542][19514, 21532][Binder:19514_7][CarrierManager][][][ContentObserver.onChange(self=false, uri=content://com.tencent.qqlive.CarrierProvider/active/true/unicom%3D17688712866%26unicomtype%3D2)
[I][2022-02-10 +80 17:56:08.542][19514, 21532][Binder:19514_7][CarrierManager][][][getRemoteSubscription(arg=null) imsi=3000501fbfa97874c6c954bf9c86e24cf65d7177892001021641b nondual=false sub={"imsi":"3000501fbfa97874c6c954bf9c86e24cf65d7177892001021641b","userMob":"","mobFromSMS":false,"mobFromTencent":false,"lastNetMobTime":0,"subscribedDate":0,"userPhone":"","subscribeState":0,"lastCheckSubscriptionTime":1644485767422,"lastStateChangeTime":0,"hollywoodstatus":0,"trafficRecordDate":0,"trafficMegaBytes":0,"subType":2,"realUserPhone":"17688712866","noMobStoredOnTencent":false,"unicomIpFlag":0,"checkState":1} remote=Bundle[{imsi=3000501fbfa97874c6c954bf9c86e24cf65d7177892001021641b, value={"imsi":"3000501fbfa97874c6c954bf9c86e24cf65d7177892001021641b","userMob":"","mobFromSMS":false,"mobFromTencent":false,"lastNetMobTime":0,"subscribedDate":0,"userPhone":"","subscribeState":0,"lastCheckSubscriptionTime":1644485767422,"lastStateChangeTime":0,"hollywoodstatus":0,"trafficRecordDate":0,"trafficMegaBytes":0,"subType":2,"realUserPhone":"17688712866","noMobStoredOnTencent":false,"unicomIpFlag":0,"checkState":1}}]
[I][2022-02-10 +80 17:56:08.542][19514, 21532][Binder:19514_7][CarrierUnicomSubscription][][][getSubscriptionStatus()=1 hash=UnicomSubscription@88688862
[I][2022-02-10 +80 17:56:08.542][19514, 21532][Binder:19514_7][FreeFlagController][][][onSubscriptionCallback(active=true; valid=true; param=unicom=17688712866&unicomtype=2
[I][2022-02-10 +80 17:56:08.554][19514, 21536][Binder:19514_9][tpproxy_offline][][][TVKDatabaseManager:0]query record empty, recordId:q0042svslcw.fhd
[I][2022-02-10 +80 17:56:08.554][19514, 21536][Binder:19514_9][downloadProxy][][][PlayManagerImp.java:0]new offline download, query record: q0042svslcw.fhd success!
[I][2022-02-10 +80 17:56:08.556][19514, 21532][Binder:19514_7][tpproxy_offline][][][TVKDatabaseManager:0]query record empty, recordId:q0042svslcw.fhd
[I][2022-02-10 +80 17:56:08.557][19514, 21532][Binder:19514_7][downloadProxy][][][PlayManagerImp.java:0]new offline download, query record: q0042svslcw.fhd success, duration: 0
[I][2022-02-10 +80 17:56:08.557][19514, 21536][Binder:19514_9][tpproxy_offline][][][TVKDatabaseManager:0]query record empty, recordId:q0042svslcw.shd
[I][2022-02-10 +80 17:56:08.557][19514, 21536][Binder:19514_9][downloadProxy][][][PlayManagerImp.java:0]new offline download, query record: q0042svslcw.shd success!
[I][2022-02-10 +80 17:56:08.557][19514, 21532][Binder:19514_7][tpproxy_offline][][][TVKDatabaseManager:0]query record empty, recordId:q0042svslcw.shd
[I][2022-02-10 +80 17:56:08.557][19514, 21532][Binder:19514_7][downloadProxy][][][PlayManagerImp.java:0]new offline download, query record: q0042svslcw.shd success, duration: 0
[I][2022-02-10 +80 17:56:08.563][19514, 21532][Binder:19514_7][tpdlnative][][][TPDownloadProxyNative:0]get native version:2.16.1.00783
[I][2022-02-10 +80 17:56:08.574][19514, 21532][Binder:19514_7][tpdlcore][][][downloadcore.cpp:324][INFO][TVDLProxy_SetUserData]key: qq_is_vip, value: 1
[I][2022-02-10 +80 17:56:08.578][19514, 21532][Binder:19514_7][tpdlcore][][][downloadcore.cpp:324][INFO][TVDLProxy_SetUserData]key: app_version_name, value: 8.5.41.26553
[I][2022-02-10 +80 17:56:08.578][19514, 21532][Binder:19514_7][tpdlcore][][][downloadcore.cpp:324][INFO][TVDLProxy_SetUserData]key: app_version_code, value: 26553
[I][2022-02-10 +80 17:56:08.578][19514, 21532][Binder:19514_7][tpdlcore][][][downloadcore.cpp:324][INFO][TVDLProxy_SetUserData]key: carrier_pesudo_code, value: unicom=17688712866&unicomtype=2
[I][2022-02-10 +80 17:56:08.578][19514, 21532][Binder:19514_7][tpdlcore][][][GlobalInfo.cpp:1211][INFO][SaveCacheCarrier]Save carrierPath:/storage/emulated/0/Android/data/com.tencent.qqlive/cache/download/carrier.info, carrierCode:unicom=17688712866&unicomtype=2, saveTime:1644486968
[I][2022-02-10 +80 17:56:08.578][19514, 21532][Binder:19514_7][tpdlcore][][][downloadcore.cpp:324][INFO][TVDLProxy_SetUserData]key: carrier_pesudo_state, value: 1
[I][2022-02-10 +80 17:56:08.578][19514, 21532][Binder:19514_7][tpdlcore][][][GlobalInfo.cpp:333][INFO][SetUserExtData]setuserdata carrier_pesudo_state:1
[I][2022-02-10 +80 17:56:08.578][19514, 21532][Binder:19514_7][tpdlcore][][][downloadcore.cpp:324][INFO][TVDLProxy_SetUserData]key: external_network_ip, value: 112.97.59.47
[I][2022-02-10 +80 17:56:08.578][19514, 21532][Binder:19514_7][tpdlcore][][][downloadcore.cpp:347][INFO][TVDLProxy_SetUserData][adaptive] history format get external ip:112.97.59.47
[I][2022-02-10 +80 17:56:08.578][19514, 21532][Binder:19514_7][tpdlcore][][][network_predict_module.cpp:716][INFO][LoadHistorySpeed][adaptive] fopen failed, path:/storage/emulated/0/Android/data/com.tencent.qqlive/cache/download/history.ini, errno:2
[I][2022-02-10 +80 17:56:08.578][19514, 21532][Binder:19514_7][tpdlcore][][][network_predict_module_v2.cpp:237][INFO][LoadHistorySpeed][adaptive] fopen failed, path:/storage/emulated/0/Android/data/com.tencent.qqlive/cache/download/history.ini, errno:2
[I][2022-02-10 +80 17:56:08.589][19514, 21532][Binder:19514_7][tpdlcore][][][downloadcore.cpp:324][INFO][TVDLProxy_SetUserData]key: dl_param_play_start_time, value: 0
[I][2022-02-10 +80 17:56:08.589][19514, 21532][Binder:19514_7][tpdlcore][][][downloadcore.cpp:324][INFO][TVDLProxy_SetUserData]key: dl_param_play_end_time, value: 0
[I][2022-02-10 +80 17:56:08.598][19514, 21532][Binder:19514_7][tpdlcore][][][TVKDownloadProxy.cpp:323][INFO][TVKDLProxy_CreateDownloadTask]serviceType:10303, keyID:0b5324aaoaaaeeaadfictvrmzv6da7zaaa2a.f321003.hls, dltype:3, clipCount:1, taskID:10000001
[I][2022-02-10 +80 17:56:08.600][19514, 21532][Binder:19514_7][tpdlcore][][][BaseTaskScheduler.cpp:78][INFO][setClipInfo][adaptive]taskID: 10000001, clipNo: 1 extraInfo:{"dl_param_current_formatid":321003,"dl_param_app_testid":"","dl_param_play_clip_count":1,"dl_param_play_keyid":"0b5324aaoaaaeeaadfictvrmzv6da7zaaa2a.f321003.hls","dl_param_url_expire_time":21600,"dl_param_format_nodes":[{"dl_param_bitrate":"279410","dl_param_name":"sd"},{"dl_param_bitrate":"635515","dl_param_name":"hd"},{"dl_param_bitrate":"1005090","dl_param_name":"shd"},{"dl_param_bitrate":"1861628","dl_param_name":"fhd"}],"dl_param_vinfo_testid":24,"dl_param_vinfo_link_vid":"n0042m3t959","dl_param_vinfo_fp2p":0,"dl_param_vid":"q0042svslcw","dl_param_source_is_charge":false,"dl_param_file_duration":234000,"dl_param_vinfo_tm":1644486968,"dl_param_file_size":29615612,"dl_param_play_clip_no":1,"dl_param_adaptive_type":0,"dl_param_play_flowid":"ec9754ee-ff52-446f-b4f7-a1fe5017cb7e1515888963794726_10303","dl_param_current_format":"shd","dl_param_cache_need_encrypt":false}
[I][2022-02-10 +80 17:56:08.600][19514, 21532][Binder:19514_7][tpdlcore][][][TVKDownloadProxy.cpp:339][INFO][TVKDLProxy_SetClipInfo]taskID:10000001, clipKeyID:0b5324aaoaaaeeaadfictvrmzv6da7zaaa2a.f321003.hls, clipNo:1, dlType:3, urls:http://[2408:8770:0:c4::47]/sportsts.tc.qq.com/AQEeQ_LKsNPMD5okAbxqMAyXCfpKwjpTLUonGHOR74FM/uwMROfz2r55iIaQXGdGnC2de64_MUvXaM0Mui5BLN-8R8cWE/svp_50124/4CV0IuGm4IE9iF-lGNMC5Udidr3nV111pTw70VEeJEqOiQuAE17TfZFixjmLydM2wkDXZHDC81b8dumuTug2NrrRtKZQ-3KZjXEuFlRqPOa0lUOTgrAb7Kae9OL8P_ylp0wRb8JvKtP7sloRX0JFuTDpewfZoteUicYrmTHrsQgNv7vJDDevQ5goP6QVTmduTYGcI5aIRhJT6v8BPbahKwCBtlTS2gg1bGKcmIdkd2c/gzc_1000115_0b5324aaoaaaeeaadfictvrmzv6da7zaaa2a.f321003.ts.m3u8?ver=4;http://[2408:8770:0:c4::4e]/sportsts.tc.qq.com/AQEeQ_LKsNPMD5okAbxqMAyXCfpKwjpTLUonGHOR74FM/uwMROfz2r55iIaQXGdGnCmde649QDmJbbTTnZ4_k-ROLIna5/svp_50124/4CV0IuGm4IE9iF-lGNMC5Udidr3nV111pTw70VEeJEqOiQuAE17TfZFixjmLydM2wkDXZHDC81b8dumuTug2NrrRtKZQ-3KZjXEuFlRqPOa0lUOTgrAb7Kae9OL8P_ylp0wRb8JvKtP7sloRX0JFuTDpewfZoteUicYrmTHrsQgNv7vJDDevQ5goP6QVTmduTYGcI5aIRhJT6v8BPbahKwCBtlTS2gg1bGKcmIdkd2c/gzc_1000115_0b5324aaoaaaeeaadfictvrmzv6da7zaaa2a.f321003.ts.m3u8?ver=4;http://[2408:874c:1ff:2:18::]/sportsts.tc.qq.com/AQEeQ_LKsNPMD5okAbxqMAyXCfpKwjpTLUonGHOR74FM/uwMROfz2r55iIaQXGdGnCWde648269rYj6y9U68UqhYkVqP_/svp_50124/4CV0IuGm4IE9iF-lGNMC5Udidr3nV111pTw70VEeJEqOiQuAE17TfZFixjmLydM2wkDXZHDC81b8dumuTug2NrrRtKZQ-3KZjXEuFlRqPOa0lUOTgrAb7Kae9OL8P_ylp0wRb8JvKtP7sloRX0JFuTDpewfZoteUicYrmTHrsQgNv7vJDDevQ5goP6QVTmduTYGcI5aIRhJT6v8BPbahKwCBtlTS2gg1bGKcmIdkd2c/gzc_1000115_0b5324aaoaaaeeaadfictvrmzv6da7zaaa2a.f321003.ts.m3u8?ver=4;http://defaultts.tc.qq.com/defaultts.tc.qq.com/uwMROfz2r55iIaQXGdGnDGde64-dxRNcqARTD84EXxjVy9w1/svp_50124/4CV0IuGm4IE9iF-lGNMC5Udidr3nV111pTw70VEeJEqOiQuAE17TfZFixjmLydM2wkDXZHDC81b8dumuTug2NrrRtKZQ-3KZjXEuFlRqPOa0lUOTgrAb7Kae9OL8P_ylp0wRb8JvKtP7sloRX0JFuTDpewfZoteUicYrmTHrsQgNv7vJDDevQ5goP6QVTmduTYGcI5aIRhJT6v8BPbahKwCBtlTS2gg1bGKcmIdkd2c/gzc_1000115_0b5324aaoaaaeeaadfictvrmzv6da7zaaa2a.f321003.ts.m3u8?ver=4, savePath:, hr:0
[I][2022-02-10 +80 17:56:08.602][19514, 21532][Binder:19514_7][tpdlcore][][][TVKDownloadProxy.cpp:363][INFO][TVKDLProxy_GetClipPlayUrl]taskID:10000001, clipNo:1, url:http://127.0.0.1:12015/proxy/10000001/1/vod.m3u8?play_id=10000001&clip_id=1&force_online=0
[I][2022-02-10 +80 17:56:08.602][19514, 21532][Binder:19514_7][tpdlcore][][][TVKDownloadProxy.cpp:375][INFO][TVKDLProxy_StartDownload]taskID:10000001, start download
[I][2022-02-10 +80 17:56:08.603][19514, 21552][TVKDL-BaseTaskM][tpdlcore][][][BaseTask.cpp:73][INFO][start]taskID:10000001, task start!!!
[I][2022-02-10 +80 17:56:08.605][19514, 21552][TVKDL-BaseTaskM][tpdlcore][][][multi_data_source_engine.cpp:378][INFO][operator()]key_id: 0b5324aaoaaaeeaadfictvrmzv6da7zaaa2a.f321003.hls, clip_no: -1, session_id: 1001, range(0, -1), create new data source
[I][2022-02-10 +80 17:56:08.605][19514, 21552][TVKDL-BaseTaskM][tpdlcore][][][HLSTaskScheduler.cpp:487][INFO][startDownload]p2pkey: 0b5324aaoaaaeeaadfictvrmzv6da7zaaa2a.f321003.hls, task_id: 10000001, type: 3, get m3u8 info, session_id: 1001
[I][2022-02-10 +80 17:56:08.606][19514, 21532][Binder:19514_7][tpdlcore][][][TVKDownloadProxy.cpp:363][INFO][TVKDLProxy_GetClipPlayUrl]taskID:10000001, clipNo:1, url:http://127.0.0.1:12015/proxy/10000001/1/vod.m3u8?play_id=10000001&clip_id=1&force_online=0
[I][2022-02-10 +80 17:56:08.606][19514, 21532][Binder:19514_7][tpdlcore][][][TVKDownloadProxy.cpp:375][INFO][TVKDLProxy_StartDownload]taskID:10000001, start download
[I][2022-02-10 +80 17:56:08.606][19514, 21505][TVKDL-Timer][tpdlcore][][][http_data_module.cpp:338][INFO][GenLinkInfo]keyid: 0b5324aaoaaaeeaadfictvrmzv6da7zaaa2a.f321003.hls, http[1001], link num: 1, link_mode: 0
[I][2022-02-10 +80 17:56:08.606][19514, 21505][TVKDL-Timer][tpdlcore][][][http_data_module.cpp:241][INFO][OnSendRequest]keyid: 0b5324aaoaaaeeaadfictvrmzv6da7zaaa2a.f321003.hls, http[1001], delay/low_speed/player/expend: 0/0/0/0, url[0]: http://[2408:8770:0:c4::47]/sportsts.tc.qq.com/AQEeQ_LKsNPMD5okAbxqMAyXCfpKwjpTLUonGHOR74FM/uwMROfz2r55iIaQXGdGnC2de64_MUvXaM0Mui5BLN-8R8cWE/svp_50124/4CV0IuGm4IE9iF-lGNMC5Udidr3nV111pTw70VEeJEqOiQuAE17TfZFixjmLydM2wkDXZHDC81b8dumuTug2NrrRtKZQ-3KZjXEuFlRqPOa0lUOTgrAb7Kae9OL8P_ylp0wRb8JvKtP7sloRX0JFuTDpewfZoteUicYrmTHrsQgNv7vJDDevQ5goP6QVTmduTYGcI5aIRhJT6v8BPbahKwCBtlTS2gg1bGKcmIdkd2c/gzc_1000115_0b5324aaoaaaeeaadfictvrmzv6da7zaaa2a.f321003.ts.m3u8?ver=4
[I][2022-02-10 +80 17:56:08.608][19514, 21505][TVKDL-Timer][tpdlcore][][][http_data_source.cpp:115][INFO][SendRequest]http[1001][0] connect server 2408:8770:0:c4::47:80 return, ret = 0, timeout(4000, 4000)
[I][2022-02-10 +80 17:56:08.609][19514, 21532][Binder:19514_7][tpdlcore][][][TVKDownloadProxy.cpp:424][INFO][TVKDLProxy_ResumeDownload]taskID:10000001, resume download
[I][2022-02-10 +80 17:56:08.609][19514, 21552][TVKDL-BaseTaskM][tpdlcore][][][BaseTaskManager.cpp:274][INFO][resumeTaskHandler]taskID:10000001, resume task!!!
[I][2022-02-10 +80 17:56:08.629][19514, 21532][Binder:19514_7][tpdlnative][][][TPDownloadProxyNative:0]get native version:2.16.1.00783
[I][2022-02-10 +80 17:56:08.646][19514, 21553][TVKDL-LServer][tpdlproxy][][][local_server.cpp:124][INFO][tp_ls_run_handler]MG_EV_ACCEPT nc:0x7cb8837180 ev:1 sock:185 remote 127.0.0.1:56030
[I][2022-02-10 +80 17:56:08.647][19514, 21553][TVKDL-LServer][tpdlproxy][][][uniform_handler.cpp:109][INFO][__tp_uniform_handler_request]uri:/proxy/10000001/1/vod.m3u8 conn:0x7cb8837180 remote 1.0.0.127:56030
[I][2022-02-10 +80 17:56:08.648][19514, 21553][TVKDL-LServer][tpdlproxy][][][uniform_handler.cpp:171][INFO][__tp_uniform_handler_request]conn:0x7cb8837180 accept request, dataid:10000001,fileID:777, 0--1 Connection:close
[I][2022-02-10 +80 17:56:08.690][19514, 21554][TVKDL-TcpLayer][tpdlcore][][][http_data_source.cpp:383][INFO][SendRequestOnConnected]http[1001][0] send http request ok, host: 2408:8770:0:c4::47(2408:8770:0:c4::47), port: 80, str_target: /sportsts.tc.qq.com/AQEeQ_LKsNPMD5okAbxqMAyXCfpKwjpTLUonGHOR74FM/uwMROfz2r55iIaQXGdGnC2de64_MUvXaM0Mui5BLN-8R8cWE/svp_50124/4CV0IuGm4IE9iF-lGNMC5Udidr3nV111pTw70VEeJEqOiQuAE17TfZFixjmLydM2wkDXZHDC81b8dumuTug2NrrRtKZQ-3KZjXEuFlRqPOa0lUOTgrAb7Kae9OL8P_ylp0wRb8JvKtP7sloRX0JFuTDpewfZoteUicYrmTHrsQgNv7vJDDevQ5goP6QVTmduTYGcI5aIRhJT6v8BPbahKwCBtlTS2gg1bGKcmIdkd2c/gzc_1000115_0b5324aaoaaaeeaadfictvrmzv6da7zaaa2a.f321003.ts.m3u8?ver=4, range: 0--1, multi_network: 0, limit_speed: 0KB, host: 2408:8770:0:c4::47, timeout: 4000
[I][2022-02-10 +80 17:56:08.765][19514, 21554][TVKDL-TcpLayer][tpdlcore][][][http_data_source.cpp:775][INFO][HandleHeaderData]http[1001][0] header: HTTP/1.1 200 OK
Server: NWSs
Date: Thu, 10 Feb 2022 09:56:08 GMT
Content-Type: application/vnd.apple.mpegURL
Content-Length: 3765
Connection: keep-alive
X-NWS-LOG-UUID: 9e26a920-1811-451c-aa07-c7d8a9368cec
X-ServerIp: 2408:8770:0:c4::47
Client-Ip: 2408:8456:3221:427b:8157:9cb5:597:84c
Access-Control-Allow-Origin: *
Access-Control-Allow-Headers: Origin, origin, range, Range
Access-Control-Allow-Methods: GET, OPTIONS
Access-Control-Expose-Headers: Content-Length, Content-Range
X-Cache-Lookup: Hit From Disktank3

[I][2022-02-10 +80 17:56:08.765][19514, 21554][TVKDL-TcpLayer][tpdlcore][][][HLSTaskScheduler.cpp:206][INFO][OnMDSECallBack]keyid: 0b5324aaoaaaeeaadfictvrmzv6da7zaaa2a.f321003.hls, m3u8 response code: 0
[I][2022-02-10 +80 17:56:08.767][19514, 21554][TVKDL-TcpLayer][tpdlcore][][][http_data_source.cpp:609][INFO][HandleRecvData]http[1001][0] download complete, content-length: 3765, speed: 0, elapse: 1 ms, keep-alive: true
[I][2022-02-10 +80 17:56:08.767][19514, 21505][TVKDL-Timer][tpdlcore][][][HLSTaskScheduler.cpp:206][INFO][OnMDSECallBack]keyid: 0b5324aaoaaaeeaadfictvrmzv6da7zaaa2a.f321003.hls, m3u8 response code: 0
[I][2022-02-10 +80 17:56:08.767][19514, 21505][TVKDL-Timer][tpdlcore][][][HLSTaskScheduler.cpp:221][INFO][OnMDSECallBack]keyid: 0b5324aaoaaaeeaadfictvrmzv6da7zaaa2a.f321003.hls, use http module m3u8
[I][2022-02-10 +80 17:56:08.768][19514, 21505][TVKDL-Timer][tpdlcore][][][HLSTaskScheduler.cpp:632][INFO][ParseMasterM3u8]taskID:10000001, generate local master playlist:#EXTM3U
#EXT-X-VERSION:3
#EXT-X-MEDIA-SEQUENCE:0
#EXT-X-TARGETDURATION:14
#EXT-X-PLAYLIST-TYPE:VOD
#EXTINF:7.040,
0.ts
#EXTINF:12.000,
1.ts
#EXTINF:12.000,
2.ts
#EXTINF:12.000,
3.ts
#EXTINF:12.000,
4.ts
#EXTINF:12.000,
5.ts
#EXTINF:12.000,
6.ts
#EXTINF:11.400,
7.ts
#EXTINF:11.240,
8.ts
#EXTINF:11.600,
9.ts
#EXTINF:12.000,
10.ts
#EXTINF:12.000,
11.ts
#EXTINF:12.000,
12.ts
#EXTINF:12.000,
13.ts
#EXTINF:12.000,
14.ts
#EXTINF:12.000,
15.ts
#EXTINF:12.000,
16.ts
#EXTINF:12.000,
17.ts
#EXTINF:12.000,
18.ts
#EXTINF:13.813,
19.ts
#EXT-X-ENDLIST

[I][2022-02-10 +80 17:56:08.768][19514, 21505][TVKDL-Timer][tpdlcore][][][downloadcore.cpp:388][INFO][TVDLProxy_NewTask]taskType: 0, p2pKey: 0b5324aaoaaaeeaadfictvrmzv6da7zaaa2a.f321003.hls, startTime: 0, endTime: 0, urls: http://[2408:8770:0:c4::47]/sportsts.tc.qq.com/AQEeQ_LKsNPMD5okAbxqMAyXCfpKwjpTLUonGHOR74FM/uwMROfz2r55iIaQXGdGnC2de64_MUvXaM0Mui5BLN-8R8cWE/svp_50124/4CV0IuGm4IE9iF-lGNMC5Udidr3nV111pTw70VEeJEqOiQuAE17TfZFixjmLydM2wkDXZHDC81b8dumuTug2NrrRtKZQ-3KZjXEuFlRqPOa0lUOTgrAb7Kae9OL8P_ylp0wRb8JvKtP7sloRX0JFuTDpewfZoteUicYrmTHrsQgNv7vJDDevQ5goP6QVTmduTYGcI5aIRhJT6v8BPbahKwCBtlTS2gg1bGKcmIdkd2c/gzc_1000115_0b5324aaoaaaeeaadfictvrmzv6da7zaaa2a.f321003.ts.m3u8?ver=4;http://[2408:8770:0:c4::4e]/sportsts.tc.qq.com/AQEeQ_LKsNPMD5okAbxqMAyXCfpKwjpTLUonGHOR74FM/uwMROfz2r55iIaQXGdGnCmde649QDmJbbTTnZ4_k-ROLIna5/svp_50124/4CV0IuGm4IE9iF-lGNMC5Udidr3nV111pTw70VEeJEqOiQuAE17TfZFixjmLydM2wkDXZHDC81b8dumuTug2NrrRtKZQ-3KZjXEuFlRqPOa0lUOTgrAb7Kae9OL8P_ylp0wRb8JvKtP7sloRX0JFuTDpewfZoteUicYrmTHrsQgNv7vJDDevQ5goP6QVTmduTYGcI5aIRhJT6v8BPbahKwCBtlTS2gg1bGKcmIdkd2c/gzc_1000115_0b5324aaoaaaeeaadfictvrmzv6da7zaaa2a.f321003.ts.m3u8?ver=4;http://[2408:874c:1ff:2:18::]/sportsts.tc.qq.com/AQEeQ_LKsNPMD5okAbxqMAyXCfpKwjpTLUonGHOR74FM/uwMROfz2r55iIaQXGdGnCWde648269rYj6y9U68UqhYkVqP_/svp_50124/4CV0IuGm4IE9iF-lGNMC5Udidr3nV111pTw70VEeJEqOiQuAE17TfZFixjmLydM2wkDXZHDC81b8dumuTug2NrrRtKZQ-3KZjXEuFlRqPOa0lUOTgrAb7Kae9OL8P_ylp0wRb8JvKtP7sloRX0JFuTDpewfZoteUicYrmTHrsQgNv7vJDDevQ5goP6QVTmduTYGcI5aIRhJT6v8BPbahKwCBtlTS2gg1bGKcmIdkd2c/gzc_1000115_0b5324aaoaaaeeaadfictvrmzv6da7zaaa2a.f321003.ts.m3u8?ver=4;http://defaultts.tc.qq.com/defaultts.tc.qq.com/uwMROfz2r55iIaQXGdGnDGde64-dxRNcqARTD84EXxjVy9w1/svp_50124/4CV0IuGm4IE9iF-lGNMC5Udidr3nV111pTw70VEeJEqOiQuAE17TfZFixjmLydM2wkDXZHDC81b8dumuTug2NrrRtKZQ-3KZjXEuFlRqPOa0lUOTgrAb7Kae9OL8P_ylp0wRb8JvKtP7sloRX0JFuTDpewfZoteUicYrmTHrsQgNv7vJDDevQ5goP6QVTmduTYGcI5aIRhJT6v8BPbahKwCBtlTS2gg1bGKcmIdkd2c/gzc_1000115_0b5324aaoaaaeeaadfictvrmzv6da7zaaa2a.f321003.ts.m3u8?ver=4
[I][2022-02-10 +80 17:56:08.768][19514, 21505][TVKDL-Timer][tpdlcore][][][TaskManager.cpp:104][INFO][NewTask]lpszP2PKey: 0b5324aaoaaaeeaadfictvrmzv6da7zaaa2a.f321003.hls, taskID: 100001, taskType: 0
[I][2022-02-10 +80 17:56:08.769][19514, 21505][TVKDL-Timer][tpdlcore][][][HLSVodHttpScheduler.cpp:30][INFO][HLSVodHttpScheduler]keyid: 0b5324aaoaaaeeaadfictvrmzv6da7zaaa2a.f321003.hls, taskID: 100001, scheduler new success
[I][2022-02-10 +80 17:56:08.769][19514, 21505][TVKDL-Timer][tpdlcore][][][HLSVodScheduler.cpp:42][INFO][HLSVodScheduler]keyid: 0b5324aaoaaaeeaadfictvrmzv6da7zaaa2a.f321003.hls, taskID: 100001, scheduler new success
[I][2022-02-10 +80 17:56:08.769][19514, 21505][TVKDL-Timer][tpdlcore][][][CacheManager.cpp:58][INFO][CacheManager]P2PKey: 0b5324aaoaaaeeaadfictvrmzv6da7zaaa2a.f321003.hls taskType: 0, isEncrypt: 0
[I][2022-02-10 +80 17:56:08.769][19514, 21505][TVKDL-Timer][tpdlcore][][][CacheFactory.cpp:49][INFO][CreateCacheManager]CacheManager[0b5324aaoaaaeeaadfictvrmzv6da7zaaa2a.f321003.hls] new cache manager, add reference, reference = 1
[I][2022-02-10 +80 17:56:08.770][19514, 21505][TVKDL-Timer][tpvfs][][][VFS.cpp:1031][INFO][LoadResource]no such file or directory, path:/storage/emulated/0/Android/data/com.tencent.qqlive/files/videos_UvX8w/0b5324aaoaaaeeaadfictvrmzv6da7zaaa2a.f321003.hls
[I][2022-02-10 +80 17:56:08.770][19514, 21505][TVKDL-Timer][tpdlcore][][][Scheduler.cpp:4739][INFO][SetDownloadTaskClipInfo]ServiceEnablePcdn 0
[I][2022-02-10 +80 17:56:08.770][19514, 21505][TVKDL-Timer][tpdlcore][][][Scheduler.cpp:4749][INFO][SetDownloadTaskClipInfo]P2PKey:0b5324aaoaaaeeaadfictvrmzv6da7zaaa2a.f321003.hls, taskID:100001, baseTaskId: 10000001, request(0, -1), formatType: 3, onlineCache: 0, enableP2P: 0, PreLoadSize: 0, PreloadDuration: 0 ms, needMoveFile: 0, expectDelay:0, pcdnUrls:
[I][2022-02-10 +80 17:56:08.770][19514, 21505][TVKDL-Timer][tpdlcore][][][Scheduler.cpp:4753][INFO][SetDownloadTaskClipInfo]P2PKey:0b5324aaoaaaeeaadfictvrmzv6da7zaaa2a.f321003.hls, taskID:100001, init with m3u8!!!
[I][2022-02-10 +80 17:56:08.770][19514, 21505][TVKDL-Timer][tpdlcore][][][CacheManager.cpp:503][INFO][SetTaskType]P2PKey: 0b5324aaoaaaeeaadfictvrmzv6da7zaaa2a.f321003.hls, set vfsFileType: 1
[I][2022-02-10 +80 17:56:08.770][19514, 21505][TVKDL-Timer][tpdlcore][][][VodCacheManager.cpp:247][INFO][UpdateTsList]P2PKey: 0b5324aaoaaaeeaadfictvrmzv6da7zaaa2a.f321003.hls, M3u8Version: V3, tsNum: 20, TotalDuration: 235.093, strOriginalM3u8: #EXTM3U
#EXT-X-VERSION:3
#EXT-X-MEDIA-SEQUENCE:0
#EXT-X-TARGETDURATION:14
#EXT-X-PLAYLIST-TYPE:VOD
#EXTINF:7.040,
00_gzc_1000115_0b5324aaoaaaeeaadfictvrmzv6da7zaaa2a.f321003.1.ts?index=0&start=0&end=7040&brs=0&bre=815167&ver=4&token=1a43305d087cd5de95a06d0beb6ff487
#EXTINF:12.000,
01_gzc_1000115_0b5324aaoaaaeeaadfictvrmzv6da7zaaa2a.f321003.1.ts?index=1&start=7040&end=19040&brs=815168&bre=2041115&ver=4&token=d249ee64f888dd58dca88f86e0ca83b0
#EXTINF:12.000,
02_gzc_1000115_0b5324aaoaaaeeaadfictvrmzv6da7zaaa2a.f321003.1.ts?index=2&start=19040&end=31040&brs=2041116&bre=3435699&ver=4&token=c402bddcf8aec87fe71a6f32010df028
#EXTINF:12.000,
03_gzc_1000115_0b5324aaoaaaeeaadfictvrmzv6da7zaaa2a.f321003.1.ts?index=3&start=31040&end=43040&brs=3435700&bre=4866191&ver=4&token=0ca5ac0c2f54cbd0f1c03f674015d466
#EXTINF:12.000,
04_gzc_1000115_0b5324aaoaaaeeaadfictvrmzv6da7zaaa2a.f321003.1.ts?index=4&start=43040&end=55040&brs=4866192&bre=6482991&ver=4&token=d6a95abefded2e12ef8263d44e97a28d
#EXTINF:12.000,
05_gzc_1000115_0b5324aaoaaaeeaadfictvrmzv6da7zaaa2a.f321003.1.ts?index=5&start=55040&end=67040&brs=6482992&bre=7504771&ver=4&token=a5e23b25b65262dee79b31fe2016f875
#EXTINF:12.000,
06_gzc_1000115_0b5324aaoaaaeeaadfictvrmzv6da7zaaa2a.f321003.1.ts?index=6&start=67040&end=79040&brs=7504772&bre=8590471&ver=4&token=5fee789d6c47cf9c62ebbcb2144cb718
#EXTINF:11.400,
07_gzc_1000115_0b5324aaoaaaeeaadfictvrmzv6da7zaaa2a.f321003.1.ts?index=7&start=79040&end=90440&brs=8590472&bre=9926023&ver=4&token=2c6c65065ecf24565de5a02302ab9233
#EXTINF:11.240,
08_gzc_1000115_0b5324aaoaaaeeaadfictvrmzv6da7zaaa2a.f321003.1.ts?index=8&start=90440&end=101680&brs=9926024&bre=11004955&ver=4&token=edaa0075197f0ccfe43f47f30a5d19e0
#EXTINF:11.600,
09_gzc_1000115_0b5324aaoaaaeeaadfictvrmzv6da7zaaa2a.f321003.1.ts?index=9&start=101680&end=113280&brs=11004956&bre=12932331&ver=4&token=6e428a2becfe7f55a94f7b9c229314e1
#EXTINF:12.000,
010_gzc_1000115_0b5324aaoaaaeeaadfictvrmzv6da7zaaa2a.f321003.1.ts?index=10&start=113280&end=125280&brs=12932332&bre=15329143&ver=4&token=c31de5453d0000863e7ad916e8c28056
#EXTINF:12.000,
011_gzc_1000115_0b5324aaoaaaeeaadfictvrmzv6da7zaaa2a.f321003.1.ts?index=11&start=125280&end=137280&brs=15329144&bre=16951583&ver=4&token=dea164137331f2e76665d0667c729ae1
#EXTINF:12.000,
012_gzc_1000115_0b5324aaoaaaeeaadfictvrmzv6da7zaaa2a.f321003.1.ts?index=12&start=137280&end=149280&brs=16951584&bre=17643799&ver=4&token=090747763df8a3fc907bb8f92f87be51
#EXTINF:12.000,
013_gzc_1000115_0b5324aaoaaaeeaadfictvrmzv6da7zaaa2a.f321003.1.ts?index=13&start=149280&end=161280&brs=17643800&bre=18987623&ver=4&token=6af00a45fceb4d669fd46a9f4c5ce17b
#EXTINF:12.000,
014_gzc_1000115_0b5324aaoaaaeeaadfictvrmzv6da7zaaa2a.f321003.1.ts?index=14&start=161280&end=173280&brs=18987624&bre=20650483&ver=4&token=1575db82d3de45dc8084747f363b9979
#EXTINF:12.000,
015_gzc_1000115_0b5324aaoaaaeeaadfictvrmzv6da7zaaa2a.f321003.1.ts?index=15&start=173280&end=185280&brs=20650484&bre=22015363&ver=4&token=3411d4e13c95d585dc782bf20c4cebe4
#EXTINF:12.000,
016_gzc_1000115_0b5324aaoaaaeeaadfictvrmzv6da7zaaa2a.f321003.1.ts?index=16&start=185280&end=197280&brs=22015364&bre=24007411&ver=4&token=aa85836ffa1f8d13559c19a6645f8a70
#EXTINF:12.000,
017_gzc_1000115_0b5324aaoaaaeeaadfictvrmzv6da7zaaa2a.f321003.1.ts?index=17&start=197280&end=209280&brs=24007412&bre=26980443&ver=4&token=391f1440bf7df25f5efafc0ab5aca365
#EXTINF:12.000,
018_gzc_1000115_0b5324aaoaaaeeaadfictvrmzv6da7zaaa2a.f321003.1.ts?index=18&start=209280&end=221280&brs=26980444&bre=29318223&ver=4&token=7ddb305839becdd27a4336586511f65d
#EXTINF:13.813,
019_gzc_1000115_0b5324aaoaaaeeaadfictvrmzv6da7zaaa2a.f321003.1.ts?index=19&start=221280&end=235093&brs=29318224&bre=31114375&ver=4&token=3c0d9b155b02996646dce2485cce3162
#EXT-X-ENDLIST
[I][2022-02-10 +80 17:56:08.771][19514, 21505][TVKDL-Timer][tpvfs][][][StorageSystem.cpp:682][INFO][GetIndexInfo][0b5324aaoaaaeeaadfictvrmzv6da7zaaa2a.f321003.hls]resource not storage before!
[I][2022-02-10 +80 17:56:08.771][19514, 21505][TVKDL-Timer][tpvfs][][][StorageSystem.cpp:682][INFO][GetIndexInfo][0b5324aaoaaaeeaadfictvrmzv6da7zaaa2a.f321003.hls]resource not storage before!
[I][2022-02-10 +80 17:56:08.771][19514, 21505][TVKDL-Timer][tpvfs][][][StorageSystem.cpp:661][INFO][GetFileNameList][0b5324aaoaaaeeaadfictvrmzv6da7zaaa2a.f321003.hls]resource not storage before!
[I][2022-02-10 +80 17:56:08.771][19514, 21505][TVKDL-Timer][tpdlcore][][][VodCacheManager.cpp:271][INFO][UpdateTsList]P2PKey: 0b5324aaoaaaeeaadfictvrmzv6da7zaaa2a.f321003.hls, can not use storage!!! onlineCache: 0
[I][2022-02-10 +80 17:56:08.771][19514, 21505][TVKDL-Timer][tpdlcore][][][TaskManager.cpp:162][INFO][NewTask]lpszP2PKey: 0b5324aaoaaaeeaadfictvrmzv6da7zaaa2a.f321003.hls, taskID: 100001, taskType: 0, new task success
[I][2022-02-10 +80 17:56:08.771][19514, 21505][TVKDL-Timer][tpdlcore][][][downloadcore.cpp:393][INFO][TVDLProxy_NewTask]New task ok, taskID: 100001
[I][2022-02-10 +80 17:56:08.771][19514, 21505][TVKDL-Timer][tpdlcore][][][downloadcore.cpp:654][INFO][TVDLProxy_SetPlayerState]taskID: 100001, eState: 101
[I][2022-02-10 +80 17:56:08.771][19514, 21505][TVKDL-Timer][tpdlcore][][][Scheduler.cpp:2882][INFO][CheckPlayBuffering][0b5324aaoaaaeeaadfictvrmzv6da7zaaa2a.f321003.hls][100001] player oldState:6 curState:101
[I][2022-02-10 +80 17:56:08.771][19514, 21505][TVKDL-Timer][tpdlcore][][][Scheduler.cpp:584][INFO][SetPlayerState][0b5324aaoaaaeeaadfictvrmzv6da7zaaa2a.f321003.hls][100001] Player is playing, loading PlayerStateForPrePlay: 101
[I][2022-02-10 +80 17:56:08.771][19514, 21505][TVKDL-Timer][tpdlcore][][][CacheManager.cpp:503][INFO][SetTaskType]P2PKey: 0b5324aaoaaaeeaadfictvrmzv6da7zaaa2a.f321003.hls, set vfsFileType: 1
[I][2022-02-10 +80 17:56:08.771][19514, 21505][TVKDL-Timer][tpdlcore][][][Scheduler.cpp:338][INFO][Start]keyid: 0b5324aaoaaaeeaadfictvrmzv6da7zaaa2a.f321003.hls, taskID: 100001, start
[I][2022-02-10 +80 17:56:08.772][19514, 21505][TVKDL-Timer][tpdlcore][][][BaseTaskScheduler.cpp:265][INFO][startClipDownload]taskID: 10000001, clipNo: 0, clipTaskID: 100001, keyID: 0b5324aaoaaaeeaadfictvrmzv6da7zaaa2a.f321003.hls
[I][2022-02-10 +80 17:56:08.772][19514, 21505][TVKDL-Timer][tpdlcore][][][Scheduler.cpp:8614][INFO][updateLastBigTsFile][pcdn] bigts change  to gzc_1000115_0b5324aaoaaaeeaadfictvrmzv6da7zaaa2a.f321003.1.ts, reset m_bIsPcdnAllowed 1
[I][2022-02-10 +80 17:56:08.772][19514, 21505][TVKDL-Timer][tpdlcore][][][Scheduler.cpp:935][INFO][DownloadWithMDSE][0b5324aaoaaaeeaadfictvrmzv6da7zaaa2a.f321003.hls][100001] clip_no(0) offset: 0, request range(0 - -1), need range(0 - -1), real range(0 - -1), fileSize: 0, exist: 1, p2p_first: 0
[I][2022-02-10 +80 17:56:08.772][19514, 21505][TVKDL-Timer][tpdlcore][][][data_source_pool.cpp:266][INFO][GetDataModule]key: 0b5324aaoaaaeeaadfictvrmzv6da7zaaa2a.f321003.hls, clip_no: 0, session_id: 1001, range(0, -1), use same connected link, http num: 1
[I][2022-02-10 +80 17:56:08.772][19514, 21505][TVKDL-Timer][tpdlcore][][][multi_data_source_engine.cpp:397][INFO][operator()]key_id: 0b5324aaoaaaeeaadfictvrmzv6da7zaaa2a.f321003.hls, clip_no: 0, session_id: 1002, range(0, -1), use old data source
[I][2022-02-10 +80 17:56:08.772][19514, 21505][TVKDL-Timer][tpdlcore][][][Scheduler.cpp:8189][INFO][AddRequestSession]p2pkey: 0b5324aaoaaaeeaadfictvrmzv6da7zaaa2a.f321003.hls, taskID: 100001, clipNo: 0, ism3u8: 0, level: 1, add new session_id(1002, 1), range(0, -1)
[I][2022-02-10 +80 17:56:08.772][19514, 21505][TVKDL-Timer][tpdlcore][][][HLSVodHttpScheduler.cpp:92][INFO][OnStart]keyid: 0b5324aaoaaaeeaadfictvrmzv6da7zaaa2a.f321003.hls, taskID: 100001, start ok
[I][2022-02-10 +80 17:56:08.772][19514, 21505][TVKDL-Timer][tpdlcore][][][HLSVodScheduler.cpp:86][INFO][OnStart]keyid: 0b5324aaoaaaeeaadfictvrmzv6da7zaaa2a.f321003.hls, taskID: 100001, start ok
[I][2022-02-10 +80 17:56:08.772][19514, 21505][TVKDL-Timer][tpdlcore][][][http_data_module.cpp:241][INFO][OnSendRequest]keyid: 0b5324aaoaaaeeaadfictvrmzv6da7zaaa2a.f321003.hls, http[1002], delay/low_speed/player/expend: 0/0/0/0, url[0]: http://[2408:8770:0:c4::47]/sportsts.tc.qq.com/AQEeQ_LKsNPMD5okAbxqMAyXCfpKwjpTLUonGHOR74FM/uwMROfz2r55iIaQXGdGnC2de64_MUvXaM0Mui5BLN-8R8cWE/svp_50124/4CV0IuGm4IE9iF-lGNMC5Udidr3nV111pTw70VEeJEqOiQuAE17TfZFixjmLydM2wkDXZHDC81b8dumuTug2NrrRtKZQ-3KZjXEuFlRqPOa0lUOTgrAb7Kae9OL8P_ylp0wRb8JvKtP7sloRX0JFuTDpewfZoteUicYrmTHrsQgNv7vJDDevQ5goP6QVTmduTYGcI5aIRhJT6v8BPbahKwCBtlTS2gg1bGKcmIdkd2c/00_gzc_1000115_0b5324aaoaaaeeaadfictvrmzv6da7zaaa2a.f321003.1.ts?index=0&start=0&end=7040&brs=0&bre=815167&ver=4&token=1a43305d087cd5de95a06d0beb6ff487
[I][2022-02-10 +80 17:56:08.772][19514, 21505][TVKDL-Timer][tpdlcore][][][http_data_source.cpp:383][INFO][SendRequestOnConnected]http[1002][0] send http request ok, host: 2408:8770:0:c4::47(2408:8770:0:c4::47), port: 80, str_target: /sportsts.tc.qq.com/AQEeQ_LKsNPMD5okAbxqMAyXCfpKwjpTLUonGHOR74FM/uwMROfz2r55iIaQXGdGnC2de64_MUvXaM0Mui5BLN-8R8cWE/svp_50124/4CV0IuGm4IE9iF-lGNMC5Udidr3nV111pTw70VEeJEqOiQuAE17TfZFixjmLydM2wkDXZHDC81b8dumuTug2NrrRtKZQ-3KZjXEuFlRqPOa0lUOTgrAb7Kae9OL8P_ylp0wRb8JvKtP7sloRX0JFuTDpewfZoteUicYrmTHrsQgNv7vJDDevQ5goP6QVTmduTYGcI5aIRhJT6v8BPbahKwCBtlTS2gg1bGKcmIdkd2c/00_gzc_1000115_0b5324aaoaaaeeaadfictvrmzv6da7zaaa2a.f321003.1.ts?index=0&start=0&end=7040&brs=0&bre=815167&ver=4&token=1a43305d087cd5de95a06d0beb6ff487, range: 0--1, multi_network: 0, limit_speed: 0KB, host: 2408:8770:0:c4::47, timeout: 2000
[I][2022-02-10 +80 17:56:08.773][19514, 21553][TVKDL-LServer][tpdlproxy][][][uniform_handler.cpp:291][INFO][__tp_uniform_handler_getFileSize]fileID: 777, data_id: 10000001, send header content-type from cdn: application/vnd.apple.mpegurl, filename: vod.m3u8, content-range: 0-543/544
[I][2022-02-10 +80 17:56:08.773][19514, 21553][TVKDL-LServer][tpdlproxy][][][uniform_handler.cpp:382][INFO][__tp_uniform_handler_sendData]fileID: 777, data_id: 10000001, filename: vod.m3u8, range[0, 543], send response data: 0, 544, send_buflen: 702, total_sent: 544
[I][2022-02-10 +80 17:56:08.773][19514, 21553][TVKDL-LServer][tpdlproxy][][][uniform_handler.cpp:389][INFO][__tp_uniform_handler_sendData]fileID: 777, data_id: 10000001, filename: vod.m3u8, range[0, 543], send data finish, total_sent: 544
[I][2022-02-10 +80 17:56:08.773][19514, 21553][TVKDL-LServer][tpdlproxy][][][uniform_handler.cpp:64][INFO][__tp_uniform_destroy_handler_param]conn:0x7cb8837180 close fileID: 777, data_id: 10000001, filename: vod.m3u8, filesize: 544, range[0, 543], total_sent: 544
[I][2022-02-10 +80 17:56:08.773][19514, 21553][TVKDL-LServer][tpdlproxy][][][uniform_handler.cpp:639][INFO][__tp_uniform_handler_poll]conn:0x7cb8837180, close by localserver, dataid:10000001
[I][2022-02-10 +80 17:56:08.773][19514, 21553][TVKDL-LServer][tpdlproxy][][][local_server.cpp:135][INFO][tp_ls_run_handler]MG_EV_CLOSE 0x7cb8837180 sock:185 remote 127.0.0.1:56030
[I][2022-02-10 +80 17:56:08.776][19514, 21553][TVKDL-LServer][tpdlproxy][][][local_server.cpp:124][INFO][tp_ls_run_handler]MG_EV_ACCEPT nc:0x7cb8837180 ev:1 sock:185 remote 127.0.0.1:56040
[I][2022-02-10 +80 17:56:08.776][19514, 21553][TVKDL-LServer][tpdlproxy][][][uniform_handler.cpp:109][INFO][__tp_uniform_handler_request]uri:/proxy/10000001/1/0.ts conn:0x7cb8837180 remote 1.0.0.127:56040
[I][2022-02-10 +80 17:56:08.776][19514, 21553][TVKDL-LServer][tpdlproxy][][][uniform_handler.cpp:171][INFO][__tp_uniform_handler_request]conn:0x7cb8837180 accept request, dataid:10000001,fileID:100001, 0--1 Connection:close
[I][2022-02-10 +80 17:56:08.846][19514, 21554][TVKDL-TcpLayer][tpdlcore][][][http_data_source.cpp:775][INFO][HandleHeaderData]http[1002][0] header: HTTP/1.1 206 Partial Content
Server: NWSs
Date: Thu, 10 Feb 2022 09:56:08 GMT
Content-Type: video/MP2T
Content-Length: 815168
Connection: keep-alive
Cache-Control: max-age=600
Expires: Thu, 10 Feb 2022 10:06:08 GMT
Content-Range: bytes 0-815167/815168
X-NWS-LOG-UUID: 78b78248-3123-45cf-ac12-f36229e1e7b5
X-ServerIp: 2408:8770:0:c4::44
Client-Ip: 2408:8456:3221:427b:8157:9cb5:597:84c
Access-Control-Allow-Origin: *
Access-Control-Allow-Headers: Origin, origin, range, Range
Access-Control-Allow-Methods: GET, OPTIONS
Access-Control-Expose-Headers: Content-Length, Content-Range
X-Remote-Policy-Cache-Lookup: Miss From RemotePolicyCache
X-Cache-Lookup: Hit From Disktank3
X-Daa-Tunnel: hop_count=1
X-Cache-Lookup: Hit From Inner Cluster

[I][2022-02-10 +80 17:56:08.846][19514, 21554][TVKDL-TcpLayer][tpdlcore][][][CacheManager.h:907][INFO][SetContentType]p2pkey: 0b5324aaoaaaeeaadfictvrmzv6da7zaaa2a.f321003.hls, set contenttype: video/MP2T
[I][2022-02-10 +80 17:56:08.846][19514, 21554][TVKDL-TcpLayer][tpdlcore][][][Scheduler.cpp:1784][INFO][OnMDSECallbackFileSize]p2pkey: 0b5324aaoaaaeeaadfictvrmzv6da7zaaa2a.f321003.hls, clip_no: 0, request range(0 - -1), update piece to http choosed, range(0 - 815168)
[I][2022-02-10 +80 17:56:08.848][19514, 21553][TVKDL-LServer][tpdlproxy][][][uniform_handler.cpp:291][INFO][__tp_uniform_handler_getFileSize]fileID: 100001, data_id: 10000001, send header content-type from cdn: video/MP2T, filename: 0.ts, content-range: 0-815167/815168
[I][2022-02-10 +80 17:56:08.849][19514, 21553][TVKDL-LServer][tpdlproxy][][][uniform_handler.cpp:382][INFO][__tp_uniform_handler_sendData]fileID: 100001, data_id: 10000001, filename: 0.ts, range[0, 815167], send response data: 0, 7168, send_buflen: 7316, total_sent: 7168
[I][2022-02-10 +80 17:56:08.860][19514, 21553][TVKDL-LServer][tpdlproxy][][][uniform_handler.cpp:382][INFO][__tp_uniform_handler_sendData]fileID: 100001, data_id: 10000001, filename: 0.ts, range[0, 815167], send response data: 7168, 41984, send_buflen: 41984, total_sent: 49152
[I][2022-02-10 +80 17:56:08.889][19514, 21532][Binder:19514_7][tpdlcore][][][downloadcore.cpp:654][INFO][TVDLProxy_SetPlayerState]taskID: 100001, eState: 0
[I][2022-02-10 +80 17:56:08.890][19514, 21532][Binder:19514_7][tpdlcore][][][Scheduler.cpp:2853][INFO][CheckPlayBuffering][0b5324aaoaaaeeaadfictvrmzv6da7zaaa2a.f321003.hls][100001] first loading:120
[I][2022-02-10 +80 17:56:08.890][19514, 21532][Binder:19514_7][tpdlcore][][][Scheduler.cpp:2882][INFO][CheckPlayBuffering][0b5324aaoaaaeeaadfictvrmzv6da7zaaa2a.f321003.hls][100001] player oldState:6 curState:0
[I][2022-02-10 +80 17:56:08.893][19514, 21532][Binder:19514_7][tpdlnative][][][TPDownloadProxyNative:0]get native version:2.16.1.00783
[I][2022-02-10 +80 17:56:08.901][19514, 21553][TVKDL-LServer][tpdlproxy][][][uniform_handler.cpp:382][INFO][__tp_uniform_handler_sendData]fileID: 100001, data_id: 10000001, filename: 0.ts, range[0, 815167], send response data: 49152, 8192, send_buflen: 8192, total_sent: 57344
[I][2022-02-10 +80 17:56:08.912][19514, 21553][TVKDL-LServer][tpdlproxy][][][uniform_handler.cpp:382][INFO][__tp_uniform_handler_sendData]fileID: 100001, data_id: 10000001, filename: 0.ts, range[0, 815167], send response data: 57344, 43008, send_buflen: 43008, total_sent: 100352
[I][2022-02-10 +80 17:56:08.915][19514, 21532][Binder:19514_7][tpdlcore][][][TVKDownloadProxy.cpp:424][INFO][TVKDLProxy_ResumeDownload]taskID:10000001, resume download
[I][2022-02-10 +80 17:56:08.915][19514, 21552][TVKDL-BaseTaskM][tpdlcore][][][BaseTaskManager.cpp:274][INFO][resumeTaskHandler]taskID:10000001, resume task!!!
[I][2022-02-10 +80 17:56:08.920][19514, 21532][Binder:19514_7][tpdlcore][][][downloadcore.cpp:654][INFO][TVDLProxy_SetPlayerState]taskID: 100001, eState: 0
[I][2022-02-10 +80 17:56:08.920][19514, 21532][Binder:19514_7][tpdlcore][][][Scheduler.cpp:2882][INFO][CheckPlayBuffering][0b5324aaoaaaeeaadfictvrmzv6da7zaaa2a.f321003.hls][100001] player oldState:0 curState:0
[I][2022-02-10 +80 17:56:08.923][19514, 21553][TVKDL-LServer][tpdlproxy][][][uniform_handler.cpp:382][INFO][__tp_uniform_handler_sendData]fileID: 100001, data_id: 10000001, filename: 0.ts, range[0, 815167], send response data: 100352, 15360, send_buflen: 15360, total_sent: 115712
[I][2022-02-10 +80 17:56:08.965][19514, 21553][TVKDL-LServer][tpdlproxy][][][uniform_handler.cpp:382][INFO][__tp_uniform_handler_sendData]fileID: 100001, data_id: 10000001, filename: 0.ts, range[0, 815167], send response data: 115712, 8192, send_buflen: 8192, total_sent: 123904
[I][2022-02-10 +80 17:56:08.976][19514, 21553][TVKDL-LServer][tpdlproxy][][][uniform_handler.cpp:382][INFO][__tp_uniform_handler_sendData]fileID: 100001, data_id: 10000001, filename: 0.ts, range[0, 815167], send response data: 123904, 50176, send_buflen: 50176, total_sent: 174080
[I][2022-02-10 +80 17:56:08.987][19514, 21553][TVKDL-LServer][tpdlproxy][][][uniform_handler.cpp:382][INFO][__tp_uniform_handler_sendData]fileID: 100001, data_id: 10000001, filename: 0.ts, range[0, 815167], send response data: 174080, 10240, send_buflen: 10240, total_sent: 184320
[I][2022-02-10 +80 17:56:09.029][19514, 21553][TVKDL-LServer][tpdlproxy][][][uniform_handler.cpp:382][INFO][__tp_uniform_handler_sendData]fileID: 100001, data_id: 10000001, filename: 0.ts, range[0, 815167], send response data: 184320, 5120, send_buflen: 5120, total_sent: 189440
[I][2022-02-10 +80 17:56:09.041][19514, 21553][TVKDL-LServer][tpdlproxy][][][uniform_handler.cpp:382][INFO][__tp_uniform_handler_sendData]fileID: 100001, data_id: 10000001, filename: 0.ts, range[0, 815167], send response data: 189440, 65536, send_buflen: 65536, total_sent: 254976
[I][2022-02-10 +80 17:56:09.074][19514, 21553][TVKDL-LServer][tpdlproxy][][][uniform_handler.cpp:382][INFO][__tp_uniform_handler_sendData]fileID: 100001, data_id: 10000001, filename: 0.ts, range[0, 815167], send response data: 254976, 2048, send_buflen: 2048, total_sent: 257024
[I][2022-02-10 +80 17:56:09.085][19514, 21553][TVKDL-LServer][tpdlproxy][][][uniform_handler.cpp:382][INFO][__tp_uniform_handler_sendData]fileID: 100001, data_id: 10000001, filename: 0.ts, range[0, 815167], send response data: 257024, 5120, send_buflen: 5120, total_sent: 262144
[I][2022-02-10 +80 17:56:09.085][19514, 21532][Binder:19514_7][tpdlnative][][][TPDownloadProxyNative:0]get native version:2.16.1.00783
[I][2022-02-10 +80 17:56:09.096][19514, 21553][TVKDL-LServer][tpdlcore][][][BaseTask.cpp:752][INFO][UpdateStateOnReadData]clipNo: 1, fileID: 100001, fileName: 0.ts, data_enough, cost: 498
[I][2022-02-10 +80 17:56:09.100][19514, 21553][TVKDL-LServer][tpdlproxy][][][uniform_handler.cpp:382][INFO][__tp_uniform_handler_sendData]fileID: 100001, data_id: 10000001, filename: 0.ts, range[0, 815167], send response data: 262144, 52224, send_buflen: 52224, total_sent: 314368
[I][2022-02-10 +80 17:56:09.111][19514, 21553][TVKDL-LServer][tpdlproxy][][][uniform_handler.cpp:382][INFO][__tp_uniform_handler_sendData]fileID: 100001, data_id: 10000001, filename: 0.ts, range[0, 815167], send response data: 314368, 17408, send_buflen: 17408, total_sent: 331776
[I][2022-02-10 +80 17:56:09.143][19514, 21553][TVKDL-LServer][tpdlproxy][][][uniform_handler.cpp:382][INFO][__tp_uniform_handler_sendData]fileID: 100001, data_id: 10000001, filename: 0.ts, range[0, 815167], send response data: 331776, 9216, send_buflen: 9216, total_sent: 340992
[I][2022-02-10 +80 17:56:09.155][19514, 21553][TVKDL-LServer][tpdlproxy][][][uniform_handler.cpp:382][INFO][__tp_uniform_handler_sendData]fileID: 100001, data_id: 10000001, filename: 0.ts, range[0, 815167], send response data: 340992, 34816, send_buflen: 34816, total_sent: 375808
[I][2022-02-10 +80 17:56:09.178][19514, 21553][TVKDL-LServer][tpdlproxy][][][uniform_handler.cpp:382][INFO][__tp_uniform_handler_sendData]fileID: 100001, data_id: 10000001, filename: 0.ts, range[0, 815167], send response data: 375808, 35840, send_buflen: 35840, total_sent: 411648
[I][2022-02-10 +80 17:56:09.199][19514, 21553][TVKDL-LServer][tpdlproxy][][][uniform_handler.cpp:382][INFO][__tp_uniform_handler_sendData]fileID: 100001, data_id: 10000001, filename: 0.ts, range[0, 815167], send response data: 411648, 2048, send_buflen: 2048, total_sent: 413696
[I][2022-02-10 +80 17:56:09.210][19514, 21553][TVKDL-LServer][tpdlproxy][][][uniform_handler.cpp:382][INFO][__tp_uniform_handler_sendData]fileID: 100001, data_id: 10000001, filename: 0.ts, range[0, 815167], send response data: 413696, 36864, send_buflen: 36864, total_sent: 450560
[I][2022-02-10 +80 17:56:09.214][19514, 21410][TVKDL-Listener][tpdlcore][][][Scheduler.h:318][INFO][UpdateTaskInfo][0b5324aaoaaaeeaadfictvrmzv6da7zaaa2a.f321003.hls][100001] UpdateTaskInfo, key:taskinfo_play_offset, value:413224
[I][2022-02-10 +80 17:56:09.221][19514, 21553][TVKDL-LServer][tpdlproxy][][][uniform_handler.cpp:382][INFO][__tp_uniform_handler_sendData]fileID: 100001, data_id: 10000001, filename: 0.ts, range[0, 815167], send response data: 450560, 45056, send_buflen: 45056, total_sent: 495616
[I][2022-02-10 +80 17:56:09.253][19514, 21553][TVKDL-LServer][tpdlproxy][][][uniform_handler.cpp:382][INFO][__tp_uniform_handler_sendData]fileID: 100001, data_id: 10000001, filename: 0.ts, range[0, 815167], send response data: 495616, 1024, send_buflen: 1024, total_sent: 496640
[I][2022-02-10 +80 17:56:09.264][19514, 21553][TVKDL-LServer][tpdlproxy][][][uniform_handler.cpp:382][INFO][__tp_uniform_handler_sendData]fileID: 100001, data_id: 10000001, filename: 0.ts, range[0, 815167], send response data: 496640, 29696, send_buflen: 29696, total_sent: 526336
[I][2022-02-10 +80 17:56:09.276][19514, 21553][TVKDL-LServer][tpdlproxy][][][uniform_handler.cpp:382][INFO][__tp_uniform_handler_sendData]fileID: 100001, data_id: 10000001, filename: 0.ts, range[0, 815167], send response data: 526336, 45056, send_buflen: 45056, total_sent: 571392
[I][2022-02-10 +80 17:56:09.288][19514, 21553][TVKDL-LServer][tpdlproxy][][][uniform_handler.cpp:382][INFO][__tp_uniform_handler_sendData]fileID: 100001, data_id: 10000001, filename: 0.ts, range[0, 815167], send response data: 571392, 12288, send_buflen: 12288, total_sent: 583680
[I][2022-02-10 +80 17:56:09.319][19514, 21553][TVKDL-LServer][tpdlproxy][][][uniform_handler.cpp:382][INFO][__tp_uniform_handler_sendData]fileID: 100001, data_id: 10000001, filename: 0.ts, range[0, 815167], send response data: 583680, 51200, send_buflen: 51200, total_sent: 634880
[I][2022-02-10 +80 17:56:09.335][19514, 21553][TVKDL-LServer][tpdlproxy][][][uniform_handler.cpp:382][INFO][__tp_uniform_handler_sendData]fileID: 100001, data_id: 10000001, filename: 0.ts, range[0, 815167], send response data: 634880, 1024, send_buflen: 1024, total_sent: 635904
[I][2022-02-10 +80 17:56:09.347][19514, 21553][TVKDL-LServer][tpdlproxy][][][uniform_handler.cpp:382][INFO][__tp_uniform_handler_sendData]fileID: 100001, data_id: 10000001, filename: 0.ts, range[0, 815167], send response data: 635904, 37888, send_buflen: 37888, total_sent: 673792
[I][2022-02-10 +80 17:56:09.362][19514, 21553][TVKDL-LServer][tpdlproxy][][][uniform_handler.cpp:382][INFO][__tp_uniform_handler_sendData]fileID: 100001, data_id: 10000001, filename: 0.ts, range[0, 815167], send response data: 673792, 2048, send_buflen: 2048, total_sent: 675840
[I][2022-02-10 +80 17:56:09.380][19514, 21553][TVKDL-LServer][tpdlproxy][][][uniform_handler.cpp:382][INFO][__tp_uniform_handler_sendData]fileID: 100001, data_id: 10000001, filename: 0.ts, range[0, 815167], send response data: 675840, 8192, send_buflen: 8192, total_sent: 684032
[I][2022-02-10 +80 17:56:09.391][19514, 21553][TVKDL-LServer][tpdlproxy][][][uniform_handler.cpp:382][INFO][__tp_uniform_handler_sendData]fileID: 100001, data_id: 10000001, filename: 0.ts, range[0, 815167], send response data: 684032, 51200, send_buflen: 51200, total_sent: 735232
[I][2022-02-10 +80 17:56:09.412][19514, 21553][TVKDL-LServer][tpdlproxy][][][uniform_handler.cpp:382][INFO][__tp_uniform_handler_sendData]fileID: 100001, data_id: 10000001, filename: 0.ts, range[0, 815167], send response data: 735232, 30720, send_buflen: 30720, total_sent: 765952
[I][2022-02-10 +80 17:56:09.426][19514, 21553][TVKDL-LServer][tpdlproxy][][][uniform_handler.cpp:382][INFO][__tp_uniform_handler_sendData]fileID: 100001, data_id: 10000001, filename: 0.ts, range[0, 815167], send response data: 765952, 6144, send_buflen: 6144, total_sent: 772096
[I][2022-02-10 +80 17:56:09.437][19514, 21553][TVKDL-LServer][tpdlproxy][][][uniform_handler.cpp:382][INFO][__tp_uniform_handler_sendData]fileID: 100001, data_id: 10000001, filename: 0.ts, range[0, 815167], send response data: 772096, 8192, send_buflen: 8192, total_sent: 780288
[I][2022-02-10 +80 17:56:09.442][19514, 21505][TVKDL-Timer][tpdlcore][][][Scheduler.cpp:2036][INFO][OnMDSECallbackComplete]P2PKey: 0b5324aaoaaaeeaadfictvrmzv6da7zaaa2a.f321003.hls, taskID: 100001, http[1002] download ts(0) range complete, downloaded: 815168, elapse: 597 ms, speed(0.00KB/S, 1333KB/S), multi_network: 1333
[I][2022-02-10 +80 17:56:09.443][19514, 21554][TVKDL-TcpLayer][tpdlcore][][][http_data_source.cpp:609][INFO][HandleRecvData]http[1002][0] download complete, content-length: 815168, speed: 1365000, elapse: 597 ms, keep-alive: true
[I][2022-02-10 +80 17:56:09.443][19514, 21505][TVKDL-Timer][tpdlcore][][][Scheduler.cpp:8493][INFO][OnReportCdnSpeed]P2PKey: 0b5324aaoaaaeeaadfictvrmzv6da7zaaa2a.f321003.hls, taskID: 100001 TestSpeed finished speed: 1365, has_other_speed: 0
[I][2022-02-10 +80 17:56:09.443][19514, 21505][TVKDL-Timer][tpdlcore][][][Scheduler.cpp:2076][INFO][OnMDSEComplete]P2PKey: 0b5324aaoaaaeeaadfictvrmzv6da7zaaa2a.f321003.hls, taskID: 100001, ts(0) download finish, fileSize: 815168, ts count: 20
[I][2022-02-10 +80 17:56:09.443][19514, 21505][TVKDL-Timer][tpdlcore][][][Scheduler.cpp:935][INFO][DownloadWithMDSE][0b5324aaoaaaeeaadfictvrmzv6da7zaaa2a.f321003.hls][100001] clip_no(1) offset: 0, request range(0 - -1), need range(0 - -1), real range(0 - -1), fileSize: 0, exist: 1, p2p_first: 0
[I][2022-02-10 +80 17:56:09.444][19514, 21505][TVKDL-Timer][tpdlcore][][][data_source_pool.cpp:266][INFO][GetDataModule]key: 0b5324aaoaaaeeaadfictvrmzv6da7zaaa2a.f321003.hls, clip_no: 1, session_id: 1002, range(0, -1), use same connected link, http num: 1
[I][2022-02-10 +80 17:56:09.444][19514, 21505][TVKDL-Timer][tpdlcore][][][multi_data_source_engine.cpp:101][INFO][FindAndUpdate]session_id old: 1002, new: 1003, map_size: 2
[I][2022-02-10 +80 17:56:09.444][19514, 21505][TVKDL-Timer][tpdlcore][][][multi_data_source_engine.cpp:397][INFO][operator()]key_id: 0b5324aaoaaaeeaadfictvrmzv6da7zaaa2a.f321003.hls, clip_no: 1, session_id: 1003, range(0, -1), use old data source
[I][2022-02-10 +80 17:56:09.445][19514, 21505][TVKDL-Timer][tpdlcore][][][Scheduler.cpp:8189][INFO][AddRequestSession]p2pkey: 0b5324aaoaaaeeaadfictvrmzv6da7zaaa2a.f321003.hls, taskID: 100001, clipNo: 1, ism3u8: 0, level: 1, add new session_id(1003, 2), range(0, -1)
[I][2022-02-10 +80 17:56:09.445][19514, 21505][TVKDL-Timer][tpdlcore][][][Scheduler.cpp:8048][INFO][RemoveFreeSession]P2PKey: 0b5324aaoaaaeeaadfictvrmzv6da7zaaa2a.f321003.hls, sessionid: 1002, session num: 2, remove free session
[I][2022-02-10 +80 17:56:09.445][19514, 21505][TVKDL-Timer][tpdlcore][][][http_data_module.cpp:241][INFO][OnSendRequest]keyid: 0b5324aaoaaaeeaadfictvrmzv6da7zaaa2a.f321003.hls, http[1003], delay/low_speed/player/expend: 0/0/0/0, url[0]: http://[2408:8770:0:c4::47]/sportsts.tc.qq.com/AQEeQ_LKsNPMD5okAbxqMAyXCfpKwjpTLUonGHOR74FM/uwMROfz2r55iIaQXGdGnC2de64_MUvXaM0Mui5BLN-8R8cWE/svp_50124/4CV0IuGm4IE9iF-lGNMC5Udidr3nV111pTw70VEeJEqOiQuAE17TfZFixjmLydM2wkDXZHDC81b8dumuTug2NrrRtKZQ-3KZjXEuFlRqPOa0lUOTgrAb7Kae9OL8P_ylp0wRb8JvKtP7sloRX0JFuTDpewfZoteUicYrmTHrsQgNv7vJDDevQ5goP6QVTmduTYGcI5aIRhJT6v8BPbahKwCBtlTS2gg1bGKcmIdkd2c/01_gzc_1000115_0b5324aaoaaaeeaadfictvrmzv6da7zaaa2a.f321003.1.ts?index=1&start=7040&end=19040&brs=815168&bre=2041115&ver=4&token=d249ee64f888dd58dca88f86e0ca83b0
[I][2022-02-10 +80 17:56:09.445][19514, 21505][TVKDL-Timer][tpdlcore][][][http_data_source.cpp:383][INFO][SendRequestOnConnected]http[1003][0] send http request ok, host: 2408:8770:0:c4::47(2408:8770:0:c4::47), port: 80, str_target: /sportsts.tc.qq.com/AQEeQ_LKsNPMD5okAbxqMAyXCfpKwjpTLUonGHOR74FM/uwMROfz2r55iIaQXGdGnC2de64_MUvXaM0Mui5BLN-8R8cWE/svp_50124/4CV0IuGm4IE9iF-lGNMC5Udidr3nV111pTw70VEeJEqOiQuAE17TfZFixjmLydM2wkDXZHDC81b8dumuTug2NrrRtKZQ-3KZjXEuFlRqPOa0lUOTgrAb7Kae9OL8P_ylp0wRb8JvKtP7sloRX0JFuTDpewfZoteUicYrmTHrsQgNv7vJDDevQ5goP6QVTmduTYGcI5aIRhJT6v8BPbahKwCBtlTS2gg1bGKcmIdkd2c/01_gzc_1000115_0b5324aaoaaaeeaadfictvrmzv6da7zaaa2a.f321003.1.ts?index=1&start=7040&end=19040&brs=815168&bre=2041115&ver=4&token=d249ee64f888dd58dca88f86e0ca83b0, range: 0--1, multi_network: 0, limit_speed: 0KB, host: 2408:8770:0:c4::47, timeout: 2000
[I][2022-02-10 +80 17:56:09.447][19514, 21553][TVKDL-LServer][tpdlcore][][][CacheManager.cpp:410][INFO][ReadClipData]read 0b5324aaoaaaeeaadfictvrmzv6da7zaaa2a.f321003.hls 0.ts finish, file size: 815168, duration: 7.040000, elapse:0.599000, del: 6.441000
[I][2022-02-10 +80 17:56:09.447][19514, 21553][TVKDL-LServer][tpdlcore][][][Task.cpp:383][INFO][CheckPreDownloadType]IsNeedCheckPreDownload: 1, requestTimes: 1, sid: 0
[I][2022-02-10 +80 17:56:09.447][19514, 21553][TVKDL-LServer][tpdlproxy][][][uniform_handler.cpp:382][INFO][__tp_uniform_handler_sendData]fileID: 100001, data_id: 10000001, filename: 0.ts, range[0, 815167], send response data: 780288, 34880, send_buflen: 34880, total_sent: 815168
[I][2022-02-10 +80 17:56:09.448][19514, 21553][TVKDL-LServer][tpdlproxy][][][uniform_handler.cpp:389][INFO][__tp_uniform_handler_sendData]fileID: 100001, data_id: 10000001, filename: 0.ts, range[0, 815167], send data finish, total_sent: 815168
[I][2022-02-10 +80 17:56:09.448][19514, 21553][TVKDL-LServer][tpdlproxy][][][uniform_handler.cpp:64][INFO][__tp_uniform_destroy_handler_param]conn:0x7cb8837180 close fileID: 100001, data_id: 10000001, filename: 0.ts, filesize: 815168, range[0, 815167], total_sent: 815168
[I][2022-02-10 +80 17:56:09.448][19514, 21553][TVKDL-LServer][tpdlproxy][][][uniform_handler.cpp:639][INFO][__tp_uniform_handler_poll]conn:0x7cb8837180, close by localserver, dataid:10000001
[I][2022-02-10 +80 17:56:09.449][19514, 21553][TVKDL-LServer][tpdlproxy][][][local_server.cpp:135][INFO][tp_ls_run_handler]MG_EV_CLOSE 0x7cb8837180 sock:185 remote 127.0.0.1:56040
[I][2022-02-10 +80 17:56:09.514][19514, 21554][TVKDL-TcpLayer][tpdlcore][][][http_data_source.cpp:775][INFO][HandleHeaderData]http[1003][0] header: HTTP/1.1 206 Partial Content
Server: NWSs
Date: Thu, 10 Feb 2022 09:56:09 GMT
Content-Type: video/MP2T
Content-Length: 1225948
Connection: keep-alive
Cache-Control: max-age=600
Expires: Thu, 10 Feb 2022 10:06:09 GMT
Content-Range: bytes 0-1225947/1225948
X-NWS-LOG-UUID: ca6a2fda-7c02-46b8-96c9-3c9d69dfb77c
X-ServerIp: 2408:8770:0:c4::44
Client-Ip: 2408:8456:3221:427b:8157:9cb5:597:84c
Access-Control-Allow-Origin: *
Access-Control-Allow-Headers: Origin, origin, range, Range
Access-Control-Allow-Methods: GET, OPTIONS
Access-Control-Expose-Headers: Content-Length, Content-Range
X-Remote-Policy-Cache-Lookup: Hit From RemotePolicyCache
X-Cache-Lookup: Hit From Disktank3
X-Daa-Tunnel: hop_count=1
X-Cache-Lookup: Hit From Inner Cluster

[I][2022-02-10 +80 17:56:09.515][19514, 21554][TVKDL-TcpLayer][tpdlcore][][][Scheduler.cpp:1784][INFO][OnMDSECallbackFileSize]p2pkey: 0b5324aaoaaaeeaadfictvrmzv6da7zaaa2a.f321003.hls, clip_no: 1, request range(0 - -1), update piece to http choosed, range(0 - 1225948)
[I][2022-02-10 +80 17:56:09.660][19514, 21551][public_io_pool-152623][offline_cache_tag][][][[queryRecord] memoryQuery vid=q0042svslcw, format=
[I][2022-02-10 +80 17:56:09.816][19514, 21505][TVKDL-Timer][tpdlcore][][][HLSVodScheduler.cpp:272][INFO][OnSchedule]P2PKey: 0b5324aaoaaaeeaadfictvrmzv6da7zaaa2a.f321003.hls, taskID: 100001, type: 0, WatchTime: 0, RemainTime(0, 0, 0),  Adv(0), P2PTime(90, 120), Speed(400.00KB/S, 0.00KB/S, 0.00KB/S, 0.00KB/S), MemInfo(1MB, 150MB, 1683MB), CodeRate: 113 KB/s, peer:0/0/0, lowSpeed:0, p2pLow:0, Qos: 10000, Mode:3, SeedSuper(0/0), SeedNormal(0/0)
[I][2022-02-10 +80 17:56:09.867][19514, 21553][TVKDL-LServer][tpdlproxy][][][local_server.cpp:124][INFO][tp_ls_run_handler]MG_EV_ACCEPT nc:0x7cb8837180 ev:1 sock:185 remote 127.0.0.1:56054
[I][2022-02-10 +80 17:56:09.868][19514, 21553][TVKDL-LServer][tpdlproxy][][][uniform_handler.cpp:109][INFO][__tp_uniform_handler_request]uri:/proxy/10000001/1/1.ts conn:0x7cb8837180 remote 1.0.0.127:56054
[I][2022-02-10 +80 17:56:09.868][19514, 21553][TVKDL-LServer][tpdlproxy][][][uniform_handler.cpp:171][INFO][__tp_uniform_handler_request]conn:0x7cb8837180 accept request, dataid:10000001,fileID:100001, 0--1 Connection:close
[I][2022-02-10 +80 17:56:09.869][19514, 21553][TVKDL-LServer][tpdlproxy][][][uniform_handler.cpp:291][INFO][__tp_uniform_handler_getFileSize]fileID: 100001, data_id: 10000001, send header content-type from cdn: video/MP2T, filename: 1.ts, content-range: 0-1225947/1225948
[I][2022-02-10 +80 17:56:09.870][19514, 21553][TVKDL-LServer][tpdlproxy][][][uniform_handler.cpp:382][INFO][__tp_uniform_handler_sendData]fileID: 100001, data_id: 10000001, filename: 1.ts, range[0, 1225947], send response data: 0, 674816, send_buflen: 674967, total_sent: 674816
[I][2022-02-10 +80 17:56:09.888][19514, 21553][TVKDL-LServer][tpdlproxy][][][uniform_handler.cpp:382][INFO][__tp_uniform_handler_sendData]fileID: 100001, data_id: 10000001, filename: 1.ts, range[0, 1225947], send response data: 674816, 39936, send_buflen: 39936, total_sent: 714752
[I][2022-02-10 +80 17:56:09.898][19514, 21553][TVKDL-LServer][tpdlproxy][][][uniform_handler.cpp:382][INFO][__tp_uniform_handler_sendData]fileID: 100001, data_id: 10000001, filename: 1.ts, range[0, 1225947], send response data: 714752, 36864, send_buflen: 36864, total_sent: 751616
[I][2022-02-10 +80 17:56:09.911][19514, 21553][TVKDL-LServer][tpdlproxy][][][uniform_handler.cpp:382][INFO][__tp_uniform_handler_sendData]fileID: 100001, data_id: 10000001, filename: 1.ts, range[0, 1225947], send response data: 751616, 34816, send_buflen: 34816, total_sent: 786432
[I][2022-02-10 +80 17:56:09.920][19514, 21553][TVKDL-LServer][tpdlproxy][][][uniform_handler.cpp:382][INFO][__tp_uniform_handler_sendData]fileID: 100001, data_id: 10000001, filename: 1.ts, range[0, 1225947], send response data: 786432, 17408, send_buflen: 17408, total_sent: 803840
[I][2022-02-10 +80 17:56:09.929][19514, 21551][public_io_pool-152623][offline_cache_tag][][][[queryRecord] memoryQuery vid=q0042svslcw, format=
[I][2022-02-10 +80 17:56:09.932][19514, 21553][TVKDL-LServer][tpdlproxy][][][uniform_handler.cpp:382][INFO][__tp_uniform_handler_sendData]fileID: 100001, data_id: 10000001, filename: 1.ts, range[0, 1225947], send response data: 803840, 6144, send_buflen: 6144, total_sent: 809984
[I][2022-02-10 +80 17:56:09.934][19514, 21532][Binder:19514_7][tpdlcore][][][downloadcore.cpp:654][INFO][TVDLProxy_SetPlayerState]taskID: 100001, eState: 5
[I][2022-02-10 +80 17:56:09.934][19514, 21532][Binder:19514_7][tpdlcore][][][Scheduler.cpp:2882][INFO][CheckPlayBuffering][0b5324aaoaaaeeaadfictvrmzv6da7zaaa2a.f321003.hls][100001] player oldState:0 curState:5
[I][2022-02-10 +80 17:56:09.942][19514, 21553][TVKDL-LServer][tpdlproxy][][][uniform_handler.cpp:382][INFO][__tp_uniform_handler_sendData]fileID: 100001, data_id: 10000001, filename: 1.ts, range[0, 1225947], send response data: 809984, 55296, send_buflen: 55296, total_sent: 865280
[I][2022-02-10 +80 17:56:09.953][19514, 21553][TVKDL-LServer][tpdlproxy][][][uniform_handler.cpp:382][INFO][__tp_uniform_handler_sendData]fileID: 100001, data_id: 10000001, filename: 1.ts, range[0, 1225947], send response data: 865280, 18432, send_buflen: 18432, total_sent: 883712
[I][2022-02-10 +80 17:56:09.963][19514, 21553][TVKDL-LServer][tpdlproxy][][][uniform_handler.cpp:382][INFO][__tp_uniform_handler_sendData]fileID: 100001, data_id: 10000001, filename: 1.ts, range[0, 1225947], send response data: 883712, 27648, send_buflen: 27648, total_sent: 911360
[I][2022-02-10 +80 17:56:09.974][19514, 21553][TVKDL-LServer][tpdlproxy][][][uniform_handler.cpp:382][INFO][__tp_uniform_handler_sendData]fileID: 100001, data_id: 10000001, filename: 1.ts, range[0, 1225947], send response data: 911360, 23552, send_buflen: 23552, total_sent: 934912
[I][2022-02-10 +80 17:56:09.984][19514, 21553][TVKDL-LServer][tpdlproxy][][][uniform_handler.cpp:382][INFO][__tp_uniform_handler_sendData]fileID: 100001, data_id: 10000001, filename: 1.ts, range[0, 1225947], send response data: 934912, 8192, send_buflen: 8192, total_sent: 943104
[I][2022-02-10 +80 17:56:09.987][19514, 21553][TVKDL-LServer][tpdlproxy][][][uniform_handler.cpp:649][INFO][__tp_uniform_handler_close]conn:0x7cb8837180 remote 1.0.0.127:56054
[I][2022-02-10 +80 17:56:09.987][19514, 21553][TVKDL-LServer][tpdlproxy][][][uniform_handler.cpp:64][INFO][__tp_uniform_destroy_handler_param]conn:0x7cb8837180 close fileID: 100001, data_id: 10000001, filename: 1.ts, filesize: 1225948, range[0, 1225947], total_sent: 943104
[I][2022-02-10 +80 17:56:09.993][19514, 21505][TVKDL-Timer][tpdlcore][][][Scheduler.cpp:8088][INFO][CloseRequestSessionByClipNo]P2PKey: 0b5324aaoaaaeeaadfictvrmzv6da7zaaa2a.f321003.hls, sessionid: 1003, session num: 1, close request session by clip no: 1
[I][2022-02-10 +80 17:56:09.993][19514, 21505][TVKDL-Timer][tpdlcore][][][data_source_pool.cpp:95][INFO][StopDataModule]p2pkey: 0b5324aaoaaaeeaadfictvrmzv6da7zaaa2a.f321003.hls, http[1003] link close, stop: 1, error code: 0, link num: 1
[I][2022-02-10 +80 17:56:09.993][19514, 21505][TVKDL-Timer][tpdlcore][][][http_data_module.cpp:256][INFO][Close]keyid: 0b5324aaoaaaeeaadfictvrmzv6da7zaaa2a.f321003.hls, http[-1][-1], close
[I][2022-02-10 +80 17:56:09.994][19514, 21505][TVKDL-Timer][tpdlcore][][][http_data_source.cpp:131][INFO][Close]http[1003][0] close, recv_size: 964608, cost: 474, speed: 2035000
[I][2022-02-10 +80 17:56:10.017][19514, 21532][Binder:19514_7][tpdlcore][][][downloadcore.cpp:654][INFO][TVDLProxy_SetPlayerState]taskID: 100001, eState: 5
[I][2022-02-10 +80 17:56:10.017][19514, 21532][Binder:19514_7][tpdlcore][][][Scheduler.cpp:2882][INFO][CheckPlayBuffering][0b5324aaoaaaeeaadfictvrmzv6da7zaaa2a.f321003.hls][100001] player oldState:5 curState:5
[I][2022-02-10 +80 17:56:10.017][19514, 21533][Binder:19514_8][tpdlnative][][][TPDownloadProxyNative:0]get native version:2.16.1.00783
[I][2022-02-10 +80 17:56:10.019][19514, 21536][Binder:19514_9][tpdlcore][][][TVKDownloadProxy.cpp:412][INFO][TVKDLProxy_PauseDownload]taskID:10000001, pause download
[I][2022-02-10 +80 17:56:10.019][19514, 21552][TVKDL-BaseTaskM][tpdlcore][][][BaseTaskManager.cpp:256][INFO][pauseTaskHandler]taskID:10000001, pause task!!!
[I][2022-02-10 +80 17:56:10.020][19514, 21552][TVKDL-BaseTaskM][tpdlcore][][][BaseTask.cpp:107][INFO][pause]taskID:10000001, task pause!!!
[I][2022-02-10 +80 17:56:10.020][19514, 21552][TVKDL-BaseTaskM][tpdlcore][][][Scheduler.cpp:365][INFO][Suspend]keyid: 0b5324aaoaaaeeaadfictvrmzv6da7zaaa2a.f321003.hls, taskID: 100001, suspend
[I][2022-02-10 +80 17:56:10.021][19514, 21505][TVKDL-Timer][tpdlcore][][][HLSVodScheduler.cpp:112][INFO][OnSuspend]keyid: 0b5324aaoaaaeeaadfictvrmzv6da7zaaa2a.f321003.hls, taskID: 100001, suspend
[I][2022-02-10 +80 17:56:10.021][19514, 21505][TVKDL-Timer][tpdlcore][][][HLSVodHttpScheduler.cpp:146][INFO][OnSuspend]keyid: 0b5324aaoaaaeeaadfictvrmzv6da7zaaa2a.f321003.hls, taskID: 100001, suspend
[I][2022-02-10 +80 17:56:10.021][19514, 21505][TVKDL-Timer][tpdlcore][][][HttpDownloader.cpp:142][INFO][Close]http[999] close
[I][2022-02-10 +80 17:56:10.021][19514, 21505][TVKDL-Timer][tpdlcore][][][HttpDownloader.cpp:142][INFO][Close]http[0] close
[I][2022-02-10 +80 17:56:10.021][19514, 21505][TVKDL-Timer][tpdlcore][][][Scheduler.cpp:1296][INFO][CloseHttpDownloader][0b5324aaoaaaeeaadfictvrmzv6da7zaaa2a.f321003.hls][100001][-1] http[0] close, range: [0, 0], filesize: 0
[I][2022-02-10 +80 17:56:10.021][19514, 21505][TVKDL-Timer][tpdlcore][][][HttpDownloader.cpp:142][INFO][Close]http[1] close
[I][2022-02-10 +80 17:56:10.021][19514, 21505][TVKDL-Timer][tpdlcore][][][Scheduler.cpp:1296][INFO][CloseHttpDownloader][0b5324aaoaaaeeaadfictvrmzv6da7zaaa2a.f321003.hls][100001][-1] http[1] close, range: [0, 0], filesize: 0
[I][2022-02-10 +80 17:56:10.021][19514, 21505][TVKDL-Timer][tpdlcore][][][HLSVodHttpScheduler.cpp:153][INFO][OnSuspend]keyid: 0b5324aaoaaaeeaadfictvrmzv6da7zaaa2a.f321003.hls, taskID: 100001, suspend ok
[I][2022-02-10 +80 17:56:10.021][19514, 21505][TVKDL-Timer][tpdlcore][][][HLSVodScheduler.cpp:124][INFO][OnSuspend]keyid: 0b5324aaoaaaeeaadfictvrmzv6da7zaaa2a.f321003.hls, taskID: 100001, suspend ok
[I][2022-02-10 +80 17:56:10.026][19514, 21536][Binder:19514_9][tpdlcore][][][TVKDownloadProxy.cpp:387][INFO][TVKDLProxy_StopDownload]taskID:10000001, stop download
[I][2022-02-10 +80 17:56:10.026][19514, 21552][TVKDL-BaseTaskM][tpdlcore][][][BaseTaskManager.cpp:191][INFO][stopTaskHandler]taskID:10000001, stop task!!!
[I][2022-02-10 +80 17:56:10.026][19514, 21552][TVKDL-BaseTaskM][tpdlcore][][][BaseTask.cpp:93][INFO][stop]taskID:10000001, task stop!!!
[I][2022-02-10 +80 17:56:10.026][19514, 21552][TVKDL-BaseTaskM][tpdlcore][][][TaskManager.cpp:244][INFO][StopTask]stop task, nTaskID: 100001.
[I][2022-02-10 +80 17:56:10.026][19514, 21552][TVKDL-BaseTaskM][tpdlcore][][][Scheduler.cpp:350][INFO][Stop]keyid: 0b5324aaoaaaeeaadfictvrmzv6da7zaaa2a.f321003.hls, taskID: 100001, stop
[I][2022-02-10 +80 17:56:10.026][19514, 21552][TVKDL-BaseTaskM][tpdlcore][][][network_predict_module_v2.cpp:114][INFO][Remove][adaptive] dl_task_id:100001, find task success!last_task_avg_speed:-1KB/s
[I][2022-02-10 +80 17:56:10.026][19514, 21552][TVKDL-BaseTaskM][tpdlcore][][][BaseTaskScheduler.cpp:314][INFO][stopClipDownload]taskID:10000001, clipNo:0 clipTaskID:100001, keyID:0b5324aaoaaaeeaadfictvrmzv6da7zaaa2a.f321003.hls
[I][2022-02-10 +80 17:56:10.026][19514, 21505][TVKDL-Timer][tpdlcore][][][HLSVodScheduler.cpp:90][INFO][OnStop]keyid: 0b5324aaoaaaeeaadfictvrmzv6da7zaaa2a.f321003.hls, taskID: 100001, stop
[I][2022-02-10 +80 17:56:10.026][19514, 21505][TVKDL-Timer][tpdlcore][][][HLSVodHttpScheduler.cpp:96][INFO][OnStop]keyid: 0b5324aaoaaaeeaadfictvrmzv6da7zaaa2a.f321003.hls, taskID: 100001, stop
[I][2022-02-10 +80 17:56:10.026][19514, 21505][TVKDL-Timer][tpdlcore][][][HLSVodHttpScheduler.cpp:634][INFO][WriteTsToFile][0b5324aaoaaaeeaadfictvrmzv6da7zaaa2a.f321003.hls][100001]write vod cache, ret: 0 elpse: 0
[I][2022-02-10 +80 17:56:10.027][19514, 21505][TVKDL-Timer][tpdlcore][][][HLSVodScheduler.cpp:758][INFO][OnReportTime]P2PKey: 0b5324aaoaaaeeaadfictvrmzv6da7zaaa2a.f321003.hls, taskID: 100001, step: 2
[I][2022-02-10 +80 17:56:10.028][19514, 21505][TVKDL-Timer][tpdlcore][][][Scheduler.cpp:4450][INFO][OnOneMinReport]P2PKey: 0b5324aaoaaaeeaadfictvrmzv6da7zaaa2a.f321003.hls, taskID: 100001, step: 2
[I][2022-02-10 +80 17:56:10.028][19514, 21505][TVKDL-Timer][tpdlcore][][][HttpDownloader.cpp:142][INFO][Close]http[999] close
[I][2022-02-10 +80 17:56:10.028][19514, 21505][TVKDL-Timer][tpdlcore][][][HttpDownloader.cpp:142][INFO][Close]http[0] close
[I][2022-02-10 +80 17:56:10.028][19514, 21505][TVKDL-Timer][tpdlcore][][][Scheduler.cpp:1296][INFO][CloseHttpDownloader][0b5324aaoaaaeeaadfictvrmzv6da7zaaa2a.f321003.hls][100001][-1] http[0] close, range: [0, 0], filesize: 0
[I][2022-02-10 +80 17:56:10.028][19514, 21505][TVKDL-Timer][tpdlcore][][][HttpDownloader.cpp:142][INFO][Close]http[1] close
[I][2022-02-10 +80 17:56:10.028][19514, 21505][TVKDL-Timer][tpdlcore][][][Scheduler.cpp:1296][INFO][CloseHttpDownloader][0b5324aaoaaaeeaadfictvrmzv6da7zaaa2a.f321003.hls][100001][-1] http[1] close, range: [0, 0], filesize: 0
[I][2022-02-10 +80 17:56:10.028][19514, 21505][TVKDL-Timer][tpdlcore][][][HLSVodHttpScheduler.cpp:142][INFO][OnStop]keyid: 0b5324aaoaaaeeaadfictvrmzv6da7zaaa2a.f321003.hls, taskID: 100001, stop ok
[I][2022-02-10 +80 17:56:10.028][19514, 21505][TVKDL-Timer][tpdlcore][][][HLSVodScheduler.cpp:108][INFO][OnStop]keyid: 0b5324aaoaaaeeaadfictvrmzv6da7zaaa2a.f321003.hls, taskID: 100001, stop ok
[I][2022-02-10 +80 17:56:10.028][19514, 21412][nt.qqlive:cache][tpdlcore][][][multi_data_source_engine.cpp:378][INFO][operator()]key_id: , clip_no: -1, session_id: 1004, range(0, -1), create new data source
[I][2022-02-10 +80 17:56:10.029][19514, 21505][TVKDL-Timer][tpdlcore][][][http_data_module.cpp:338][INFO][GenLinkInfo]keyid: , http[1004], link num: 1, link_mode: 0
[I][2022-02-10 +80 17:56:10.029][19514, 21505][TVKDL-Timer][tpdlcore][][][http_data_module.cpp:241][INFO][OnSendRequest]keyid: , http[1004], delay/low_speed/player/expend: 0/0/0/0, url[0]: https://h.trace.qq.com/kv?attaid=07d00058494&token=4942248686&platform=10303&appVer=8.5.41.26553&p2pVer=2.16.1.00783&guid=925ad63f87c711ec89cd6c92bf48bcb2&bufferLowBw=0&emergencyBw=0&errorPcdnStop=0&firstReqBw=0&flowid=ec9754ee-ff52-446f-b4f7-a1fe5017cb7e1515888963794726_10303&http=1779776&httpRepeated=0&isCharge=0&keyID=0b5324aaoaaaeeaadfictvrmzv6da7zaaa2a.f321003.hls&md5PcdnStop=0&noWIFIBw=0&offlineOverSpeedBw=0&offlineSlowBw=0&p2p=0&p2pFlag=32&p2pOffBw=2041116&p2pOverSpeedBw=0&p2pRepeated=0&pcdn=0&pcdnCheckFailedBw=0&pcdnFailBw=0&pcdnInnerOffBw=0&pcdnNoResBw=0&pcdnOffBw=0&pcdnRangeSmallBw=0&pcdnRefuseBw=0&pcdnRepeatedBw=0&pcdnReqBw=0&pcdnReqCount=0&pcdnSpeed=0&pcdnStopReqCount=1&pcdnUninitedBw=0&qq=04BF6F0447720EABB6A4A921C6FB1DEB&step=2&taskType=0&to4GPcdnStop=0&unknownErrorBw=0&upload=0&vip=1&watchTime=1&wx=
[I][2022-02-10 +80 17:56:10.157][19514, 21552][TVKDL-BaseTaskM][tpdlcore][][][BaseTask.cpp:50][INFO][~BaseTask]taskID:10000001, deinit
[I][2022-02-10 +80 17:56:10.157][19514, 21552][TVKDL-BaseTaskM][tpdlcore][][][HLSTaskScheduler.cpp:30][INFO][~HLSTaskScheduler]taskID:10000001, keyID:0b5324aaoaaaeeaadfictvrmzv6da7zaaa2a.f321003.hls, deinit!
[I][2022-02-10 +80 17:56:10.334][19514, 21412][nt.qqlive:cache][tpdlcore][][][multi_data_source_engine.cpp:378][INFO][operator()]key_id: , clip_no: -1, session_id: 1005, range(0, -1), create new data source
[I][2022-02-10 +80 17:56:10.335][19514, 21505][TVKDL-Timer][tpdlcore][][][http_data_module.cpp:338][INFO][GenLinkInfo]keyid: , http[1005], link num: 1, link_mode: 0
[I][2022-02-10 +80 17:56:10.335][19514, 21505][TVKDL-Timer][tpdlcore][][][http_data_module.cpp:241][INFO][OnSendRequest]keyid: , http[1005], delay/low_speed/player/expend: 0/0/0/0, url[0]: https://btrace.qq.com/kvcollect?BossId=3647&Pwd=1005892234&osVer=10&serial=1&platform=10303&deviceModel=EBG-AN10&appVer=8.5.41.26553&p2pVer=2.16.1.00783&guid=925ad63f87c711ec89cd6c92bf48bcb2&qq=04BF6F0447720EABB6A4A921C6FB1DEB&wx=&clientTime=1644486970&step=2&appMemory=204&availableMemory=1728&bitmapReqCount=0&bitmapRspCount=0&checkFailTimes=0&checkFailed=0&checkSuccTimes=0&codeRate=107427&connectedPeerNum=0&cpu=12&dataReqCount=0&dataRspCount=0&dataRspElapse=0&directPunchCount=0&directPunchElapse=0&directPunchOkCount=0&elapse=1256&estimatedSize=25245345&extInfo=%7B%22flowId%22%3A%22ec9754ee%2Dff52%2D446f%2Db4f7%2Da1fe5017cb7e1515888963794726%5F10303%22%3B%22hasOfflineTask%22%3A0%3B%22globalUploadAAvgSpeedKB%22%3A0%3B%22netWorkSwitchTimes%22%3A0%3B%22playerState%22%3A5%3B%22superNodeP2P%22%3A0%3B%22superNodeP2PCache%22%3A0%3B%22necessarySuperNodeP2P%22%3A0%3B+%22IsOtherAppOnlineInLAN%22%3A0%3B+%22IsForbidP2PUploadForOtherApp%22%3A0%3B+%22OtherAppOnlineExtInfo%22%3A%22%22%3B%22httpCnt%22%3A1%3B%22superCutOffCnt%22%3A0%3B%22superAvoidCnt%22%3A0%3B%22superSeed%22%3A0%3B%22normalSeed%22%3A0%3B%22firstBufferingHttpSum%22%3A0%3B%22firstBufferingSafeTime%22%3A0%3B%22totalLocalFileIDNum%22%3A0%3B%22limitSpeed%22%3A0%3B%22downloadSize%22%3A0%3B%22taskHttpAvgSpeed%22%3A1392817%3B%22httpCellular%22%3A0%3B%22httpCellularSpeed%22%3A0%3B%22httpCellularSpeedAvg%22%3A0%3B%22p2pQos%22%3A10000%3B%22maxHttpLowSpeedTimes%22%3A0%3B%22secondBufferTimes%22%3A0%3B%22compAvgSpeed%22%3A0%3B%22compAvgCnt%22%3A0%3B%22resumeCnt%22%3A0%3B%22low1%22%3A0%3B%22low2%22%3A0%3B%22low3%22%3A0%3B%22low4%22%3A0%3B%22lowSpeedCnt%22%3A0%3B%22compCnt%22%3A0%3B%22httpSlaveSize%22%3A0%3B%22httpSlaveTsCnt%22%3A0%3B%22p2p%5Fbad%22%3A0%3B%22p2p%5Fgood%22%3A0%3B%22p2p%5Fperfect%22%3A0%3B%22fast%5Fspeed%22%3A0%3B%22fast%5Fqos%22%3A0%3B%22fast%5Fdown%5Fsecond%22%3A0%3B%22slow%5Fspeed%22%3A0%3B%22slow%5Fqos%22%3A0%3B%22slow%5Fdown%5Fsecond%22%3A0%3B%22score%22%3A0%3B%22no%5Frepeated%5Fscore%22%3A0%3B%22http%5Fspeed%22%3A0%3B%22p2p%5Fspeed%22%3A0%7D&fileSize=2041116&fileSizeByVinfoCodeRate=0&firstReturnTsCount=0&flowID=ec9754ee-ff52-446f-b4f7-a1fe5017cb7e1515888963794726_10303&flowInterrupt=0&format=321003&globalHttpAvgSpeed=1365000&hasSeedTimes=0&http=1779776&httpElapse=597&httpRange0=0&httpRange1=0&httpRange2=0&httpRange3=0&httpRange4=0&httpRange5=2&httpRepeated=0&httpSafeAvgSpeed=0&httpSafeSpeed=1365000&httpSpeed=1979406&httpSpeedAvg=2981199&isAccelerateMode=0&isCarrierPesudo=1&isCharge=0&keyID=0b5324aaoaaaeeaadfictvrmzv6da7zaaa2a.f321003.hls&lastErrorCode=0&localSize=0&maxAppLocalSize=100&maxConnectedPeerNum=20&maxProxyLocalSize=100&maxUploadChannelNum=20&maxUseMemory=100&nat=5&nat0PeerNum=0&nat0PunchCount=0&nat0PunchElapse=0&nat0PunchOkCount=0&nat1PeerNum=0&nat1PunchCount=0&nat1PunchElapse=0&nat1PunchOkCount=0&nat2PeerNum=0&nat2PunchCount=0&nat2PunchElapse=0&nat2PunchOkCount=0&nat3PeerNum=0&nat3PunchCount=0&nat3PunchElapse=0&nat3PunchOkCount=0&nat4PeerNum=0&nat4PunchCount=0&nat4PunchElapse=0&nat4PunchOkCount=0&nat5PeerNum=0&nat5PunchCount=0&nat5PunchElapse=0&nat5PunchOkCount=0&networkState=10&noneLocalSizeReason=2&offlineSizeWrongCount=0&offlineTaskNum=0&p2p=0&p2pElapse=0&p2pFlag=32&p2pRepeated=0&p2pSizeWrong=0&p2pSpeed=0&p2pSpeedAvg=0&peerPoolSize=0&playID=&playTaskDownloadMode=0&playableTime=0&playerRemainTime=0&playerType=0&preDownloadHeadTsCount=0&preloadDuration=0&preloadSize=0&punchCount=0&punchOkCount=0&punchRejectedCount=0&punchRelayCount=0&qrySeedOkTimes=0&qrySeedTimes=0&readCacheFailedTimes=0&readCacheOkTimes=0&readFromFile=0&returnTsCount=0&savedBytes=0&ssid=&taskState=0&taskType=0&totalCacheSize=1&totalDownloaded=21504&totalDuration=235&totalLocalSize=0&totalMemory=7428&totalTsCount=20&unreadBytes=0&upload=0&uploadFromFile=0&uploadPeerNum=0&uploadSpeed=0&uploadSpeedAvg=0&uploadTestSpeed=166&vinfoCodeRate=0&vinfoFileSize=29615612&vip=1&vodMaxCacheSize=150&vodTaskNum=0&watchTime=1&writeCacheFailedTimes=0&writeOkTimes=0&writeVodCacheElapse=0
[I][2022-02-10 +80 17:56:10.343][19514, 21551][public_io_pool-152623][VBMMKV_BROADCAST][][][find nothing from kvfactory
[I][2022-02-10 +80 17:56:10.343][19514, 21551][public_io_pool-152623][VBMMKV_BROADCAST][][][no need notify Observer,  valueObjectClassName =  callerProcessName = com.tencent.qqlive fileName = DanmakuConfig key = serverAlpha , please check context
[I][2022-02-10 +80 17:56:10.343][19514, 21551][public_io_pool-152623][VBMMKV_BROADCAST][][][find nothing from kvfactory
[I][2022-02-10 +80 17:56:10.343][19514, 21551][public_io_pool-152623][VBMMKV_BROADCAST][][][no need notify Observer,  valueObjectClassName =  callerProcessName = com.tencent.qqlive fileName = DanmakuConfig key = serverSpeed , please check context
[I][2022-02-10 +80 17:56:10.343][19514, 21551][public_io_pool-152623][VBMMKV_BROADCAST][][][find nothing from kvfactory
[I][2022-02-10 +80 17:56:10.343][19514, 21551][public_io_pool-152623][VBMMKV_BROADCAST][][][no need notify Observer,  valueObjectClassName =  callerProcessName = com.tencent.qqlive fileName = DanmakuConfig key = serverTextSize , please check context
[I][2022-02-10 +80 17:56:10.343][19514, 21551][public_io_pool-152623][VBMMKV_BROADCAST][][][find nothing from kvfactory
[I][2022-02-10 +80 17:56:10.343][19514, 21551][public_io_pool-152623][VBMMKV_BROADCAST][][][no need notify Observer,  valueObjectClassName =  callerProcessName = com.tencent.qqlive fileName = DanmakuConfig key = serverVisibleSize , please check context
[I][2022-02-10 +80 17:56:10.343][19514, 21551][public_io_pool-152623][VBMMKV_BROADCAST][][][find nothing from kvfactory
[I][2022-02-10 +80 17:56:10.343][19514, 21551][public_io_pool-152623][VBMMKV_BROADCAST][][][no need notify Observer,  valueObjectClassName =  callerProcessName = com.tencent.qqlive fileName = DanmakuConfig key = serverAlpha , please check context
[I][2022-02-10 +80 17:56:10.343][19514, 21551][public_io_pool-152623][VBMMKV_BROADCAST][][][find nothing from kvfactory
[I][2022-02-10 +80 17:56:10.343][19514, 21551][public_io_pool-152623][VBMMKV_BROADCAST][][][no need notify Observer,  valueObjectClassName =  callerProcessName = com.tencent.qqlive fileName = DanmakuConfig key = serverSpeed , please check context
[I][2022-02-10 +80 17:56:10.343][19514, 21551][public_io_pool-152623][VBMMKV_BROADCAST][][][find nothing from kvfactory
[I][2022-02-10 +80 17:56:10.343][19514, 21551][public_io_pool-152623][VBMMKV_BROADCAST][][][no need notify Observer,  valueObjectClassName =  callerProcessName = com.tencent.qqlive fileName = DanmakuConfig key = serverTextSize , please check context
[I][2022-02-10 +80 17:56:10.344][19514, 21551][public_io_pool-152623][VBMMKV_BROADCAST][][][find nothing from kvfactory
[I][2022-02-10 +80 17:56:10.344][19514, 21551][public_io_pool-152623][VBMMKV_BROADCAST][][][no need notify Observer,  valueObjectClassName =  callerProcessName = com.tencent.qqlive fileName = DanmakuConfig key = serverVisibleSize , please check context
[I][2022-02-10 +80 17:56:10.344][19514, 21551][public_io_pool-152623][VBMMKV_BROADCAST][][][find nothing from kvfactory
[I][2022-02-10 +80 17:56:10.344][19514, 21551][public_io_pool-152623][VBMMKV_BROADCAST][][][no need notify Observer,  valueObjectClassName =  callerProcessName = com.tencent.qqlive fileName = DanmakuConfig key = serverAlpha , please check context
[I][2022-02-10 +80 17:56:10.344][19514, 21551][public_io_pool-152623][VBMMKV_BROADCAST][][][find nothing from kvfactory
[I][2022-02-10 +80 17:56:10.344][19514, 21551][public_io_pool-152623][VBMMKV_BROADCAST][][][no need notify Observer,  valueObjectClassName =  callerProcessName = com.tencent.qqlive fileName = DanmakuConfig key = serverSpeed , please check context
[I][2022-02-10 +80 17:56:10.344][19514, 21551][public_io_pool-152623][VBMMKV_BROADCAST][][][find nothing from kvfactory
[I][2022-02-10 +80 17:56:10.344][19514, 21551][public_io_pool-152623][VBMMKV_BROADCAST][][][no need notify Observer,  valueObjectClassName =  callerProcessName = com.tencent.qqlive fileName = DanmakuConfig key = serverTextSize , please check context
[I][2022-02-10 +80 17:56:10.344][19514, 21551][public_io_pool-152623][VBMMKV_BROADCAST][][][find nothing from kvfactory
[I][2022-02-10 +80 17:56:10.344][19514, 21551][public_io_pool-152623][VBMMKV_BROADCAST][][][no need notify Observer,  valueObjectClassName =  callerProcessName = com.tencent.qqlive fileName = DanmakuConfig key = serverVisibleSize , please check context
[I][2022-02-10 +80 17:56:10.497][19514, 21412][nt.qqlive:cache][tpdlcore][][][data_source_pool.cpp:266][INFO][GetDataModule]key: , clip_no: -1, session_id: 1005, range(0, -1), use same connected link, http num: 3
[I][2022-02-10 +80 17:56:10.497][19514, 21412][nt.qqlive:cache][tpdlcore][][][multi_data_source_engine.cpp:101][INFO][FindAndUpdate]session_id old: 1005, new: 1006, map_size: 2
[I][2022-02-10 +80 17:56:10.497][19514, 21412][nt.qqlive:cache][tpdlcore][][][multi_data_source_engine.cpp:397][INFO][operator()]key_id: , clip_no: -1, session_id: 1006, range(0, -1), use old data source
[I][2022-02-10 +80 17:56:10.498][19514, 21505][TVKDL-Timer][tpdlcore][][][http_data_module.cpp:241][INFO][OnSendRequest]keyid: , http[1006], delay/low_speed/player/expend: 0/0/0/0, url[0]: https://btrace.qq.com/kvcollect?BossId=7422&Pwd=1366444863&platform=10303&appVer=8.5.41.26553&p2pVer=2.16.1.00783&clientTime=1644486970&step=2&SDTfrom=v5000&http=1779776&http0To20=1779776&http100To120=0&http120More=0&http20To40=0&http40To60=0&http60To80=0&http80To100=0&httpCommon=1730624&httpFirstLoad=49152&httpRepeated=0&httpSeek=0&httpTotal=1779776&network=10&p2p=0&p2pFlag=32&p2pRepeated=0&superNodeP2P=0&taskType=0&upload=0
[I][2022-02-10 +80 17:56:10.500][19514, 21390][cellularStrengthThread][NXNetwork_Transport_TypeAssist][][][getNetworkType() : 4G
[I][2022-02-10 +80 17:56:13.343][19514, 21390][cellularStrengthThread][NXNetwork_Transport_TypeAssist][][][getNetworkType() : 4G
[I][2022-02-10 +80 17:56:13.486][19514, 21390][cellularStrengthThread][NXNetwork_Transport_TypeAssist][][][getNetworkType() : 4G
[I][2022-02-10 +80 17:56:13.498][19514, 21390][cellularStrengthThread][NXNetwork_Transport_TypeAssist][][][getNetworkType() : 4G
[I][2022-02-10 +80 17:56:15.414][19514, 21390][cellularStrengthThread][NXNetwork_Transport_TypeAssist][][][getNetworkType() : 4G
[I][2022-02-10 +80 17:56:15.925][19514, 21390][cellularStrengthThread][NXNetwork_Transport_TypeAssist][][][getNetworkType() : 4G
[I][2022-02-10 +80 17:56:16.481][19514, 21390][cellularStrengthThread][NXNetwork_Transport_TypeAssist][][][getNetworkType() : 4G
[I][2022-02-10 +80 17:56:19.491][19514, 21390][cellularStrengthThread][NXNetwork_Transport_TypeAssist][][][getNetworkType() : 4G
[I][2022-02-10 +80 17:56:19.569][19514, 21390][cellularStrengthThread][NXNetwork_Transport_TypeAssist][][][getNetworkType() : 4G
[I][2022-02-10 +80 17:56:20.220][19514, 21532][Binder:19514_7][DownloadService][][][onSwitchBackground
[I][2022-02-10 +80 17:56:20.220][19514, 21532][Binder:19514_7][offline_cache_tag][][][DownloadEventManager->onEvent, onSwitchBackground
[I][2022-02-10 +80 17:56:20.220][19514, 21532][Binder:19514_7][PlatformIdConfig][][][get platform number : 10303
[I][2022-02-10 +80 17:56:20.220][19514, 21532][Binder:19514_7][tpdlcore][][][downloadcore.cpp:588][INFO][TVDLProxy_PushEvent]receive event: 13, inBack or inFront
[I][2022-02-10 +80 17:56:20.220][19514, 21532][Binder:19514_7][tpdlcore][][][downloadcore.cpp:694][INFO][TVDLProxy_SetAppState]App Front To Back
[I][2022-02-10 +80 17:56:20.220][19514, 21532][Binder:19514_7][downloadProxy][][][TVKMessageManger:0]putMessage msg:1002
[I][2022-02-10 +80 17:56:20.220][19514, 21421][TVKThreadUtil-ScheduledThread-1][downloadProxy][][][TVKMessageManger:0]pushEvent:13
[I][2022-02-10 +80 17:56:20.220][19514, 21444][DownloadService][ApkDownloadServiceMgr][][][onSwitchBackground
[I][2022-02-10 +80 17:56:20.220][19514, 21444][DownloadService][PreDownloadHelper][][][onSwitchBackground
[I][2022-02-10 +80 17:56:20.220][19514, 21444][DownloadService][PreDownloadHelper][][][pausePreDownloadTaskExcept exceptPackageName:null
[I][2022-02-10 +80 17:56:20.220][19514, 21389][ThreadManager-Handler-Thread][CarrierUnicomSubscription][][][getSubscriptionStatus()=1 hash=UnicomSubscription@88688862
[I][2022-02-10 +80 17:56:20.220][19514, 21389][ThreadManager-Handler-Thread][CarrierUnicomSubscription][][][getSubscriptionStatus()=1 hash=UnicomSubscription@88688862
[I][2022-02-10 +80 17:56:20.220][19514, 21389][ThreadManager-Handler-Thread][CarrierUnicomSubscription][][][getSubscriptionStatus()=1 hash=UnicomSubscription@88688862
[I][2022-02-10 +80 17:56:20.221][19514, 21389][ThreadManager-Handler-Thread][CarrierSubscription][][][matchApn()=true networkinfoNotNull=true networkConnected=true, networkExtraInfo=3gnet
[I][2022-02-10 +80 17:56:20.221][19514, 21389][ThreadManager-Handler-Thread][CarrierUnicomSubscription][][][getPlayValidateCode()=0 hash=UnicomSubscription@88688862
[I][2022-02-10 +80 17:56:20.221][19514, 21389][ThreadManager-Handler-Thread][CarrierUnicomSubscription][][][getSubscriptionStatus()=1 hash=UnicomSubscription@88688862
[I][2022-02-10 +80 17:56:20.221][19514, 21389][ThreadManager-Handler-Thread][CarrierSubscription][][][matchApn()=true networkinfoNotNull=true networkConnected=true, networkExtraInfo=3gnet
[I][2022-02-10 +80 17:56:20.221][19514, 21389][ThreadManager-Handler-Thread][CarrierUnicomSubscription][][][getPlayValidateCode()=0 hash=UnicomSubscription@88688862
[I][2022-02-10 +80 17:56:20.236][19514, 21532][Binder:19514_7][tpdlcore][][][downloadcore.cpp:588][INFO][TVDLProxy_PushEvent]receive event: 13, inBack or inFront
[I][2022-02-10 +80 17:56:20.236][19514, 21536][Binder:19514_9][tpdlcore][][][downloadcore.cpp:588][INFO][TVDLProxy_PushEvent]receive event: 13, inBack or inFront
[I][2022-02-10 +80 17:56:20.236][19514, 21533][Binder:19514_8][tpdlcore][][][downloadcore.cpp:324][INFO][TVDLProxy_SetUserData]key: qq_is_vip, value: 1
[I][2022-02-10 +80 17:56:20.237][19514, 21533][Binder:19514_8][tpdlcore][][][downloadcore.cpp:324][INFO][TVDLProxy_SetUserData]key: app_version_name, value: 8.5.41.26553
[I][2022-02-10 +80 17:56:20.237][19514, 21485][Binder:19514_6][tpdlcore][][][downloadcore.cpp:324][INFO][TVDLProxy_SetUserData]key: app_version_code, value: 26553
[I][2022-02-10 +80 17:56:20.239][19514, 21536][Binder:19514_9][tpdlcore][][][downloadcore.cpp:324][INFO][TVDLProxy_SetUserData]key: carrier_pesudo_code, value: unicom=17688712866&unicomtype=2
[I][2022-02-10 +80 17:56:20.239][19514, 21536][Binder:19514_9][tpdlcore][][][GlobalInfo.cpp:1211][INFO][SaveCacheCarrier]Save carrierPath:/storage/emulated/0/Android/data/com.tencent.qqlive/cache/download/carrier.info, carrierCode:unicom=17688712866&unicomtype=2, saveTime:1644486980
[I][2022-02-10 +80 17:56:20.239][19514, 21532][Binder:19514_7][tpdlcore][][][downloadcore.cpp:588][INFO][TVDLProxy_PushEvent]receive event: 13, inBack or inFront
[I][2022-02-10 +80 17:56:20.239][19514, 21485][Binder:19514_6][tpdlcore][][][downloadcore.cpp:324][INFO][TVDLProxy_SetUserData]key: carrier_pesudo_state, value: 1
[I][2022-02-10 +80 17:56:20.239][19514, 21485][Binder:19514_6][tpdlcore][][][GlobalInfo.cpp:333][INFO][SetUserExtData]setuserdata carrier_pesudo_state:1
[I][2022-02-10 +80 17:56:20.239][19514, 21533][Binder:19514_8][tpdlcore][][][downloadcore.cpp:324][INFO][TVDLProxy_SetUserData]key: qq_is_vip, value: 1
[I][2022-02-10 +80 17:56:20.239][19514, 21536][Binder:19514_9][tpdlcore][][][downloadcore.cpp:324][INFO][TVDLProxy_SetUserData]key: external_network_ip, value: 112.97.59.47
[I][2022-02-10 +80 17:56:20.239][19514, 21536][Binder:19514_9][tpdlcore][][][downloadcore.cpp:347][INFO][TVDLProxy_SetUserData][adaptive] history format get external ip:112.97.59.47
[I][2022-02-10 +80 17:56:20.239][19514, 21536][Binder:19514_9][tpdlcore][][][network_predict_module.cpp:716][INFO][LoadHistorySpeed][adaptive] fopen failed, path:/storage/emulated/0/Android/data/com.tencent.qqlive/cache/download/history.ini, errno:2
[I][2022-02-10 +80 17:56:20.239][19514, 21536][Binder:19514_9][tpdlcore][][][network_predict_module_v2.cpp:237][INFO][LoadHistorySpeed][adaptive] fopen failed, path:/storage/emulated/0/Android/data/com.tencent.qqlive/cache/download/history.ini, errno:2
[I][2022-02-10 +80 17:56:20.239][19514, 21533][Binder:19514_8][tpdlcore][][][downloadcore.cpp:588][INFO][TVDLProxy_PushEvent]receive event: 13, inBack or inFront
[I][2022-02-10 +80 17:56:20.241][19514, 21536][Binder:19514_9][tpdlcore][][][downloadcore.cpp:324][INFO][TVDLProxy_SetUserData]key: app_version_name, value: 8.5.41.26553
[I][2022-02-10 +80 17:56:20.241][19514, 21536][Binder:19514_9][tpdlcore][][][downloadcore.cpp:324][INFO][TVDLProxy_SetUserData]key: app_version_code, value: 26553
[I][2022-02-10 +80 17:56:20.241][19514, 21536][Binder:19514_9][tpdlcore][][][downloadcore.cpp:324][INFO][TVDLProxy_SetUserData]key: carrier_pesudo_code, value: unicom=17688712866&unicomtype=2
[I][2022-02-10 +80 17:56:20.241][19514, 21536][Binder:19514_9][tpdlcore][][][GlobalInfo.cpp:1211][INFO][SaveCacheCarrier]Save carrierPath:/storage/emulated/0/Android/data/com.tencent.qqlive/cache/download/carrier.info, carrierCode:unicom=17688712866&unicomtype=2, saveTime:1644486980
[I][2022-02-10 +80 17:56:20.241][19514, 21533][Binder:19514_8][tpdlcore][][][downloadcore.cpp:324][INFO][TVDLProxy_SetUserData]key: carrier_pesudo_state, value: 1
[I][2022-02-10 +80 17:56:20.241][19514, 21533][Binder:19514_8][tpdlcore][][][GlobalInfo.cpp:333][INFO][SetUserExtData]setuserdata carrier_pesudo_state:1
[I][2022-02-10 +80 17:56:20.241][19514, 21533][Binder:19514_8][tpdlcore][][][downloadcore.cpp:324][INFO][TVDLProxy_SetUserData]key: external_network_ip, value: 112.97.59.47
[I][2022-02-10 +80 17:56:20.241][19514, 21533][Binder:19514_8][tpdlcore][][][downloadcore.cpp:347][INFO][TVDLProxy_SetUserData][adaptive] history format get external ip:112.97.59.47
[I][2022-02-10 +80 17:56:20.241][19514, 21533][Binder:19514_8][tpdlcore][][][network_predict_module.cpp:716][INFO][LoadHistorySpeed][adaptive] fopen failed, path:/storage/emulated/0/Android/data/com.tencent.qqlive/cache/download/history.ini, errno:2
[I][2022-02-10 +80 17:56:20.242][19514, 21533][Binder:19514_8][tpdlcore][][][network_predict_module_v2.cpp:237][INFO][LoadHistorySpeed][adaptive] fopen failed, path:/storage/emulated/0/Android/data/com.tencent.qqlive/cache/download/history.ini, errno:2
[I][2022-02-10 +80 17:56:20.242][19514, 21533][Binder:19514_8][tpdlcore][][][downloadcore.cpp:588][INFO][TVDLProxy_PushEvent]receive event: 13, inBack or inFront
[I][2022-02-10 +80 17:56:22.104][19514, 1*][main][tpdlcore][][][downloadcore.cpp:610][INFO][TVDLProxy_PushEvent]receive event:20, screen on or off
[I][2022-02-10 +80 17:56:27.506][19514, 21505][TVKDL-Timer][tpdlcore][][][TaskManager.cpp:1016][INFO][TryAdjustMemorySize]system memory total size: 7428M, free size: 1797MB, cache ajust to 75MB, MaxMemorySize: 150MB, AppState: 13
