[I][2022-02-10 +80 17:55:49.485][21129, 21404][cellularStrengthThread][NXNetwork_Transport_TypeAssist][][][getNetworkType() : 4G
[I][2022-02-10 +80 17:55:52.489][21129, 21404][cellularStrengthThread][NXNetwork_Transport_TypeAssist][][][getNetworkType() : 4G
[I][2022-02-10 +80 17:55:58.487][21129, 21404][cellularStrengthThread][NXNetwork_Transport_TypeAssist][][][getNetworkType() : 4G
[I][2022-02-10 +80 17:56:04.501][21129, 21404][cellularStrengthThread][NXNetwork_Transport_TypeAssist][][][getNetworkType() : 4G
[I][2022-02-10 +80 17:56:10.344][21129, 21443][public_io_pool-152515][VBMMKV_BROADCAST][][][find nothing from kvfactory
[I][2022-02-10 +80 17:56:10.344][21129, 21443][public_io_pool-152515][VBMMKV_BROADCAST][][][no need notify Observer,  valueObjectClassName =  callerProcessName = com.tencent.qqlive fileName = DanmakuConfig key = serverAlpha , please check context
[I][2022-02-10 +80 17:56:10.344][21129, 21443][public_io_pool-152515][VBMMKV_BROADCAST][][][find nothing from kvfactory
[I][2022-02-10 +80 17:56:10.344][21129, 21443][public_io_pool-152515][VBMMKV_BROADCAST][][][no need notify Observer,  valueObjectClassName =  callerProcessName = com.tencent.qqlive fileName = DanmakuConfig key = serverSpeed , please check context
[I][2022-02-10 +80 17:56:10.345][21129, 21443][public_io_pool-152515][VBMMKV_BROADCAST][][][find nothing from kvfactory
[I][2022-02-10 +80 17:56:10.345][21129, 21443][public_io_pool-152515][VBMMKV_BROADCAST][][][no need notify Observer,  valueObjectClassName =  callerProcessName = com.tencent.qqlive fileName = DanmakuConfig key = serverTextSize , please check context
[I][2022-02-10 +80 17:56:10.345][21129, 21443][public_io_pool-152515][VBMMKV_BROADCAST][][][find nothing from kvfactory
[I][2022-02-10 +80 17:56:10.345][21129, 21443][public_io_pool-152515][VBMMKV_BROADCAST][][][no need notify Observer,  valueObjectClassName =  callerProcessName = com.tencent.qqlive fileName = DanmakuConfig key = serverVisibleSize , please check context
[I][2022-02-10 +80 17:56:10.345][21129, 21443][public_io_pool-152515][VBMMKV_BROADCAST][][][find nothing from kvfactory
[I][2022-02-10 +80 17:56:10.345][21129, 21443][public_io_pool-152515][VBMMKV_BROADCAST][][][no need notify Observer,  valueObjectClassName =  callerProcessName = com.tencent.qqlive fileName = DanmakuConfig key = serverAlpha , please check context
[I][2022-02-10 +80 17:56:10.345][21129, 21443][public_io_pool-152515][VBMMKV_BROADCAST][][][find nothing from kvfactory
[I][2022-02-10 +80 17:56:10.345][21129, 21443][public_io_pool-152515][VBMMKV_BROADCAST][][][no need notify Observer,  valueObjectClassName =  callerProcessName = com.tencent.qqlive fileName = DanmakuConfig key = serverSpeed , please check context
[I][2022-02-10 +80 17:56:10.345][21129, 21443][public_io_pool-152515][VBMMKV_BROADCAST][][][find nothing from kvfactory
[I][2022-02-10 +80 17:56:10.345][21129, 21443][public_io_pool-152515][VBMMKV_BROADCAST][][][no need notify Observer,  valueObjectClassName =  callerProcessName = com.tencent.qqlive fileName = DanmakuConfig key = serverTextSize , please check context
[I][2022-02-10 +80 17:56:10.345][21129, 21443][public_io_pool-152515][VBMMKV_BROADCAST][][][find nothing from kvfactory
[I][2022-02-10 +80 17:56:10.345][21129, 21443][public_io_pool-152515][VBMMKV_BROADCAST][][][no need notify Observer,  valueObjectClassName =  callerProcessName = com.tencent.qqlive fileName = DanmakuConfig key = serverVisibleSize , please check context
[I][2022-02-10 +80 17:56:10.345][21129, 21443][public_io_pool-152515][VBMMKV_BROADCAST][][][find nothing from kvfactory
[I][2022-02-10 +80 17:56:10.345][21129, 21443][public_io_pool-152515][VBMMKV_BROADCAST][][][no need notify Observer,  valueObjectClassName =  callerProcessName = com.tencent.qqlive fileName = DanmakuConfig key = serverAlpha , please check context
[I][2022-02-10 +80 17:56:10.345][21129, 21443][public_io_pool-152515][VBMMKV_BROADCAST][][][find nothing from kvfactory
[I][2022-02-10 +80 17:56:10.345][21129, 21443][public_io_pool-152515][VBMMKV_BROADCAST][][][no need notify Observer,  valueObjectClassName =  callerProcessName = com.tencent.qqlive fileName = DanmakuConfig key = serverSpeed , please check context
[I][2022-02-10 +80 17:56:10.345][21129, 21443][public_io_pool-152515][VBMMKV_BROADCAST][][][find nothing from kvfactory
[I][2022-02-10 +80 17:56:10.345][21129, 21443][public_io_pool-152515][VBMMKV_BROADCAST][][][no need notify Observer,  valueObjectClassName =  callerProcessName = com.tencent.qqlive fileName = DanmakuConfig key = serverTextSize , please check context
[I][2022-02-10 +80 17:56:10.345][21129, 21443][public_io_pool-152515][VBMMKV_BROADCAST][][][find nothing from kvfactory
[I][2022-02-10 +80 17:56:10.345][21129, 21443][public_io_pool-152515][VBMMKV_BROADCAST][][][no need notify Observer,  valueObjectClassName =  callerProcessName = com.tencent.qqlive fileName = DanmakuConfig key = serverVisibleSize , please check context
[I][2022-02-10 +80 17:56:10.499][21129, 21404][cellularStrengthThread][NXNetwork_Transport_TypeAssist][][][getNetworkType() : 4G
[I][2022-02-10 +80 17:56:13.345][21129, 21404][cellularStrengthThread][NXNetwork_Transport_TypeAssist][][][getNetworkType() : 4G
[I][2022-02-10 +80 17:56:13.486][21129, 21404][cellularStrengthThread][NXNetwork_Transport_TypeAssist][][][getNetworkType() : 4G
[I][2022-02-10 +80 17:56:13.499][21129, 21404][cellularStrengthThread][NXNetwork_Transport_TypeAssist][][][getNetworkType() : 4G
[I][2022-02-10 +80 17:56:15.416][21129, 21404][cellularStrengthThread][NXNetwork_Transport_TypeAssist][][][getNetworkType() : 4G
[I][2022-02-10 +80 17:56:15.925][21129, 21404][cellularStrengthThread][NXNetwork_Transport_TypeAssist][][][getNetworkType() : 4G
[I][2022-02-10 +80 17:56:16.477][21129, 21404][cellularStrengthThread][NXNetwork_Transport_TypeAssist][][][getNetworkType() : 4G
[I][2022-02-10 +80 17:56:19.489][21129, 21404][cellularStrengthThread][NXNetwork_Transport_TypeAssist][][][getNetworkType() : 4G
[I][2022-02-10 +80 17:56:19.577][21129, 21404][cellularStrengthThread][NXNetwork_Transport_TypeAssist][][][getNetworkType() : 4G
