~~~~~ begin of mmap ~~~~~
^^^^^^^^^^Sep  7 2021^^^14:05:59^^^^^^^^^^[29530,29530][2022-02-11 +0800 16:04:00]
get mmap time: 1
MARS_URL: 
MARS_PATH: master_android
MARS_REVISION: a7ee7a4
MARS_BUILD_TIME: 2021-09-07 14:05:12
MARS_BUILD_JOB: 
log appender mode:0, use mmap:1
cache dir space info, capacity:245001879552 free:69809467392 available:69809467392
log dir space info, capacity:244980908032 free:69788495872 available:69788495872
[I][2022-02-11 +80 16:04:00.751][29530, 1*][main][InitializerABTestSwitch][][][getThreadpoolConfig >>> jsonStr = {}
[I][2022-02-11 +80 16:04:00.751][29530, 1*][main][Tab][][][getConfigFloat-----sTabSDKManager == null, key = tv_reflect_report_sample_rate_android
[I][2022-02-11 +80 16:04:00.751][29530, 1*][main][Tab][][][getConfigFloat-----sTabSDKManager == null, key = tv_reflect_report_sample_rate_android
[I][2022-02-11 +80 16:04:00.752][29530, 1*][main][LoadLibraryHooker][][][load so c++_shared
[I][2022-02-11 +80 16:04:00.754][29530, 1*][main][LoadLibraryHooker][][][load so mmkv
[I][2022-02-11 +80 16:04:00.755][29530, 1*][main][Tab][][][getConfigFloat-----sTabSDKManager == null, key = tv_reflect_report_sample_rate_android
[I][2022-02-11 +80 16:04:00.755][29530, 1*][main][Tab][][][getConfigFloat-----sTabSDKManager == null, key = tv_reflect_report_sample_rate_android
[I][2022-02-11 +80 16:04:00.755][29530, 1*][main][Tab][][][getConfigFloat-----sTabSDKManager == null, key = tv_reflect_report_sample_rate_android
[I][2022-02-11 +80 16:04:00.755][29530, 1*][main][DetailCgiPreloadTask][][][not match process
[I][2022-02-11 +80 16:04:00.756][29530, 1*][main][LaunchTaskConfigImpl][][][getSubThreadCore = 1
[I][2022-02-11 +80 16:04:00.756][29530, 1*][main][Tab][][][getConfigInt-----sTabSDKManager == null, key = private_protocol_dialog_enable
[I][2022-02-11 +80 16:04:00.756][29530, 1*][main][PrivateProtocolDialogManager][][][PrivateProtocolDialogManager : setValue --> false
[I][2022-02-11 +80 16:04:00.757][29530, 1*][main][DetailCgiPreloadTask][][][not match process
[I][2022-02-11 +80 16:04:00.757][29530, 1*][main][Tab][][][isToggleOn-----sTabSDKManager == null, key = monitor_subprocess_threadinfo_enable
[I][2022-02-11 +80 16:04:00.757][29530, 1*][main][Tab][][][getConfigFloat-----sTabSDKManager == null, key = tv_reflect_report_sample_rate_android
[I][2022-02-11 +80 16:04:00.759][29530, 24670][launch-thread-0][Tab][][][getABCloudConfigInt-----sTabSDKManager == null, key = acc_client_max_conn_pool_idle_size
[I][2022-02-11 +80 16:04:00.759][29530, 1*][main][Tab][][][getConfigFloat-----sTabSDKManager == null, key = tv_reflect_report_sample_rate_android
[I][2022-02-11 +80 16:04:00.759][29530, 1*][main][Tab][][][getConfigFloat-----sTabSDKManager == null, key = tv_reflect_report_sample_rate_android
[I][2022-02-11 +80 16:04:00.762][29530, 1*][main][TabSDKManager][][][init: mOmgidSwitchQimei36=false
[I][2022-02-11 +80 16:04:00.765][29530, 24670][launch-thread-0][NXNetwork_Network_NetworkServiceManager][][][getDefaultServerDomain, returns domain : acc.qq.com
[I][2022-02-11 +80 16:04:00.765][29530, 24670][launch-thread-0][NXNetwork_Network_TaskManager][][][create() new instance, domain : acc.qq.com
[I][2022-02-11 +80 16:04:00.765][29530, 24670][launch-thread-0][NXNetwork_Network_NetworkServiceManager][][][registerNetworkStateListener
[I][2022-02-11 +80 16:04:00.765][29530, 24670][launch-thread-0][NXNetwork_Network_StateManager][][][register new callback
[I][2022-02-11 +80 16:04:00.770][29530, 24670][launch-thread-0][UniCmdSolutionSelector][][][initSolution:UniCmdInitConfig(initHttpConfig=UniCmdInitHttpConfig(enableHttpSolution=true, httpSolutionProxy=com.tencent.qqlive.modules.vb.unicmd.service.UniCmdHttpSolutionDefault@8d3124), initWnsConfig=UniCmdInitWnsConfig(enableWnsSolution=false, wnsSolutionProxy=null), reportProxy=com.tencent.qqlive.component.config.VBUniCmdInitConfig$reportProxy$1@6ef148d, tabConfigProxy=com.tencent.qqlive.component.config.VBUniCmdInitConfig$tabConfigProxy$1@e1ce642, logProxy=com.tencent.qqlive.modules.vb.unicmd.service.UniCmdLogProxyDefault@9825653, executorProxy=com.tencent.qqlive.modules.vb.unicmd.service.UniCmdExecutorProxyDefault@9fe3b90, netProbeProxy=com.tencent.qqlive.modules.vb.unicmd.service.UniCmdNetProbeProxyDefault@8c56c89, platformInfoProxy=com.tencent.qqlive.modules.vb.unicmd.service.UniCmdPlatformInfoProxyDefault@e17248e)
[I][2022-02-11 +80 16:04:00.770][29530, 24670][launch-thread-0][UniCmdInitTask][][][UniCmdInitTask init cost:1ms
[I][2022-02-11 +80 16:04:00.770][29530, 24670][launch-thread-0][VBUniCmdServiceImpl][][][init finish, use inner:false
[I][2022-02-11 +80 16:04:00.770][29530, 24670][launch-thread-0][UniCmdMgr][][][UniCmdMgr init
[I][2022-02-11 +80 16:04:00.771][29530, 24671][public_io_pool-155743][TabToggleDataStorage][][][[environment = release, appId = 5608, sceneId = 560811, guid = fbfa97874c6c954bf9c86e24cf65d7177892001021641b]-----fetchStorageStart
[I][2022-02-11 +80 16:04:00.771][29530, 24671][public_io_pool-155743][TabToggleDataStorage][][][[environment = release, appId = 5608, sceneId = 560811, guid = fbfa97874c6c954bf9c86e24cf65d7177892001021641b]-----isNeedToFetchStorage-----return true by is init fetch
[I][2022-02-11 +80 16:04:00.771][29530, 24671][public_io_pool-155743][TabToggleDataStorage][][][[environment = release, appId = 5608, sceneId = 560811, guid = fbfa97874c6c954bf9c86e24cf65d7177892001021641b]-----fetchStorage-----is need to fetch
[I][2022-02-11 +80 16:04:00.771][29530, 24671][public_io_pool-155743][TabToggleDataStorage][][][[environment = release, appId = 5608, sceneId = 560811, guid = fbfa97874c6c954bf9c86e24cf65d7177892001021641b]-----fetchStorageDataVersion-----storageDataVersion = 1644550535
[I][2022-02-11 +80 16:04:00.771][29530, 24671][public_io_pool-155743][TabToggleDataStorage][][][[environment = release, appId = 5608, sceneId = 560811, guid = fbfa97874c6c954bf9c86e24cf65d7177892001021641b]-----putMemoryDataVersion-----dataVersion = 1644550535
[I][2022-02-11 +80 16:04:00.771][29530, 24671][public_io_pool-155743][TabToggleDataStorage][][][[environment = release, appId = 5608, sceneId = 560811, guid = fbfa97874c6c954bf9c86e24cf65d7177892001021641b]-----loadStorageData-----storageAllKeys length = 421
[I][2022-02-11 +80 16:04:00.773][29530, 24671][public_io_pool-155743][TabToggleDataStorage][][][[environment = release, appId = 5608, sceneId = 560811, guid = fbfa97874c6c954bf9c86e24cf65d7177892001021641b]-----fetchStorageData-----newDataMap Size = 421
[I][2022-02-11 +80 16:04:00.773][29530, 24671][public_io_pool-155743][TabToggleDataStorage][][][[environment = release, appId = 5608, sceneId = 560811, guid = fbfa97874c6c954bf9c86e24cf65d7177892001021641b]-----fetchStorageData-----oldDataMap Size = 0
[I][2022-02-11 +80 16:04:00.773][29530, 24669][public_io_pool-155741][TabConfigDataStorage][][][[environment = release, appId = 5608, sceneId = 560811, guid = fbfa97874c6c954bf9c86e24cf65d7177892001021641b]-----fetchStorageStart
[I][2022-02-11 +80 16:04:00.773][29530, 24669][public_io_pool-155741][TabConfigDataStorage][][][[environment = release, appId = 5608, sceneId = 560811, guid = fbfa97874c6c954bf9c86e24cf65d7177892001021641b]-----isNeedToFetchStorage-----return true by is init fetch
[I][2022-02-11 +80 16:04:00.773][29530, 24669][public_io_pool-155741][TabConfigDataStorage][][][[environment = release, appId = 5608, sceneId = 560811, guid = fbfa97874c6c954bf9c86e24cf65d7177892001021641b]-----fetchStorage-----is need to fetch
[I][2022-02-11 +80 16:04:00.773][29530, 24669][public_io_pool-155741][TabConfigDataStorage][][][[environment = release, appId = 5608, sceneId = 560811, guid = fbfa97874c6c954bf9c86e24cf65d7177892001021641b]-----fetchStorageDataVersion-----storageDataVersion = 1644560819
[I][2022-02-11 +80 16:04:00.773][29530, 24669][public_io_pool-155741][TabConfigDataStorage][][][[environment = release, appId = 5608, sceneId = 560811, guid = fbfa97874c6c954bf9c86e24cf65d7177892001021641b]-----putMemoryDataVersion-----dataVersion = 1644560819
[I][2022-02-11 +80 16:04:00.774][29530, 24669][public_io_pool-155741][TabConfigDataStorage][][][[environment = release, appId = 5608, sceneId = 560811, guid = fbfa97874c6c954bf9c86e24cf65d7177892001021641b]-----loadStorageData-----storageAllKeys length = 584
[I][2022-02-11 +80 16:04:00.774][29530, 24671][public_io_pool-155743][TabToggleDataStorage][][][[environment = release, appId = 5608, sceneId = 560811, guid = fbfa97874c6c954bf9c86e24cf65d7177892001021641b]-----updateControlInfo = TabToggleControlInfo {  mData = value, mEnableReport = false, mRollInterval = 1800, mReportInterval = 300  }
[I][2022-02-11 +80 16:04:00.774][29530, 24671][public_io_pool-155743][TabToggleDataStorage][][][[environment = release, appId = 5608, sceneId = 560811, guid = fbfa97874c6c954bf9c86e24cf65d7177892001021641b]-----fetchStorageEnd
[I][2022-02-11 +80 16:04:00.774][29530, 24671][public_io_pool-155743][TabToggleDataStorage][][][[environment = release, appId = 5608, sceneId = 560811, guid = fbfa97874c6c954bf9c86e24cf65d7177892001021641b]-----initUse-----finish
[I][2022-02-11 +80 16:04:00.774][29530, 24671][public_io_pool-155743][TabToggleDataFetcher][][][[environment = release, appId = 5608, sceneId = 560811, guid = fbfa97874c6c954bf9c86e24cf65d7177892001021641b]-----initUse-----finish
[I][2022-02-11 +80 16:04:00.774][29530, 24671][public_io_pool-155743][TabToggleDataRoller][][][[environment = release, appId = 5608, sceneId = 560811, guid = fbfa97874c6c954bf9c86e24cf65d7177892001021641b]-----initUse-----finish
[I][2022-02-11 +80 16:04:00.774][29530, 24671][public_io_pool-155743][TabToggleDataManager][][][[environment = release, appId = 5608, sceneId = 560811, guid = fbfa97874c6c954bf9c86e24cf65d7177892001021641b]-----initUse-----finish
[I][2022-02-11 +80 16:04:00.774][29530, 1*][main][WxaSdkPkgLoader][][][start init wxa, processName:com.tencent.qqlive:wxa_container0
[I][2022-02-11 +80 16:04:00.776][29530, 24672][com.getkeepsafe.relinker.e][LoadLibraryHooker][][][load so tquic
[I][2022-02-11 +80 16:04:00.776][29530, 24669][public_io_pool-155741][TabConfigDataStorage][][][[environment = release, appId = 5608, sceneId = 560811, guid = fbfa97874c6c954bf9c86e24cf65d7177892001021641b]-----fetchStorageData-----newDataMap Size = 584
[I][2022-02-11 +80 16:04:00.776][29530, 24669][public_io_pool-155741][TabConfigDataStorage][][][[environment = release, appId = 5608, sceneId = 560811, guid = fbfa97874c6c954bf9c86e24cf65d7177892001021641b]-----fetchStorageData-----oldDataMap Size = 0
[I][2022-02-11 +80 16:04:00.777][29530, 24670][launch-thread-0][NXNetwork_Network_NetworkServiceManager][][][registerNetworkStateListener
[I][2022-02-11 +80 16:04:00.780][29530, 24669][public_io_pool-155741][TabConfigDataStorage][][][[environment = release, appId = 5608, sceneId = 560811, guid = fbfa97874c6c954bf9c86e24cf65d7177892001021641b]-----updateControlInfo = TabConfigControlInfo {  mData = value, mEnableReport = true, mRollInterval = 1800, mReportInterval = 300  }
[I][2022-02-11 +80 16:04:00.780][29530, 24670][launch-thread-0][NXNetwork_Network_StateManager][][][register new callback
[I][2022-02-11 +80 16:04:00.780][29530, 24670][launch-thread-0][VBPBTabConfig][][][isRemoveSensitiveInformation:true
[I][2022-02-11 +80 16:04:00.780][29530, 24670][launch-thread-0][NXNetwork_Network_NetworkServiceManager][][][registerNetworkStateListener
[I][2022-02-11 +80 16:04:00.780][29530, 24670][launch-thread-0][NXNetwork_Network_StateManager][][][register new callback
[I][2022-02-11 +80 16:04:00.780][29530, 24671][VBPBService-155743][NXNetwork_Network_StateMonitor][][][create state monitor sdkversion:29
[I][2022-02-11 +80 16:04:00.780][29530, 24671][VBPBService-155743][NXNetwork_Network_StateMonitor][][][network state monitor stop
[I][2022-02-11 +80 16:04:00.780][29530, 24673][cellularStrengthThread][NXNetwork_Transport_TypeAssist][][][getNetworkType() : 4G
[I][2022-02-11 +80 16:04:00.780][29530, 24671][VBPBService-155743][NXNetwork_Network_StateMonitor][][][network state monitor stop fail, network callback is not registered
[I][2022-02-11 +80 16:04:00.780][29530, 24671][VBPBService-155743][NXNetwork_Network_StateMonitor][][][network state monitor start
[I][2022-02-11 +80 16:04:00.780][29530, 24677][public_io_pool-155749][TabSDKManager][][][onOmgIdUpdate-----getOmgID = fbfa97874c6c954bf9c86e24cf65d7177892001021641b
[I][2022-02-11 +80 16:04:00.780][29530, 24677][public_io_pool-155749][TabToggleComponent][][][[environment = release, appId = 5608, sceneId = 560811, guid = fbfa97874c6c954bf9c86e24cf65d7177892001021641b]-----switchGuid-----guid equals, finalTargetGuid = fbfa97874c6c954bf9c86e24cf65d7177892001021641b
[I][2022-02-11 +80 16:04:00.780][29530, 24677][public_io_pool-155749][TabConfigComponent][][][[environment = release, appId = 5608, sceneId = 560811, guid = fbfa97874c6c954bf9c86e24cf65d7177892001021641b]-----switchGuid-----guid equals, finalTargetGuid = fbfa97874c6c954bf9c86e24cf65d7177892001021641b
[I][2022-02-11 +80 16:04:00.780][29530, 24669][public_io_pool-155741][TabConfigDataStorage][][][[environment = release, appId = 5608, sceneId = 560811, guid = fbfa97874c6c954bf9c86e24cf65d7177892001021641b]-----fetchStorageEnd
[I][2022-02-11 +80 16:04:00.780][29530, 24669][public_io_pool-155741][TabConfigDataStorage][][][[environment = release, appId = 5608, sceneId = 560811, guid = fbfa97874c6c954bf9c86e24cf65d7177892001021641b]-----initUse-----finish
[I][2022-02-11 +80 16:04:00.780][29530, 24669][public_io_pool-155741][TabConfigDataFetcher][][][[environment = release, appId = 5608, sceneId = 560811, guid = fbfa97874c6c954bf9c86e24cf65d7177892001021641b]-----initUse-----finish
[I][2022-02-11 +80 16:04:00.780][29530, 24669][public_io_pool-155741][TabConfigDataRoller][][][[environment = release, appId = 5608, sceneId = 560811, guid = fbfa97874c6c954bf9c86e24cf65d7177892001021641b]-----initUse-----finish
[I][2022-02-11 +80 16:04:00.780][29530, 24669][public_io_pool-155741][TabConfigDataManager][][][[environment = release, appId = 5608, sceneId = 560811, guid = fbfa97874c6c954bf9c86e24cf65d7177892001021641b]-----initUse-----finish
[I][2022-02-11 +80 16:04:00.783][29530, 24675][ConnectivityThread][NXNetwork_Network_StateMonitor][][][onAvailable()
[I][2022-02-11 +80 16:04:00.784][29530, 24675][ConnectivityThread][NXNetwork_Network_TypeAssistant][][][getNetworkType() : WIFI
[I][2022-02-11 +80 16:04:00.784][29530, 24675][ConnectivityThread][NXNetwork_Network_StateManager][][][notify network state change, curr state:NETWORK_STATE_WIFI
[I][2022-02-11 +80 16:04:00.784][29530, 24675][ConnectivityThread][NXNetwork_Transport_HttpImpl][][][reset() reset OkHttp Client
[I][2022-02-11 +80 16:04:00.784][29530, 24675][ConnectivityThread][NXNetwork_Transport_HttpImpl][][][reset() reset OkHttp Client
[I][2022-02-11 +80 16:04:00.784][29530, 24675][ConnectivityThread][NXNetwork_Network_NetworkServiceManager][][][setNacList, nacMap null!
[I][2022-02-11 +80 16:04:00.784][29530, 24675][ConnectivityThread][NXNetwork_Network_AddressManager][][][setNacList() version:1
[I][2022-02-11 +80 16:04:00.784][29530, 24675][ConnectivityThread][NXNetwork_Network_StateMachine][][][resetState()
[I][2022-02-11 +80 16:04:00.784][29530, 24675][ConnectivityThread][NXNetwork_Network_NacManager][][][clear()
[I][2022-02-11 +80 16:04:00.784][29530, 24675][ConnectivityThread][NXNetwork_Network_StateMonitor][][][onLinkPropertiesChanged()
[I][2022-02-11 +80 16:04:00.785][29530, 24675][ConnectivityThread][NXNetwork_Network_TypeAssistant][][][getNetworkType() : WIFI
[I][2022-02-11 +80 16:04:00.785][29530, 24675][ConnectivityThread][NXNetwork_Network_StateManager][][][network state not change, curr state:NETWORK_STATE_WIFI
[I][2022-02-11 +80 16:04:00.786][29530, 1*][main][LoadLibraryHooker][][][load so wechatxlog
[I][2022-02-11 +80 16:04:00.789][29530, 1*][main][LoadLibraryHooker][][][load so stlport_shared
[I][2022-02-11 +80 16:04:00.812][29530, 1*][main][LoadLibraryHooker][][][load so wechatcrash
[I][2022-02-11 +80 16:04:00.816][29530, 1*][main][LoadLibraryHooker][][][load so wxaopenruntimejni
[I][2022-02-11 +80 16:04:00.955][29530, 1*][main][ActivityStackImpl][][][init activity stack, size=0
[I][2022-02-11 +80 16:04:00.955][29530, 1*][main][PlatformIdConfig][][][platform init:false true
[I][2022-02-11 +80 16:04:00.959][29530, 1*][main][QQLiveApplication][][][ApplicationOnCreate, processName = com.tencent.qqlive:wxa_container0, flavor = , buildType = iconRelease64, versionName = 8.5.41.26553
[I][2022-02-11 +80 16:04:00.976][29530, 1*][main][SimpleBroadcastManager][][][onServiceConnected
[I][2022-02-11 +80 16:04:00.977][29530, 24670][launch-thread-0][LocationGetTask][][][enableRequestLocation:false
[I][2022-02-11 +80 16:04:00.977][29530, 24749][launch-idle71][TaskExecuteMonitorImpl][][][onFinishDispatcher >>> loadType = IdleMiddle, threadStrategy = SubThread
[I][2022-02-11 +80 16:04:01.080][29530, 24670][launch-thread-0][LoadLibraryHooker][][][load so gradishwrapper
[I][2022-02-11 +80 16:04:01.093][29530, 24750][launch-idle81][TaskExecuteMonitorImpl][][][onFinishDispatcher >>> loadType = IdleLow, threadStrategy = SubThread
[I][2022-02-11 +80 16:04:01.585][29530, 24756][[GT]ColdPool#1][LoadLibraryHooker][][][load so c++_shared
[I][2022-02-11 +80 16:04:02.259][29530, 24667][public_io_pool-155739][VBMMKV_BROADCAST][][][callerProcessName equals currentProcessName
[I][2022-02-11 +80 16:04:02.259][29530, 24667][public_io_pool-155739][VBMMKV_BROADCAST][][][no need notify Observer,  valueObjectClassName =  callerProcessName = com.tencent.qqlive:wxa_container0 fileName = com.tencent.qqlive_preferences key = setting_preferences_private_protocol_is_show , please check context
[I][2022-02-11 +80 16:04:02.259][29530, 24667][public_io_pool-155739][VBMMKV_BROADCAST][][][callerProcessName equals currentProcessName
[I][2022-02-11 +80 16:04:02.265][29530, 24667][public_io_pool-155739][VBMMKV_BROADCAST][][][no need notify Observer,  valueObjectClassName =  callerProcessName = com.tencent.qqlive:wxa_container0 fileName = vb_platformInfo key = vb_platformInfo_version_code , please check context
[I][2022-02-11 +80 16:04:02.265][29530, 24667][public_io_pool-155739][VBMMKV_BROADCAST][][][callerProcessName equals currentProcessName
[I][2022-02-11 +80 16:04:02.265][29530, 24667][public_io_pool-155739][VBMMKV_BROADCAST][][][no need notify Observer,  valueObjectClassName =  callerProcessName = com.tencent.qqlive:wxa_container0 fileName = vb_platformInfo key = vb_platformInfo_version_name , please check context
[I][2022-02-11 +80 16:04:02.265][29530, 24667][public_io_pool-155739][VBMMKV_BROADCAST][][][callerProcessName equals currentProcessName
[I][2022-02-11 +80 16:04:02.265][29530, 24667][public_io_pool-155739][VBMMKV_BROADCAST][][][no need notify Observer,  valueObjectClassName =  callerProcessName = com.tencent.qqlive:wxa_container0 fileName = vb_platformInfo key = vb_platformInfo_app_id , please check context
[I][2022-02-11 +80 16:04:05.482][29530, 24673][cellularStrengthThread][NXNetwork_Transport_TypeAssist][][][getNetworkType() : 4G
[I][2022-02-11 +80 16:04:11.491][29530, 24673][cellularStrengthThread][NXNetwork_Transport_TypeAssist][][][getNetworkType() : 4G
[I][2022-02-11 +80 16:04:11.531][29530, 24673][cellularStrengthThread][NXNetwork_Transport_TypeAssist][][][getNetworkType() : 4G
[I][2022-02-11 +80 16:04:17.494][29530, 24673][cellularStrengthThread][NXNetwork_Transport_TypeAssist][][][getNetworkType() : 4G
[I][2022-02-11 +80 16:04:17.529][29530, 24673][cellularStrengthThread][NXNetwork_Transport_TypeAssist][][][getNetworkType() : 4G
[I][2022-02-11 +80 16:04:20.533][29530, 24673][cellularStrengthThread][NXNetwork_Transport_TypeAssist][][][getNetworkType() : 4G
[I][2022-02-11 +80 16:04:23.503][29530, 24673][cellularStrengthThread][NXNetwork_Transport_TypeAssist][][][getNetworkType() : 4G
[I][2022-02-11 +80 16:04:26.072][29530, 24673][cellularStrengthThread][NXNetwork_Transport_TypeAssist][][][getNetworkType() : 4G
[I][2022-02-11 +80 16:04:29.504][29530, 24673][cellularStrengthThread][NXNetwork_Transport_TypeAssist][][][getNetworkType() : 4G
[I][2022-02-11 +80 16:04:32.493][29530, 24673][cellularStrengthThread][NXNetwork_Transport_TypeAssist][][][getNetworkType() : 4G
[I][2022-02-11 +80 16:04:36.291][29530, 24673][cellularStrengthThread][NXNetwork_Transport_TypeAssist][][][getNetworkType() : 4G
[I][2022-02-11 +80 16:04:38.510][29530, 24673][cellularStrengthThread][NXNetwork_Transport_TypeAssist][][][getNetworkType() : 4G
[I][2022-02-11 +80 16:04:38.529][29530, 24673][cellularStrengthThread][NXNetwork_Transport_TypeAssist][][][getNetworkType() : 4G
[I][2022-02-11 +80 16:04:44.496][29530, 24673][cellularStrengthThread][NXNetwork_Transport_TypeAssist][][][getNetworkType() : 4G
[I][2022-02-11 +80 16:04:44.534][29530, 24673][cellularStrengthThread][NXNetwork_Transport_TypeAssist][][][getNetworkType() : 4G
[I][2022-02-11 +80 16:04:47.499][29530, 24673][cellularStrengthThread][NXNetwork_Transport_TypeAssist][][][getNetworkType() : 4G
[I][2022-02-11 +80 16:04:53.501][29530, 24673][cellularStrengthThread][NXNetwork_Transport_TypeAssist][][][getNetworkType() : 4G
[I][2022-02-11 +80 16:04:59.537][29530, 24673][cellularStrengthThread][NXNetwork_Transport_TypeAssist][][][getNetworkType() : 4G
[I][2022-02-11 +80 16:05:05.540][29530, 24673][cellularStrengthThread][NXNetwork_Transport_TypeAssist][][][getNetworkType() : 4G
[I][2022-02-11 +80 16:05:15.975][29530, 24673][cellularStrengthThread][NXNetwork_Transport_TypeAssist][][][getNetworkType() : 4G
[I][2022-02-11 +80 16:05:28.255][29530, 24673][cellularStrengthThread][NXNetwork_Transport_TypeAssist][][][getNetworkType() : 4G
[I][2022-02-11 +80 16:05:29.471][29530, 24673][cellularStrengthThread][NXNetwork_Transport_TypeAssist][][][getNetworkType() : 4G
[I][2022-02-11 +80 16:05:38.537][29530, 24673][cellularStrengthThread][NXNetwork_Transport_TypeAssist][][][getNetworkType() : 4G
[I][2022-02-11 +80 16:05:44.538][29530, 24673][cellularStrengthThread][NXNetwork_Transport_TypeAssist][][][getNetworkType() : 4G
[I][2022-02-11 +80 16:05:50.533][29530, 24673][cellularStrengthThread][NXNetwork_Transport_TypeAssist][][][getNetworkType() : 4G
[I][2022-02-11 +80 16:05:50.544][29530, 24673][cellularStrengthThread][NXNetwork_Transport_TypeAssist][][][getNetworkType() : 4G
[I][2022-02-11 +80 16:05:56.528][29530, 24673][cellularStrengthThread][NXNetwork_Transport_TypeAssist][][][getNetworkType() : 4G
[I][2022-02-11 +80 16:05:56.567][29530, 24673][cellularStrengthThread][NXNetwork_Transport_TypeAssist][][][getNetworkType() : 4G
[I][2022-02-11 +80 16:06:01.482][29530, 24673][cellularStrengthThread][NXNetwork_Transport_TypeAssist][][][getNetworkType() : 4G
[I][2022-02-11 +80 16:06:02.557][29530, 24673][cellularStrengthThread][NXNetwork_Transport_TypeAssist][][][getNetworkType() : 4G
[I][2022-02-11 +80 16:06:05.557][29530, 24673][cellularStrengthThread][NXNetwork_Transport_TypeAssist][][][getNetworkType() : 4G
[I][2022-02-11 +80 16:06:11.552][29530, 24673][cellularStrengthThread][NXNetwork_Transport_TypeAssist][][][getNetworkType() : 4G
[I][2022-02-11 +80 16:06:13.051][29530, 24673][cellularStrengthThread][NXNetwork_Transport_TypeAssist][][][getNetworkType() : 4G
[I][2022-02-11 +80 16:06:19.412][29530, 24673][cellularStrengthThread][NXNetwork_Transport_TypeAssist][][][getNetworkType() : 4G
[I][2022-02-11 +80 16:06:21.973][29530, 24673][cellularStrengthThread][NXNetwork_Transport_TypeAssist][][][getNetworkType() : 4G
[I][2022-02-11 +80 16:06:23.037][29530, 24673][cellularStrengthThread][NXNetwork_Transport_TypeAssist][][][getNetworkType() : 4G
[I][2022-02-11 +80 16:06:23.228][29530, 24673][cellularStrengthThread][NXNetwork_Transport_TypeAssist][][][getNetworkType() : 4G
[I][2022-02-11 +80 16:06:26.508][29530, 24673][cellularStrengthThread][NXNetwork_Transport_TypeAssist][][][getNetworkType() : 4G
[I][2022-02-11 +80 16:06:30.433][29530, 24673][cellularStrengthThread][NXNetwork_Transport_TypeAssist][][][getNetworkType() : 4G
[I][2022-02-11 +80 16:06:32.511][29530, 24673][cellularStrengthThread][NXNetwork_Transport_TypeAssist][][][getNetworkType() : 4G
[I][2022-02-11 +80 16:06:35.519][29530, 24673][cellularStrengthThread][NXNetwork_Transport_TypeAssist][][][getNetworkType() : 4G
[I][2022-02-11 +80 16:06:35.563][29530, 24673][cellularStrengthThread][NXNetwork_Transport_TypeAssist][][][getNetworkType() : 4G
[I][2022-02-11 +80 16:06:38.533][29530, 24673][cellularStrengthThread][NXNetwork_Transport_TypeAssist][][][getNetworkType() : 4G
[I][2022-02-11 +80 16:06:41.585][29530, 24673][cellularStrengthThread][NXNetwork_Transport_TypeAssist][][][getNetworkType() : 4G
[I][2022-02-11 +80 16:06:44.523][29530, 24673][cellularStrengthThread][NXNetwork_Transport_TypeAssist][][][getNetworkType() : 4G
[I][2022-02-11 +80 16:06:47.533][29530, 24673][cellularStrengthThread][NXNetwork_Transport_TypeAssist][][][getNetworkType() : 4G
[I][2022-02-11 +80 16:06:50.534][29530, 24673][cellularStrengthThread][NXNetwork_Transport_TypeAssist][][][getNetworkType() : 4G
[I][2022-02-11 +80 16:06:51.408][29530, 24673][cellularStrengthThread][NXNetwork_Transport_TypeAssist][][][getNetworkType() : 4G
[I][2022-02-11 +80 16:06:54.538][29530, 24673][cellularStrengthThread][NXNetwork_Transport_TypeAssist][][][getNetworkType() : 4G
[I][2022-02-11 +80 16:06:56.538][29530, 24673][cellularStrengthThread][NXNetwork_Transport_TypeAssist][][][getNetworkType() : 4G
[I][2022-02-11 +80 16:06:56.601][29530, 24673][cellularStrengthThread][NXNetwork_Transport_TypeAssist][][][getNetworkType() : 4G
[I][2022-02-11 +80 16:07:02.531][29530, 24673][cellularStrengthThread][NXNetwork_Transport_TypeAssist][][][getNetworkType() : 4G
[I][2022-02-11 +80 16:07:02.597][29530, 24673][cellularStrengthThread][NXNetwork_Transport_TypeAssist][][][getNetworkType() : 4G
[I][2022-02-11 +80 16:07:08.604][29530, 24673][cellularStrengthThread][NXNetwork_Transport_TypeAssist][][][getNetworkType() : 4G
[I][2022-02-11 +80 16:11:51.631][29530, 1*][main][Pandora.BackgroundUtil][][][isOnBackground update Pandora
java.lang.Throwable
	at com.tencent.qqlive.pandora.util.BackgroundUtil.isOnBackgroud(Unknown Source:27)
	at com.tencent.qqlive.pandora.device.WifiInfoManager.getConnectionInfo(Unknown Source:97)
	at com.tencent.qqlive.pandora.Pandora.getConnectionInfo(Unknown Source:85)
	at com.tencent.qqlive.monitor.LocationMonitor.getConnectionInfo(Unknown Source:81)
	at com.tencent.qqlive.modules.vb.transportservice.impl.VBTransportSignalStrengthAssistant.getWifiStrengthLevel(Unknown Source:183)
	at com.tencent.qqlive.modules.vb.transportservice.impl.VBTransportSignalStrengthAssistant$1.onReceive(Unknown Source:43)
	at android.app.LoadedApk$ReceiverDispatcher$Args.lambda$getRunnable$0$LoadedApk$ReceiverDispatcher$Args(LoadedApk.java:1786)
	at android.app.-$$Lambda$LoadedApk$ReceiverDispatcher$Args$_BumDX2UKsnxLVrE6UJsJZkotuA.run(Unknown Source:2)
	at android.os.Handler.handleCallback(Handler.java:900)
	at android.os.Handler.dispatchMessage(Handler.java:103)
	at android.os.Looper.loop(Looper.java:219)
	at android.app.ActivityThread.main(ActivityThread.java:8668)
	at java.lang.reflect.Method.invoke(Native Method)
	at com.android.internal.os.RuntimeInit$MethodAndArgsCaller.run(RuntimeInit.java:513)
	at com.android.internal.os.ZygoteInit.main(ZygoteInit.java:1109)
[I][2022-02-11 +80 16:11:51.631][29530, 1*][main][Pandora.BackgroundUtil][][][isOnBackground update Pandora
java.lang.Throwable
	at com.tencent.qqlive.pandora.util.BackgroundUtil.isOnBackgroud(Unknown Source:27)
	at com.tencent.qqlive.monitor.PrivacyUtil.isAppOnForeground(Unknown Source:144)
	at com.tencent.qqlive.monitor.PrivacyUtil.isBackgroundRequestProcess(Unknown Source:33)
	at com.tencent.qqlive.monitor.LocationMonitor.getConnectionInfo(Unknown Source:87)
	at com.tencent.qqlive.modules.vb.transportservice.impl.VBTransportSignalStrengthAssistant.getWifiStrengthLevel(Unknown Source:183)
	at com.tencent.qqlive.modules.vb.transportservice.impl.VBTransportSignalStrengthAssistant$1.onReceive(Unknown Source:43)
	at android.app.LoadedApk$ReceiverDispatcher$Args.lambda$getRunnable$0$LoadedApk$ReceiverDispatcher$Args(LoadedApk.java:1786)
	at android.app.-$$Lambda$LoadedApk$ReceiverDispatcher$Args$_BumDX2UKsnxLVrE6UJsJZkotuA.run(Unknown Source:2)
	at android.os.Handler.handleCallback(Handler.java:900)
	at android.os.Handler.dispatchMessage(Handler.java:103)
	at android.os.Looper.loop(Looper.java:219)
	at android.app.ActivityThread.main(ActivityThread.java:8668)
	at java.lang.reflect.Method.invoke(Native Method)
	at com.android.internal.os.RuntimeInit$MethodAndArgsCaller.run(RuntimeInit.java:513)
	at com.android.internal.os.ZygoteInit.main(ZygoteInit.java:1109)
[I][2022-02-11 +80 16:11:51.974][29530, 24673][cellularStrengthThread][NXNetwork_Transport_TypeAssist][][][getNetworkType() : 4G
[I][2022-02-11 +80 16:11:51.998][29530, 24673][cellularStrengthThread][NXNetwork_Transport_TypeAssist][][][getNetworkType() : 4G
[I][2022-02-11 +80 16:11:53.537][29530, 24649][Binder:29530_2][TabSDKManager][][][onOmgIdUpdate-----getOmgID = fbfa97874c6c954bf9c86e24cf65d7177892001021641b
[I][2022-02-11 +80 16:11:53.538][29530, 24649][Binder:29530_2][TabToggleComponent][][][[environment = release, appId = 5608, sceneId = 560811, guid = fbfa97874c6c954bf9c86e24cf65d7177892001021641b]-----switchGuid-----guid equals, finalTargetGuid = fbfa97874c6c954bf9c86e24cf65d7177892001021641b
[I][2022-02-11 +80 16:11:53.538][29530, 24649][Binder:29530_2][TabConfigComponent][][][[environment = release, appId = 5608, sceneId = 560811, guid = fbfa97874c6c954bf9c86e24cf65d7177892001021641b]-----switchGuid-----guid equals, finalTargetGuid = fbfa97874c6c954bf9c86e24cf65d7177892001021641b
[I][2022-02-11 +80 16:11:54.772][29530, 24796][public_io_pool-155868][VBMMKV_BROADCAST][][][find nothing from kvfactory
[I][2022-02-11 +80 16:11:54.772][29530, 24796][public_io_pool-155868][VBMMKV_BROADCAST][][][no need notify Observer,  valueObjectClassName =  callerProcessName = com.tencent.qqlive fileName = qad_splash_order_sp_storage key = CMf3xbwSEN34xbwS , please check context
[I][2022-02-11 +80 16:11:57.978][29530, 24673][cellularStrengthThread][NXNetwork_Transport_TypeAssist][][][getNetworkType() : 4G
[I][2022-02-11 +80 16:11:58.000][29530, 24673][cellularStrengthThread][NXNetwork_Transport_TypeAssist][][][getNetworkType() : 4G
[I][2022-02-11 +80 16:12:00.994][29530, 24673][cellularStrengthThread][NXNetwork_Transport_TypeAssist][][][getNetworkType() : 4G
[I][2022-02-11 +80 16:12:03.990][29530, 24673][cellularStrengthThread][NXNetwork_Transport_TypeAssist][][][getNetworkType() : 4G
[I][2022-02-11 +80 16:12:04.003][29530, 24673][cellularStrengthThread][NXNetwork_Transport_TypeAssist][][][getNetworkType() : 4G
[I][2022-02-11 +80 16:12:06.994][29530, 24673][cellularStrengthThread][NXNetwork_Transport_TypeAssist][][][getNetworkType() : 4G
[I][2022-02-11 +80 16:12:09.995][29530, 24673][cellularStrengthThread][NXNetwork_Transport_TypeAssist][][][getNetworkType() : 4G
[I][2022-02-11 +80 16:12:10.013][29530, 24673][cellularStrengthThread][NXNetwork_Transport_TypeAssist][][][getNetworkType() : 4G
[I][2022-02-11 +80 16:12:12.995][29530, 24673][cellularStrengthThread][NXNetwork_Transport_TypeAssist][][][getNetworkType() : 4G
[I][2022-02-11 +80 16:12:26.653][29530, 24673][cellularStrengthThread][NXNetwork_Transport_TypeAssist][][][getNetworkType() : 4G
[I][2022-02-11 +80 16:12:36.822][29530, 24673][cellularStrengthThread][NXNetwork_Transport_TypeAssist][][][getNetworkType() : 4G
[I][2022-02-11 +80 16:12:37.022][29530, 24673][cellularStrengthThread][NXNetwork_Transport_TypeAssist][][][getNetworkType() : 4G
[I][2022-02-11 +80 16:12:43.018][29530, 24673][cellularStrengthThread][NXNetwork_Transport_TypeAssist][][][getNetworkType() : 4G
[I][2022-02-11 +80 16:12:49.035][29530, 24673][cellularStrengthThread][NXNetwork_Transport_TypeAssist][][][getNetworkType() : 4G
[I][2022-02-11 +80 16:31:23.582][29530, 24673][cellularStrengthThread][NXNetwork_Transport_TypeAssist][][][getNetworkType() : 4G
[I][2022-02-11 +80 16:31:23.747][29530, 24673][cellularStrengthThread][NXNetwork_Transport_TypeAssist][][][getNetworkType() : 4G
[I][2022-02-11 +80 16:31:23.747][29530, 24673][cellularStrengthThread][NXNetwork_Transport_TypeAssist][][][getNetworkType() : 4G
[I][2022-02-11 +80 16:31:23.747][29530, 24673][cellularStrengthThread][NXNetwork_Transport_TypeAssist][][][getNetworkType() : 4G
[I][2022-02-11 +80 16:31:23.747][29530, 24673][cellularStrengthThread][NXNetwork_Transport_TypeAssist][][][getNetworkType() : 4G
[I][2022-02-11 +80 16:31:23.747][29530, 24673][cellularStrengthThread][NXNetwork_Transport_TypeAssist][][][getNetworkType() : 4G
[I][2022-02-11 +80 16:31:23.747][29530, 24673][cellularStrengthThread][NXNetwork_Transport_TypeAssist][][][getNetworkType() : 4G
[I][2022-02-11 +80 16:31:23.747][29530, 24673][cellularStrengthThread][NXNetwork_Transport_TypeAssist][][][getNetworkType() : 4G
[I][2022-02-11 +80 16:31:23.747][29530, 24673][cellularStrengthThread][NXNetwork_Transport_TypeAssist][][][getNetworkType() : 4G
[I][2022-02-11 +80 16:31:23.747][29530, 24673][cellularStrengthThread][NXNetwork_Transport_TypeAssist][][][getNetworkType() : 4G
[I][2022-02-11 +80 16:31:23.748][29530, 24673][cellularStrengthThread][NXNetwork_Transport_TypeAssist][][][getNetworkType() : 4G
[I][2022-02-11 +80 16:31:23.748][29530, 24673][cellularStrengthThread][NXNetwork_Transport_TypeAssist][][][getNetworkType() : 4G
[I][2022-02-11 +80 16:31:23.748][29530, 24673][cellularStrengthThread][NXNetwork_Transport_TypeAssist][][][getNetworkType() : 4G
[I][2022-02-11 +80 16:31:23.748][29530, 24673][cellularStrengthThread][NXNetwork_Transport_TypeAssist][][][getNetworkType() : 4G
[I][2022-02-11 +80 16:31:23.748][29530, 24673][cellularStrengthThread][NXNetwork_Transport_TypeAssist][][][getNetworkType() : 4G
[I][2022-02-11 +80 16:31:23.748][29530, 24673][cellularStrengthThread][NXNetwork_Transport_TypeAssist][][][getNetworkType() : 4G
[I][2022-02-11 +80 16:31:23.748][29530, 24673][cellularStrengthThread][NXNetwork_Transport_TypeAssist][][][getNetworkType() : 4G
[I][2022-02-11 +80 16:31:23.748][29530, 24673][cellularStrengthThread][NXNetwork_Transport_TypeAssist][][][getNetworkType() : 4G
[I][2022-02-11 +80 16:31:23.748][29530, 24673][cellularStrengthThread][NXNetwork_Transport_TypeAssist][][][getNetworkType() : 4G
[I][2022-02-11 +80 16:31:23.748][29530, 24673][cellularStrengthThread][NXNetwork_Transport_TypeAssist][][][getNetworkType() : 4G
[I][2022-02-11 +80 16:31:23.748][29530, 24673][cellularStrengthThread][NXNetwork_Transport_TypeAssist][][][getNetworkType() : 4G
[I][2022-02-11 +80 16:31:23.748][29530, 24673][cellularStrengthThread][NXNetwork_Transport_TypeAssist][][][getNetworkType() : 4G
[I][2022-02-11 +80 16:31:23.748][29530, 24673][cellularStrengthThread][NXNetwork_Transport_TypeAssist][][][getNetworkType() : 4G
[I][2022-02-11 +80 16:31:23.748][29530, 24673][cellularStrengthThread][NXNetwork_Transport_TypeAssist][][][getNetworkType() : 4G
[I][2022-02-11 +80 16:31:25.029][29530, 1*][main][Pandora.BackgroundUtil][][][isOnBackground update Pandora
java.lang.Throwable
	at com.tencent.qqlive.pandora.util.BackgroundUtil.isOnBackgroud(Unknown Source:27)
	at com.tencent.qqlive.pandora.device.WifiInfoManager.getConnectionInfo(Unknown Source:97)
	at com.tencent.qqlive.pandora.Pandora.getConnectionInfo(Unknown Source:85)
	at com.tencent.qqlive.monitor.LocationMonitor.getConnectionInfo(Unknown Source:81)
	at com.tencent.qqlive.modules.vb.transportservice.impl.VBTransportSignalStrengthAssistant.getWifiStrengthLevel(Unknown Source:183)
	at com.tencent.qqlive.modules.vb.transportservice.impl.VBTransportSignalStrengthAssistant$1.onReceive(Unknown Source:43)
	at android.app.LoadedApk$ReceiverDispatcher$Args.lambda$getRunnable$0$LoadedApk$ReceiverDispatcher$Args(LoadedApk.java:1786)
	at android.app.-$$Lambda$LoadedApk$ReceiverDispatcher$Args$_BumDX2UKsnxLVrE6UJsJZkotuA.run(Unknown Source:2)
	at android.os.Handler.handleCallback(Handler.java:900)
	at android.os.Handler.dispatchMessage(Handler.java:103)
	at android.os.Looper.loop(Looper.java:219)
	at android.app.ActivityThread.main(ActivityThread.java:8668)
	at java.lang.reflect.Method.invoke(Native Method)
	at com.android.internal.os.RuntimeInit$MethodAndArgsCaller.run(RuntimeInit.java:513)
	at com.android.internal.os.ZygoteInit.main(ZygoteInit.java:1109)
[I][2022-02-11 +80 16:31:25.030][29530, 1*][main][Pandora.BackgroundUtil][][][isOnBackground update Pandora
java.lang.Throwable
	at com.tencent.qqlive.pandora.util.BackgroundUtil.isOnBackgroud(Unknown Source:27)
	at com.tencent.qqlive.monitor.PrivacyUtil.isAppOnForeground(Unknown Source:144)
	at com.tencent.qqlive.monitor.PrivacyUtil.isBackgroundRequestProcess(Unknown Source:33)
	at com.tencent.qqlive.monitor.LocationMonitor.getConnectionInfo(Unknown Source:87)
	at com.tencent.qqlive.modules.vb.transportservice.impl.VBTransportSignalStrengthAssistant.getWifiStrengthLevel(Unknown Source:183)
	at com.tencent.qqlive.modules.vb.transportservice.impl.VBTransportSignalStrengthAssistant$1.onReceive(Unknown Source:43)
	at android.app.LoadedApk$ReceiverDispatcher$Args.lambda$getRunnable$0$LoadedApk$ReceiverDispatcher$Args(LoadedApk.java:1786)
	at android.app.-$$Lambda$LoadedApk$ReceiverDispatcher$Args$_BumDX2UKsnxLVrE6UJsJZkotuA.run(Unknown Source:2)
	at android.os.Handler.handleCallback(Handler.java:900)
	at android.os.Handler.dispatchMessage(Handler.java:103)
	at android.os.Looper.loop(Looper.java:219)
	at android.app.ActivityThread.main(ActivityThread.java:8668)
	at java.lang.reflect.Method.invoke(Native Method)
	at com.android.internal.os.RuntimeInit$MethodAndArgsCaller.run(RuntimeInit.java:513)
	at com.android.internal.os.ZygoteInit.main(ZygoteInit.java:1109)
~~~~~ end of mmap ~~~~~[6871,6871][2022-02-12 +0800 08:42:17]
